2022-11-22 00:08:09,633 | INFO | Tello instance was initialized. Host: '192.168.10.1'. Port: '8889'.
2022-11-22 00:08:09,633 | INFO | Trying to connect to the drone now!
2022-11-22 00:08:09,639 | INFO | Send command: 'command'
2022-11-22 00:08:09,747 | INFO | Response command: 'ok'
2022-11-22 00:08:09,748 | INFO | Connected to the drone successfully.
2022-11-22 00:08:09,763 | INFO | Send command: 'mon'
2022-11-22 00:08:09,764 | INFO | Send command: 'streamon'
2022-11-22 00:08:09,874 | INFO | Response streamon: 'ok'
2022-11-22 00:08:09,875 | INFO | Response mon: 'ok'
2022-11-22 00:08:09,890 | INFO | Send command: 'mdirection 0'
2022-11-22 00:08:09,891 | INFO | Send command: 'downvision 1'
2022-11-22 00:08:10,000 | INFO | Response mdirection 0: 'ok'
2022-11-22 00:08:10,001 | INFO | Response downvision 1: 'ok'
2022-11-22 00:08:10,015 | INFO | Send command: 'motoron'
2022-11-22 00:08:10,016 | INFO | Send command: 'setfps high'
2022-11-22 00:08:10,125 | INFO | Response setfps high: 'ok'
2022-11-22 00:08:10,125 | INFO | Response motoron: 'ok'
2022-11-22 00:08:10,127 | INFO | data goes here
2022-11-22 00:08:10,141 | INFO | Send command: 'attitude?'
2022-11-22 00:08:10,251 | INFO | Response attitude?: 'pitch:0;roll:0;yaw:90;'
2022-11-22 00:08:10,252 | INFO | PERIODIC STATE VALUES: {'mid': -1, 'x': -100, 'y': -100, 'z': -100, 'mpry': '0,0,0', 'pitch': 0, 'roll': 0, 'yaw': 90, 'vgx': 0, 'vgy': 0, 'vgz': 0, 'templ': 84, 'temph': 87, 'tof': 10, 'h': 0, 'bat': 100, 'baro': 112.39, 'time': 61, 'agx': -17.0, 'agy': 0.0, 'agz': -999.0}
2022-11-22 00:08:10,254 | INFO | ATTITUDE: {'pitch': 0, 'roll': 0, 'yaw': 90}
2022-11-22 00:08:10,267 | INFO | Send command: 'baro?'
2022-11-22 00:08:10,376 | INFO | Response baro?: '112.365845'
2022-11-22 00:08:10,376 | INFO | BAROMETER: 11236.584499999999
2022-11-22 00:08:10,376 | INFO | Send command: 'battery?'
2022-11-22 00:08:10,485 | INFO | Response battery?: '100'
2022-11-22 00:08:10,486 | INFO | BATTERY: 100
2022-11-22 00:08:10,500 | INFO | Send command: 'tof?'
2022-11-22 00:08:10,611 | INFO | Response tof?: '100mm'
2022-11-22 00:08:10,611 | INFO | TOF_DISTANCE: 10.0 
2022-11-22 00:08:10,627 | INFO | Send command: 'wifi?'
2022-11-22 00:08:10,737 | INFO | Response wifi?: '90'
2022-11-22 00:08:10,738 | INFO | WIFI_SIGNAL_NOISE RATIO: 90
2022-11-22 00:08:10,753 | INFO | Send command: 'sdk?'
2022-11-22 00:08:10,769 | INFO | PERIODIC STATE VALUES: {'mid': -1, 'x': -100, 'y': -100, 'z': -100, 'mpry': '0,0,0', 'pitch': 0, 'roll': 0, 'yaw': 90, 'vgx': 0, 'vgy': 0, 'vgz': 0, 'templ': 84, 'temph': 88, 'tof': 10, 'h': 0, 'bat': 100, 'baro': 112.28, 'time': 61, 'agx': -18.0, 'agy': 0.0, 'agz': -996.0}
2022-11-22 00:08:10,863 | INFO | Response sdk?: '30'
2022-11-22 00:08:10,863 | INFO | SDK VERSION: 30
2022-11-22 00:08:10,879 | INFO | Send command: 'sn?'
2022-11-22 00:08:10,987 | INFO | Response sn?: '0TQZK7JCNT2468'
2022-11-22 00:08:10,988 | INFO | SERIAL NUMBER: 0TQZK7JCNT2468
2022-11-22 00:08:11,284 | INFO | PERIODIC STATE VALUES: {'mid': -1, 'x': -100, 'y': -100, 'z': -100, 'mpry': '0,0,0', 'pitch': 0, 'roll': 0, 'yaw': 90, 'vgx': 0, 'vgy': 0, 'vgz': 0, 'templ': 84, 'temph': 88, 'tof': 10, 'h': 0, 'bat': 100, 'baro': 112.23, 'time': 61, 'agx': -7.0, 'agy': 5.0, 'agz': -992.0}
2022-11-22 00:08:11,789 | INFO | PERIODIC STATE VALUES: {'mid': -1, 'x': -100, 'y': -100, 'z': -100, 'mpry': '0,0,0', 'pitch': 0, 'roll': 0, 'yaw': 90, 'vgx': 0, 'vgy': 0, 'vgz': 0, 'templ': 85, 'temph': 88, 'tof': 10, 'h': 0, 'bat': 100, 'baro': 112.25, 'time': 61, 'agx': -18.0, 'agy': 5.0, 'agz': -993.0}
2022-11-22 00:08:12,291 | INFO | PERIODIC STATE VALUES: {'mid': -1, 'x': -100, 'y': -100, 'z': -100, 'mpry': '0,0,0', 'pitch': -1, 'roll': 0, 'yaw': 90, 'vgx': 0, 'vgy': 0, 'vgz': 0, 'templ': 85, 'temph': 88, 'tof': 10, 'h': 0, 'bat': 100, 'baro': 112.24, 'time': 61, 'agx': -24.0, 'agy': 14.0, 'agz': -995.0}
2022-11-22 00:08:12,795 | INFO | PERIODIC STATE VALUES: {'mid': -1, 'x': -100, 'y': -100, 'z': -100, 'mpry': '0,0,0', 'pitch': 0, 'roll': 0, 'yaw': 90, 'vgx': 0, 'vgy': 0, 'vgz': 0, 'templ': 85, 'temph': 88, 'tof': 10, 'h': 0, 'bat': 100, 'baro': 112.25, 'time': 61, 'agx': -10.0, 'agy': -3.0, 'agz': -1004.0}
2022-11-22 00:08:13,299 | INFO | PERIODIC STATE VALUES: {'mid': -1, 'x': -100, 'y': -100, 'z': -100, 'mpry': '0,0,0', 'pitch': -1, 'roll': 0, 'yaw': 90, 'vgx': 0, 'vgy': 0, 'vgz': 0, 'templ': 85, 'temph': 88, 'tof': 10, 'h': 0, 'bat': 100, 'baro': 112.27, 'time': 61, 'agx': -7.0, 'agy': -10.0, 'agz': -1007.0}
2022-11-22 00:08:13,804 | INFO | PERIODIC STATE VALUES: {'mid': -1, 'x': -100, 'y': -100, 'z': -100, 'mpry': '0,0,0', 'pitch': -1, 'roll': 0, 'yaw': 90, 'vgx': 0, 'vgy': 0, 'vgz': 0, 'templ': 85, 'temph': 87, 'tof': 10, 'h': 0, 'bat': 100, 'baro': 112.29, 'time': 61, 'agx': -15.0, 'agy': -7.0, 'agz': -1006.0}
2022-11-22 00:08:14,320 | INFO | PERIODIC STATE VALUES: {'mid': -1, 'x': -100, 'y': -100, 'z': -100, 'mpry': '0,0,0', 'pitch': -1, 'roll': 0, 'yaw': 90, 'vgx': 0, 'vgy': 0, 'vgz': 0, 'templ': 85, 'temph': 87, 'tof': 10, 'h': 0, 'bat': 100, 'baro': 112.34, 'time': 61, 'agx': -12.0, 'agy': 3.0, 'agz': -995.0}
2022-11-22 00:08:14,823 | INFO | PERIODIC STATE VALUES: {'mid': -1, 'x': -100, 'y': -100, 'z': -100, 'mpry': '0,0,0', 'pitch': -1, 'roll': 0, 'yaw': 90, 'vgx': 0, 'vgy': 0, 'vgz': 0, 'templ': 84, 'temph': 88, 'tof': 10, 'h': 0, 'bat': 100, 'baro': 112.31, 'time': 61, 'agx': -30.0, 'agy': 3.0, 'agz': -998.0}
2022-11-22 00:08:15,339 | INFO | PERIODIC STATE VALUES: {'mid': -1, 'x': -100, 'y': -100, 'z': -100, 'mpry': '0,0,0', 'pitch': -1, 'roll': 0, 'yaw': 90, 'vgx': 0, 'vgy': 0, 'vgz': 0, 'templ': 84, 'temph': 88, 'tof': 10, 'h': 0, 'bat': 100, 'baro': 112.31, 'time': 61, 'agx': -5.0, 'agy': -10.0, 'agz': -1005.0}
2022-11-22 00:08:15,843 | INFO | PERIODIC STATE VALUES: {'mid': -1, 'x': -100, 'y': -100, 'z': -100, 'mpry': '0,0,0', 'pitch': -1, 'roll': 0, 'yaw': 90, 'vgx': 0, 'vgy': 0, 'vgz': 0, 'templ': 85, 'temph': 88, 'tof': 10, 'h': 0, 'bat': 100, 'baro': 112.4, 'time': 61, 'agx': -28.0, 'agy': 10.0, 'agz': -991.0}
2022-11-22 00:08:16,001 | INFO | Send command: 'takeoff'
2022-11-22 00:08:16,351 | INFO | PERIODIC STATE VALUES: {'mid': -1, 'x': -100, 'y': -100, 'z': -100, 'mpry': '0,0,0', 'pitch': -1, 'roll': 0, 'yaw': 90, 'vgx': 0, 'vgy': 0, 'vgz': 0, 'templ': 85, 'temph': 88, 'tof': 10, 'h': 0, 'bat': 100, 'baro': 112.39, 'time': 61, 'agx': -7.0, 'agy': 6.0, 'agz': -994.0}
2022-11-22 00:08:16,859 | INFO | PERIODIC STATE VALUES: {'mid': -1, 'x': -100, 'y': -100, 'z': -100, 'mpry': '0,0,0', 'pitch': 0, 'roll': 2, 'yaw': 88, 'vgx': 0, 'vgy': 0, 'vgz': 5, 'templ': 84, 'temph': 88, 'tof': 10, 'h': 0, 'bat': 100, 'baro': 112.39, 'time': 62, 'agx': -19.0, 'agy': 14.0, 'agz': -1265.0}
2022-11-22 00:08:17,378 | INFO | PERIODIC STATE VALUES: {'mid': -1, 'x': -100, 'y': -100, 'z': -100, 'mpry': '0,0,0', 'pitch': 0, 'roll': 0, 'yaw': 89, 'vgx': 0, 'vgy': 0, 'vgz': 7, 'templ': 84, 'temph': 88, 'tof': 46, 'h': 40, 'bat': 100, 'baro': 113.11, 'time': 62, 'agx': 9.0, 'agy': -18.0, 'agz': -915.0}
2022-11-22 00:08:17,883 | INFO | PERIODIC STATE VALUES: {'mid': -1, 'x': -100, 'y': -100, 'z': -100, 'mpry': '0,0,0', 'pitch': 0, 'roll': 0, 'yaw': 89, 'vgx': 0, 'vgy': 0, 'vgz': 2, 'templ': 84, 'temph': 87, 'tof': 66, 'h': 60, 'bat': 100, 'baro': 113.24, 'time': 63, 'agx': -16.0, 'agy': -10.0, 'agz': -951.0}
2022-11-22 00:08:18,397 | INFO | PERIODIC STATE VALUES: {'mid': -1, 'x': -100, 'y': -100, 'z': -100, 'mpry': '0,0,0', 'pitch': 0, 'roll': 1, 'yaw': 89, 'vgx': 0, 'vgy': 0, 'vgz': 0, 'templ': 84, 'temph': 87, 'tof': 72, 'h': 70, 'bat': 100, 'baro': 113.28, 'time': 63, 'agx': -9.0, 'agy': -8.0, 'agz': -1001.0}
2022-11-22 00:08:18,900 | INFO | PERIODIC STATE VALUES: {'mid': -1, 'x': -100, 'y': -100, 'z': -100, 'mpry': '0,0,0', 'pitch': 0, 'roll': 0, 'yaw': 89, 'vgx': 0, 'vgy': 0, 'vgz': 0, 'templ': 84, 'temph': 87, 'tof': 76, 'h': 70, 'bat': 100, 'baro': 113.35, 'time': 64, 'agx': -19.0, 'agy': -5.0, 'agz': -1000.0}
2022-11-22 00:08:19,416 | INFO | PERIODIC STATE VALUES: {'mid': -1, 'x': -100, 'y': -100, 'z': -100, 'mpry': '0,0,0', 'pitch': 0, 'roll': 0, 'yaw': 89, 'vgx': 0, 'vgy': 0, 'vgz': 0, 'templ': 84, 'temph': 87, 'tof': 80, 'h': 80, 'bat': 100, 'baro': 113.35, 'time': 64, 'agx': -2.0, 'agy': -1.0, 'agz': -994.0}
2022-11-22 00:08:19,919 | INFO | PERIODIC STATE VALUES: {'mid': -1, 'x': -100, 'y': -100, 'z': -100, 'mpry': '0,0,0', 'pitch': 0, 'roll': 0, 'yaw': 89, 'vgx': 0, 'vgy': 0, 'vgz': 0, 'templ': 85, 'temph': 88, 'tof': 82, 'h': 80, 'bat': 100, 'baro': 113.39, 'time': 65, 'agx': -1.0, 'agy': -10.0, 'agz': -1001.0}
2022-11-22 00:08:20,421 | INFO | PERIODIC STATE VALUES: {'mid': -1, 'x': -100, 'y': -100, 'z': -100, 'mpry': '0,0,0', 'pitch': 0, 'roll': 0, 'yaw': 89, 'vgx': 0, 'vgy': 0, 'vgz': 0, 'templ': 85, 'temph': 88, 'tof': 82, 'h': 80, 'bat': 100, 'baro': 113.33, 'time': 65, 'agx': 11.0, 'agy': -22.0, 'agz': -1006.0}
2022-11-22 00:08:20,626 | INFO | Response takeoff: 'ok'
2022-11-22 00:08:20,937 | INFO | PERIODIC STATE VALUES: {'mid': -1, 'x': -100, 'y': -100, 'z': -100, 'mpry': '0,0,0', 'pitch': 0, 'roll': 1, 'yaw': 89, 'vgx': 0, 'vgy': 0, 'vgz': 0, 'templ': 85, 'temph': 87, 'tof': 83, 'h': 80, 'bat': 100, 'baro': 113.3, 'time': 66, 'agx': -6.0, 'agy': -14.0, 'agz': -1004.0}
2022-11-22 00:08:21,452 | INFO | PERIODIC STATE VALUES: {'mid': -1, 'x': -100, 'y': -100, 'z': -100, 'mpry': '0,0,0', 'pitch': 0, 'roll': 0, 'yaw': 89, 'vgx': 0, 'vgy': 0, 'vgz': 0, 'templ': 85, 'temph': 87, 'tof': 84, 'h': 80, 'bat': 100, 'baro': 113.31, 'time': 66, 'agx': 9.0, 'agy': -6.0, 'agz': -958.0}
2022-11-22 00:08:21,957 | INFO | PERIODIC STATE VALUES: {'mid': -1, 'x': -100, 'y': -100, 'z': -100, 'mpry': '0,0,0', 'pitch': 0, 'roll': 0, 'yaw': 89, 'vgx': 0, 'vgy': 0, 'vgz': 0, 'templ': 84, 'temph': 87, 'tof': 83, 'h': 80, 'bat': 100, 'baro': 113.35, 'time': 67, 'agx': -6.0, 'agy': 3.0, 'agz': -990.0}
2022-11-22 00:08:22,460 | INFO | PERIODIC STATE VALUES: {'mid': -1, 'x': -100, 'y': -100, 'z': -100, 'mpry': '0,0,0', 'pitch': 0, 'roll': 0, 'yaw': 89, 'vgx': 0, 'vgy': 0, 'vgz': 0, 'templ': 84, 'temph': 87, 'tof': 86, 'h': 80, 'bat': 100, 'baro': 113.37, 'time': 67, 'agx': 0.0, 'agy': -16.0, 'agz': -990.0}
2022-11-22 00:08:22,962 | INFO | PERIODIC STATE VALUES: {'mid': -1, 'x': -100, 'y': -100, 'z': -100, 'mpry': '0,0,0', 'pitch': 0, 'roll': 0, 'yaw': 89, 'vgx': 0, 'vgy': 0, 'vgz': 0, 'templ': 84, 'temph': 87, 'tof': 88, 'h': 80, 'bat': 100, 'baro': 113.41, 'time': 68, 'agx': -23.0, 'agy': 9.0, 'agz': -983.0}
2022-11-22 00:08:23,478 | INFO | PERIODIC STATE VALUES: {'mid': -1, 'x': -100, 'y': -100, 'z': -100, 'mpry': '0,0,0', 'pitch': 0, 'roll': 1, 'yaw': 89, 'vgx': 0, 'vgy': 0, 'vgz': 0, 'templ': 84, 'temph': 87, 'tof': 88, 'h': 80, 'bat': 100, 'baro': 113.37, 'time': 68, 'agx': -18.0, 'agy': -11.0, 'agz': -1010.0}
2022-11-22 00:08:23,980 | INFO | PERIODIC STATE VALUES: {'mid': -1, 'x': -100, 'y': -100, 'z': -100, 'mpry': '0,0,0', 'pitch': -1, 'roll': 0, 'yaw': 89, 'vgx': 0, 'vgy': 0, 'vgz': 0, 'templ': 84, 'temph': 86, 'tof': 87, 'h': 80, 'bat': 100, 'baro': 113.59, 'time': 69, 'agx': -24.0, 'agy': -4.0, 'agz': -996.0}
2022-11-22 00:08:24,496 | INFO | PERIODIC STATE VALUES: {'mid': -1, 'x': -100, 'y': -100, 'z': -100, 'mpry': '0,0,0', 'pitch': 0, 'roll': 1, 'yaw': 89, 'vgx': 0, 'vgy': 0, 'vgz': 0, 'templ': 84, 'temph': 86, 'tof': 88, 'h': 80, 'bat': 100, 'baro': 113.71, 'time': 69, 'agx': -8.0, 'agy': -8.0, 'agz': -969.0}
2022-11-22 00:08:25,001 | INFO | PERIODIC STATE VALUES: {'mid': -1, 'x': -100, 'y': -100, 'z': -100, 'mpry': '0,0,0', 'pitch': -1, 'roll': 1, 'yaw': 89, 'vgx': 0, 'vgy': 0, 'vgz': 0, 'templ': 84, 'temph': 86, 'tof': 88, 'h': 80, 'bat': 100, 'baro': 113.71, 'time': 70, 'agx': -28.0, 'agy': -3.0, 'agz': -1003.0}
2022-11-22 00:08:25,516 | INFO | PERIODIC STATE VALUES: {'mid': -1, 'x': -100, 'y': -100, 'z': -100, 'mpry': '0,0,0', 'pitch': -1, 'roll': 1, 'yaw': 89, 'vgx': 0, 'vgy': 0, 'vgz': 0, 'templ': 84, 'temph': 86, 'tof': 86, 'h': 80, 'bat': 100, 'baro': 113.64, 'time': 70, 'agx': -5.0, 'agy': -25.0, 'agz': -994.0}
2022-11-22 00:08:26,021 | INFO | PERIODIC STATE VALUES: {'mid': -1, 'x': -100, 'y': -100, 'z': -100, 'mpry': '0,0,0', 'pitch': 0, 'roll': 1, 'yaw': 89, 'vgx': 0, 'vgy': 0, 'vgz': 0, 'templ': 84, 'temph': 86, 'tof': 85, 'h': 80, 'bat': 100, 'baro': 113.6, 'time': 71, 'agx': -14.0, 'agy': -28.0, 'agz': -1005.0}
2022-11-22 00:08:26,537 | INFO | PERIODIC STATE VALUES: {'mid': -1, 'x': -100, 'y': -100, 'z': -100, 'mpry': '0,0,0', 'pitch': 0, 'roll': 1, 'yaw': 89, 'vgx': 0, 'vgy': 0, 'vgz': 0, 'templ': 84, 'temph': 86, 'tof': 83, 'h': 80, 'bat': 100, 'baro': 113.69, 'time': 71, 'agx': -18.0, 'agy': -2.0, 'agz': -997.0}
2022-11-22 00:08:27,057 | INFO | PERIODIC STATE VALUES: {'mid': -1, 'x': -100, 'y': -100, 'z': -100, 'mpry': '0,0,0', 'pitch': 0, 'roll': 1, 'yaw': 89, 'vgx': 0, 'vgy': 0, 'vgz': 0, 'templ': 83, 'temph': 86, 'tof': 83, 'h': 80, 'bat': 100, 'baro': 113.56, 'time': 72, 'agx': -16.0, 'agy': -13.0, 'agz': -1017.0}
2022-11-22 00:08:27,572 | INFO | PERIODIC STATE VALUES: {'mid': -1, 'x': -100, 'y': -100, 'z': -100, 'mpry': '0,0,0', 'pitch': -1, 'roll': 1, 'yaw': 89, 'vgx': 0, 'vgy': 0, 'vgz': 0, 'templ': 83, 'temph': 86, 'tof': 83, 'h': 80, 'bat': 100, 'baro': 113.47, 'time': 72, 'agx': -33.0, 'agy': -12.0, 'agz': -1022.0}
2022-11-22 00:08:28,088 | INFO | PERIODIC STATE VALUES: {'mid': -1, 'x': -100, 'y': -100, 'z': -100, 'mpry': '0,0,0', 'pitch': 0, 'roll': 1, 'yaw': 89, 'vgx': 0, 'vgy': 0, 'vgz': 0, 'templ': 83, 'temph': 86, 'tof': 84, 'h': 80, 'bat': 100, 'baro': 113.56, 'time': 73, 'agx': 6.0, 'agy': -5.0, 'agz': -986.0}
2022-11-22 00:08:28,590 | INFO | PERIODIC STATE VALUES: {'mid': -1, 'x': -100, 'y': -100, 'z': -100, 'mpry': '0,0,0', 'pitch': 0, 'roll': 1, 'yaw': 89, 'vgx': 0, 'vgy': 0, 'vgz': 0, 'templ': 83, 'temph': 86, 'tof': 86, 'h': 80, 'bat': 100, 'baro': 113.5, 'time': 73, 'agx': -4.0, 'agy': -14.0, 'agz': -988.0}
2022-11-22 00:08:29,106 | INFO | PERIODIC STATE VALUES: {'mid': -1, 'x': -100, 'y': -100, 'z': -100, 'mpry': '0,0,0', 'pitch': 0, 'roll': 1, 'yaw': 89, 'vgx': 0, 'vgy': 0, 'vgz': 0, 'templ': 83, 'temph': 86, 'tof': 86, 'h': 80, 'bat': 100, 'baro': 113.57, 'time': 74, 'agx': -10.0, 'agy': -9.0, 'agz': -990.0}
2022-11-22 00:08:29,610 | INFO | PERIODIC STATE VALUES: {'mid': -1, 'x': -100, 'y': -100, 'z': -100, 'mpry': '0,0,0', 'pitch': 0, 'roll': 1, 'yaw': 89, 'vgx': 0, 'vgy': 0, 'vgz': 0, 'templ': 84, 'temph': 86, 'tof': 87, 'h': 80, 'bat': 100, 'baro': 113.58, 'time': 74, 'agx': 12.0, 'agy': -17.0, 'agz': -993.0}
2022-11-22 00:08:30,112 | INFO | PERIODIC STATE VALUES: {'mid': -1, 'x': -100, 'y': -100, 'z': -100, 'mpry': '0,0,0', 'pitch': 0, 'roll': 1, 'yaw': 89, 'vgx': 0, 'vgy': 0, 'vgz': 0, 'templ': 84, 'temph': 86, 'tof': 86, 'h': 80, 'bat': 100, 'baro': 113.51, 'time': 75, 'agx': -3.0, 'agy': 5.0, 'agz': -1004.0}
2022-11-22 00:08:30,614 | INFO | PERIODIC STATE VALUES: {'mid': -1, 'x': -100, 'y': -100, 'z': -100, 'mpry': '0,0,0', 'pitch': 0, 'roll': 0, 'yaw': 89, 'vgx': 0, 'vgy': 0, 'vgz': 0, 'templ': 83, 'temph': 86, 'tof': 85, 'h': 80, 'bat': 100, 'baro': 113.49, 'time': 75, 'agx': -9.0, 'agy': -11.0, 'agz': -1013.0}
2022-11-22 00:08:31,128 | INFO | PERIODIC STATE VALUES: {'mid': -1, 'x': -100, 'y': -100, 'z': -100, 'mpry': '0,0,0', 'pitch': 0, 'roll': 1, 'yaw': 89, 'vgx': 0, 'vgy': 0, 'vgz': 0, 'templ': 83, 'temph': 86, 'tof': 85, 'h': 80, 'bat': 100, 'baro': 113.42, 'time': 76, 'agx': 13.0, 'agy': -24.0, 'agz': -1002.0}
2022-11-22 00:08:31,643 | INFO | PERIODIC STATE VALUES: {'mid': -1, 'x': -100, 'y': -100, 'z': -100, 'mpry': '0,0,0', 'pitch': 0, 'roll': 1, 'yaw': 89, 'vgx': 0, 'vgy': 0, 'vgz': 0, 'templ': 82, 'temph': 85, 'tof': 83, 'h': 80, 'bat': 100, 'baro': 113.3, 'time': 76, 'agx': -20.0, 'agy': -14.0, 'agz': -981.0}
2022-11-22 00:08:32,146 | INFO | PERIODIC STATE VALUES: {'mid': -1, 'x': -100, 'y': -100, 'z': -100, 'mpry': '0,0,0', 'pitch': -1, 'roll': 1, 'yaw': 89, 'vgx': 0, 'vgy': 0, 'vgz': 0, 'templ': 82, 'temph': 85, 'tof': 83, 'h': 80, 'bat': 100, 'baro': 113.34, 'time': 77, 'agx': 7.0, 'agy': -15.0, 'agz': -946.0}
2022-11-22 00:08:32,649 | INFO | PERIODIC STATE VALUES: {'mid': -1, 'x': -100, 'y': -100, 'z': -100, 'mpry': '0,0,0', 'pitch': 0, 'roll': 0, 'yaw': 89, 'vgx': 0, 'vgy': 0, 'vgz': -3, 'templ': 83, 'temph': 85, 'tof': 72, 'h': 70, 'bat': 100, 'baro': 113.19, 'time': 77, 'agx': -4.0, 'agy': -10.0, 'agz': -946.0}
2022-11-22 00:08:33,152 | INFO | PERIODIC STATE VALUES: {'mid': -1, 'x': -100, 'y': -100, 'z': -100, 'mpry': '0,0,0', 'pitch': 0, 'roll': 0, 'yaw': 89, 'vgx': 0, 'vgy': 0, 'vgz': -4, 'templ': 83, 'temph': 85, 'tof': 47, 'h': 50, 'bat': 100, 'baro': 112.97, 'time': 78, 'agx': -3.0, 'agy': -6.0, 'agz': -999.0}
2022-11-22 00:08:33,669 | INFO | PERIODIC STATE VALUES: {'mid': -1, 'x': -100, 'y': -100, 'z': -100, 'mpry': '0,0,0', 'pitch': 0, 'roll': 0, 'yaw': 89, 'vgx': 0, 'vgy': 0, 'vgz': -4, 'templ': 82, 'temph': 85, 'tof': 22, 'h': 20, 'bat': 100, 'baro': 112.72, 'time': 78, 'agx': -1.0, 'agy': -19.0, 'agz': -1021.0}
2022-11-22 00:08:34,185 | INFO | PERIODIC STATE VALUES: {'mid': -1, 'x': -100, 'y': -100, 'z': -100, 'mpry': '0,0,0', 'pitch': -13, 'roll': 5, 'yaw': 90, 'vgx': 1, 'vgy': -2, 'vgz': -2, 'templ': 82, 'temph': 85, 'tof': 10, 'h': 0, 'bat': 100, 'baro': 110.05, 'time': 79, 'agx': -26.0, 'agy': -66.0, 'agz': -1189.0}
2022-11-22 00:08:34,701 | INFO | PERIODIC STATE VALUES: {'mid': -1, 'x': -100, 'y': -100, 'z': -100, 'mpry': '0,0,0', 'pitch': 0, 'roll': 0, 'yaw': 86, 'vgx': 0, 'vgy': -1, 'vgz': 0, 'templ': 82, 'temph': 84, 'tof': 10, 'h': 0, 'bat': 100, 'baro': 110.73, 'time': 79, 'agx': -67.0, 'agy': -62.0, 'agz': -945.0}
2022-11-22 00:08:35,207 | INFO | PERIODIC STATE VALUES: {'mid': -1, 'x': -100, 'y': -100, 'z': -100, 'mpry': '0,0,0', 'pitch': 0, 'roll': 0, 'yaw': 86, 'vgx': 1, 'vgy': -1, 'vgz': 0, 'templ': 82, 'temph': 84, 'tof': 10, 'h': 0, 'bat': 100, 'baro': 111.74, 'time': 80, 'agx': -10.0, 'agy': 3.0, 'agz': -999.0}
2022-11-22 00:08:35,711 | INFO | PERIODIC STATE VALUES: {'mid': -1, 'x': -100, 'y': -100, 'z': -100, 'mpry': '0,0,0', 'pitch': -1, 'roll': 0, 'yaw': 86, 'vgx': 1, 'vgy': -2, 'vgz': -1, 'templ': 82, 'temph': 85, 'tof': 10, 'h': 0, 'bat': 100, 'baro': 112.18, 'time': 80, 'agx': -5.0, 'agy': -8.0, 'agz': -995.0}
2022-11-22 00:08:36,228 | INFO | PERIODIC STATE VALUES: {'mid': -1, 'x': -100, 'y': -100, 'z': -100, 'mpry': '0,0,0', 'pitch': 0, 'roll': 0, 'yaw': 86, 'vgx': 0, 'vgy': 0, 'vgz': 0, 'templ': 82, 'temph': 85, 'tof': 10, 'h': 0, 'bat': 100, 'baro': 112.21, 'time': 80, 'agx': -10.0, 'agy': 1.0, 'agz': -1003.0}
2022-11-22 00:08:36,730 | INFO | PERIODIC STATE VALUES: {'mid': -1, 'x': -100, 'y': -100, 'z': -100, 'mpry': '0,0,0', 'pitch': 0, 'roll': 0, 'yaw': 87, 'vgx': 0, 'vgy': 0, 'vgz': 0, 'templ': 82, 'temph': 84, 'tof': 10, 'h': 0, 'bat': 100, 'baro': 112.26, 'time': 80, 'agx': -9.0, 'agy': 0.0, 'agz': -1000.0}
2022-11-22 00:08:37,244 | INFO | PERIODIC STATE VALUES: {'mid': -1, 'x': -100, 'y': -100, 'z': -100, 'mpry': '0,0,0', 'pitch': 0, 'roll': 0, 'yaw': 87, 'vgx': 0, 'vgy': 0, 'vgz': 0, 'templ': 82, 'temph': 84, 'tof': 10, 'h': 0, 'bat': 100, 'baro': 112.31, 'time': 80, 'agx': -9.0, 'agy': 0.0, 'agz': -998.0}
2022-11-22 00:08:37,758 | INFO | PERIODIC STATE VALUES: {'mid': -1, 'x': -100, 'y': -100, 'z': -100, 'mpry': '0,0,0', 'pitch': 0, 'roll': 0, 'yaw': 87, 'vgx': 0, 'vgy': 0, 'vgz': 0, 'templ': 83, 'temph': 85, 'tof': 10, 'h': 0, 'bat': 100, 'baro': 112.4, 'time': 80, 'agx': -9.0, 'agy': 0.0, 'agz': -1001.0}
2022-11-22 00:08:38,274 | INFO | PERIODIC STATE VALUES: {'mid': -1, 'x': -100, 'y': -100, 'z': -100, 'mpry': '0,0,0', 'pitch': 0, 'roll': 0, 'yaw': 87, 'vgx': 0, 'vgy': 0, 'vgz': 0, 'templ': 83, 'temph': 85, 'tof': 10, 'h': 0, 'bat': 100, 'baro': 112.39, 'time': 80, 'agx': -9.0, 'agy': -1.0, 'agz': -1000.0}
2022-11-22 00:08:38,776 | INFO | PERIODIC STATE VALUES: {'mid': -1, 'x': -100, 'y': -100, 'z': -100, 'mpry': '0,0,0', 'pitch': 0, 'roll': 0, 'yaw': 87, 'vgx': 0, 'vgy': 0, 'vgz': 0, 'templ': 82, 'temph': 86, 'tof': 10, 'h': 0, 'bat': 100, 'baro': 112.39, 'time': 80, 'agx': -10.0, 'agy': 0.0, 'agz': -1001.0}
2022-11-22 00:08:39,279 | INFO | PERIODIC STATE VALUES: {'mid': -1, 'x': -100, 'y': -100, 'z': -100, 'mpry': '0,0,0', 'pitch': 0, 'roll': 0, 'yaw': 87, 'vgx': 0, 'vgy': 0, 'vgz': 0, 'templ': 82, 'temph': 86, 'tof': 10, 'h': 0, 'bat': 100, 'baro': 112.42, 'time': 80, 'agx': -11.0, 'agy': 0.0, 'agz': -999.0}
2022-11-22 00:08:39,792 | INFO | PERIODIC STATE VALUES: {'mid': -1, 'x': -100, 'y': -100, 'z': -100, 'mpry': '0,0,0', 'pitch': 0, 'roll': 0, 'yaw': 87, 'vgx': 0, 'vgy': 0, 'vgz': 0, 'templ': 82, 'temph': 85, 'tof': 10, 'h': 0, 'bat': 100, 'baro': 112.38, 'time': 80, 'agx': -10.0, 'agy': 0.0, 'agz': -1001.0}
2022-11-22 00:08:40,307 | INFO | PERIODIC STATE VALUES: {'mid': -1, 'x': -100, 'y': -100, 'z': -100, 'mpry': '0,0,0', 'pitch': 0, 'roll': 0, 'yaw': 87, 'vgx': 0, 'vgy': 0, 'vgz': 0, 'templ': 82, 'temph': 85, 'tof': 10, 'h': 0, 'bat': 100, 'baro': 112.32, 'time': 80, 'agx': -8.0, 'agy': 1.0, 'agz': -999.0}
2022-11-22 00:08:40,810 | INFO | PERIODIC STATE VALUES: {'mid': -1, 'x': -100, 'y': -100, 'z': -100, 'mpry': '0,0,0', 'pitch': 0, 'roll': 0, 'yaw': 87, 'vgx': 0, 'vgy': 0, 'vgz': 0, 'templ': 83, 'temph': 85, 'tof': 10, 'h': 0, 'bat': 100, 'baro': 112.24, 'time': 80, 'agx': -9.0, 'agy': 0.0, 'agz': -1000.0}
2022-11-22 00:08:41,315 | INFO | PERIODIC STATE VALUES: {'mid': -1, 'x': -100, 'y': -100, 'z': -100, 'mpry': '0,0,0', 'pitch': 0, 'roll': 0, 'yaw': 87, 'vgx': 0, 'vgy': 0, 'vgz': 0, 'templ': 83, 'temph': 85, 'tof': 10, 'h': 0, 'bat': 100, 'baro': 112.26, 'time': 80, 'agx': -9.0, 'agy': 1.0, 'agz': -1000.0}
2022-11-22 00:08:41,817 | INFO | PERIODIC STATE VALUES: {'mid': -1, 'x': -100, 'y': -100, 'z': -100, 'mpry': '0,0,0', 'pitch': 0, 'roll': 0, 'yaw': 87, 'vgx': 0, 'vgy': 0, 'vgz': 0, 'templ': 82, 'temph': 86, 'tof': 10, 'h': 0, 'bat': 100, 'baro': 112.23, 'time': 80, 'agx': -10.0, 'agy': 0.0, 'agz': -1001.0}
2022-11-22 00:08:42,320 | INFO | PERIODIC STATE VALUES: {'mid': -1, 'x': -100, 'y': -100, 'z': -100, 'mpry': '0,0,0', 'pitch': 0, 'roll': 0, 'yaw': 87, 'vgx': 0, 'vgy': 0, 'vgz': 0, 'templ': 82, 'temph': 86, 'tof': 10, 'h': 0, 'bat': 100, 'baro': 112.26, 'time': 80, 'agx': -10.0, 'agy': 0.0, 'agz': -1001.0}
2022-11-22 00:08:42,835 | INFO | PERIODIC STATE VALUES: {'mid': -1, 'x': -100, 'y': -100, 'z': -100, 'mpry': '0,0,0', 'pitch': 0, 'roll': 0, 'yaw': 87, 'vgx': 0, 'vgy': 0, 'vgz': 0, 'templ': 83, 'temph': 85, 'tof': 10, 'h': 0, 'bat': 100, 'baro': 112.28, 'time': 80, 'agx': -11.0, 'agy': 0.0, 'agz': -1001.0}
2022-11-22 00:08:43,352 | INFO | PERIODIC STATE VALUES: {'mid': -1, 'x': -100, 'y': -100, 'z': -100, 'mpry': '0,0,0', 'pitch': 0, 'roll': 0, 'yaw': 87, 'vgx': 0, 'vgy': 0, 'vgz': 0, 'templ': 83, 'temph': 85, 'tof': 10, 'h': 0, 'bat': 100, 'baro': 112.19, 'time': 80, 'agx': -11.0, 'agy': 0.0, 'agz': -1001.0}
2022-11-22 00:08:43,866 | INFO | PERIODIC STATE VALUES: {'mid': -1, 'x': -100, 'y': -100, 'z': -100, 'mpry': '0,0,0', 'pitch': 0, 'roll': 0, 'yaw': 87, 'vgx': 0, 'vgy': 0, 'vgz': 0, 'templ': 83, 'temph': 86, 'tof': 10, 'h': 0, 'bat': 100, 'baro': 112.16, 'time': 80, 'agx': -8.0, 'agy': 0.0, 'agz': -1002.0}
2022-11-22 00:08:44,382 | INFO | PERIODIC STATE VALUES: {'mid': -1, 'x': -100, 'y': -100, 'z': -100, 'mpry': '0,0,0', 'pitch': 0, 'roll': 0, 'yaw': 87, 'vgx': 0, 'vgy': 0, 'vgz': 0, 'templ': 83, 'temph': 86, 'tof': 10, 'h': 0, 'bat': 100, 'baro': 112.22, 'time': 80, 'agx': -11.0, 'agy': 1.0, 'agz': -1000.0}
2022-11-22 00:08:44,896 | INFO | PERIODIC STATE VALUES: {'mid': -1, 'x': -100, 'y': -100, 'z': -100, 'mpry': '0,0,0', 'pitch': 0, 'roll': 0, 'yaw': 87, 'vgx': 0, 'vgy': 0, 'vgz': 0, 'templ': 83, 'temph': 86, 'tof': 10, 'h': 0, 'bat': 100, 'baro': 112.17, 'time': 80, 'agx': -10.0, 'agy': 0.0, 'agz': -1001.0}
2022-11-22 00:08:45,401 | INFO | PERIODIC STATE VALUES: {'mid': -1, 'x': -100, 'y': -100, 'z': -100, 'mpry': '0,0,0', 'pitch': 0, 'roll': 0, 'yaw': 87, 'vgx': 0, 'vgy': 0, 'vgz': 0, 'templ': 83, 'temph': 86, 'tof': 10, 'h': 0, 'bat': 100, 'baro': 112.17, 'time': 80, 'agx': -10.0, 'agy': 0.0, 'agz': -1001.0}
2022-11-22 00:08:45,917 | INFO | PERIODIC STATE VALUES: {'mid': -1, 'x': -100, 'y': -100, 'z': -100, 'mpry': '0,0,0', 'pitch': 0, 'roll': 0, 'yaw': 87, 'vgx': 0, 'vgy': 0, 'vgz': 0, 'templ': 84, 'temph': 85, 'tof': 10, 'h': 0, 'bat': 100, 'baro': 112.2, 'time': 80, 'agx': -10.0, 'agy': 0.0, 'agz': -997.0}
2022-11-22 00:08:46,422 | INFO | PERIODIC STATE VALUES: {'mid': -1, 'x': -100, 'y': -100, 'z': -100, 'mpry': '0,0,0', 'pitch': 0, 'roll': 0, 'yaw': 87, 'vgx': 0, 'vgy': 0, 'vgz': 0, 'templ': 84, 'temph': 85, 'tof': 10, 'h': 0, 'bat': 100, 'baro': 112.1, 'time': 80, 'agx': -9.0, 'agy': 0.0, 'agz': -1001.0}
2022-11-22 00:08:46,938 | INFO | PERIODIC STATE VALUES: {'mid': -1, 'x': -100, 'y': -100, 'z': -100, 'mpry': '0,0,0', 'pitch': 0, 'roll': 0, 'yaw': 87, 'vgx': 0, 'vgy': 0, 'vgz': 0, 'templ': 83, 'temph': 86, 'tof': 10, 'h': 0, 'bat': 100, 'baro': 112.16, 'time': 80, 'agx': -10.0, 'agy': 1.0, 'agz': -1001.0}
2022-11-22 00:08:47,440 | INFO | PERIODIC STATE VALUES: {'mid': -1, 'x': -100, 'y': -100, 'z': -100, 'mpry': '0,0,0', 'pitch': 0, 'roll': 0, 'yaw': 87, 'vgx': 0, 'vgy': 0, 'vgz': 0, 'templ': 83, 'temph': 86, 'tof': 10, 'h': 0, 'bat': 100, 'baro': 112.17, 'time': 80, 'agx': -9.0, 'agy': 0.0, 'agz': -1000.0}
2022-11-22 00:08:47,957 | INFO | PERIODIC STATE VALUES: {'mid': -1, 'x': -100, 'y': -100, 'z': -100, 'mpry': '0,0,0', 'pitch': 0, 'roll': 0, 'yaw': 87, 'vgx': 0, 'vgy': 0, 'vgz': 0, 'templ': 83, 'temph': 86, 'tof': 10, 'h': 0, 'bat': 100, 'baro': 112.17, 'time': 80, 'agx': -10.0, 'agy': 3.0, 'agz': -1000.0}
2022-11-22 00:08:48,472 | INFO | PERIODIC STATE VALUES: {'mid': -1, 'x': -100, 'y': -100, 'z': -100, 'mpry': '0,0,0', 'pitch': 0, 'roll': 0, 'yaw': 87, 'vgx': 0, 'vgy': 0, 'vgz': 0, 'templ': 83, 'temph': 86, 'tof': 10, 'h': 0, 'bat': 100, 'baro': 112.17, 'time': 80, 'agx': -9.0, 'agy': 1.0, 'agz': -999.0}
2022-11-22 00:08:48,977 | INFO | PERIODIC STATE VALUES: {'mid': -1, 'x': -100, 'y': -100, 'z': -100, 'mpry': '0,0,0', 'pitch': 0, 'roll': 0, 'yaw': 87, 'vgx': 0, 'vgy': 0, 'vgz': 0, 'templ': 83, 'temph': 86, 'tof': 10, 'h': 0, 'bat': 100, 'baro': 112.19, 'time': 80, 'agx': -10.0, 'agy': 1.0, 'agz': -999.0}
2022-11-22 00:08:49,493 | INFO | PERIODIC STATE VALUES: {'mid': -1, 'x': -100, 'y': -100, 'z': -100, 'mpry': '0,0,0', 'pitch': 0, 'roll': 0, 'yaw': 87, 'vgx': 0, 'vgy': 0, 'vgz': 0, 'templ': 83, 'temph': 86, 'tof': 10, 'h': 0, 'bat': 100, 'baro': 112.18, 'time': 80, 'agx': -10.0, 'agy': 2.0, 'agz': -999.0}
2022-11-22 00:08:49,996 | INFO | PERIODIC STATE VALUES: {'mid': -1, 'x': -100, 'y': -100, 'z': -100, 'mpry': '0,0,0', 'pitch': 0, 'roll': 0, 'yaw': 87, 'vgx': 0, 'vgy': 0, 'vgz': 0, 'templ': 83, 'temph': 87, 'tof': 10, 'h': 0, 'bat': 100, 'baro': 112.17, 'time': 80, 'agx': -10.0, 'agy': 1.0, 'agz': -1001.0}
2022-11-22 00:08:50,499 | INFO | PERIODIC STATE VALUES: {'mid': -1, 'x': -100, 'y': -100, 'z': -100, 'mpry': '0,0,0', 'pitch': 0, 'roll': 0, 'yaw': 87, 'vgx': 0, 'vgy': 0, 'vgz': 0, 'templ': 83, 'temph': 87, 'tof': 10, 'h': 0, 'bat': 100, 'baro': 112.14, 'time': 80, 'agx': -11.0, 'agy': 0.0, 'agz': -1000.0}
2022-11-22 00:08:51,003 | INFO | PERIODIC STATE VALUES: {'mid': -1, 'x': -100, 'y': -100, 'z': -100, 'mpry': '0,0,0', 'pitch': 0, 'roll': 0, 'yaw': 87, 'vgx': 0, 'vgy': 0, 'vgz': 0, 'templ': 84, 'temph': 87, 'tof': 10, 'h': 0, 'bat': 100, 'baro': 112.1, 'time': 80, 'agx': -10.0, 'agy': 0.0, 'agz': -1001.0}
2022-11-22 00:08:51,505 | INFO | PERIODIC STATE VALUES: {'mid': -1, 'x': -100, 'y': -100, 'z': -100, 'mpry': '0,0,0', 'pitch': 0, 'roll': 0, 'yaw': 87, 'vgx': 0, 'vgy': 0, 'vgz': 0, 'templ': 84, 'temph': 87, 'tof': 10, 'h': 0, 'bat': 100, 'baro': 112.11, 'time': 80, 'agx': -10.0, 'agy': 0.0, 'agz': -999.0}
