2022-11-20 21:58:00,503 | INFO | Tello instance was initialized. Host: '192.168.10.1'. Port: '8889'.
2022-11-20 21:58:00,503 | INFO | Trying to connect to the drone now!
2022-11-20 21:58:00,507 | INFO | Send command: 'command'
2022-11-20 21:58:00,616 | INFO | Response command: 'ok'
2022-11-20 21:58:00,616 | INFO | Connected to the drone successfully.
2022-11-20 21:58:00,631 | INFO | Send command: 'mon'
2022-11-20 21:58:00,633 | INFO | Send command: 'streamon'
2022-11-20 21:58:00,741 | INFO | Response mon: 'ok'
2022-11-20 21:58:00,741 | INFO | Response streamon: 'ok'
2022-11-20 21:58:00,741 | INFO | Send command: 'mdirection 0'
2022-11-20 21:58:00,756 | INFO | Send command: 'downvision 1'
2022-11-20 21:58:00,757 | INFO | Response downvision 1: 'ok'
2022-11-20 21:58:00,772 | INFO | Send command: 'setfps high'
2022-11-20 21:58:00,773 | INFO | Response setfps high: 'ok'
2022-11-20 21:58:00,852 | INFO | Response mdirection 0: 'ok'
2022-11-20 21:58:00,868 | INFO | Send command: 'motoron'
2022-11-20 21:58:00,980 | INFO | Response motoron: 'ok'
2022-11-20 21:58:00,980 | INFO | data goes here
2022-11-20 21:58:00,980 | INFO | Send command: 'attitude?'
2022-11-20 21:58:01,091 | INFO | Response attitude?: 'pitch:-1;roll:1;yaw:163;'
2022-11-20 21:58:01,092 | INFO | ATTITUDE: {'pitch': -1, 'roll': 1, 'yaw': 163}
2022-11-20 21:58:01,107 | INFO | Send command: 'baro?'
2022-11-20 21:58:01,123 | INFO | PERIODIC STATE VALUES: {'mid': -1, 'x': -100, 'y': -100, 'z': -100, 'mpry': '0,0,0', 'pitch': -1, 'roll': 1, 'yaw': 163, 'vgx': 0, 'vgy': 0, 'vgz': 0, 'templ': 94, 'temph': 97, 'tof': 10, 'h': 0, 'bat': 80, 'baro': 91.42, 'time': 3, 'agx': -21.0, 'agy': -23.0, 'agz': -999.0}
2022-11-20 21:58:01,217 | INFO | Response baro?: '91.403122'
2022-11-20 21:58:01,218 | INFO | BAROMETER: 9140.3122
2022-11-20 21:58:01,233 | INFO | Send command: 'battery?'
2022-11-20 21:58:01,343 | INFO | Response battery?: '80'
2022-11-20 21:58:01,343 | INFO | BATTERY: 80
2022-11-20 21:58:01,358 | INFO | Send command: 'tof?'
2022-11-20 21:58:01,468 | INFO | Response tof?: '100mm'
2022-11-20 21:58:01,469 | INFO | TOF_DISTANCE: 10.0 
2022-11-20 21:58:01,484 | INFO | Send command: 'wifi?'
2022-11-20 21:58:01,595 | INFO | Response wifi?: '0'
2022-11-20 21:58:01,596 | INFO | WIFI_SIGNAL_NOISE RATIO: 0
2022-11-20 21:58:01,612 | INFO | Send command: 'sdk?'
2022-11-20 21:58:01,629 | INFO | PERIODIC STATE VALUES: {'mid': -1, 'x': -100, 'y': -100, 'z': -100, 'mpry': '0,0,0', 'pitch': -1, 'roll': 1, 'yaw': 163, 'vgx': 0, 'vgy': 0, 'vgz': 0, 'templ': 94, 'temph': 97, 'tof': 10, 'h': 0, 'bat': 80, 'baro': 91.43, 'time': 3, 'agx': -31.0, 'agy': -31.0, 'agz': -993.0}
2022-11-20 21:58:01,721 | INFO | Response sdk?: '30'
2022-11-20 21:58:01,721 | INFO | SDK VERSION: 30
2022-11-20 21:58:01,721 | INFO | Send command: 'sn?'
2022-11-20 21:58:01,830 | INFO | Response sn?: '0TQZK7JCNT2468'
2022-11-20 21:58:01,830 | INFO | SERIAL NUMBER: 0TQZK7JCNT2468
2022-11-20 21:58:02,132 | INFO | PERIODIC STATE VALUES: {'mid': -1, 'x': -100, 'y': -100, 'z': -100, 'mpry': '0,0,0', 'pitch': -1, 'roll': 1, 'yaw': 163, 'vgx': 0, 'vgy': 0, 'vgz': 0, 'templ': 94, 'temph': 97, 'tof': 10, 'h': 0, 'bat': 80, 'baro': 91.42, 'time': 3, 'agx': -24.0, 'agy': -27.0, 'agz': -997.0}
2022-11-20 21:58:02,639 | INFO | PERIODIC STATE VALUES: {'mid': -1, 'x': -100, 'y': -100, 'z': -100, 'mpry': '0,0,0', 'pitch': -1, 'roll': 1, 'yaw': 163, 'vgx': 0, 'vgy': 0, 'vgz': 0, 'templ': 94, 'temph': 97, 'tof': 10, 'h': 0, 'bat': 80, 'baro': 91.4, 'time': 3, 'agx': -20.0, 'agy': -28.0, 'agz': -994.0}
2022-11-20 21:58:03,155 | INFO | PERIODIC STATE VALUES: {'mid': -1, 'x': -100, 'y': -100, 'z': -100, 'mpry': '0,0,0', 'pitch': -1, 'roll': 1, 'yaw': 163, 'vgx': 0, 'vgy': 0, 'vgz': 0, 'templ': 94, 'temph': 96, 'tof': 10, 'h': 0, 'bat': 80, 'baro': 91.42, 'time': 3, 'agx': -9.0, 'agy': -30.0, 'agz': -1005.0}
2022-11-20 21:58:03,659 | INFO | PERIODIC STATE VALUES: {'mid': -1, 'x': -100, 'y': -100, 'z': -100, 'mpry': '0,0,0', 'pitch': -1, 'roll': 1, 'yaw': 163, 'vgx': 0, 'vgy': 0, 'vgz': 0, 'templ': 94, 'temph': 96, 'tof': 10, 'h': 0, 'bat': 80, 'baro': 91.43, 'time': 3, 'agx': -16.0, 'agy': -31.0, 'agz': -998.0}
2022-11-20 21:58:04,162 | INFO | PERIODIC STATE VALUES: {'mid': -1, 'x': -100, 'y': -100, 'z': -100, 'mpry': '0,0,0', 'pitch': -1, 'roll': 1, 'yaw': 163, 'vgx': 0, 'vgy': 0, 'vgz': 0, 'templ': 95, 'temph': 96, 'tof': 10, 'h': 0, 'bat': 80, 'baro': 91.41, 'time': 3, 'agx': -12.0, 'agy': -20.0, 'agz': -999.0}
2022-11-20 21:58:04,678 | INFO | PERIODIC STATE VALUES: {'mid': -1, 'x': -100, 'y': -100, 'z': -100, 'mpry': '0,0,0', 'pitch': -1, 'roll': 1, 'yaw': 163, 'vgx': 0, 'vgy': 0, 'vgz': 0, 'templ': 95, 'temph': 96, 'tof': 10, 'h': 0, 'bat': 80, 'baro': 91.44, 'time': 3, 'agx': -14.0, 'agy': -25.0, 'agz': -1000.0}
2022-11-20 21:58:05,183 | INFO | PERIODIC STATE VALUES: {'mid': -1, 'x': -100, 'y': -100, 'z': -100, 'mpry': '0,0,0', 'pitch': -1, 'roll': 1, 'yaw': 163, 'vgx': 0, 'vgy': 0, 'vgz': 0, 'templ': 95, 'temph': 97, 'tof': 10, 'h': 0, 'bat': 80, 'baro': 91.39, 'time': 3, 'agx': -16.0, 'agy': -26.0, 'agz': -1001.0}
2022-11-20 21:58:05,698 | INFO | PERIODIC STATE VALUES: {'mid': -1, 'x': -100, 'y': -100, 'z': -100, 'mpry': '0,0,0', 'pitch': -1, 'roll': 1, 'yaw': 163, 'vgx': 0, 'vgy': 0, 'vgz': 0, 'templ': 95, 'temph': 97, 'tof': 10, 'h': 0, 'bat': 80, 'baro': 91.43, 'time': 3, 'agx': -12.0, 'agy': -29.0, 'agz': -998.0}
2022-11-20 21:58:06,203 | INFO | PERIODIC STATE VALUES: {'mid': -1, 'x': -100, 'y': -100, 'z': -100, 'mpry': '0,0,0', 'pitch': -1, 'roll': 1, 'yaw': 163, 'vgx': 0, 'vgy': 0, 'vgz': 0, 'templ': 94, 'temph': 97, 'tof': 10, 'h': 0, 'bat': 80, 'baro': 91.45, 'time': 3, 'agx': -5.0, 'agy': -41.0, 'agz': -998.0}
2022-11-20 21:58:06,707 | INFO | PERIODIC STATE VALUES: {'mid': -1, 'x': -100, 'y': -100, 'z': -100, 'mpry': '0,0,0', 'pitch': -1, 'roll': 1, 'yaw': 163, 'vgx': 0, 'vgy': 0, 'vgz': 0, 'templ': 94, 'temph': 97, 'tof': 10, 'h': 0, 'bat': 80, 'baro': 91.43, 'time': 3, 'agx': -8.0, 'agy': -41.0, 'agz': -1000.0}
2022-11-20 21:58:06,832 | INFO | Send command: 'takeoff'
2022-11-20 21:58:07,211 | INFO | PERIODIC STATE VALUES: {'mid': -1, 'x': -100, 'y': -100, 'z': -100, 'mpry': '0,0,0', 'pitch': 0, 'roll': 1, 'yaw': 163, 'vgx': 0, 'vgy': 0, 'vgz': 0, 'templ': 95, 'temph': 98, 'tof': 10, 'h': 0, 'bat': 80, 'baro': 91.43, 'time': 3, 'agx': -6.0, 'agy': -39.0, 'agz': -997.0}
2022-11-20 21:58:07,715 | INFO | PERIODIC STATE VALUES: {'mid': -1, 'x': -100, 'y': -100, 'z': -100, 'mpry': '0,0,0', 'pitch': -5, 'roll': 1, 'yaw': 163, 'vgx': 0, 'vgy': 1, 'vgz': 0, 'templ': 95, 'temph': 98, 'tof': 10, 'h': 0, 'bat': 80, 'baro': 91.97, 'time': 4, 'agx': -98.0, 'agy': -32.0, 'agz': -1072.0}
2022-11-20 21:58:08,229 | INFO | PERIODIC STATE VALUES: {'mid': -1, 'x': -100, 'y': -100, 'z': -100, 'mpry': '0,0,0', 'pitch': -10, 'roll': 1, 'yaw': 162, 'vgx': -1, 'vgy': 2, 'vgz': 0, 'templ': 94, 'temph': 97, 'tof': 10, 'h': 0, 'bat': 80, 'baro': 91.48, 'time': 4, 'agx': -45.0, 'agy': -47.0, 'agz': 115.0}
2022-11-20 21:58:08,745 | INFO | PERIODIC STATE VALUES: {'mid': -1, 'x': -100, 'y': -100, 'z': -100, 'mpry': '0,0,0', 'pitch': 0, 'roll': 1, 'yaw': 163, 'vgx': 0, 'vgy': 0, 'vgz': -3, 'templ': 94, 'temph': 97, 'tof': 10, 'h': 0, 'bat': 80, 'baro': 91.42, 'time': 4, 'agx': -13.0, 'agy': -15.0, 'agz': -1003.0}
2022-11-20 21:58:08,806 | INFO | Response takeoff: 'ok'
2022-11-20 21:58:09,247 | INFO | PERIODIC STATE VALUES: {'mid': -1, 'x': -100, 'y': -100, 'z': -100, 'mpry': '0,0,0', 'pitch': 0, 'roll': 1, 'yaw': 163, 'vgx': 0, 'vgy': 0, 'vgz': -4, 'templ': 94, 'temph': 96, 'tof': 10, 'h': 0, 'bat': 80, 'baro': 91.42, 'time': 4, 'agx': -19.0, 'agy': -15.0, 'agz': -1002.0}
2022-11-20 21:58:09,750 | INFO | PERIODIC STATE VALUES: {'mid': -1, 'x': -100, 'y': -100, 'z': -100, 'mpry': '0,0,0', 'pitch': 0, 'roll': 1, 'yaw': 163, 'vgx': 0, 'vgy': 0, 'vgz': 0, 'templ': 94, 'temph': 96, 'tof': 10, 'h': 0, 'bat': 80, 'baro': 91.4, 'time': 4, 'agx': -16.0, 'agy': -21.0, 'agz': -999.0}
2022-11-20 21:58:10,254 | INFO | PERIODIC STATE VALUES: {'mid': -1, 'x': -100, 'y': -100, 'z': -100, 'mpry': '0,0,0', 'pitch': 0, 'roll': 1, 'yaw': 163, 'vgx': 0, 'vgy': 0, 'vgz': 0, 'templ': 93, 'temph': 96, 'tof': 10, 'h': 0, 'bat': 80, 'baro': 91.41, 'time': 4, 'agx': 46.0, 'agy': -134.0, 'agz': -979.0}
2022-11-20 21:58:10,770 | INFO | PERIODIC STATE VALUES: {'mid': -1, 'x': -100, 'y': -100, 'z': -100, 'mpry': '0,0,0', 'pitch': -17, 'roll': -5, 'yaw': 169, 'vgx': 0, 'vgy': 0, 'vgz': 0, 'templ': 93, 'temph': 96, 'tof': 10, 'h': 0, 'bat': 80, 'baro': 91.48, 'time': 4, 'agx': -344.0, 'agy': 189.0, 'agz': -991.0}
2022-11-20 21:58:11,285 | INFO | PERIODIC STATE VALUES: {'mid': -1, 'x': -100, 'y': -100, 'z': -100, 'mpry': '0,0,0', 'pitch': -28, 'roll': -34, 'yaw': 166, 'vgx': 0, 'vgy': 0, 'vgz': 0, 'templ': 94, 'temph': 96, 'tof': 10, 'h': 0, 'bat': 80, 'baro': 91.51, 'time': 4, 'agx': -351.0, 'agy': 666.0, 'agz': -805.0}
2022-11-20 21:58:11,787 | INFO | PERIODIC STATE VALUES: {'mid': -1, 'x': -100, 'y': -100, 'z': -100, 'mpry': '0,0,0', 'pitch': -14, 'roll': -37, 'yaw': 167, 'vgx': 0, 'vgy': 0, 'vgz': 9, 'templ': 94, 'temph': 96, 'tof': 10, 'h': 10, 'bat': 80, 'baro': 91.74, 'time': 4, 'agx': -279.0, 'agy': 592.0, 'agz': -467.0}
2022-11-20 21:58:12,293 | INFO | PERIODIC STATE VALUES: {'mid': -1, 'x': -100, 'y': -100, 'z': -100, 'mpry': '0,0,0', 'pitch': 5, 'roll': -40, 'yaw': -177, 'vgx': 0, 'vgy': 0, 'vgz': 1, 'templ': 94, 'temph': 97, 'tof': 10, 'h': 40, 'bat': 80, 'baro': 91.9, 'time': 4, 'agx': -91.0, 'agy': 468.0, 'agz': -777.0}
2022-11-20 21:58:12,809 | INFO | PERIODIC STATE VALUES: {'mid': -1, 'x': -100, 'y': -100, 'z': -100, 'mpry': '0,0,0', 'pitch': 13, 'roll': -49, 'yaw': -172, 'vgx': 0, 'vgy': 0, 'vgz': 1, 'templ': 94, 'temph': 97, 'tof': 10, 'h': 0, 'bat': 80, 'baro': 91.98, 'time': 4, 'agx': 331.0, 'agy': 542.0, 'agz': -687.0}
2022-11-20 21:58:13,312 | INFO | PERIODIC STATE VALUES: {'mid': -1, 'x': -100, 'y': -100, 'z': -100, 'mpry': '0,0,0', 'pitch': 30, 'roll': -71, 'yaw': -169, 'vgx': 0, 'vgy': 0, 'vgz': 0, 'templ': 94, 'temph': 97, 'tof': 10, 'h': 0, 'bat': 80, 'baro': 91.97, 'time': 4, 'agx': 491.0, 'agy': 810.0, 'agz': -237.0}
2022-11-20 21:58:13,811 | INFO | Send command: 'land'
2022-11-20 21:58:13,826 | INFO | PERIODIC STATE VALUES: {'mid': -1, 'x': -100, 'y': -100, 'z': -100, 'mpry': '0,0,0', 'pitch': 54, 'roll': -40, 'yaw': -124, 'vgx': 0, 'vgy': 0, 'vgz': 0, 'templ': 94, 'temph': 97, 'tof': 10, 'h': 0, 'bat': 80, 'baro': 91.99, 'time': 4, 'agx': 579.0, 'agy': 629.0, 'agz': -187.0}
2022-11-20 21:58:13,921 | INFO | Response land: 'error'
2022-11-20 21:58:13,937 | INFO | Send command: 'land'
2022-11-20 21:58:14,048 | INFO | Response land: 'error'
2022-11-20 21:58:14,064 | INFO | Send command: 'land'
2022-11-20 21:58:14,173 | INFO | Response land: 'error'
