2022-11-29 11:51:23,523 | INFO | Tello instance was initialized. Host: '192.168.10.1'. Port: '8889'.
2022-11-29 11:51:23,524 | INFO | Trying to connect to the drone now!
2022-11-29 11:51:23,533 | INFO | Send command: 'command'
2022-11-29 11:51:23,644 | INFO | Response command: 'ok'
2022-11-29 11:51:23,644 | INFO | Connected to the drone successfully.
2022-11-29 11:51:23,659 | INFO | Send command: 'mon'
2022-11-29 11:51:23,659 | INFO | Send command: 'streamon'
2022-11-29 11:51:23,769 | INFO | Response mon: 'ok'
2022-11-29 11:51:23,770 | INFO | Response streamon: 'ok'
2022-11-29 11:51:23,785 | INFO | Send command: 'mdirection 0'
2022-11-29 11:51:23,786 | INFO | Send command: 'downvision 1'
2022-11-29 11:51:23,896 | INFO | Response downvision 1: 'ok'
2022-11-29 11:51:23,897 | INFO | Response mdirection 0: 'ok'
2022-11-29 11:51:23,912 | INFO | Send command: 'motoron'
2022-11-29 11:51:23,913 | INFO | Send command: 'setfps high'
2022-11-29 11:51:24,021 | INFO | Response setfps high: 'ok'
2022-11-29 11:51:24,022 | INFO | Response motoron: 'ok'
2022-11-29 11:51:24,023 | INFO | data goes here
2022-11-29 11:51:24,037 | INFO | Send command: 'attitude?'
2022-11-29 11:51:24,148 | INFO | Response attitude?: 'pitch:0;roll:0;yaw:1;'
2022-11-29 11:51:24,150 | INFO | PERIODIC STATE VALUES: {'mid': -1, 'x': -100, 'y': -100, 'z': -100, 'mpry': '0,0,0', 'pitch': 0, 'roll': 0, 'yaw': 1, 'vgx': 0, 'vgy': 0, 'vgz': 0, 'templ': 85, 'temph': 88, 'tof': 10, 'h': 0, 'bat': 49, 'baro': 100.1, 'time': 19, 'agx': 2.0, 'agy': -6.0, 'agz': -997.0}
2022-11-29 11:51:24,150 | INFO | ATTITUDE: {'pitch': 0, 'roll': 0, 'yaw': 1}
2022-11-29 11:51:24,164 | INFO | Send command: 'baro?'
2022-11-29 11:51:24,275 | INFO | Response baro?: '100.118500'
2022-11-29 11:51:24,276 | INFO | BAROMETER: 10011.85
2022-11-29 11:51:24,291 | INFO | Send command: 'battery?'
2022-11-29 11:51:24,399 | INFO | Response battery?: '49'
2022-11-29 11:51:24,399 | INFO | BATTERY: 49
2022-11-29 11:51:24,399 | INFO | Send command: 'tof?'
2022-11-29 11:51:24,509 | INFO | Response tof?: '100mm'
2022-11-29 11:51:24,510 | INFO | TOF_DISTANCE: 10.0 
2022-11-29 11:51:24,525 | INFO | Send command: 'wifi?'
2022-11-29 11:51:24,636 | INFO | Response wifi?: '90'
2022-11-29 11:51:24,636 | INFO | WIFI_SIGNAL_NOISE RATIO: 90
2022-11-29 11:51:24,636 | INFO | Send command: 'sdk?'
2022-11-29 11:51:24,651 | INFO | PERIODIC STATE VALUES: {'mid': -1, 'x': -100, 'y': -100, 'z': -100, 'mpry': '0,0,0', 'pitch': 0, 'roll': 0, 'yaw': 1, 'vgx': 0, 'vgy': 0, 'vgz': 0, 'templ': 85, 'temph': 88, 'tof': 10, 'h': 0, 'bat': 49, 'baro': 100.08, 'time': 19, 'agx': 0.0, 'agy': -9.0, 'agz': -1000.0}
2022-11-29 11:51:24,745 | INFO | Response sdk?: '30'
2022-11-29 11:51:24,745 | INFO | SDK VERSION: 30
2022-11-29 11:51:24,761 | INFO | Send command: 'sn?'
2022-11-29 11:51:24,871 | INFO | Response sn?: '0TQZK7JCNT2468'
2022-11-29 11:51:24,872 | INFO | SERIAL NUMBER: 0TQZK7JCNT2468
2022-11-29 11:51:25,167 | INFO | PERIODIC STATE VALUES: {'mid': -1, 'x': -100, 'y': -100, 'z': -100, 'mpry': '0,0,0', 'pitch': 0, 'roll': 0, 'yaw': 1, 'vgx': 0, 'vgy': 0, 'vgz': 0, 'templ': 85, 'temph': 87, 'tof': 10, 'h': 0, 'bat': 49, 'baro': 99.96, 'time': 19, 'agx': -3.0, 'agy': -12.0, 'agz': -999.0}
2022-11-29 11:51:25,671 | INFO | PERIODIC STATE VALUES: {'mid': -1, 'x': -100, 'y': -100, 'z': -100, 'mpry': '0,0,0', 'pitch': 0, 'roll': 0, 'yaw': 1, 'vgx': 0, 'vgy': 0, 'vgz': 0, 'templ': 85, 'temph': 87, 'tof': 10, 'h': 0, 'bat': 49, 'baro': 100.03, 'time': 19, 'agx': -1.0, 'agy': -10.0, 'agz': -1002.0}
2022-11-29 11:51:26,175 | INFO | PERIODIC STATE VALUES: {'mid': -1, 'x': -100, 'y': -100, 'z': -100, 'mpry': '0,0,0', 'pitch': 0, 'roll': 0, 'yaw': 1, 'vgx': 0, 'vgy': 0, 'vgz': 0, 'templ': 85, 'temph': 88, 'tof': 10, 'h': 0, 'bat': 49, 'baro': 99.93, 'time': 19, 'agx': 0.0, 'agy': -8.0, 'agz': -1005.0}
2022-11-29 11:51:26,678 | INFO | PERIODIC STATE VALUES: {'mid': -1, 'x': -100, 'y': -100, 'z': -100, 'mpry': '0,0,0', 'pitch': 0, 'roll': 0, 'yaw': 1, 'vgx': 0, 'vgy': 0, 'vgz': 0, 'templ': 85, 'temph': 88, 'tof': 10, 'h': 0, 'bat': 49, 'baro': 100.02, 'time': 19, 'agx': -2.0, 'agy': -11.0, 'agz': -999.0}
2022-11-29 11:51:27,182 | INFO | PERIODIC STATE VALUES: {'mid': -1, 'x': -100, 'y': -100, 'z': -100, 'mpry': '0,0,0', 'pitch': 0, 'roll': 0, 'yaw': 1, 'vgx': 0, 'vgy': 0, 'vgz': 0, 'templ': 85, 'temph': 88, 'tof': 10, 'h': 0, 'bat': 49, 'baro': 99.97, 'time': 19, 'agx': -6.0, 'agy': -11.0, 'agz': -997.0}
2022-11-29 11:51:27,684 | INFO | PERIODIC STATE VALUES: {'mid': -1, 'x': -100, 'y': -100, 'z': -100, 'mpry': '0,0,0', 'pitch': 0, 'roll': 0, 'yaw': 1, 'vgx': 0, 'vgy': 0, 'vgz': 0, 'templ': 85, 'temph': 89, 'tof': 10, 'h': 0, 'bat': 49, 'baro': 100.03, 'time': 19, 'agx': -3.0, 'agy': -6.0, 'agz': -1000.0}
2022-11-29 11:51:28,201 | INFO | PERIODIC STATE VALUES: {'mid': -1, 'x': -100, 'y': -100, 'z': -100, 'mpry': '0,0,0', 'pitch': 0, 'roll': 0, 'yaw': 1, 'vgx': 0, 'vgy': 0, 'vgz': 0, 'templ': 85, 'temph': 89, 'tof': 10, 'h': 0, 'bat': 49, 'baro': 99.99, 'time': 19, 'agx': -7.0, 'agy': -15.0, 'agz': -994.0}
2022-11-29 11:51:28,718 | INFO | PERIODIC STATE VALUES: {'mid': -1, 'x': -100, 'y': -100, 'z': -100, 'mpry': '0,0,0', 'pitch': 0, 'roll': 0, 'yaw': 1, 'vgx': 0, 'vgy': 0, 'vgz': 0, 'templ': 85, 'temph': 88, 'tof': 10, 'h': 0, 'bat': 49, 'baro': 99.98, 'time': 19, 'agx': 0.0, 'agy': -9.0, 'agz': -1002.0}
2022-11-29 11:51:29,221 | INFO | PERIODIC STATE VALUES: {'mid': -1, 'x': -100, 'y': -100, 'z': -100, 'mpry': '0,0,0', 'pitch': 0, 'roll': 0, 'yaw': 1, 'vgx': 0, 'vgy': 0, 'vgz': 0, 'templ': 85, 'temph': 88, 'tof': 10, 'h': 0, 'bat': 49, 'baro': 99.98, 'time': 19, 'agx': 0.0, 'agy': -7.0, 'agz': -1006.0}
2022-11-29 11:51:29,724 | INFO | PERIODIC STATE VALUES: {'mid': -1, 'x': -100, 'y': -100, 'z': -100, 'mpry': '0,0,0', 'pitch': 0, 'roll': 0, 'yaw': 1, 'vgx': 0, 'vgy': 0, 'vgz': 0, 'templ': 85, 'temph': 88, 'tof': 10, 'h': 0, 'bat': 49, 'baro': 99.98, 'time': 19, 'agx': -3.0, 'agy': -13.0, 'agz': -998.0}
2022-11-29 11:51:29,881 | INFO | Send command: 'takeoff'
2022-11-29 11:51:30,227 | INFO | PERIODIC STATE VALUES: {'mid': -1, 'x': -100, 'y': -100, 'z': -100, 'mpry': '0,0,0', 'pitch': 0, 'roll': 0, 'yaw': 1, 'vgx': 0, 'vgy': 0, 'vgz': 0, 'templ': 85, 'temph': 88, 'tof': 10, 'h': 0, 'bat': 49, 'baro': 100.02, 'time': 19, 'agx': -3.0, 'agy': -6.0, 'agz': -1000.0}
2022-11-29 11:51:30,727 | INFO | PERIODIC STATE VALUES: {'mid': -1, 'x': -100, 'y': -100, 'z': -100, 'mpry': '0,0,0', 'pitch': -1, 'roll': 0, 'yaw': 0, 'vgx': 0, 'vgy': 0, 'vgz': 2, 'templ': 85, 'temph': 89, 'tof': 10, 'h': 0, 'bat': 49, 'baro': 100.02, 'time': 19, 'agx': 9.0, 'agy': -36.0, 'agz': -1389.0}
2022-11-29 11:51:31,230 | INFO | PERIODIC STATE VALUES: {'mid': -1, 'x': -100, 'y': -100, 'z': -100, 'mpry': '0,0,0', 'pitch': 0, 'roll': 0, 'yaw': 0, 'vgx': 0, 'vgy': 0, 'vgz': 7, 'templ': 85, 'temph': 89, 'tof': 39, 'h': 30, 'bat': 49, 'baro': 100.61, 'time': 20, 'agx': 14.0, 'agy': -34.0, 'agz': -952.0}
2022-11-29 11:51:31,732 | INFO | PERIODIC STATE VALUES: {'mid': -1, 'x': -100, 'y': -100, 'z': -100, 'mpry': '0,0,0', 'pitch': 0, 'roll': 0, 'yaw': 0, 'vgx': 0, 'vgy': 0, 'vgz': 3, 'templ': 86, 'temph': 89, 'tof': 66, 'h': 60, 'bat': 49, 'baro': 100.98, 'time': 20, 'agx': 4.0, 'agy': -12.0, 'agz': -917.0}
2022-11-29 11:51:32,235 | INFO | PERIODIC STATE VALUES: {'mid': 6, 'x': 3, 'y': 2, 'z': 68, 'mpry': '2,-91,-175', 'pitch': 0, 'roll': 1, 'yaw': 0, 'vgx': 0, 'vgy': 0, 'vgz': 0, 'templ': 86, 'temph': 89, 'tof': 73, 'h': 70, 'bat': 49, 'baro': 101.08, 'time': 21, 'agx': -2.0, 'agy': -14.0, 'agz': -998.0}
2022-11-29 11:51:32,750 | INFO | PERIODIC STATE VALUES: {'mid': 6, 'x': 3, 'y': 3, 'z': 75, 'mpry': '1,-91,-174', 'pitch': 0, 'roll': 1, 'yaw': 0, 'vgx': 0, 'vgy': 0, 'vgz': 0, 'templ': 84, 'temph': 88, 'tof': 77, 'h': 70, 'bat': 49, 'baro': 101.08, 'time': 21, 'agx': 1.0, 'agy': -13.0, 'agz': -1010.0}
2022-11-29 11:51:33,252 | INFO | PERIODIC STATE VALUES: {'mid': 6, 'x': 6, 'y': 4, 'z': 79, 'mpry': '2,-91,-175', 'pitch': 0, 'roll': 1, 'yaw': 1, 'vgx': 0, 'vgy': 0, 'vgz': 0, 'templ': 84, 'temph': 88, 'tof': 81, 'h': 80, 'bat': 49, 'baro': 101.12, 'time': 22, 'agx': -12.0, 'agy': 2.0, 'agz': -995.0}
2022-11-29 11:51:33,769 | INFO | PERIODIC STATE VALUES: {'mid': 6, 'x': 8, 'y': 4, 'z': 82, 'mpry': '2,-91,-175', 'pitch': 0, 'roll': 1, 'yaw': 1, 'vgx': 0, 'vgy': 0, 'vgz': 0, 'templ': 85, 'temph': 88, 'tof': 82, 'h': 80, 'bat': 49, 'baro': 101.17, 'time': 22, 'agx': 1.0, 'agy': -7.0, 'agz': -1000.0}
2022-11-29 11:51:34,285 | INFO | PERIODIC STATE VALUES: {'mid': 6, 'x': 7, 'y': 4, 'z': 83, 'mpry': '1,-91,-175', 'pitch': 0, 'roll': 1, 'yaw': 1, 'vgx': 0, 'vgy': 0, 'vgz': 0, 'templ': 85, 'temph': 88, 'tof': 82, 'h': 80, 'bat': 49, 'baro': 101.17, 'time': 23, 'agx': 3.0, 'agy': -15.0, 'agz': -1011.0}
2022-11-29 11:51:34,380 | INFO | Response takeoff: 'ok'
