2022-12-06 11:55:56,560 | INFO | Tello instance was initialized. Host: '192.168.10.1'. Port: '8889'.
2022-12-06 11:55:56,571 | INFO | Trying to connect to the drone now!
2022-12-06 11:55:56,600 | INFO | Send command: 'command'
2022-12-06 11:55:56,709 | INFO | Response command: 'ok'
2022-12-06 11:56:06,189 | INFO | Send command: 'mon'
2022-12-06 11:56:06,292 | INFO | Response mon: 'ok'
2022-12-06 11:56:06,292 | INFO | Send command: 'mdirection 0'
2022-12-06 11:56:06,400 | INFO | Response mdirection 0: 'ok'
2022-12-06 11:56:06,414 | INFO | Send command: 'motoron'
2022-12-06 11:56:06,521 | INFO | Response motoron: 'ok'
2022-12-06 11:56:06,536 | INFO | Send command: 'takeoff'
2022-12-06 11:56:12,461 | INFO | Send command: 'left 50'
2022-12-06 11:56:13,625 | INFO | Response takeoff: 'ok'
2022-12-06 11:56:14,720 | INFO | Response left 50: 'ok'
2022-12-06 11:56:19,306 | INFO | Send command: 'left 50'
2022-12-06 11:56:21,335 | INFO | Response left 50: 'ok'
2022-12-06 11:56:21,629 | INFO | Send command: 'up 50'
2022-12-06 11:56:23,670 | INFO | Response up 50: 'ok'
2022-12-06 11:56:23,899 | INFO | Send command: 'down 50'
2022-12-06 11:56:25,859 | INFO | Send command: 'right 50'
2022-12-06 11:56:26,362 | INFO | Response down 50: 'ok'
2022-12-06 11:56:27,787 | INFO | Send command: 'forward 50'
2022-12-06 11:56:29,718 | INFO | Response forward 50: 'ok'
2022-12-06 11:56:30,172 | INFO | Send command: 'back 50'
2022-12-06 11:56:32,195 | INFO | Response right 50: 'ok'
2022-12-06 11:56:37,245 | WARNING | Aborting command 'back 50'. Did not receive a response after 7 seconds
2022-12-06 11:56:37,245 | INFO | Send command: 'back 50'
2022-12-06 11:56:39,481 | INFO | Response back 50: 'ok'
2022-12-06 11:56:41,688 | INFO | Send command: 'cw 180'
2022-12-06 11:56:43,995 | INFO | Send command: 'ccw 180'
2022-12-06 11:56:45,340 | INFO | Response cw 180: 'ok'
2022-12-06 11:56:45,708 | INFO | Send command: 'ccw 180'
2022-12-06 11:56:49,339 | INFO | Response ccw 180: 'ok'
2022-12-06 11:56:50,185 | INFO | Send command: 'right 50'
2022-12-06 11:56:51,068 | WARNING | Aborting command 'ccw 180'. Did not receive a response after 7 seconds
2022-12-06 11:56:51,069 | INFO | Send command: 'ccw 180'
2022-12-06 11:56:51,549 | INFO | Send command: 'right 50'
2022-12-06 11:56:52,296 | INFO | Response right 50: 'ok'
2022-12-06 11:56:52,545 | INFO | Send command: 'right 50'
2022-12-06 11:56:54,810 | INFO | Response right 50: 'ok'
2022-12-06 11:56:55,246 | INFO | Send command: 'right 50'
2022-12-06 11:56:58,060 | INFO | Response ccw 180: 'ok'
2022-12-06 11:56:59,641 | WARNING | Aborting command 'right 50'. Did not receive a response after 7 seconds
2022-12-06 11:56:59,642 | INFO | Send command: 'right 50'
2022-12-06 11:57:02,322 | WARNING | Aborting command 'right 50'. Did not receive a response after 7 seconds
2022-12-06 11:57:02,323 | INFO | Send command: 'right 50'
2022-12-06 11:57:02,520 | INFO | Response right 50: 'ok'
2022-12-06 11:57:05,782 | INFO | Send command (no response expected): 'emergency'
2022-12-06 11:57:09,405 | WARNING | Aborting command 'right 50'. Did not receive a response after 7 seconds
2022-12-06 11:57:09,406 | INFO | Send command: 'right 50'
2022-12-06 11:57:09,726 | INFO | Response right 50: 'error No valid imu'
