2022-11-22 00:01:36,521 | INFO | Tello instance was initialized. Host: '192.168.10.1'. Port: '8889'.
2022-11-22 00:01:36,521 | INFO | Trying to connect to the drone now!
2022-11-22 00:01:36,534 | INFO | Send command: 'command'
2022-11-22 00:01:36,866 | INFO | Response command: 'ok'
2022-11-22 00:01:36,866 | INFO | Connected to the drone successfully.
2022-11-22 00:01:36,882 | INFO | Send command: 'mon'
2022-11-22 00:01:36,882 | INFO | Send command: 'streamon'
2022-11-22 00:01:36,882 | INFO | Response mon: 'error'
2022-11-22 00:01:36,897 | INFO | Send command: 'mon'
2022-11-22 00:01:36,897 | INFO | Response mon: 'ok'
2022-11-22 00:01:36,914 | INFO | Send command: 'mdirection 0'
2022-11-22 00:01:36,914 | INFO | Response mdirection 0: 'ok'
2022-11-22 00:01:36,914 | INFO | Send command: 'motoron'
2022-11-22 00:01:37,099 | INFO | Response streamon: 'ok'
2022-11-22 00:01:37,115 | INFO | Send command: 'downvision 1'
2022-11-22 00:01:37,115 | INFO | Response downvision 1: 'ok'
2022-11-22 00:01:37,130 | INFO | Response motoron: 'ok'
2022-11-22 00:01:37,131 | INFO | Send command: 'setfps high'
2022-11-22 00:01:37,131 | INFO | data goes here
2022-11-22 00:01:37,146 | INFO | Send command: 'attitude?'
2022-11-22 00:01:37,147 | INFO | Response attitude?: 'ok'
2022-11-22 00:01:37,147 | INFO | ATTITUDE: {}
2022-11-22 00:01:37,162 | INFO | Send command: 'baro?'
2022-11-22 00:01:37,162 | INFO | Response baro?: 'ok'
2022-11-22 00:01:37,241 | INFO | Response setfps high: 'pitch:0;roll:0;yaw:-41;'
2022-11-22 00:01:37,257 | INFO | Send command: 'setfps high'
2022-11-22 00:01:37,259 | INFO | Response setfps high: '113.014656'
2022-11-22 00:01:37,273 | INFO | Send command: 'setfps high'
2022-11-22 00:01:37,367 | INFO | PERIODIC STATE VALUES: {'mid': -1, 'x': -100, 'y': -100, 'z': -100, 'mpry': '0,0,0', 'pitch': 0, 'roll': 0, 'yaw': -41, 'vgx': 0, 'vgy': 0, 'vgz': 0, 'templ': 75, 'temph': 78, 'tof': 10, 'h': 0, 'bat': 7, 'baro': 113.0, 'time': 0, 'agx': -10.0, 'agy': -14.0, 'agz': -999.0}
2022-11-22 00:01:37,382 | INFO | Response setfps high: 'ok'
2022-11-22 00:01:37,869 | INFO | PERIODIC STATE VALUES: {'mid': -1, 'x': -100, 'y': -100, 'z': -100, 'mpry': '0,0,0', 'pitch': 0, 'roll': 0, 'yaw': -41, 'vgx': 0, 'vgy': 0, 'vgz': 0, 'templ': 75, 'temph': 77, 'tof': 10, 'h': 0, 'bat': 7, 'baro': 112.94, 'time': 0, 'agx': -9.0, 'agy': -14.0, 'agz': -994.0}
2022-11-22 00:01:38,374 | INFO | PERIODIC STATE VALUES: {'mid': -1, 'x': -100, 'y': -100, 'z': -100, 'mpry': '0,0,0', 'pitch': 0, 'roll': 0, 'yaw': -41, 'vgx': 0, 'vgy': 0, 'vgz': 0, 'templ': 75, 'temph': 77, 'tof': 10, 'h': 0, 'bat': 7, 'baro': 112.89, 'time': 0, 'agx': -13.0, 'agy': -16.0, 'agz': -1006.0}
2022-11-22 00:01:38,880 | INFO | PERIODIC STATE VALUES: {'mid': -1, 'x': -100, 'y': -100, 'z': -100, 'mpry': '0,0,0', 'pitch': 0, 'roll': 0, 'yaw': -41, 'vgx': 0, 'vgy': 0, 'vgz': 0, 'templ': 75, 'temph': 78, 'tof': 10, 'h': 0, 'bat': 7, 'baro': 112.83, 'time': 0, 'agx': -14.0, 'agy': -19.0, 'agz': -1003.0}
2022-11-22 00:01:39,384 | INFO | PERIODIC STATE VALUES: {'mid': -1, 'x': -100, 'y': -100, 'z': -100, 'mpry': '0,0,0', 'pitch': 0, 'roll': 0, 'yaw': -41, 'vgx': 0, 'vgy': 0, 'vgz': 0, 'templ': 75, 'temph': 78, 'tof': 10, 'h': 0, 'bat': 7, 'baro': 112.84, 'time': 0, 'agx': -11.0, 'agy': -18.0, 'agz': -1001.0}
2022-11-22 00:01:39,899 | INFO | PERIODIC STATE VALUES: {'mid': -1, 'x': -100, 'y': -100, 'z': -100, 'mpry': '0,0,0', 'pitch': 0, 'roll': 0, 'yaw': -41, 'vgx': 0, 'vgy': 0, 'vgz': 0, 'templ': 75, 'temph': 78, 'tof': 10, 'h': 0, 'bat': 7, 'baro': 112.82, 'time': 0, 'agx': -12.0, 'agy': -13.0, 'agz': -1002.0}
2022-11-22 00:01:40,417 | INFO | PERIODIC STATE VALUES: {'mid': -1, 'x': -100, 'y': -100, 'z': -100, 'mpry': '0,0,0', 'pitch': 0, 'roll': 0, 'yaw': -41, 'vgx': 0, 'vgy': 0, 'vgz': 0, 'templ': 75, 'temph': 78, 'tof': 10, 'h': 0, 'bat': 7, 'baro': 112.8, 'time': 0, 'agx': -9.0, 'agy': -12.0, 'agz': -997.0}
2022-11-22 00:01:40,920 | INFO | PERIODIC STATE VALUES: {'mid': -1, 'x': -100, 'y': -100, 'z': -100, 'mpry': '0,0,0', 'pitch': 0, 'roll': 0, 'yaw': -41, 'vgx': 0, 'vgy': 0, 'vgz': 0, 'templ': 75, 'temph': 77, 'tof': 10, 'h': 0, 'bat': 7, 'baro': 112.78, 'time': 0, 'agx': -14.0, 'agy': -16.0, 'agz': -1001.0}
2022-11-22 00:01:41,437 | INFO | PERIODIC STATE VALUES: {'mid': -1, 'x': -100, 'y': -100, 'z': -100, 'mpry': '0,0,0', 'pitch': 0, 'roll': 0, 'yaw': -41, 'vgx': 0, 'vgy': 0, 'vgz': 0, 'templ': 75, 'temph': 77, 'tof': 10, 'h': 0, 'bat': 7, 'baro': 112.85, 'time': 0, 'agx': -11.0, 'agy': -15.0, 'agz': -1001.0}
2022-11-22 00:01:41,941 | INFO | PERIODIC STATE VALUES: {'mid': -1, 'x': -100, 'y': -100, 'z': -100, 'mpry': '0,0,0', 'pitch': 0, 'roll': 0, 'yaw': -41, 'vgx': 0, 'vgy': 0, 'vgz': 0, 'templ': 76, 'temph': 78, 'tof': 10, 'h': 0, 'bat': 7, 'baro': 112.9, 'time': 0, 'agx': -6.0, 'agy': -12.0, 'agz': -995.0}
2022-11-22 00:01:42,177 | INFO | Send command: 'takeoff'
2022-11-22 00:01:42,179 | INFO | Response takeoff: 'ok'
2022-11-22 00:01:42,443 | INFO | PERIODIC STATE VALUES: {'mid': -1, 'x': -100, 'y': -100, 'z': -100, 'mpry': '0,0,0', 'pitch': 0, 'roll': 0, 'yaw': -41, 'vgx': 0, 'vgy': 0, 'vgz': 0, 'templ': 76, 'temph': 78, 'tof': 10, 'h': 0, 'bat': 7, 'baro': 112.95, 'time': 0, 'agx': -11.0, 'agy': -13.0, 'agz': -1000.0}
2022-11-22 00:01:42,960 | INFO | PERIODIC STATE VALUES: {'mid': -1, 'x': -100, 'y': -100, 'z': -100, 'mpry': '0,0,0', 'pitch': 0, 'roll': 0, 'yaw': -41, 'vgx': 0, 'vgy': 0, 'vgz': 0, 'templ': 75, 'temph': 79, 'tof': 10, 'h': 0, 'bat': 7, 'baro': 112.96, 'time': 0, 'agx': -10.0, 'agy': -13.0, 'agz': -999.0}
2022-11-22 00:01:43,461 | INFO | PERIODIC STATE VALUES: {'mid': -1, 'x': -100, 'y': -100, 'z': -100, 'mpry': '0,0,0', 'pitch': 0, 'roll': 0, 'yaw': -41, 'vgx': 0, 'vgy': 0, 'vgz': 0, 'templ': 75, 'temph': 79, 'tof': 10, 'h': 0, 'bat': 7, 'baro': 112.95, 'time': 0, 'agx': -11.0, 'agy': -13.0, 'agz': -997.0}
2022-11-22 00:01:43,970 | INFO | PERIODIC STATE VALUES: {'mid': -1, 'x': -100, 'y': -100, 'z': -100, 'mpry': '0,0,0', 'pitch': 0, 'roll': 0, 'yaw': -41, 'vgx': 0, 'vgy': 0, 'vgz': 0, 'templ': 75, 'temph': 79, 'tof': 10, 'h': 0, 'bat': 7, 'baro': 112.92, 'time': 0, 'agx': -9.0, 'agy': -14.0, 'agz': -999.0}
2022-11-22 00:01:44,486 | INFO | PERIODIC STATE VALUES: {'mid': -1, 'x': -100, 'y': -100, 'z': -100, 'mpry': '0,0,0', 'pitch': 0, 'roll': 0, 'yaw': -41, 'vgx': 0, 'vgy': 0, 'vgz': 0, 'templ': 75, 'temph': 79, 'tof': 10, 'h': 0, 'bat': 7, 'baro': 112.96, 'time': 0, 'agx': -11.0, 'agy': 10.0, 'agz': -999.0}
2022-11-22 00:01:44,990 | INFO | PERIODIC STATE VALUES: {'mid': -1, 'x': -100, 'y': -100, 'z': -100, 'mpry': '0,0,0', 'pitch': 0, 'roll': 0, 'yaw': -41, 'vgx': 0, 'vgy': 0, 'vgz': 0, 'templ': 76, 'temph': 79, 'tof': 10, 'h': 0, 'bat': 7, 'baro': 112.94, 'time': 0, 'agx': -12.0, 'agy': -10.0, 'agz': -996.0}
2022-11-22 00:01:45,503 | INFO | PERIODIC STATE VALUES: {'mid': -1, 'x': -100, 'y': -100, 'z': -100, 'mpry': '0,0,0', 'pitch': 0, 'roll': 0, 'yaw': -41, 'vgx': 0, 'vgy': 0, 'vgz': 0, 'templ': 76, 'temph': 79, 'tof': 10, 'h': 0, 'bat': 7, 'baro': 112.98, 'time': 0, 'agx': -14.0, 'agy': -12.0, 'agz': -988.0}
2022-11-22 00:01:46,016 | INFO | PERIODIC STATE VALUES: {'mid': -1, 'x': -100, 'y': -100, 'z': -100, 'mpry': '0,0,0', 'pitch': 0, 'roll': 0, 'yaw': -41, 'vgx': 0, 'vgy': 0, 'vgz': 0, 'templ': 75, 'temph': 78, 'tof': 10, 'h': 0, 'bat': 7, 'baro': 112.96, 'time': 0, 'agx': -13.0, 'agy': -5.0, 'agz': -994.0}
2022-11-22 00:01:46,526 | INFO | PERIODIC STATE VALUES: {'mid': -1, 'x': -100, 'y': -100, 'z': -100, 'mpry': '0,0,0', 'pitch': 0, 'roll': 0, 'yaw': -41, 'vgx': 0, 'vgy': 0, 'vgz': 0, 'templ': 75, 'temph': 78, 'tof': 10, 'h': 0, 'bat': 7, 'baro': 112.94, 'time': 0, 'agx': -10.0, 'agy': -21.0, 'agz': -1002.0}
2022-11-22 00:01:47,028 | INFO | PERIODIC STATE VALUES: {'mid': -1, 'x': -100, 'y': -100, 'z': -100, 'mpry': '0,0,0', 'pitch': 0, 'roll': 0, 'yaw': -41, 'vgx': 0, 'vgy': 0, 'vgz': 0, 'templ': 75, 'temph': 78, 'tof': 10, 'h': 0, 'bat': 7, 'baro': 112.99, 'time': 0, 'agx': -15.0, 'agy': -19.0, 'agz': -1002.0}
2022-11-22 00:01:47,185 | INFO | Send command: 'land'
2022-11-22 00:01:47,185 | INFO | Response land: 'error'
2022-11-22 00:01:47,185 | INFO | Send command: 'land'
2022-11-22 00:01:47,206 | INFO | Response land: 'error'
2022-11-22 00:01:47,206 | INFO | Send command: 'land'
2022-11-22 00:01:47,207 | INFO | Response land: 'error'
