2022-12-03 15:34:35,508 | INFO | Tello instance was initialized. Host: '192.168.10.1'. Port: '8889'.
2022-12-03 15:34:35,509 | INFO | Trying to connect to the drone now!
2022-12-03 15:34:35,514 | INFO | Send command: 'command'
2022-12-03 15:34:35,623 | INFO | Response command: 'ok'
2022-12-03 15:34:37,282 | INFO | Send command: 'mon'
2022-12-03 15:34:37,384 | INFO | Response mon: 'ok'
2022-12-03 15:34:37,401 | INFO | Send command: 'mdirection 0'
2022-12-03 15:34:37,509 | INFO | Response mdirection 0: 'ok'
2022-12-03 15:34:37,525 | INFO | Send command: 'motoron'
2022-12-03 15:34:37,634 | INFO | Response motoron: 'ok'
2022-12-03 15:34:37,650 | INFO | Send command: 'takeoff'
2022-12-03 15:34:46,542 | INFO | Response takeoff: 'ok'
2022-12-03 15:34:46,619 | INFO | Send command: 'land'
2022-12-03 15:34:50,039 | INFO | Response land: 'ok'
2022-12-03 15:34:55,580 | INFO | Send command: 'mon'
2022-12-03 15:34:55,685 | INFO | Response mon: 'ok'
2022-12-03 15:34:55,700 | INFO | Send command: 'mdirection 0'
2022-12-03 15:34:55,808 | INFO | Response mdirection 0: 'ok'
2022-12-03 15:34:55,824 | INFO | Send command: 'motoron'
2022-12-03 15:34:55,932 | INFO | Response motoron: 'ok'
2022-12-03 15:34:55,932 | INFO | Send command: 'takeoff'
2022-12-03 15:35:04,746 | INFO | Response takeoff: 'ok'
2022-12-03 15:35:07,687 | INFO | Send command (no response expected): 'emergency'
