2022-12-03 16:27:59,171 | INFO | Tello instance was initialized. Host: '192.168.10.1'. Port: '8889'.
2022-12-03 16:27:59,171 | INFO | Trying to connect to the drone now!
2022-12-03 16:27:59,189 | INFO | Send command: 'command'
2022-12-03 16:27:59,301 | INFO | Response command: 'ok'
2022-12-03 16:28:02,179 | INFO | Send command: 'mon'
2022-12-03 16:28:02,294 | INFO | Response mon: 'ok'
2022-12-03 16:28:02,309 | INFO | Send command: 'mdirection 0'
2022-12-03 16:28:02,419 | INFO | Response mdirection 0: 'ok'
2022-12-03 16:28:02,434 | INFO | Send command: 'motoron'
2022-12-03 16:28:02,542 | INFO | Response motoron: 'ok'
2022-12-03 16:28:02,557 | INFO | Send command: 'takeoff'
2022-12-03 16:28:07,727 | INFO | Send command: 'forward 20'
2022-12-03 16:28:08,274 | INFO | Response forward 20: 'error Not joystick'
2022-12-03 16:28:08,289 | INFO | Send command: 'forward 20'
2022-12-03 16:28:08,920 | INFO | Response takeoff: 'error Not joystick'
2022-12-03 16:28:08,936 | INFO | Send command: 'takeoff'
2022-12-03 16:28:08,952 | INFO | Response forward 20: 'error'
2022-12-03 16:28:08,968 | INFO | Send command: 'forward 20'
2022-12-03 16:28:09,516 | INFO | Response forward 20: 'error Not joystick'
2022-12-03 16:28:11,233 | INFO | Response takeoff: 'ok'
2022-12-03 16:28:14,900 | INFO | Send command: 'back 20'
2022-12-03 16:28:17,193 | INFO | Response back 20: 'ok'
2022-12-03 16:28:18,824 | INFO | Send command: 'forward 20'
2022-12-03 16:28:21,148 | INFO | Response forward 20: 'ok'
2022-12-03 16:28:21,648 | INFO | Send command: 'forward 20'
2022-12-03 16:28:23,845 | INFO | Response forward 20: 'ok'
2022-12-03 16:28:24,811 | INFO | Send command: 'down 20'
2022-12-03 16:28:26,897 | INFO | Response down 20: 'ok'
2022-12-03 16:28:32,244 | INFO | Send command: 'right 20'
2022-12-03 16:28:33,999 | INFO | Response right 20: 'ok'
2022-12-03 16:28:34,312 | INFO | Send command: 'right 20'
2022-12-03 16:28:35,954 | INFO | Response right 20: 'ok'
2022-12-03 16:28:37,156 | INFO | Send command: 'down 20'
2022-12-03 16:28:39,346 | INFO | Response down 20: 'ok'
2022-12-03 16:28:39,972 | INFO | Send command: 'back 20'
2022-12-03 16:28:41,352 | INFO | Send command: 'back 20'
2022-12-03 16:28:41,832 | INFO | Response back 20: 'ok'
2022-12-03 16:28:43,650 | INFO | Send command (no response expected): 'emergency'
2022-12-03 16:28:48,373 | WARNING | Aborting command 'back 20'. Did not receive a response after 7 seconds
2022-12-03 16:28:48,374 | INFO | Send command: 'back 20'
2022-12-03 16:28:55,430 | WARNING | Aborting command 'back 20'. Did not receive a response after 7 seconds
2022-12-03 16:28:55,431 | INFO | Send command: 'back 20'
2022-12-03 16:29:02,483 | WARNING | Aborting command 'back 20'. Did not receive a response after 7 seconds
