2022-12-03 15:38:58,705 | INFO | Tello instance was initialized. Host: '192.168.10.1'. Port: '8889'.
2022-12-03 15:38:58,706 | INFO | Trying to connect to the drone now!
2022-12-03 15:38:58,719 | INFO | Send command: 'command'
2022-12-03 15:38:58,829 | INFO | Response command: 'ok'
2022-12-03 15:39:00,760 | INFO | Send command: 'mon'
2022-12-03 15:39:00,869 | INFO | Response mon: 'ok'
2022-12-03 15:39:00,869 | INFO | Send command: 'mdirection 0'
2022-12-03 15:39:00,980 | INFO | Response mdirection 0: 'ok'
2022-12-03 15:39:00,996 | INFO | Send command: 'motoron'
2022-12-03 15:39:01,104 | INFO | Response motoron: 'ok'
2022-12-03 15:39:01,120 | INFO | Send command: 'takeoff'
2022-12-03 15:39:07,146 | INFO | Response takeoff: 'ok'
2022-12-03 15:39:07,226 | INFO | Send command: 'up 20'
2022-12-03 15:39:09,206 | INFO | Response up 20: 'ok'
2022-12-03 15:39:10,911 | INFO | Send command: 'up 20'
2022-12-03 15:39:12,784 | INFO | Response up 20: 'ok'
2022-12-03 15:39:14,822 | INFO | Send command: 'up 20'
2022-12-03 15:39:16,366 | INFO | Response up 20: 'ok'
2022-12-03 15:39:19,967 | INFO | Send command: 'land'
2022-12-03 15:39:24,471 | INFO | Response land: 'ok'
