2022-11-29 12:07:20,018 | INFO | Tello instance was initialized. Host: '192.168.10.1'. Port: '8889'.
2022-11-29 12:07:20,019 | INFO | Trying to connect to the drone now!
2022-11-29 12:07:20,023 | INFO | Send command: 'command'
2022-11-29 12:07:20,134 | INFO | Response command: 'ok'
2022-11-29 12:07:20,137 | INFO | Connected to the drone successfully.
2022-11-29 12:07:20,150 | INFO | Send command: 'mon'
2022-11-29 12:07:20,151 | INFO | Send command: 'streamon'
2022-11-29 12:07:20,259 | INFO | Response streamon: 'ok'
2022-11-29 12:07:20,260 | INFO | Response mon: 'ok'
2022-11-29 12:07:20,274 | INFO | Send command: 'downvision 1'
2022-11-29 12:07:20,275 | INFO | Send command: 'mdirection 0'
2022-11-29 12:07:20,385 | INFO | Response mdirection 0: 'ok'
2022-11-29 12:07:20,385 | INFO | Response downvision 1: 'ok'
2022-11-29 12:07:20,385 | INFO | Send command: 'motoron'
2022-11-29 12:07:20,401 | INFO | Send command: 'setfps high'
2022-11-29 12:07:20,495 | INFO | Response motoron: 'ok'
2022-11-29 12:07:20,495 | INFO | data goes here
2022-11-29 12:07:20,511 | INFO | Response setfps high: 'ok'
2022-11-29 12:07:20,511 | INFO | Send command: 'attitude?'
2022-11-29 12:07:20,621 | INFO | Response attitude?: 'pitch:0;roll:0;yaw:-9;'
2022-11-29 12:07:20,622 | INFO | ATTITUDE: {'pitch': 0, 'roll': 0, 'yaw': -9}
2022-11-29 12:07:20,636 | INFO | Send command: 'baro?'
2022-11-29 12:07:20,652 | INFO | PERIODIC STATE VALUES: {'mid': -1, 'x': -100, 'y': -100, 'z': -100, 'mpry': '0,0,0', 'pitch': 0, 'roll': 0, 'yaw': -9, 'vgx': 0, 'vgy': 0, 'vgz': 0, 'templ': 96, 'temph': 99, 'tof': 10, 'h': 0, 'bat': 87, 'baro': 100.47, 'time': 30, 'agx': -4.0, 'agy': -10.0, 'agz': -1000.0}
2022-11-29 12:07:20,749 | INFO | Response baro?: '100.476830'
2022-11-29 12:07:20,750 | INFO | BAROMETER: 10047.683
2022-11-29 12:07:20,764 | INFO | Send command: 'battery?'
2022-11-29 12:07:20,872 | INFO | Response battery?: '87'
2022-11-29 12:07:20,873 | INFO | BATTERY: 87
2022-11-29 12:07:20,888 | INFO | Send command: 'tof?'
2022-11-29 12:07:20,998 | INFO | Response tof?: '100mm'
2022-11-29 12:07:20,998 | INFO | TOF_DISTANCE: 10.0 
2022-11-29 12:07:21,015 | INFO | Send command: 'wifi?'
2022-11-29 12:07:21,124 | INFO | Response wifi?: '90'
2022-11-29 12:07:21,124 | INFO | WIFI_SIGNAL_NOISE RATIO: 90
2022-11-29 12:07:21,140 | INFO | Send command: 'sdk?'
2022-11-29 12:07:21,156 | INFO | PERIODIC STATE VALUES: {'mid': -1, 'x': -100, 'y': -100, 'z': -100, 'mpry': '0,0,0', 'pitch': 0, 'roll': 0, 'yaw': -9, 'vgx': 0, 'vgy': 0, 'vgz': 0, 'templ': 96, 'temph': 99, 'tof': 10, 'h': 0, 'bat': 87, 'baro': 100.39, 'time': 30, 'agx': -4.0, 'agy': -14.0, 'agz': -1004.0}
2022-11-29 12:07:21,250 | INFO | Response sdk?: '30'
2022-11-29 12:07:21,250 | INFO | SDK VERSION: 30
2022-11-29 12:07:21,265 | INFO | Send command: 'sn?'
2022-11-29 12:07:21,375 | INFO | Response sn?: '0TQZK7JCNT2468'
2022-11-29 12:07:21,376 | INFO | SERIAL NUMBER: 0TQZK7JCNT2468
2022-11-29 12:07:21,391 | INFO | Send command: 'takeoff'
2022-11-29 12:07:21,658 | INFO | PERIODIC STATE VALUES: {'mid': -1, 'x': -100, 'y': -100, 'z': -100, 'mpry': '0,0,0', 'pitch': 0, 'roll': 0, 'yaw': -9, 'vgx': 0, 'vgy': 0, 'vgz': 0, 'templ': 96, 'temph': 99, 'tof': 10, 'h': 0, 'bat': 87, 'baro': 100.36, 'time': 30, 'agx': -8.0, 'agy': -15.0, 'agz': -1002.0}
2022-11-29 12:07:22,162 | INFO | PERIODIC STATE VALUES: {'mid': -1, 'x': -100, 'y': -100, 'z': -100, 'mpry': '0,0,0', 'pitch': 0, 'roll': 1, 'yaw': -9, 'vgx': 0, 'vgy': 0, 'vgz': 2, 'templ': 97, 'temph': 98, 'tof': 10, 'h': 0, 'bat': 87, 'baro': 100.36, 'time': 31, 'agx': 3.0, 'agy': -31.0, 'agz': -1236.0}
2022-11-29 12:07:22,667 | INFO | PERIODIC STATE VALUES: {'mid': -1, 'x': -100, 'y': -100, 'z': -100, 'mpry': '0,0,0', 'pitch': 0, 'roll': 0, 'yaw': -9, 'vgx': 0, 'vgy': 0, 'vgz': 6, 'templ': 97, 'temph': 98, 'tof': 44, 'h': 40, 'bat': 87, 'baro': 101.14, 'time': 31, 'agx': -2.0, 'agy': -15.0, 'agz': -908.0}
2022-11-29 12:07:23,168 | INFO | PERIODIC STATE VALUES: {'mid': 4, 'x': 2, 'y': -1, 'z': 43, 'mpry': '1,-172,-178', 'pitch': 0, 'roll': 1, 'yaw': -9, 'vgx': 0, 'vgy': 0, 'vgz': 2, 'templ': 96, 'temph': 99, 'tof': 69, 'h': 60, 'bat': 87, 'baro': 101.4, 'time': 32, 'agx': 2.0, 'agy': -19.0, 'agz': -909.0}
2022-11-29 12:07:23,672 | INFO | PERIODIC STATE VALUES: {'mid': 4, 'x': 4, 'y': -4, 'z': 66, 'mpry': '2,-172,-178', 'pitch': 0, 'roll': 1, 'yaw': -9, 'vgx': 0, 'vgy': 0, 'vgz': 0, 'templ': 96, 'temph': 99, 'tof': 76, 'h': 60, 'bat': 87, 'baro': 101.41, 'time': 32, 'agx': -22.0, 'agy': -6.0, 'agz': -999.0}
2022-11-29 12:07:24,180 | INFO | PERIODIC STATE VALUES: {'mid': 4, 'x': 8, 'y': -8, 'z': 74, 'mpry': '1,-173,-178', 'pitch': 0, 'roll': 1, 'yaw': -9, 'vgx': 0, 'vgy': 0, 'vgz': 0, 'templ': 96, 'temph': 99, 'tof': 80, 'h': 70, 'bat': 87, 'baro': 101.54, 'time': 33, 'agx': 1.0, 'agy': -28.0, 'agz': -987.0}
2022-11-29 12:07:24,681 | INFO | PERIODIC STATE VALUES: {'mid': 4, 'x': 9, 'y': -10, 'z': 77, 'mpry': '0,-173,-178', 'pitch': 0, 'roll': 0, 'yaw': -9, 'vgx': 0, 'vgy': 0, 'vgz': 0, 'templ': 96, 'temph': 99, 'tof': 81, 'h': 70, 'bat': 87, 'baro': 101.53, 'time': 33, 'agx': -13.0, 'agy': -10.0, 'agz': -987.0}
2022-11-29 12:07:25,183 | INFO | PERIODIC STATE VALUES: {'mid': 4, 'x': 8, 'y': -10, 'z': 80, 'mpry': '0,-173,-178', 'pitch': 0, 'roll': 0, 'yaw': -9, 'vgx': 0, 'vgy': 0, 'vgz': 0, 'templ': 96, 'temph': 98, 'tof': 81, 'h': 70, 'bat': 87, 'baro': 101.55, 'time': 34, 'agx': 10.0, 'agy': -19.0, 'agz': -997.0}
2022-11-29 12:07:25,468 | INFO | Response takeoff: 'ok'
2022-11-29 12:07:25,689 | INFO | PERIODIC STATE VALUES: {'mid': 4, 'x': 7, 'y': -9, 'z': 81, 'mpry': '0,-173,-178', 'pitch': 0, 'roll': 1, 'yaw': -9, 'vgx': 0, 'vgy': 0, 'vgz': 0, 'templ': 96, 'temph': 98, 'tof': 80, 'h': 70, 'bat': 87, 'baro': 101.62, 'time': 34, 'agx': -12.0, 'agy': -10.0, 'agz': -999.0}
2022-11-29 12:07:26,194 | INFO | PERIODIC STATE VALUES: {'mid': 4, 'x': 1, 'y': -9, 'z': 80, 'mpry': '2,-172,-175', 'pitch': 0, 'roll': 1, 'yaw': -9, 'vgx': 0, 'vgy': 0, 'vgz': 0, 'templ': 95, 'temph': 97, 'tof': 80, 'h': 70, 'bat': 87, 'baro': 101.57, 'time': 35, 'agx': 9.0, 'agy': -17.0, 'agz': -980.0}
2022-11-29 12:07:26,703 | INFO | PERIODIC STATE VALUES: {'mid': 4, 'x': 6, 'y': -11, 'z': 79, 'mpry': '0,-173,-177', 'pitch': 0, 'roll': 1, 'yaw': -9, 'vgx': 0, 'vgy': 0, 'vgz': 0, 'templ': 95, 'temph': 97, 'tof': 80, 'h': 70, 'bat': 87, 'baro': 101.54, 'time': 35, 'agx': -17.0, 'agy': -10.0, 'agz': -1005.0}
2022-11-29 12:07:27,209 | INFO | PERIODIC STATE VALUES: {'mid': 4, 'x': 6, 'y': -13, 'z': 79, 'mpry': '0,-173,-176', 'pitch': 0, 'roll': 1, 'yaw': -9, 'vgx': 0, 'vgy': 0, 'vgz': 0, 'templ': 94, 'temph': 97, 'tof': 80, 'h': 70, 'bat': 87, 'baro': 101.57, 'time': 36, 'agx': -8.0, 'agy': -5.0, 'agz': -1003.0}
2022-11-29 12:07:27,725 | INFO | PERIODIC STATE VALUES: {'mid': 4, 'x': 5, 'y': -14, 'z': 80, 'mpry': '0,-172,-176', 'pitch': 0, 'roll': 1, 'yaw': -9, 'vgx': 0, 'vgy': 0, 'vgz': 0, 'templ': 94, 'temph': 97, 'tof': 81, 'h': 70, 'bat': 87, 'baro': 101.5, 'time': 36, 'agx': 3.0, 'agy': -11.0, 'agz': -1002.0}
2022-11-29 12:07:28,241 | INFO | PERIODIC STATE VALUES: {'mid': 4, 'x': 9, 'y': -17, 'z': 79, 'mpry': '-1,-173,-178', 'pitch': 0, 'roll': 1, 'yaw': -9, 'vgx': 0, 'vgy': 0, 'vgz': 0, 'templ': 94, 'temph': 96, 'tof': 82, 'h': 70, 'bat': 87, 'baro': 101.51, 'time': 37, 'agx': 6.0, 'agy': -18.0, 'agz': -992.0}
2022-11-29 12:07:28,743 | INFO | PERIODIC STATE VALUES: {'mid': 4, 'x': 9, 'y': -19, 'z': 81, 'mpry': '0,-173,-178', 'pitch': 0, 'roll': 1, 'yaw': -9, 'vgx': 0, 'vgy': 0, 'vgz': 0, 'templ': 94, 'temph': 96, 'tof': 82, 'h': 70, 'bat': 87, 'baro': 101.56, 'time': 37, 'agx': 0.0, 'agy': -17.0, 'agz': -994.0}
2022-11-29 12:07:29,258 | INFO | PERIODIC STATE VALUES: {'mid': 4, 'x': 14, 'y': -22, 'z': 80, 'mpry': '-1,-173,180', 'pitch': 0, 'roll': 2, 'yaw': -9, 'vgx': 0, 'vgy': 0, 'vgz': 0, 'templ': 93, 'temph': 96, 'tof': 81, 'h': 70, 'bat': 87, 'baro': 101.63, 'time': 38, 'agx': 13.0, 'agy': -19.0, 'agz': -998.0}
2022-11-29 12:07:29,762 | INFO | PERIODIC STATE VALUES: {'mid': 4, 'x': 14, 'y': -26, 'z': 78, 'mpry': '-2,-173,179', 'pitch': 0, 'roll': 1, 'yaw': -9, 'vgx': 0, 'vgy': 0, 'vgz': 0, 'templ': 93, 'temph': 96, 'tof': 81, 'h': 70, 'bat': 87, 'baro': 101.6, 'time': 38, 'agx': -4.0, 'agy': 7.0, 'agz': -1001.0}
2022-11-29 12:07:30,264 | INFO | PERIODIC STATE VALUES: {'mid': 4, 'x': 16, 'y': -25, 'z': 79, 'mpry': '-3,-173,179', 'pitch': 0, 'roll': 1, 'yaw': -9, 'vgx': 0, 'vgy': 0, 'vgz': 0, 'templ': 93, 'temph': 96, 'tof': 82, 'h': 70, 'bat': 87, 'baro': 101.61, 'time': 39, 'agx': 3.0, 'agy': 0.0, 'agz': -992.0}
2022-11-29 12:07:30,484 | INFO | Send command: 'land'
2022-11-29 12:07:30,767 | INFO | PERIODIC STATE VALUES: {'mid': 4, 'x': 18, 'y': -26, 'z': 78, 'mpry': '-3,-173,178', 'pitch': 0, 'roll': 2, 'yaw': -9, 'vgx': 0, 'vgy': 0, 'vgz': 0, 'templ': 93, 'temph': 96, 'tof': 82, 'h': 70, 'bat': 87, 'baro': 101.57, 'time': 39, 'agx': 18.0, 'agy': -17.0, 'agz': -988.0}
2022-11-29 12:07:31,269 | INFO | PERIODIC STATE VALUES: {'mid': 4, 'x': 14, 'y': -27, 'z': 80, 'mpry': '-1,-173,180', 'pitch': 0, 'roll': 2, 'yaw': -9, 'vgx': 0, 'vgy': 0, 'vgz': -1, 'templ': 92, 'temph': 95, 'tof': 81, 'h': 70, 'bat': 87, 'baro': 101.59, 'time': 40, 'agx': -1.0, 'agy': -23.0, 'agz': -934.0}
2022-11-29 12:07:31,770 | INFO | PERIODIC STATE VALUES: {'mid': 4, 'x': 25, 'y': -26, 'z': 77, 'mpry': '-6,-172,-177', 'pitch': 0, 'roll': 1, 'yaw': -9, 'vgx': 0, 'vgy': 0, 'vgz': -4, 'templ': 92, 'temph': 95, 'tof': 49, 'h': 50, 'bat': 87, 'baro': 101.44, 'time': 40, 'agx': 15.0, 'agy': -29.0, 'agz': -966.0}
2022-11-29 12:07:32,272 | INFO | PERIODIC STATE VALUES: {'mid': 4, 'x': 25, 'y': -26, 'z': 77, 'mpry': '-6,-172,-177', 'pitch': 0, 'roll': 1, 'yaw': -9, 'vgx': 0, 'vgy': 0, 'vgz': -4, 'templ': 92, 'temph': 94, 'tof': 43, 'h': 30, 'bat': 87, 'baro': 101.35, 'time': 41, 'agx': -1.0, 'agy': 2.0, 'agz': -996.0}
2022-11-29 12:07:32,775 | INFO | PERIODIC STATE VALUES: {'mid': 4, 'x': 25, 'y': -26, 'z': 77, 'mpry': '-6,-172,-177', 'pitch': 0, 'roll': 0, 'yaw': -9, 'vgx': 0, 'vgy': 0, 'vgz': -4, 'templ': 92, 'temph': 94, 'tof': 19, 'h': 10, 'bat': 87, 'baro': 101.01, 'time': 41, 'agx': 1.0, 'agy': 0.0, 'agz': -999.0}
2022-11-29 12:07:33,279 | INFO | PERIODIC STATE VALUES: {'mid': 4, 'x': 25, 'y': -26, 'z': 77, 'mpry': '-6,-172,-177', 'pitch': -10, 'roll': 10, 'yaw': -37, 'vgx': -4, 'vgy': 0, 'vgz': -2, 'templ': 91, 'temph': 94, 'tof': 10, 'h': -10, 'bat': 87, 'baro': 99.27, 'time': 42, 'agx': -14.0, 'agy': 25.0, 'agz': -1102.0}
2022-11-29 12:07:33,782 | INFO | PERIODIC STATE VALUES: {'mid': 4, 'x': 25, 'y': -26, 'z': 77, 'mpry': '-6,-172,-177', 'pitch': -7, 'roll': -12, 'yaw': -143, 'vgx': -5, 'vgy': -6, 'vgz': -3, 'templ': 91, 'temph': 94, 'tof': 61, 'h': -20, 'bat': 87, 'baro': 99.05, 'time': 42, 'agx': -5.0, 'agy': -34.0, 'agz': -934.0}
2022-11-29 12:07:34,298 | INFO | PERIODIC STATE VALUES: {'mid': 4, 'x': 25, 'y': -26, 'z': 77, 'mpry': '-6,-172,-177', 'pitch': -4, 'roll': -1, 'yaw': -126, 'vgx': -5, 'vgy': -9, 'vgz': 0, 'templ': 90, 'temph': 93, 'tof': 10, 'h': -30, 'bat': 87, 'baro': 100.1, 'time': 43, 'agx': -192.0, 'agy': 86.0, 'agz': -833.0}
2022-11-29 12:07:34,799 | INFO | PERIODIC STATE VALUES: {'mid': 4, 'x': 25, 'y': -26, 'z': 77, 'mpry': '-6,-172,-177', 'pitch': -3, 'roll': -1, 'yaw': -124, 'vgx': -5, 'vgy': -10, 'vgz': -2, 'templ': 90, 'temph': 93, 'tof': 10, 'h': -30, 'bat': 87, 'baro': 100.2, 'time': 43, 'agx': -68.0, 'agy': -71.0, 'agz': -1125.0}
2022-11-29 12:07:35,304 | INFO | PERIODIC STATE VALUES: {'mid': 4, 'x': 25, 'y': -26, 'z': 77, 'mpry': '-6,-172,-177', 'pitch': -5, 'roll': -1, 'yaw': -117, 'vgx': -8, 'vgy': -12, 'vgz': 0, 'templ': 90, 'temph': 93, 'tof': 10, 'h': -30, 'bat': 87, 'baro': 100.26, 'time': 44, 'agx': -153.0, 'agy': 23.0, 'agz': -983.0}
2022-11-29 12:07:35,319 | INFO | Response land: 'ok'
2022-11-29 12:07:35,335 | INFO | Send command: 'motoron'
2022-11-29 12:07:35,446 | INFO | Response motoron: 'ok'
2022-11-29 12:07:35,809 | INFO | PERIODIC STATE VALUES: {'mid': 4, 'x': 25, 'y': -26, 'z': 77, 'mpry': '-6,-172,-177', 'pitch': -7, 'roll': 0, 'yaw': -114, 'vgx': 0, 'vgy': 0, 'vgz': 3, 'templ': 90, 'temph': 93, 'tof': 10, 'h': 0, 'bat': 87, 'baro': 100.55, 'time': 44, 'agx': -189.0, 'agy': -20.0, 'agz': -986.0}
2022-11-29 12:07:36,323 | INFO | PERIODIC STATE VALUES: {'mid': 4, 'x': 25, 'y': -26, 'z': 77, 'mpry': '-6,-172,-177', 'pitch': -14, 'roll': 3, 'yaw': -113, 'vgx': 0, 'vgy': 0, 'vgz': 3, 'templ': 90, 'temph': 93, 'tof': 10, 'h': 0, 'bat': 87, 'baro': 100.67, 'time': 44, 'agx': -224.0, 'agy': -36.0, 'agz': -976.0}
2022-11-29 12:07:36,825 | INFO | PERIODIC STATE VALUES: {'mid': -1, 'x': -100, 'y': -100, 'z': -100, 'mpry': '0,0,0', 'pitch': -15, 'roll': 4, 'yaw': -118, 'vgx': 0, 'vgy': 0, 'vgz': 1, 'templ': 90, 'temph': 93, 'tof': 10, 'h': 0, 'bat': 87, 'baro': 100.73, 'time': 44, 'agx': -311.0, 'agy': -94.0, 'agz': -942.0}
2022-11-29 12:07:37,340 | INFO | PERIODIC STATE VALUES: {'mid': -1, 'x': -100, 'y': -100, 'z': -100, 'mpry': '0,0,0', 'pitch': -14, 'roll': 1, 'yaw': -123, 'vgx': 0, 'vgy': 0, 'vgz': 0, 'templ': 90, 'temph': 93, 'tof': 10, 'h': 0, 'bat': 87, 'baro': 100.68, 'time': 44, 'agx': -220.0, 'agy': 48.0, 'agz': -1099.0}
2022-11-29 12:07:37,857 | INFO | PERIODIC STATE VALUES: {'mid': -1, 'x': -100, 'y': -100, 'z': -100, 'mpry': '0,0,0', 'pitch': -14, 'roll': 1, 'yaw': -126, 'vgx': 0, 'vgy': 0, 'vgz': 0, 'templ': 90, 'temph': 93, 'tof': 10, 'h': 0, 'bat': 87, 'baro': 100.63, 'time': 44, 'agx': -316.0, 'agy': -48.0, 'agz': -873.0}
2022-11-29 12:07:38,376 | INFO | PERIODIC STATE VALUES: {'mid': -1, 'x': -100, 'y': -100, 'z': -100, 'mpry': '0,0,0', 'pitch': -8, 'roll': -2, 'yaw': -124, 'vgx': 0, 'vgy': 0, 'vgz': 1, 'templ': 90, 'temph': 92, 'tof': 10, 'h': 0, 'bat': 87, 'baro': 100.67, 'time': 44, 'agx': -239.0, 'agy': 63.0, 'agz': -776.0}
2022-11-29 12:07:38,893 | INFO | PERIODIC STATE VALUES: {'mid': -1, 'x': -100, 'y': -100, 'z': -100, 'mpry': '0,0,0', 'pitch': 1, 'roll': -23, 'yaw': -110, 'vgx': 0, 'vgy': 0, 'vgz': -3, 'templ': 90, 'temph': 92, 'tof': 10, 'h': 0, 'bat': 87, 'baro': 100.48, 'time': 44, 'agx': -160.0, 'agy': 143.0, 'agz': -1057.0}
2022-11-29 12:07:39,396 | INFO | PERIODIC STATE VALUES: {'mid': -1, 'x': -100, 'y': -100, 'z': -100, 'mpry': '0,0,0', 'pitch': 0, 'roll': 2, 'yaw': -104, 'vgx': 0, 'vgy': 0, 'vgz': 2, 'templ': 90, 'temph': 93, 'tof': 10, 'h': 0, 'bat': 87, 'baro': 100.43, 'time': 44, 'agx': -54.0, 'agy': -70.0, 'agz': -982.0}
2022-11-29 12:07:39,900 | INFO | PERIODIC STATE VALUES: {'mid': -1, 'x': -100, 'y': -100, 'z': -100, 'mpry': '0,0,0', 'pitch': 0, 'roll': 2, 'yaw': -104, 'vgx': 0, 'vgy': 0, 'vgz': 1, 'templ': 90, 'temph': 93, 'tof': 10, 'h': 0, 'bat': 87, 'baro': 100.4, 'time': 44, 'agx': -1.0, 'agy': -12.0, 'agz': -1003.0}
2022-11-29 12:07:40,403 | INFO | PERIODIC STATE VALUES: {'mid': -1, 'x': -100, 'y': -100, 'z': -100, 'mpry': '0,0,0', 'pitch': 0, 'roll': 2, 'yaw': -104, 'vgx': 0, 'vgy': 0, 'vgz': 0, 'templ': 90, 'temph': 92, 'tof': 10, 'h': 0, 'bat': 87, 'baro': 100.47, 'time': 44, 'agx': -7.0, 'agy': -3.0, 'agz': -1002.0}
2022-11-29 12:07:40,451 | INFO | Send command: 'motoroff'
2022-11-29 12:07:40,560 | INFO | Response motoroff: 'ok'
2022-11-29 12:07:40,576 | INFO | Send command: 'streamoff'
2022-11-29 12:07:40,685 | INFO | Response streamoff: 'ok'
2022-11-29 12:07:40,686 | INFO | EXECUTION TIME: --- 20.300474882125854 seconds ---
