2022-11-29 12:08:20,151 | INFO | Tello instance was initialized. Host: '192.168.10.1'. Port: '8889'.
2022-11-29 12:08:20,152 | INFO | Trying to connect to the drone now!
2022-11-29 12:08:20,162 | INFO | Send command: 'command'
2022-11-29 12:08:20,273 | INFO | Response command: 'ok'
2022-11-29 12:08:20,274 | INFO | Connected to the drone successfully.
2022-11-29 12:08:20,287 | INFO | Send command: 'mon'
2022-11-29 12:08:20,290 | INFO | Send command: 'streamon'
2022-11-29 12:08:20,398 | INFO | Response mon: 'ok'
2022-11-29 12:08:20,398 | INFO | Response streamon: 'ok'
2022-11-29 12:08:20,398 | INFO | Send command: 'mdirection 0'
2022-11-29 12:08:20,413 | INFO | Send command: 'downvision 1'
2022-11-29 12:08:20,506 | INFO | Response mdirection 0: 'ok'
2022-11-29 12:08:20,521 | INFO | Send command: 'motoron'
2022-11-29 12:08:20,521 | INFO | Response downvision 1: 'ok'
2022-11-29 12:08:20,537 | INFO | Send command: 'setfps high'
2022-11-29 12:08:20,631 | INFO | Response motoron: 'ok'
2022-11-29 12:08:20,632 | INFO | data goes here
2022-11-29 12:08:20,647 | INFO | Response setfps high: 'ok'
2022-11-29 12:08:20,647 | INFO | Send command: 'attitude?'
2022-11-29 12:08:20,758 | INFO | Response attitude?: 'pitch:0;roll:0;yaw:-103;'
2022-11-29 12:08:20,758 | INFO | ATTITUDE: {'pitch': 0, 'roll': 0, 'yaw': -103}
2022-11-29 12:08:20,774 | INFO | Send command: 'baro?'
2022-11-29 12:08:20,789 | INFO | PERIODIC STATE VALUES: {'mid': -1, 'x': -100, 'y': -100, 'z': -100, 'mpry': '0,0,0', 'pitch': 0, 'roll': 0, 'yaw': -103, 'vgx': 0, 'vgy': 0, 'vgz': 0, 'templ': 85, 'temph': 87, 'tof': 10, 'h': 0, 'bat': 86, 'baro': 100.86, 'time': 44, 'agx': -8.0, 'agy': -17.0, 'agz': -998.0}
2022-11-29 12:08:20,883 | INFO | Response baro?: '100.864761'
2022-11-29 12:08:20,883 | INFO | BAROMETER: 10086.4761
2022-11-29 12:08:20,899 | INFO | Send command: 'battery?'
2022-11-29 12:08:21,011 | INFO | Response battery?: '86'
2022-11-29 12:08:21,011 | INFO | BATTERY: 86
2022-11-29 12:08:21,011 | INFO | Send command: 'tof?'
2022-11-29 12:08:21,123 | INFO | Response tof?: '100mm'
2022-11-29 12:08:21,123 | INFO | TOF_DISTANCE: 10.0 
2022-11-29 12:08:21,138 | INFO | Send command: 'wifi?'
2022-11-29 12:08:21,248 | INFO | Response wifi?: '90'
2022-11-29 12:08:21,249 | INFO | WIFI_SIGNAL_NOISE RATIO: 90
2022-11-29 12:08:21,264 | INFO | Send command: 'sdk?'
2022-11-29 12:08:21,295 | INFO | PERIODIC STATE VALUES: {'mid': -1, 'x': -100, 'y': -100, 'z': -100, 'mpry': '0,0,0', 'pitch': 0, 'roll': 0, 'yaw': -103, 'vgx': 0, 'vgy': 0, 'vgz': 0, 'templ': 87, 'temph': 90, 'tof': 10, 'h': 0, 'bat': 86, 'baro': 100.74, 'time': 44, 'agx': -13.0, 'agy': -12.0, 'agz': -1005.0}
2022-11-29 12:08:21,374 | INFO | Response sdk?: '30'
2022-11-29 12:08:21,374 | INFO | SDK VERSION: 30
2022-11-29 12:08:21,374 | INFO | Send command: 'sn?'
2022-11-29 12:08:21,484 | INFO | Response sn?: '0TQZK7JCNT2468'
2022-11-29 12:08:21,485 | INFO | SERIAL NUMBER: 0TQZK7JCNT2468
2022-11-29 12:08:21,501 | INFO | Send command: 'takeoff'
2022-11-29 12:08:21,800 | INFO | PERIODIC STATE VALUES: {'mid': -1, 'x': -100, 'y': -100, 'z': -100, 'mpry': '0,0,0', 'pitch': 0, 'roll': 0, 'yaw': -103, 'vgx': 0, 'vgy': 0, 'vgz': 0, 'templ': 87, 'temph': 90, 'tof': 10, 'h': 0, 'bat': 86, 'baro': 100.76, 'time': 44, 'agx': -6.0, 'agy': -5.0, 'agz': -1000.0}
2022-11-29 12:08:22,302 | INFO | PERIODIC STATE VALUES: {'mid': -1, 'x': -100, 'y': -100, 'z': -100, 'mpry': '0,0,0', 'pitch': -1, 'roll': 0, 'yaw': -104, 'vgx': 0, 'vgy': 0, 'vgz': 1, 'templ': 88, 'temph': 90, 'tof': 10, 'h': 0, 'bat': 86, 'baro': 100.76, 'time': 45, 'agx': 34.0, 'agy': -25.0, 'agz': -1308.0}
2022-11-29 12:08:22,805 | INFO | PERIODIC STATE VALUES: {'mid': -1, 'x': -100, 'y': -100, 'z': -100, 'mpry': '0,0,0', 'pitch': 0, 'roll': 0, 'yaw': -104, 'vgx': 0, 'vgy': 0, 'vgz': 6, 'templ': 88, 'temph': 90, 'tof': 45, 'h': 10, 'bat': 86, 'baro': 101.42, 'time': 45, 'agx': -5.0, 'agy': -4.0, 'agz': -955.0}
2022-11-29 12:08:23,308 | INFO | PERIODIC STATE VALUES: {'mid': 4, 'x': 0, 'y': -1, 'z': 44, 'mpry': '0,-76,180', 'pitch': 0, 'roll': 0, 'yaw': -104, 'vgx': 0, 'vgy': 0, 'vgz': 2, 'templ': 88, 'temph': 90, 'tof': 75, 'h': 40, 'bat': 86, 'baro': 101.74, 'time': 46, 'agx': -9.0, 'agy': -17.0, 'agz': -919.0}
2022-11-29 12:08:23,813 | INFO | PERIODIC STATE VALUES: {'mid': 4, 'x': 3, 'y': -1, 'z': 73, 'mpry': '0,-76,-179', 'pitch': 0, 'roll': 1, 'yaw': -104, 'vgx': 0, 'vgy': 0, 'vgz': 0, 'templ': 88, 'temph': 90, 'tof': 89, 'h': 50, 'bat': 86, 'baro': 101.99, 'time': 46, 'agx': 8.0, 'agy': -20.0, 'agz': -966.0}
2022-11-29 12:08:24,315 | INFO | PERIODIC STATE VALUES: {'mid': 4, 'x': 5, 'y': -1, 'z': 87, 'mpry': '0,-76,-178', 'pitch': 0, 'roll': 1, 'yaw': -104, 'vgx': 0, 'vgy': 0, 'vgz': 0, 'templ': 88, 'temph': 90, 'tof': 95, 'h': 50, 'bat': 86, 'baro': 101.97, 'time': 47, 'agx': -5.0, 'agy': -31.0, 'agz': -985.0}
2022-11-29 12:08:24,830 | INFO | PERIODIC STATE VALUES: {'mid': 4, 'x': 4, 'y': -3, 'z': 94, 'mpry': '1,-77,-177', 'pitch': 0, 'roll': 1, 'yaw': -104, 'vgx': 0, 'vgy': 0, 'vgz': 0, 'templ': 88, 'temph': 90, 'tof': 94, 'h': 60, 'bat': 86, 'baro': 101.88, 'time': 47, 'agx': -8.0, 'agy': -19.0, 'agz': -986.0}
2022-11-29 12:08:25,336 | INFO | PERIODIC STATE VALUES: {'mid': 4, 'x': 4, 'y': -2, 'z': 95, 'mpry': '2,-77,-176', 'pitch': 0, 'roll': 1, 'yaw': -104, 'vgx': 0, 'vgy': 0, 'vgz': -1, 'templ': 88, 'temph': 91, 'tof': 88, 'h': 50, 'bat': 86, 'baro': 101.96, 'time': 48, 'agx': 4.0, 'agy': -23.0, 'agz': -993.0}
2022-11-29 12:08:25,840 | INFO | PERIODIC STATE VALUES: {'mid': 4, 'x': 3, 'y': 0, 'z': 93, 'mpry': '1,-77,-175', 'pitch': 0, 'roll': 1, 'yaw': -104, 'vgx': 0, 'vgy': 0, 'vgz': 0, 'templ': 88, 'temph': 91, 'tof': 83, 'h': 50, 'bat': 86, 'baro': 101.77, 'time': 48, 'agx': -10.0, 'agy': -2.0, 'agz': -1003.0}
2022-11-29 12:08:26,348 | INFO | PERIODIC STATE VALUES: {'mid': 4, 'x': 5, 'y': 4, 'z': 82, 'mpry': '1,-77,-176', 'pitch': -1, 'roll': 1, 'yaw': -104, 'vgx': 0, 'vgy': 0, 'vgz': 0, 'templ': 88, 'temph': 91, 'tof': 79, 'h': 50, 'bat': 86, 'baro': 101.82, 'time': 49, 'agx': -6.0, 'agy': -12.0, 'agz': -1002.0}
2022-11-29 12:08:26,854 | INFO | PERIODIC STATE VALUES: {'mid': 4, 'x': 6, 'y': 5, 'z': 79, 'mpry': '2,-77,-176', 'pitch': -1, 'roll': 1, 'yaw': -104, 'vgx': 0, 'vgy': 0, 'vgz': 0, 'templ': 88, 'temph': 91, 'tof': 77, 'h': 40, 'bat': 86, 'baro': 101.83, 'time': 49, 'agx': -10.0, 'agy': -14.0, 'agz': -1006.0}
2022-11-29 12:08:27,359 | INFO | PERIODIC STATE VALUES: {'mid': 4, 'x': 9, 'y': 11, 'z': 76, 'mpry': '1,-77,-177', 'pitch': -1, 'roll': 1, 'yaw': -104, 'vgx': 0, 'vgy': 0, 'vgz': 0, 'templ': 87, 'temph': 90, 'tof': 76, 'h': 40, 'bat': 86, 'baro': 101.77, 'time': 50, 'agx': -9.0, 'agy': -8.0, 'agz': -998.0}
2022-11-29 12:08:27,564 | INFO | Response takeoff: 'ok'
2022-11-29 12:08:27,865 | INFO | PERIODIC STATE VALUES: {'mid': 4, 'x': 15, 'y': 11, 'z': 75, 'mpry': '2,-77,180', 'pitch': -1, 'roll': 2, 'yaw': -104, 'vgx': 0, 'vgy': 0, 'vgz': 0, 'templ': 87, 'temph': 90, 'tof': 77, 'h': 40, 'bat': 86, 'baro': 101.84, 'time': 50, 'agx': 1.0, 'agy': -34.0, 'agz': -1001.0}
2022-11-29 12:08:28,369 | INFO | PERIODIC STATE VALUES: {'mid': 4, 'x': 14, 'y': 16, 'z': 76, 'mpry': '0,-77,-178', 'pitch': -1, 'roll': 2, 'yaw': -104, 'vgx': 0, 'vgy': 0, 'vgz': 0, 'templ': 88, 'temph': 90, 'tof': 79, 'h': 50, 'bat': 86, 'baro': 101.78, 'time': 51, 'agx': -2.0, 'agy': -18.0, 'agz': -998.0}
2022-11-29 12:08:28,871 | INFO | PERIODIC STATE VALUES: {'mid': 4, 'x': 14, 'y': 16, 'z': 76, 'mpry': '0,-77,-178', 'pitch': -1, 'roll': 2, 'yaw': -104, 'vgx': 0, 'vgy': 0, 'vgz': 0, 'templ': 88, 'temph': 90, 'tof': 79, 'h': 50, 'bat': 86, 'baro': 101.76, 'time': 51, 'agx': 4.0, 'agy': -24.0, 'agz': -1004.0}
2022-11-29 12:08:29,377 | INFO | PERIODIC STATE VALUES: {'mid': 4, 'x': 14, 'y': 16, 'z': 76, 'mpry': '0,-77,-178', 'pitch': -1, 'roll': 3, 'yaw': -104, 'vgx': 0, 'vgy': 0, 'vgz': 0, 'templ': 87, 'temph': 89, 'tof': 79, 'h': 50, 'bat': 86, 'baro': 101.83, 'time': 52, 'agx': -5.0, 'agy': -15.0, 'agz': -1016.0}
2022-11-29 12:08:29,880 | INFO | PERIODIC STATE VALUES: {'mid': 4, 'x': 14, 'y': 16, 'z': 76, 'mpry': '0,-77,-178', 'pitch': -1, 'roll': 3, 'yaw': -104, 'vgx': 0, 'vgy': 0, 'vgz': 0, 'templ': 87, 'temph': 89, 'tof': 79, 'h': 50, 'bat': 86, 'baro': 101.71, 'time': 52, 'agx': -15.0, 'agy': -26.0, 'agz': -1018.0}
2022-11-29 12:08:30,396 | INFO | PERIODIC STATE VALUES: {'mid': 4, 'x': 14, 'y': 16, 'z': 76, 'mpry': '0,-77,-178', 'pitch': -1, 'roll': 3, 'yaw': -104, 'vgx': 0, 'vgy': 1, 'vgz': 0, 'templ': 86, 'temph': 89, 'tof': 78, 'h': 50, 'bat': 86, 'baro': 101.69, 'time': 53, 'agx': -8.0, 'agy': -18.0, 'agz': -1005.0}
2022-11-29 12:08:30,899 | INFO | PERIODIC STATE VALUES: {'mid': 4, 'x': 4, 'y': 2, 'z': 56, 'mpry': '14,-122,-176', 'pitch': 0, 'roll': 2, 'yaw': -104, 'vgx': 0, 'vgy': 1, 'vgz': 0, 'templ': 86, 'temph': 89, 'tof': 78, 'h': 40, 'bat': 86, 'baro': 101.67, 'time': 53, 'agx': 10.0, 'agy': -16.0, 'agz': -1008.0}
2022-11-29 12:08:31,406 | INFO | PERIODIC STATE VALUES: {'mid': 4, 'x': 6, 'y': 15, 'z': 48, 'mpry': '-1,-115,-179', 'pitch': -1, 'roll': 2, 'yaw': -104, 'vgx': 0, 'vgy': 0, 'vgz': 0, 'templ': 87, 'temph': 89, 'tof': 79, 'h': 40, 'bat': 86, 'baro': 101.71, 'time': 54, 'agx': -1.0, 'agy': -13.0, 'agz': -1012.0}
2022-11-29 12:08:31,909 | INFO | PERIODIC STATE VALUES: {'mid': 4, 'x': 5, 'y': 14, 'z': 45, 'mpry': '0,-109,179', 'pitch': -1, 'roll': 3, 'yaw': -104, 'vgx': 0, 'vgy': 0, 'vgz': 0, 'templ': 87, 'temph': 89, 'tof': 78, 'h': 50, 'bat': 86, 'baro': 101.78, 'time': 54, 'agx': -9.0, 'agy': -7.0, 'agz': -997.0}
2022-11-29 12:08:32,413 | INFO | PERIODIC STATE VALUES: {'mid': 4, 'x': 5, 'y': 15, 'z': 47, 'mpry': '0,-109,179', 'pitch': -2, 'roll': 3, 'yaw': -104, 'vgx': 0, 'vgy': 0, 'vgz': 0, 'templ': 86, 'temph': 89, 'tof': 54, 'h': 50, 'bat': 86, 'baro': 101.66, 'time': 55, 'agx': -7.0, 'agy': -20.0, 'agz': -993.0}
2022-11-29 12:08:32,570 | INFO | Send command: 'land'
2022-11-29 12:08:32,916 | INFO | PERIODIC STATE VALUES: {'mid': 4, 'x': -1, 'y': 6, 'z': 52, 'mpry': '7,-119,-173', 'pitch': -2, 'roll': 3, 'yaw': -104, 'vgx': 0, 'vgy': 1, 'vgz': 0, 'templ': 86, 'temph': 89, 'tof': 58, 'h': 50, 'bat': 86, 'baro': 101.69, 'time': 55, 'agx': 2.0, 'agy': -27.0, 'agz': -1004.0}
2022-11-29 12:08:33,421 | INFO | PERIODIC STATE VALUES: {'mid': 4, 'x': 5, 'y': 5, 'z': 49, 'mpry': '2,-162,-177', 'pitch': -1, 'roll': 2, 'yaw': -104, 'vgx': 0, 'vgy': 1, 'vgz': -2, 'templ': 86, 'temph': 89, 'tof': 78, 'h': 40, 'bat': 86, 'baro': 101.59, 'time': 56, 'agx': -10.0, 'agy': -20.0, 'agz': -918.0}
2022-11-29 12:08:33,922 | INFO | PERIODIC STATE VALUES: {'mid': 4, 'x': 5, 'y': 5, 'z': 49, 'mpry': '2,-162,-177', 'pitch': 0, 'roll': 1, 'yaw': -104, 'vgx': 0, 'vgy': 0, 'vgz': -4, 'templ': 86, 'temph': 89, 'tof': 54, 'h': 30, 'bat': 86, 'baro': 101.53, 'time': 56, 'agx': 0.0, 'agy': -9.0, 'agz': -991.0}
2022-11-29 12:08:34,424 | INFO | PERIODIC STATE VALUES: {'mid': 4, 'x': 11, 'y': 8, 'z': 36, 'mpry': '0,-138,-178', 'pitch': 0, 'roll': 0, 'yaw': -103, 'vgx': 0, 'vgy': 1, 'vgz': -4, 'templ': 87, 'temph': 88, 'tof': 21, 'h': 0, 'bat': 86, 'baro': 101.04, 'time': 57, 'agx': 12.0, 'agy': -4.0, 'agz': -1014.0}
2022-11-29 12:08:34,925 | INFO | PERIODIC STATE VALUES: {'mid': 4, 'x': 11, 'y': 8, 'z': 36, 'mpry': '0,-138,-178', 'pitch': 1, 'roll': 0, 'yaw': -104, 'vgx': 0, 'vgy': 1, 'vgz': -3, 'templ': 87, 'temph': 88, 'tof': 19, 'h': 0, 'bat': 86, 'baro': 100.96, 'time': 57, 'agx': 25.0, 'agy': -3.0, 'agz': -997.0}
2022-11-29 12:08:35,318 | INFO | Response land: 'ok'
2022-11-29 12:08:35,319 | INFO | Send command: 'motoron'
2022-11-29 12:08:35,430 | INFO | PERIODIC STATE VALUES: {'mid': 4, 'x': 11, 'y': 8, 'z': 36, 'mpry': '0,-138,-178', 'pitch': -85, 'roll': -143, 'yaw': -54, 'vgx': -1, 'vgy': 8, 'vgz': -12, 'templ': 86, 'temph': 89, 'tof': 337, 'h': -50, 'bat': 86, 'baro': 101.14, 'time': 58, 'agx': -1406.0, 'agy': 617.0, 'agz': -525.0}
2022-11-29 12:08:35,430 | INFO | Response motoron: 'ok'
2022-11-29 12:08:35,933 | INFO | PERIODIC STATE VALUES: {'mid': 4, 'x': 11, 'y': 8, 'z': 36, 'mpry': '0,-138,-178', 'pitch': -1, 'roll': 176, 'yaw': 38, 'vgx': -4, 'vgy': 6, 'vgz': -12, 'templ': 86, 'temph': 89, 'tof': 171, 'h': -40, 'bat': 86, 'baro': 100.92, 'time': 58, 'agx': 110.0, 'agy': 62.0, 'agz': 1018.0}
2022-11-29 12:08:36,463 | INFO | PERIODIC STATE VALUES: {'mid': 4, 'x': 11, 'y': 8, 'z': 36, 'mpry': '0,-138,-178', 'pitch': -1, 'roll': 178, 'yaw': 12, 'vgx': -9, 'vgy': 8, 'vgz': -5, 'templ': 86, 'temph': 88, 'tof': 169, 'h': -50, 'bat': 86, 'baro': 100.87, 'time': 58, 'agx': -22.0, 'agy': 45.0, 'agz': 1002.0}
2022-11-29 12:08:36,974 | INFO | PERIODIC STATE VALUES: {'mid': 4, 'x': 11, 'y': 8, 'z': 36, 'mpry': '0,-138,-178', 'pitch': -1, 'roll': 179, 'yaw': 10, 'vgx': -11, 'vgy': 8, 'vgz': -1, 'templ': 86, 'temph': 88, 'tof': 168, 'h': -40, 'bat': 86, 'baro': 100.91, 'time': 58, 'agx': 14.0, 'agy': -4.0, 'agz': 1002.0}
2022-11-29 12:08:37,488 | INFO | PERIODIC STATE VALUES: {'mid': 4, 'x': 11, 'y': 8, 'z': 36, 'mpry': '0,-138,-178', 'pitch': 0, 'roll': 179, 'yaw': 10, 'vgx': 0, 'vgy': 0, 'vgz': 1, 'templ': 86, 'temph': 88, 'tof': 171, 'h': 0, 'bat': 86, 'baro': 100.92, 'time': 58, 'agx': 14.0, 'agy': -4.0, 'agz': 1004.0}
2022-11-29 12:08:37,994 | INFO | PERIODIC STATE VALUES: {'mid': 4, 'x': 11, 'y': 8, 'z': 36, 'mpry': '0,-138,-178', 'pitch': 0, 'roll': 179, 'yaw': 11, 'vgx': 0, 'vgy': 0, 'vgz': 0, 'templ': 86, 'temph': 88, 'tof': 157, 'h': 0, 'bat': 86, 'baro': 100.96, 'time': 58, 'agx': 12.0, 'agy': -6.0, 'agz': 1003.0}
2022-11-29 12:08:38,498 | INFO | PERIODIC STATE VALUES: {'mid': 4, 'x': 11, 'y': 8, 'z': 36, 'mpry': '0,-138,-178', 'pitch': 0, 'roll': 179, 'yaw': 12, 'vgx': 0, 'vgy': 0, 'vgz': 0, 'templ': 86, 'temph': 88, 'tof': 170, 'h': 0, 'bat': 86, 'baro': 100.97, 'time': 58, 'agx': 13.0, 'agy': -1.0, 'agz': 1006.0}
2022-11-29 12:08:39,000 | INFO | PERIODIC STATE VALUES: {'mid': 4, 'x': 11, 'y': 8, 'z': 36, 'mpry': '0,-138,-178', 'pitch': 0, 'roll': 179, 'yaw': 12, 'vgx': 0, 'vgy': 0, 'vgz': 0, 'templ': 86, 'temph': 88, 'tof': 171, 'h': 0, 'bat': 86, 'baro': 100.97, 'time': 58, 'agx': 17.0, 'agy': -3.0, 'agz': 999.0}
2022-11-29 12:08:39,508 | INFO | PERIODIC STATE VALUES: {'mid': -1, 'x': -100, 'y': -100, 'z': -100, 'mpry': '0,0,0', 'pitch': 0, 'roll': 179, 'yaw': 12, 'vgx': 0, 'vgy': 0, 'vgz': 0, 'templ': 87, 'temph': 89, 'tof': 171, 'h': 0, 'bat': 86, 'baro': 100.98, 'time': 58, 'agx': 16.0, 'agy': -5.0, 'agz': 1000.0}
2022-11-29 12:08:40,021 | INFO | PERIODIC STATE VALUES: {'mid': -1, 'x': -100, 'y': -100, 'z': -100, 'mpry': '0,0,0', 'pitch': 0, 'roll': 179, 'yaw': 13, 'vgx': 0, 'vgy': 0, 'vgz': 0, 'templ': 87, 'temph': 89, 'tof': 170, 'h': 0, 'bat': 86, 'baro': 100.95, 'time': 58, 'agx': 19.0, 'agy': -15.0, 'agz': 995.0}
2022-11-29 12:08:40,444 | INFO | Send command: 'motoroff'
2022-11-29 12:08:40,524 | INFO | PERIODIC STATE VALUES: {'mid': -1, 'x': -100, 'y': -100, 'z': -100, 'mpry': '0,0,0', 'pitch': 0, 'roll': 179, 'yaw': 13, 'vgx': 0, 'vgy': 0, 'vgz': 0, 'templ': 86, 'temph': 89, 'tof': 10, 'h': 0, 'bat': 86, 'baro': 100.98, 'time': 58, 'agx': 13.0, 'agy': -4.0, 'agz': 1001.0}
2022-11-29 12:08:40,555 | INFO | Response motoroff: 'error'
2022-11-29 12:08:40,556 | INFO | Send command: 'motoroff'
2022-11-29 12:08:40,667 | INFO | Response motoroff: 'error'
2022-11-29 12:08:40,668 | INFO | Send command: 'motoroff'
2022-11-29 12:08:40,775 | INFO | Response motoroff: 'error'
