2022-11-20 21:06:30,938 | INFO | Tello instance was initialized. Host: '192.168.10.1'. Port: '8889'.
2022-11-20 21:06:30,938 | INFO | Trying to connect to the drone now!
2022-11-20 21:06:30,949 | INFO | Send command: 'command'
2022-11-20 21:06:31,059 | INFO | Response command: 'ok'
2022-11-20 21:06:31,123 | INFO | Connected to the drone successfully.
2022-11-20 21:06:31,202 | INFO | Send command: 'streamon'
2022-11-20 21:06:31,202 | INFO | Send command: 'mon'
2022-11-20 21:06:31,311 | INFO | Response streamon: 'ok'
2022-11-20 21:06:31,312 | INFO | Response mon: 'ok'
2022-11-20 21:06:31,312 | INFO | Send command: 'downvision 0'
2022-11-20 21:06:31,327 | INFO | Send command: 'mdirection 0'
2022-11-20 21:06:31,329 | INFO | Response mdirection 0: 'ok'
2022-11-20 21:06:31,329 | INFO | Send command: 'motoron'
2022-11-20 21:06:31,421 | INFO | Response downvision 0: 'ok'
2022-11-20 21:06:31,436 | INFO | Response motoron: 'ok'
2022-11-20 21:06:31,437 | INFO | Send command: 'setfps high'
2022-11-20 21:06:31,438 | INFO | data goes here
2022-11-20 21:06:31,452 | INFO | Send command: 'attitude?'
2022-11-20 21:06:31,453 | INFO | Response attitude?: 'ok'
2022-11-20 21:06:31,454 | INFO | ATTITUDE: {}
2022-11-20 21:06:31,468 | INFO | Send command: 'baro?'
2022-11-20 21:06:31,469 | INFO | Response baro?: 'pitch:0;roll:0;yaw:-65;'
2022-11-20 21:06:31,547 | INFO | Response setfps high: '94.872490'
2022-11-20 21:06:31,563 | INFO | Send command: 'setfps high'
2022-11-20 21:06:31,626 | INFO | PERIODIC STATE VALUES: {'mid': -1, 'x': -100, 'y': -100, 'z': -100, 'mpry': '0,0,0', 'pitch': 0, 'roll': 0, 'yaw': -65, 'vgx': 0, 'vgy': 0, 'vgz': 0, 'templ': 85, 'temph': 89, 'tof': 10, 'h': 0, 'bat': 84, 'baro': 94.87, 'time': 0, 'agx': -1.0, 'agy': -16.0, 'agz': -999.0}
2022-11-20 21:06:31,674 | INFO | Response setfps high: 'ok'
2022-11-20 21:06:32,132 | INFO | PERIODIC STATE VALUES: {'mid': -1, 'x': -100, 'y': -100, 'z': -100, 'mpry': '0,0,0', 'pitch': 0, 'roll': 0, 'yaw': -65, 'vgx': 0, 'vgy': 0, 'vgz': 0, 'templ': 86, 'temph': 89, 'tof': 10, 'h': 0, 'bat': 84, 'baro': 94.84, 'time': 0, 'agx': 0.0, 'agy': -16.0, 'agz': -1003.0}
2022-11-20 21:06:32,639 | INFO | PERIODIC STATE VALUES: {'mid': -1, 'x': -100, 'y': -100, 'z': -100, 'mpry': '0,0,0', 'pitch': 0, 'roll': 0, 'yaw': -65, 'vgx': 0, 'vgy': 0, 'vgz': 0, 'templ': 86, 'temph': 89, 'tof': 10, 'h': 0, 'bat': 84, 'baro': 94.81, 'time': 0, 'agx': -10.0, 'agy': -15.0, 'agz': -1003.0}
2022-11-20 21:06:33,142 | INFO | PERIODIC STATE VALUES: {'mid': -1, 'x': -100, 'y': -100, 'z': -100, 'mpry': '0,0,0', 'pitch': 0, 'roll': 0, 'yaw': -65, 'vgx': 0, 'vgy': 0, 'vgz': 0, 'templ': 89, 'temph': 91, 'tof': 10, 'h': 0, 'bat': 84, 'baro': 94.83, 'time': 0, 'agx': -2.0, 'agy': -12.0, 'agz': -997.0}
2022-11-20 21:06:33,646 | INFO | PERIODIC STATE VALUES: {'mid': -1, 'x': -100, 'y': -100, 'z': -100, 'mpry': '0,0,0', 'pitch': 0, 'roll': 0, 'yaw': -65, 'vgx': 0, 'vgy': 0, 'vgz': 0, 'templ': 89, 'temph': 91, 'tof': 10, 'h': 0, 'bat': 84, 'baro': 94.88, 'time': 0, 'agx': -5.0, 'agy': -14.0, 'agz': -995.0}
2022-11-20 21:06:34,161 | INFO | PERIODIC STATE VALUES: {'mid': -1, 'x': -100, 'y': -100, 'z': -100, 'mpry': '0,0,0', 'pitch': 0, 'roll': 0, 'yaw': -65, 'vgx': 0, 'vgy': 0, 'vgz': 0, 'templ': 90, 'temph': 92, 'tof': 10, 'h': 0, 'bat': 84, 'baro': 94.87, 'time': 0, 'agx': -2.0, 'agy': -19.0, 'agz': -1001.0}
2022-11-20 21:06:34,665 | INFO | PERIODIC STATE VALUES: {'mid': -1, 'x': -100, 'y': -100, 'z': -100, 'mpry': '0,0,0', 'pitch': 0, 'roll': 0, 'yaw': -65, 'vgx': 0, 'vgy': 0, 'vgz': 0, 'templ': 90, 'temph': 92, 'tof': 10, 'h': 0, 'bat': 84, 'baro': 94.83, 'time': 0, 'agx': -6.0, 'agy': -21.0, 'agz': -1001.0}
2022-11-20 21:06:35,166 | INFO | PERIODIC STATE VALUES: {'mid': -1, 'x': -100, 'y': -100, 'z': -100, 'mpry': '0,0,0', 'pitch': 0, 'roll': 0, 'yaw': -65, 'vgx': 0, 'vgy': 0, 'vgz': 0, 'templ': 90, 'temph': 92, 'tof': 10, 'h': 0, 'bat': 84, 'baro': 94.8, 'time': 0, 'agx': -1.0, 'agy': -9.0, 'agz': -993.0}
2022-11-20 21:06:35,668 | INFO | PERIODIC STATE VALUES: {'mid': -1, 'x': -100, 'y': -100, 'z': -100, 'mpry': '0,0,0', 'pitch': 0, 'roll': 0, 'yaw': -65, 'vgx': 0, 'vgy': 0, 'vgz': 0, 'templ': 91, 'temph': 92, 'tof': 10, 'h': 0, 'bat': 84, 'baro': 94.85, 'time': 0, 'agx': -2.0, 'agy': -16.0, 'agz': -997.0}
2022-11-20 21:06:36,186 | INFO | PERIODIC STATE VALUES: {'mid': -1, 'x': -100, 'y': -100, 'z': -100, 'mpry': '0,0,0', 'pitch': 0, 'roll': 0, 'yaw': -65, 'vgx': 0, 'vgy': 0, 'vgz': 0, 'templ': 91, 'temph': 92, 'tof': 10, 'h': 0, 'bat': 84, 'baro': 94.88, 'time': 0, 'agx': -3.0, 'agy': -21.0, 'agz': -1007.0}
2022-11-20 21:06:36,483 | INFO | Send command: 'takeoff'
2022-11-20 21:06:36,701 | INFO | PERIODIC STATE VALUES: {'mid': -1, 'x': -100, 'y': -100, 'z': -100, 'mpry': '0,0,0', 'pitch': 0, 'roll': 0, 'yaw': -65, 'vgx': 0, 'vgy': 0, 'vgz': 0, 'templ': 91, 'temph': 92, 'tof': 10, 'h': 0, 'bat': 84, 'baro': 94.82, 'time': 0, 'agx': 0.0, 'agy': -15.0, 'agz': -1000.0}
2022-11-20 21:06:37,206 | INFO | PERIODIC STATE VALUES: {'mid': -1, 'x': -100, 'y': -100, 'z': -100, 'mpry': '0,0,0', 'pitch': 0, 'roll': 0, 'yaw': -66, 'vgx': 0, 'vgy': 0, 'vgz': 1, 'templ': 91, 'temph': 92, 'tof': 10, 'h': 0, 'bat': 84, 'baro': 94.82, 'time': 0, 'agx': 0.0, 'agy': -16.0, 'agz': -1127.0}
2022-11-20 21:06:37,707 | INFO | PERIODIC STATE VALUES: {'mid': -1, 'x': -100, 'y': -100, 'z': -100, 'mpry': '0,0,0', 'pitch': 0, 'roll': 0, 'yaw': -66, 'vgx': 0, 'vgy': 0, 'vgz': 7, 'templ': 91, 'temph': 93, 'tof': 33, 'h': 30, 'bat': 84, 'baro': 95.38, 'time': 1, 'agx': -3.0, 'agy': -7.0, 'agz': -957.0}
2022-11-20 21:06:38,230 | INFO | PERIODIC STATE VALUES: {'mid': 2, 'x': 1, 'y': 1, 'z': 30, 'mpry': '2,94,-178', 'pitch': 0, 'roll': 1, 'yaw': -66, 'vgx': 0, 'vgy': 0, 'vgz': 3, 'templ': 91, 'temph': 93, 'tof': 57, 'h': 60, 'bat': 84, 'baro': 95.56, 'time': 1, 'agx': 0.0, 'agy': -18.0, 'agz': -888.0}
2022-11-20 21:06:38,740 | INFO | PERIODIC STATE VALUES: {'mid': 2, 'x': 0, 'y': 3, 'z': 55, 'mpry': '2,93,-178', 'pitch': 0, 'roll': 0, 'yaw': -66, 'vgx': 0, 'vgy': 0, 'vgz': 0, 'templ': 92, 'temph': 94, 'tof': 61, 'h': 70, 'bat': 84, 'baro': 95.63, 'time': 2, 'agx': -7.0, 'agy': -4.0, 'agz': -977.0}
2022-11-20 21:06:39,247 | INFO | PERIODIC STATE VALUES: {'mid': 2, 'x': 0, 'y': 4, 'z': 62, 'mpry': '1,93,-177', 'pitch': 0, 'roll': 1, 'yaw': -66, 'vgx': 0, 'vgy': 0, 'vgz': 0, 'templ': 92, 'temph': 94, 'tof': 56, 'h': 70, 'bat': 84, 'baro': 95.56, 'time': 2, 'agx': -1.0, 'agy': -22.0, 'agz': -1004.0}
2022-11-20 21:06:39,754 | INFO | PERIODIC STATE VALUES: {'mid': 2, 'x': 0, 'y': 6, 'z': 58, 'mpry': '1,94,-177', 'pitch': 0, 'roll': 1, 'yaw': -66, 'vgx': 0, 'vgy': 0, 'vgz': 0, 'templ': 91, 'temph': 94, 'tof': 54, 'h': 70, 'bat': 84, 'baro': 95.57, 'time': 3, 'agx': -8.0, 'agy': -6.0, 'agz': -1004.0}
2022-11-20 21:06:40,258 | INFO | PERIODIC STATE VALUES: {'mid': 2, 'x': -1, 'y': 8, 'z': 55, 'mpry': '0,94,-178', 'pitch': 0, 'roll': 1, 'yaw': -66, 'vgx': 0, 'vgy': 0, 'vgz': 0, 'templ': 91, 'temph': 94, 'tof': 53, 'h': 70, 'bat': 84, 'baro': 95.57, 'time': 3, 'agx': -10.0, 'agy': -7.0, 'agz': -987.0}
2022-11-20 21:06:40,760 | INFO | PERIODIC STATE VALUES: {'mid': 2, 'x': -3, 'y': 9, 'z': 54, 'mpry': '0,93,-178', 'pitch': 0, 'roll': 1, 'yaw': -66, 'vgx': 0, 'vgy': 0, 'vgz': 0, 'templ': 92, 'temph': 94, 'tof': 53, 'h': 70, 'bat': 84, 'baro': 95.65, 'time': 4, 'agx': -9.0, 'agy': -14.0, 'agz': -996.0}
2022-11-20 21:06:41,263 | INFO | PERIODIC STATE VALUES: {'mid': 2, 'x': -7, 'y': 12, 'z': 53, 'mpry': '1,94,-178', 'pitch': 0, 'roll': 1, 'yaw': -66, 'vgx': 0, 'vgy': 0, 'vgz': 0, 'templ': 92, 'temph': 94, 'tof': 54, 'h': 70, 'bat': 84, 'baro': 95.5, 'time': 4, 'agx': 8.0, 'agy': -14.0, 'agz': -1021.0}
2022-11-20 21:06:41,765 | INFO | PERIODIC STATE VALUES: {'mid': 2, 'x': -9, 'y': 13, 'z': 53, 'mpry': '2,94,-178', 'pitch': 0, 'roll': 1, 'yaw': -66, 'vgx': 0, 'vgy': 0, 'vgz': 0, 'templ': 91, 'temph': 94, 'tof': 57, 'h': 70, 'bat': 84, 'baro': 95.55, 'time': 5, 'agx': -2.0, 'agy': -35.0, 'agz': -987.0}
2022-11-20 21:06:42,269 | INFO | PERIODIC STATE VALUES: {'mid': 2, 'x': -12, 'y': 14, 'z': 55, 'mpry': '3,94,-179', 'pitch': 0, 'roll': 1, 'yaw': -66, 'vgx': 0, 'vgy': 0, 'vgz': 0, 'templ': 91, 'temph': 94, 'tof': 61, 'h': 70, 'bat': 84, 'baro': 95.63, 'time': 5, 'agx': 10.0, 'agy': -31.0, 'agz': -1004.0}
2022-11-20 21:06:42,785 | INFO | PERIODIC STATE VALUES: {'mid': 2, 'x': -13, 'y': 15, 'z': 57, 'mpry': '3,94,-179', 'pitch': 0, 'roll': 1, 'yaw': -66, 'vgx': 0, 'vgy': 0, 'vgz': 0, 'templ': 91, 'temph': 93, 'tof': 65, 'h': 70, 'bat': 84, 'baro': 95.66, 'time': 6, 'agx': 0.0, 'agy': -29.0, 'agz': -1000.0}
2022-11-20 21:06:43,301 | INFO | PERIODIC STATE VALUES: {'mid': 2, 'x': -15, 'y': 15, 'z': 60, 'mpry': '3,94,-179', 'pitch': 0, 'roll': 1, 'yaw': -66, 'vgx': 0, 'vgy': 0, 'vgz': 0, 'templ': 91, 'temph': 93, 'tof': 67, 'h': 70, 'bat': 84, 'baro': 95.69, 'time': 6, 'agx': -7.0, 'agy': -19.0, 'agz': -1000.0}
2022-11-20 21:06:43,806 | INFO | PERIODIC STATE VALUES: {'mid': 2, 'x': -18, 'y': 15, 'z': 65, 'mpry': '4,94,-179', 'pitch': 0, 'roll': 1, 'yaw': -66, 'vgx': 0, 'vgy': 0, 'vgz': 0, 'templ': 91, 'temph': 94, 'tof': 69, 'h': 80, 'bat': 84, 'baro': 95.66, 'time': 7, 'agx': -14.0, 'agy': -13.0, 'agz': -1002.0}
2022-11-20 21:06:43,854 | INFO | Response takeoff: 'ok'
2022-11-20 21:06:44,313 | INFO | PERIODIC STATE VALUES: {'mid': 2, 'x': -20, 'y': 15, 'z': 66, 'mpry': '5,94,180', 'pitch': 0, 'roll': 2, 'yaw': -66, 'vgx': 0, 'vgy': 0, 'vgz': 0, 'templ': 91, 'temph': 94, 'tof': 70, 'h': 80, 'bat': 84, 'baro': 95.72, 'time': 7, 'agx': -6.0, 'agy': -16.0, 'agz': -981.0}
2022-11-20 21:06:44,815 | INFO | PERIODIC STATE VALUES: {'mid': 2, 'x': -25, 'y': 13, 'z': 66, 'mpry': '4,94,178', 'pitch': 0, 'roll': 2, 'yaw': -66, 'vgx': 0, 'vgy': 0, 'vgz': 0, 'templ': 92, 'temph': 93, 'tof': 71, 'h': 80, 'bat': 84, 'baro': 95.53, 'time': 8, 'agx': -5.0, 'agy': -10.0, 'agz': -993.0}
2022-11-20 21:06:45,330 | INFO | PERIODIC STATE VALUES: {'mid': 2, 'x': -23, 'y': 15, 'z': 68, 'mpry': '7,94,180', 'pitch': 0, 'roll': 1, 'yaw': -66, 'vgx': 0, 'vgy': 0, 'vgz': 0, 'templ': 92, 'temph': 93, 'tof': 71, 'h': 80, 'bat': 84, 'baro': 95.77, 'time': 8, 'agx': 0.0, 'agy': -11.0, 'agz': -990.0}
2022-11-20 21:06:45,845 | INFO | PERIODIC STATE VALUES: {'mid': 2, 'x': -24, 'y': 12, 'z': 69, 'mpry': '5,93,179', 'pitch': 0, 'roll': 1, 'yaw': -66, 'vgx': 0, 'vgy': 0, 'vgz': 0, 'templ': 92, 'temph': 94, 'tof': 71, 'h': 80, 'bat': 84, 'baro': 95.7, 'time': 9, 'agx': 12.0, 'agy': -27.0, 'agz': -999.0}
2022-11-20 21:06:46,347 | INFO | PERIODIC STATE VALUES: {'mid': 2, 'x': -25, 'y': 12, 'z': 69, 'mpry': '5,93,179', 'pitch': 0, 'roll': 2, 'yaw': -66, 'vgx': 0, 'vgy': 0, 'vgz': 0, 'templ': 92, 'temph': 94, 'tof': 72, 'h': 80, 'bat': 84, 'baro': 95.66, 'time': 9, 'agx': -10.0, 'agy': -12.0, 'agz': -986.0}
2022-11-20 21:06:46,859 | INFO | PERIODIC STATE VALUES: {'mid': 2, 'x': -27, 'y': 16, 'z': 67, 'mpry': '8,93,179', 'pitch': 0, 'roll': 2, 'yaw': -66, 'vgx': 0, 'vgy': 0, 'vgz': 0, 'templ': 91, 'temph': 94, 'tof': 71, 'h': 80, 'bat': 84, 'baro': 95.66, 'time': 10, 'agx': 1.0, 'agy': -28.0, 'agz': -1013.0}
2022-11-20 21:06:47,374 | INFO | PERIODIC STATE VALUES: {'mid': 2, 'x': -27, 'y': 16, 'z': 67, 'mpry': '8,93,179', 'pitch': 0, 'roll': 2, 'yaw': -66, 'vgx': 0, 'vgy': 0, 'vgz': 0, 'templ': 91, 'temph': 94, 'tof': 70, 'h': 80, 'bat': 84, 'baro': 95.75, 'time': 10, 'agx': -3.0, 'agy': -2.0, 'agz': -988.0}
2022-11-20 21:06:47,889 | INFO | PERIODIC STATE VALUES: {'mid': 2, 'x': -27, 'y': 16, 'z': 67, 'mpry': '8,93,179', 'pitch': 0, 'roll': 3, 'yaw': -66, 'vgx': 0, 'vgy': 0, 'vgz': 0, 'templ': 92, 'temph': 94, 'tof': 70, 'h': 80, 'bat': 84, 'baro': 95.68, 'time': 11, 'agx': 7.0, 'agy': -32.0, 'agz': -1006.0}
2022-11-20 21:06:48,392 | INFO | PERIODIC STATE VALUES: {'mid': 2, 'x': -27, 'y': 16, 'z': 67, 'mpry': '8,93,179', 'pitch': 0, 'roll': 3, 'yaw': -65, 'vgx': 0, 'vgy': 0, 'vgz': 0, 'templ': 92, 'temph': 94, 'tof': 71, 'h': 80, 'bat': 84, 'baro': 95.76, 'time': 11, 'agx': -1.0, 'agy': -37.0, 'agz': -1014.0}
2022-11-20 21:06:48,859 | INFO | Send command: 'land'
2022-11-20 21:06:48,906 | INFO | PERIODIC STATE VALUES: {'mid': 2, 'x': -27, 'y': 16, 'z': 67, 'mpry': '8,93,179', 'pitch': 0, 'roll': 3, 'yaw': -66, 'vgx': 0, 'vgy': 0, 'vgz': 0, 'templ': 92, 'temph': 94, 'tof': 71, 'h': 80, 'bat': 84, 'baro': 95.62, 'time': 12, 'agx': -5.0, 'agy': -39.0, 'agz': -990.0}
2022-11-20 21:06:49,411 | INFO | PERIODIC STATE VALUES: {'mid': 2, 'x': -27, 'y': 16, 'z': 67, 'mpry': '8,93,179', 'pitch': 0, 'roll': 3, 'yaw': -66, 'vgx': 0, 'vgy': 0, 'vgz': 0, 'templ': 92, 'temph': 94, 'tof': 72, 'h': 80, 'bat': 84, 'baro': 95.57, 'time': 12, 'agx': -3.0, 'agy': -37.0, 'agz': -964.0}
2022-11-20 21:06:49,927 | INFO | PERIODIC STATE VALUES: {'mid': 2, 'x': -27, 'y': 16, 'z': 67, 'mpry': '8,93,179', 'pitch': 0, 'roll': 3, 'yaw': -66, 'vgx': 0, 'vgy': 0, 'vgz': -4, 'templ': 91, 'temph': 94, 'tof': 61, 'h': 70, 'bat': 84, 'baro': 95.52, 'time': 13, 'agx': -9.0, 'agy': -25.0, 'agz': -894.0}
2022-11-20 21:06:50,442 | INFO | PERIODIC STATE VALUES: {'mid': 2, 'x': -27, 'y': 16, 'z': 67, 'mpry': '8,93,179', 'pitch': 0, 'roll': 3, 'yaw': -65, 'vgx': 0, 'vgy': 0, 'vgz': -8, 'templ': 91, 'temph': 94, 'tof': 26, 'h': 40, 'bat': 84, 'baro': 95.27, 'time': 13, 'agx': -2.0, 'agy': -30.0, 'agz': -920.0}
2022-11-20 21:06:50,944 | INFO | PERIODIC STATE VALUES: {'mid': 2, 'x': -27, 'y': 16, 'z': 67, 'mpry': '8,93,179', 'pitch': 0, 'roll': -1, 'yaw': -65, 'vgx': -1, 'vgy': 0, 'vgz': -4, 'templ': 92, 'temph': 93, 'tof': 10, 'h': 10, 'bat': 84, 'baro': 93.8, 'time': 14, 'agx': -23.0, 'agy': -5.0, 'agz': -637.0}
2022-11-20 21:06:51,460 | INFO | PERIODIC STATE VALUES: {'mid': 2, 'x': -27, 'y': 16, 'z': 67, 'mpry': '8,93,179', 'pitch': 0, 'roll': 1, 'yaw': -74, 'vgx': -4, 'vgy': -1, 'vgz': -8, 'templ': 92, 'temph': 93, 'tof': 10, 'h': -40, 'bat': 84, 'baro': 92.14, 'time': 14, 'agx': -65.0, 'agy': -33.0, 'agz': -795.0}
2022-11-20 21:06:51,975 | INFO | PERIODIC STATE VALUES: {'mid': -1, 'x': -100, 'y': -100, 'z': -100, 'mpry': '0,0,0', 'pitch': 0, 'roll': 2, 'yaw': -75, 'vgx': -5, 'vgy': -2, 'vgz': -9, 'templ': 92, 'temph': 94, 'tof': 10, 'h': -90, 'bat': 84, 'baro': 93.11, 'time': 15, 'agx': -12.0, 'agy': -2.0, 'agz': -996.0}
2022-11-20 21:06:52,478 | INFO | PERIODIC STATE VALUES: {'mid': -1, 'x': -100, 'y': -100, 'z': -100, 'mpry': '0,0,0', 'pitch': 0, 'roll': 2, 'yaw': -75, 'vgx': -6, 'vgy': -3, 'vgz': -9, 'templ': 92, 'temph': 94, 'tof': 10, 'h': -140, 'bat': 84, 'baro': 93.25, 'time': 15, 'agx': 0.0, 'agy': -6.0, 'agz': -1000.0}
2022-11-20 21:06:52,992 | INFO | PERIODIC STATE VALUES: {'mid': -1, 'x': -100, 'y': -100, 'z': -100, 'mpry': '0,0,0', 'pitch': 0, 'roll': 2, 'yaw': -75, 'vgx': 0, 'vgy': 0, 'vgz': -5, 'templ': 91, 'temph': 94, 'tof': 10, 'h': -120, 'bat': 84, 'baro': 93.92, 'time': 16, 'agx': 5.0, 'agy': -13.0, 'agz': -1004.0}
2022-11-20 21:06:53,494 | INFO | PERIODIC STATE VALUES: {'mid': -1, 'x': -100, 'y': -100, 'z': -100, 'mpry': '0,0,0', 'pitch': 0, 'roll': 2, 'yaw': -75, 'vgx': 0, 'vgy': 0, 'vgz': -2, 'templ': 91, 'temph': 94, 'tof': 10, 'h': -90, 'bat': 84, 'baro': 94.02, 'time': 16, 'agx': -3.0, 'agy': -9.0, 'agz': -1000.0}
2022-11-20 21:06:54,010 | INFO | PERIODIC STATE VALUES: {'mid': -1, 'x': -100, 'y': -100, 'z': -100, 'mpry': '0,0,0', 'pitch': 0, 'roll': 2, 'yaw': -75, 'vgx': 0, 'vgy': 0, 'vgz': -2, 'templ': 91, 'temph': 93, 'tof': 10, 'h': -90, 'bat': 84, 'baro': 94.03, 'time': 17, 'agx': 0.0, 'agy': -4.0, 'agz': -1006.0}
2022-11-20 21:06:54,519 | INFO | PERIODIC STATE VALUES: {'mid': -1, 'x': -100, 'y': -100, 'z': -100, 'mpry': '0,0,0', 'pitch': 0, 'roll': 2, 'yaw': -75, 'vgx': 0, 'vgy': 0, 'vgz': -1, 'templ': 91, 'temph': 93, 'tof': 10, 'h': -80, 'bat': 84, 'baro': 94.02, 'time': 17, 'agx': -10.0, 'agy': -11.0, 'agz': -1007.0}
2022-11-20 21:06:54,678 | INFO | Response land: 'ok'
2022-11-20 21:06:54,678 | INFO | Send command: 'motoron'
2022-11-20 21:06:54,790 | INFO | Response motoron: 'ok'
2022-11-20 21:06:55,027 | INFO | PERIODIC STATE VALUES: {'mid': -1, 'x': -100, 'y': -100, 'z': -100, 'mpry': '0,0,0', 'pitch': 0, 'roll': 2, 'yaw': -75, 'vgx': 0, 'vgy': 0, 'vgz': 0, 'templ': 92, 'temph': 94, 'tof': 10, 'h': 0, 'bat': 84, 'baro': 94.58, 'time': 18, 'agx': -12.0, 'agy': -13.0, 'agz': -1006.0}
2022-11-20 21:06:55,534 | INFO | PERIODIC STATE VALUES: {'mid': -1, 'x': -100, 'y': -100, 'z': -100, 'mpry': '0,0,0', 'pitch': 0, 'roll': 2, 'yaw': -75, 'vgx': 0, 'vgy': 0, 'vgz': 0, 'templ': 92, 'temph': 94, 'tof': 10, 'h': 0, 'bat': 84, 'baro': 94.58, 'time': 18, 'agx': -15.0, 'agy': -13.0, 'agz': -1005.0}
2022-11-20 21:06:56,048 | INFO | PERIODIC STATE VALUES: {'mid': -1, 'x': -100, 'y': -100, 'z': -100, 'mpry': '0,0,0', 'pitch': 0, 'roll': 1, 'yaw': -75, 'vgx': 0, 'vgy': 0, 'vgz': 0, 'templ': 91, 'temph': 94, 'tof': 10, 'h': 0, 'bat': 84, 'baro': 94.6, 'time': 18, 'agx': -12.0, 'agy': -15.0, 'agz': -1010.0}
2022-11-20 21:06:56,563 | INFO | PERIODIC STATE VALUES: {'mid': -1, 'x': -100, 'y': -100, 'z': -100, 'mpry': '0,0,0', 'pitch': 0, 'roll': 1, 'yaw': -75, 'vgx': 0, 'vgy': 0, 'vgz': 0, 'templ': 91, 'temph': 94, 'tof': 10, 'h': 0, 'bat': 84, 'baro': 94.55, 'time': 18, 'agx': -4.0, 'agy': -13.0, 'agz': -1008.0}
2022-11-20 21:06:57,066 | INFO | PERIODIC STATE VALUES: {'mid': -1, 'x': -100, 'y': -100, 'z': -100, 'mpry': '0,0,0', 'pitch': 0, 'roll': 1, 'yaw': -75, 'vgx': 0, 'vgy': 0, 'vgz': 0, 'templ': 92, 'temph': 95, 'tof': 10, 'h': 0, 'bat': 84, 'baro': 94.64, 'time': 18, 'agx': -5.0, 'agy': -14.0, 'agz': -1000.0}
