2022-11-20 22:01:09,851 | INFO | Tello instance was initialized. Host: '192.168.10.1'. Port: '8889'.
2022-11-20 22:01:09,851 | INFO | Trying to connect to the drone now!
2022-11-20 22:01:09,855 | INFO | Send command: 'command'
2022-11-20 22:01:09,965 | INFO | Response command: 'ok'
2022-11-20 22:01:10,028 | INFO | Connected to the drone successfully.
2022-11-20 22:01:10,107 | INFO | Send command: 'streamon'
2022-11-20 22:01:10,108 | INFO | Send command: 'mon'
2022-11-20 22:01:10,217 | INFO | Response streamon: 'ok'
2022-11-20 22:01:10,217 | INFO | Response mon: 'ok'
2022-11-20 22:01:10,233 | INFO | Send command: 'mdirection 0'
2022-11-20 22:01:10,233 | INFO | Send command: 'downvision 1'
2022-11-20 22:01:10,343 | INFO | Response mdirection 0: 'ok'
2022-11-20 22:01:10,344 | INFO | Response downvision 1: 'ok'
2022-11-20 22:01:10,358 | INFO | Send command: 'motoron'
2022-11-20 22:01:10,358 | INFO | Send command: 'setfps high'
2022-11-20 22:01:10,467 | INFO | Response setfps high: 'ok'
2022-11-20 22:01:10,467 | INFO | Response motoron: 'ok'
2022-11-20 22:01:10,468 | INFO | data goes here
2022-11-20 22:01:10,483 | INFO | Send command: 'attitude?'
2022-11-20 22:01:10,530 | INFO | PERIODIC STATE VALUES: {'mid': -1, 'x': -100, 'y': -100, 'z': -100, 'mpry': '0,0,0', 'pitch': 0, 'roll': 0, 'yaw': 0, 'vgx': 0, 'vgy': 0, 'vgz': 0, 'templ': 82, 'temph': 86, 'tof': 10, 'h': 0, 'bat': 79, 'baro': 91.28, 'time': 0, 'agx': -13.0, 'agy': -7.0, 'agz': -998.0}
2022-11-20 22:01:10,593 | INFO | Response attitude?: 'pitch:0;roll:0;yaw:0;'
2022-11-20 22:01:10,594 | INFO | ATTITUDE: {'pitch': 0, 'roll': 0, 'yaw': 0}
2022-11-20 22:01:10,608 | INFO | Send command: 'baro?'
2022-11-20 22:01:10,718 | INFO | Response baro?: '91.278938'
2022-11-20 22:01:10,719 | INFO | BAROMETER: 9127.8938
2022-11-20 22:01:10,734 | INFO | Send command: 'battery?'
2022-11-20 22:01:10,844 | INFO | Response battery?: '79'
2022-11-20 22:01:10,845 | INFO | BATTERY: 79
2022-11-20 22:01:10,860 | INFO | Send command: 'tof?'
2022-11-20 22:01:10,972 | INFO | Response tof?: '100mm'
2022-11-20 22:01:10,973 | INFO | TOF_DISTANCE: 10.0 
2022-11-20 22:01:10,988 | INFO | Send command: 'wifi?'
2022-11-20 22:01:11,036 | INFO | PERIODIC STATE VALUES: {'mid': -1, 'x': -100, 'y': -100, 'z': -100, 'mpry': '0,0,0', 'pitch': 0, 'roll': 0, 'yaw': 0, 'vgx': 0, 'vgy': 0, 'vgz': 0, 'templ': 82, 'temph': 86, 'tof': 10, 'h': 0, 'bat': 79, 'baro': 91.29, 'time': 0, 'agx': -13.0, 'agy': -9.0, 'agz': -1000.0}
2022-11-20 22:01:11,100 | INFO | Response wifi?: '90'
2022-11-20 22:01:11,100 | INFO | WIFI_SIGNAL_NOISE RATIO: 90
2022-11-20 22:01:11,115 | INFO | Send command: 'sdk?'
2022-11-20 22:01:11,225 | INFO | Response sdk?: '30'
2022-11-20 22:01:11,226 | INFO | SDK VERSION: 30
2022-11-20 22:01:11,241 | INFO | Send command: 'sn?'
2022-11-20 22:01:11,351 | INFO | Response sn?: '0TQZK7JCNT2468'
2022-11-20 22:01:11,352 | INFO | SERIAL NUMBER: 0TQZK7JCNT2468
2022-11-20 22:01:11,539 | INFO | PERIODIC STATE VALUES: {'mid': -1, 'x': -100, 'y': -100, 'z': -100, 'mpry': '0,0,0', 'pitch': 0, 'roll': 0, 'yaw': 0, 'vgx': 0, 'vgy': 0, 'vgz': 0, 'templ': 84, 'temph': 87, 'tof': 10, 'h': 0, 'bat': 79, 'baro': 91.28, 'time': 0, 'agx': -11.0, 'agy': -5.0, 'agz': -1003.0}
2022-11-20 22:01:12,042 | INFO | PERIODIC STATE VALUES: {'mid': -1, 'x': -100, 'y': -100, 'z': -100, 'mpry': '0,0,0', 'pitch': 0, 'roll': 0, 'yaw': 0, 'vgx': 0, 'vgy': 0, 'vgz': 0, 'templ': 84, 'temph': 87, 'tof': 10, 'h': 0, 'bat': 79, 'baro': 91.31, 'time': 0, 'agx': -12.0, 'agy': -9.0, 'agz': -999.0}
2022-11-20 22:01:12,546 | INFO | PERIODIC STATE VALUES: {'mid': -1, 'x': -100, 'y': -100, 'z': -100, 'mpry': '0,0,0', 'pitch': 0, 'roll': 0, 'yaw': 0, 'vgx': 0, 'vgy': 0, 'vgz': 0, 'templ': 85, 'temph': 88, 'tof': 10, 'h': 0, 'bat': 79, 'baro': 91.34, 'time': 0, 'agx': -29.0, 'agy': -11.0, 'agz': -999.0}
2022-11-20 22:01:13,062 | INFO | PERIODIC STATE VALUES: {'mid': -1, 'x': -100, 'y': -100, 'z': -100, 'mpry': '0,0,0', 'pitch': 0, 'roll': 0, 'yaw': 0, 'vgx': 0, 'vgy': 0, 'vgz': 0, 'templ': 85, 'temph': 88, 'tof': 10, 'h': 0, 'bat': 79, 'baro': 91.31, 'time': 0, 'agx': -24.0, 'agy': -15.0, 'agz': -1000.0}
2022-11-20 22:01:13,565 | INFO | PERIODIC STATE VALUES: {'mid': -1, 'x': -100, 'y': -100, 'z': -100, 'mpry': '0,0,0', 'pitch': 0, 'roll': 0, 'yaw': 0, 'vgx': 0, 'vgy': 0, 'vgz': 0, 'templ': 86, 'temph': 88, 'tof': 10, 'h': 0, 'bat': 79, 'baro': 91.31, 'time': 0, 'agx': -12.0, 'agy': -10.0, 'agz': -1004.0}
2022-11-20 22:01:14,067 | INFO | PERIODIC STATE VALUES: {'mid': -1, 'x': -100, 'y': -100, 'z': -100, 'mpry': '0,0,0', 'pitch': 0, 'roll': 0, 'yaw': 0, 'vgx': 0, 'vgy': 0, 'vgz': 0, 'templ': 86, 'temph': 88, 'tof': 10, 'h': 0, 'bat': 79, 'baro': 91.31, 'time': 0, 'agx': -10.0, 'agy': -10.0, 'agz': -997.0}
2022-11-20 22:01:14,583 | INFO | PERIODIC STATE VALUES: {'mid': -1, 'x': -100, 'y': -100, 'z': -100, 'mpry': '0,0,0', 'pitch': 0, 'roll': 0, 'yaw': 0, 'vgx': 0, 'vgy': 0, 'vgz': 0, 'templ': 86, 'temph': 89, 'tof': 10, 'h': 0, 'bat': 79, 'baro': 91.33, 'time': 0, 'agx': -13.0, 'agy': -6.0, 'agz': -1003.0}
2022-11-20 22:01:15,098 | INFO | PERIODIC STATE VALUES: {'mid': -1, 'x': -100, 'y': -100, 'z': -100, 'mpry': '0,0,0', 'pitch': 0, 'roll': 0, 'yaw': 0, 'vgx': 0, 'vgy': 0, 'vgz': 0, 'templ': 86, 'temph': 89, 'tof': 10, 'h': 0, 'bat': 79, 'baro': 91.41, 'time': 0, 'agx': -8.0, 'agy': -5.0, 'agz': -1000.0}
2022-11-20 22:01:15,600 | INFO | PERIODIC STATE VALUES: {'mid': -1, 'x': -100, 'y': -100, 'z': -100, 'mpry': '0,0,0', 'pitch': 0, 'roll': 0, 'yaw': 0, 'vgx': 0, 'vgy': 0, 'vgz': 0, 'templ': 86, 'temph': 89, 'tof': 10, 'h': 0, 'bat': 78, 'baro': 91.4, 'time': 0, 'agx': -5.0, 'agy': -5.0, 'agz': -1001.0}
2022-11-20 22:01:16,105 | INFO | PERIODIC STATE VALUES: {'mid': -1, 'x': -100, 'y': -100, 'z': -100, 'mpry': '0,0,0', 'pitch': 0, 'roll': 0, 'yaw': 0, 'vgx': 0, 'vgy': 0, 'vgz': 0, 'templ': 86, 'temph': 89, 'tof': 10, 'h': 0, 'bat': 78, 'baro': 91.39, 'time': 0, 'agx': -5.0, 'agy': -4.0, 'agz': -1001.0}
2022-11-20 22:01:16,360 | INFO | Send command: 'takeoff'
2022-11-20 22:01:16,612 | INFO | PERIODIC STATE VALUES: {'mid': -1, 'x': -100, 'y': -100, 'z': -100, 'mpry': '0,0,0', 'pitch': 0, 'roll': 0, 'yaw': 0, 'vgx': 0, 'vgy': 0, 'vgz': 0, 'templ': 86, 'temph': 88, 'tof': 10, 'h': 0, 'bat': 78, 'baro': 91.43, 'time': 0, 'agx': -11.0, 'agy': -13.0, 'agz': -1006.0}
2022-11-20 22:01:17,115 | INFO | PERIODIC STATE VALUES: {'mid': -1, 'x': -100, 'y': -100, 'z': -100, 'mpry': '0,0,0', 'pitch': -3, 'roll': 0, 'yaw': 0, 'vgx': 0, 'vgy': 0, 'vgz': 0, 'templ': 86, 'temph': 88, 'tof': 10, 'h': 0, 'bat': 78, 'baro': 91.5, 'time': 0, 'agx': -74.0, 'agy': 5.0, 'agz': -1083.0}
2022-11-20 22:01:17,618 | INFO | PERIODIC STATE VALUES: {'mid': -1, 'x': -100, 'y': -100, 'z': -100, 'mpry': '0,0,0', 'pitch': -12, 'roll': 0, 'yaw': 1, 'vgx': 1, 'vgy': 0, 'vgz': 0, 'templ': 86, 'temph': 89, 'tof': 10, 'h': 0, 'bat': 78, 'baro': 91.44, 'time': 0, 'agx': 165.0, 'agy': -129.0, 'agz': -493.0}
2022-11-20 22:01:18,122 | INFO | PERIODIC STATE VALUES: {'mid': -1, 'x': -100, 'y': -100, 'z': -100, 'mpry': '0,0,0', 'pitch': 0, 'roll': 0, 'yaw': 3, 'vgx': 0, 'vgy': 0, 'vgz': -2, 'templ': 86, 'temph': 89, 'tof': 10, 'h': 0, 'bat': 78, 'baro': 91.38, 'time': 0, 'agx': -11.0, 'agy': -5.0, 'agz': -1006.0}
2022-11-20 22:01:18,342 | INFO | Response takeoff: 'ok'
2022-11-20 22:01:18,626 | INFO | PERIODIC STATE VALUES: {'mid': -1, 'x': -100, 'y': -100, 'z': -100, 'mpry': '0,0,0', 'pitch': 0, 'roll': 0, 'yaw': 3, 'vgx': 0, 'vgy': -1, 'vgz': -2, 'templ': 86, 'temph': 89, 'tof': 10, 'h': 0, 'bat': 78, 'baro': 91.37, 'time': 0, 'agx': -1.0, 'agy': -7.0, 'agz': -1005.0}
2022-11-20 22:01:19,143 | INFO | PERIODIC STATE VALUES: {'mid': -1, 'x': -100, 'y': -100, 'z': -100, 'mpry': '0,0,0', 'pitch': 0, 'roll': 0, 'yaw': 3, 'vgx': 0, 'vgy': 0, 'vgz': -1, 'templ': 86, 'temph': 89, 'tof': 10, 'h': 0, 'bat': 78, 'baro': 91.41, 'time': 0, 'agx': 2.0, 'agy': -11.0, 'agz': -994.0}
2022-11-20 22:01:19,647 | INFO | PERIODIC STATE VALUES: {'mid': -1, 'x': -100, 'y': -100, 'z': -100, 'mpry': '0,0,0', 'pitch': 0, 'roll': 1, 'yaw': 3, 'vgx': 0, 'vgy': 0, 'vgz': 0, 'templ': 86, 'temph': 88, 'tof': 10, 'h': 0, 'bat': 77, 'baro': 91.37, 'time': 0, 'agx': -7.0, 'agy': -5.0, 'agz': -1013.0}
2022-11-20 22:01:20,166 | INFO | PERIODIC STATE VALUES: {'mid': -1, 'x': -100, 'y': -100, 'z': -100, 'mpry': '0,0,0', 'pitch': 0, 'roll': 1, 'yaw': 3, 'vgx': 0, 'vgy': 0, 'vgz': 0, 'templ': 86, 'temph': 88, 'tof': 10, 'h': 0, 'bat': 77, 'baro': 91.36, 'time': 0, 'agx': 4.0, 'agy': -3.0, 'agz': -1014.0}
2022-11-20 22:01:20,669 | INFO | PERIODIC STATE VALUES: {'mid': -1, 'x': -100, 'y': -100, 'z': -100, 'mpry': '0,0,0', 'pitch': 9, 'roll': 0, 'yaw': 0, 'vgx': 0, 'vgy': 0, 'vgz': 1, 'templ': 86, 'temph': 89, 'tof': 10, 'h': 0, 'bat': 77, 'baro': 91.38, 'time': 0, 'agx': 109.0, 'agy': 0.0, 'agz': -988.0}
2022-11-20 22:01:21,174 | INFO | PERIODIC STATE VALUES: {'mid': -1, 'x': -100, 'y': -100, 'z': -100, 'mpry': '0,0,0', 'pitch': 44, 'roll': -15, 'yaw': 9, 'vgx': 0, 'vgy': 0, 'vgz': 3, 'templ': 86, 'temph': 89, 'tof': 10, 'h': 0, 'bat': 77, 'baro': 91.43, 'time': 0, 'agx': 819.0, 'agy': 310.0, 'agz': -1009.0}
2022-11-20 22:01:21,679 | INFO | PERIODIC STATE VALUES: {'mid': -1, 'x': -100, 'y': -100, 'z': -100, 'mpry': '0,0,0', 'pitch': 1, 'roll': -52, 'yaw': -13, 'vgx': 0, 'vgy': 0, 'vgz': 9, 'templ': 85, 'temph': 89, 'tof': 10, 'h': 40, 'bat': 77, 'baro': 91.79, 'time': 0, 'agx': 53.0, 'agy': 610.0, 'agz': -363.0}
2022-11-20 22:01:22,195 | INFO | PERIODIC STATE VALUES: {'mid': -1, 'x': -100, 'y': -100, 'z': -100, 'mpry': '0,0,0', 'pitch': -30, 'roll': -46, 'yaw': -25, 'vgx': 0, 'vgy': 0, 'vgz': 2, 'templ': 85, 'temph': 89, 'tof': 10, 'h': 60, 'bat': 77, 'baro': 92.0, 'time': 0, 'agx': -479.0, 'agy': 612.0, 'agz': -497.0}
2022-11-20 22:01:22,711 | INFO | PERIODIC STATE VALUES: {'mid': -1, 'x': -100, 'y': -100, 'z': -100, 'mpry': '0,0,0', 'pitch': -2, 'roll': -30, 'yaw': -36, 'vgx': 0, 'vgy': 0, 'vgz': 0, 'templ': 86, 'temph': 88, 'tof': 10, 'h': 0, 'bat': 77, 'baro': 92.0, 'time': 0, 'agx': 0.0, 'agy': 389.0, 'agz': -955.0}
2022-11-20 22:01:23,228 | INFO | PERIODIC STATE VALUES: {'mid': -1, 'x': -100, 'y': -100, 'z': -100, 'mpry': '0,0,0', 'pitch': 2, 'roll': -49, 'yaw': -62, 'vgx': 0, 'vgy': 0, 'vgz': 0, 'templ': 86, 'temph': 88, 'tof': 10, 'h': 0, 'bat': 77, 'baro': 92.0, 'time': 0, 'agx': 50.0, 'agy': 678.0, 'agz': -931.0}
2022-11-20 22:01:23,358 | INFO | Send command: 'land'
2022-11-20 22:01:23,468 | INFO | Response land: 'error'
2022-11-20 22:01:23,484 | INFO | Send command: 'land'
2022-11-20 22:01:23,597 | INFO | Response land: 'error'
2022-11-20 22:01:23,610 | INFO | Send command: 'land'
2022-11-20 22:01:23,720 | INFO | Response land: 'error'
