2022-11-20 21:07:45,953 | INFO | Tello instance was initialized. Host: '192.168.10.1'. Port: '8889'.
2022-11-20 21:07:45,954 | INFO | Trying to connect to the drone now!
2022-11-20 21:07:45,971 | INFO | Send command: 'command'
2022-11-20 21:07:46,079 | INFO | Response command: 'ok'
2022-11-20 21:07:46,080 | INFO | Connected to the drone successfully.
2022-11-20 21:07:46,095 | INFO | Send command: 'mon'
2022-11-20 21:07:46,095 | INFO | Send command: 'streamon'
2022-11-20 21:07:46,204 | INFO | Response mon: 'ok'
2022-11-20 21:07:46,205 | INFO | Response streamon: 'ok'
2022-11-20 21:07:46,219 | INFO | Send command: 'downvision 0'
2022-11-20 21:07:46,219 | INFO | Send command: 'mdirection 0'
2022-11-20 21:07:46,328 | INFO | Response downvision 0: 'ok'
2022-11-20 21:07:46,329 | INFO | Response mdirection 0: 'ok'
2022-11-20 21:07:46,344 | INFO | Send command: 'setfps high'
2022-11-20 21:07:46,344 | INFO | Send command: 'motoron'
2022-11-20 21:07:46,453 | INFO | Response setfps high: 'ok'
2022-11-20 21:07:46,453 | INFO | Response motoron: 'error'
2022-11-20 21:07:46,469 | INFO | Send command: 'motoron'
2022-11-20 21:07:46,579 | INFO | Response motoron: 'error'
2022-11-20 21:07:46,594 | INFO | PERIODIC STATE VALUES: {'mid': -1, 'x': -100, 'y': -100, 'z': -100, 'mpry': '0,0,0', 'pitch': 0, 'roll': 0, 'yaw': -74, 'vgx': 0, 'vgy': 0, 'vgz': 0, 'templ': 93, 'temph': 96, 'tof': 10, 'h': 0, 'bat': 83, 'baro': 94.68, 'time': 18, 'agx': -1.0, 'agy': -21.0, 'agz': -1000.0}
2022-11-20 21:07:46,595 | INFO | Send command: 'motoron'
2022-11-20 21:07:46,705 | INFO | Response motoron: 'error'
