2022-11-22 00:09:17,465 | INFO | Tello instance was initialized. Host: '192.168.10.1'. Port: '8889'.
2022-11-22 00:09:17,465 | INFO | Trying to connect to the drone now!
2022-11-22 00:09:17,472 | INFO | Send command: 'command'
2022-11-22 00:09:17,582 | INFO | Response command: 'ok'
2022-11-22 00:09:17,583 | INFO | Connected to the drone successfully.
2022-11-22 00:09:17,598 | INFO | Send command: 'mon'
2022-11-22 00:09:17,598 | INFO | Send command: 'streamon'
2022-11-22 00:09:17,708 | INFO | Response streamon: 'ok'
2022-11-22 00:09:17,708 | INFO | Response mon: 'ok'
2022-11-22 00:09:17,723 | INFO | Send command: 'downvision 1'
2022-11-22 00:09:17,723 | INFO | Send command: 'mdirection 0'
2022-11-22 00:09:17,834 | INFO | Response mdirection 0: 'ok'
2022-11-22 00:09:17,835 | INFO | Response downvision 1: 'ok'
2022-11-22 00:09:17,835 | INFO | Send command: 'motoron'
2022-11-22 00:09:17,850 | INFO | Send command: 'setfps high'
2022-11-22 00:09:17,851 | INFO | Response setfps high: 'ok'
2022-11-22 00:09:17,944 | INFO | Response motoron: 'ok'
2022-11-22 00:09:17,945 | INFO | data goes here
2022-11-22 00:09:17,960 | INFO | Send command: 'attitude?'
2022-11-22 00:09:18,069 | INFO | Response attitude?: 'pitch:0;roll:1;yaw:3;'
2022-11-22 00:09:18,070 | INFO | ATTITUDE: {'pitch': 0, 'roll': 1, 'yaw': 3}
2022-11-22 00:09:18,085 | INFO | Send command: 'baro?'
2022-11-22 00:09:18,086 | INFO | PERIODIC STATE VALUES: {'mid': -1, 'x': -100, 'y': -100, 'z': -100, 'mpry': '0,0,0', 'pitch': 0, 'roll': 1, 'yaw': 3, 'vgx': 0, 'vgy': 0, 'vgz': 0, 'templ': 86, 'temph': 89, 'tof': 10, 'h': 0, 'bat': 98, 'baro': 112.38, 'time': 80, 'agx': -3.0, 'agy': -20.0, 'agz': -1000.0}
2022-11-22 00:09:18,194 | INFO | Response baro?: '112.397713'
2022-11-22 00:09:18,194 | INFO | BAROMETER: 11239.7713
2022-11-22 00:09:18,211 | INFO | Send command: 'battery?'
2022-11-22 00:09:18,323 | INFO | Response battery?: '98'
2022-11-22 00:09:18,323 | INFO | BATTERY: 98
2022-11-22 00:09:18,338 | INFO | Send command: 'tof?'
2022-11-22 00:09:18,448 | INFO | Response tof?: '100mm'
2022-11-22 00:09:18,449 | INFO | TOF_DISTANCE: 10.0 
2022-11-22 00:09:18,463 | INFO | Send command: 'wifi?'
2022-11-22 00:09:18,574 | INFO | Response wifi?: '90'
2022-11-22 00:09:18,575 | INFO | WIFI_SIGNAL_NOISE RATIO: 90
2022-11-22 00:09:18,590 | INFO | Send command: 'sdk?'
2022-11-22 00:09:18,591 | INFO | PERIODIC STATE VALUES: {'mid': -1, 'x': -100, 'y': -100, 'z': -100, 'mpry': '0,0,0', 'pitch': 0, 'roll': 1, 'yaw': 3, 'vgx': 0, 'vgy': 0, 'vgz': 0, 'templ': 86, 'temph': 89, 'tof': 10, 'h': 0, 'bat': 98, 'baro': 112.25, 'time': 80, 'agx': -2.0, 'agy': -21.0, 'agz': -1000.0}
2022-11-22 00:09:18,701 | INFO | Response sdk?: '30'
2022-11-22 00:09:18,702 | INFO | SDK VERSION: 30
2022-11-22 00:09:18,716 | INFO | Send command: 'sn?'
2022-11-22 00:09:18,825 | INFO | Response sn?: '0TQZK7JCNT2468'
2022-11-22 00:09:18,825 | INFO | SERIAL NUMBER: 0TQZK7JCNT2468
2022-11-22 00:09:19,107 | INFO | PERIODIC STATE VALUES: {'mid': -1, 'x': -100, 'y': -100, 'z': -100, 'mpry': '0,0,0', 'pitch': 0, 'roll': 1, 'yaw': 3, 'vgx': 0, 'vgy': 0, 'vgz': 0, 'templ': 86, 'temph': 89, 'tof': 10, 'h': 0, 'bat': 98, 'baro': 112.18, 'time': 80, 'agx': 0.0, 'agy': -14.0, 'agz': -997.0}
2022-11-22 00:09:19,608 | INFO | PERIODIC STATE VALUES: {'mid': -1, 'x': -100, 'y': -100, 'z': -100, 'mpry': '0,0,0', 'pitch': 0, 'roll': 1, 'yaw': 3, 'vgx': 0, 'vgy': 0, 'vgz': 0, 'templ': 86, 'temph': 89, 'tof': 10, 'h': 0, 'bat': 98, 'baro': 112.16, 'time': 80, 'agx': -4.0, 'agy': -28.0, 'agz': -999.0}
2022-11-22 00:09:20,110 | INFO | PERIODIC STATE VALUES: {'mid': -1, 'x': -100, 'y': -100, 'z': -100, 'mpry': '0,0,0', 'pitch': 0, 'roll': 1, 'yaw': 3, 'vgx': 0, 'vgy': 0, 'vgz': 0, 'templ': 86, 'temph': 90, 'tof': 10, 'h': 0, 'bat': 97, 'baro': 112.11, 'time': 80, 'agx': 0.0, 'agy': -11.0, 'agz': -999.0}
2022-11-22 00:09:20,614 | INFO | PERIODIC STATE VALUES: {'mid': -1, 'x': -100, 'y': -100, 'z': -100, 'mpry': '0,0,0', 'pitch': 0, 'roll': 1, 'yaw': 3, 'vgx': 0, 'vgy': 0, 'vgz': 0, 'templ': 86, 'temph': 90, 'tof': 10, 'h': 0, 'bat': 97, 'baro': 112.15, 'time': 80, 'agx': -2.0, 'agy': -16.0, 'agz': -996.0}
2022-11-22 00:09:21,117 | INFO | PERIODIC STATE VALUES: {'mid': -1, 'x': -100, 'y': -100, 'z': -100, 'mpry': '0,0,0', 'pitch': 0, 'roll': 1, 'yaw': 3, 'vgx': 1, 'vgy': 0, 'vgz': -1, 'templ': 85, 'temph': 88, 'tof': 10, 'h': 0, 'bat': 97, 'baro': 112.11, 'time': 80, 'agx': -7.0, 'agy': -20.0, 'agz': -1001.0}
2022-11-22 00:09:21,623 | INFO | PERIODIC STATE VALUES: {'mid': -1, 'x': -100, 'y': -100, 'z': -100, 'mpry': '0,0,0', 'pitch': 0, 'roll': 1, 'yaw': 3, 'vgx': 1, 'vgy': 0, 'vgz': 0, 'templ': 85, 'temph': 88, 'tof': 10, 'h': 0, 'bat': 96, 'baro': 112.06, 'time': 80, 'agx': -14.0, 'agy': -23.0, 'agz': -998.0}
2022-11-22 00:09:22,127 | INFO | PERIODIC STATE VALUES: {'mid': -1, 'x': -100, 'y': -100, 'z': -100, 'mpry': '0,0,0', 'pitch': 0, 'roll': 1, 'yaw': 3, 'vgx': 0, 'vgy': 0, 'vgz': 0, 'templ': 86, 'temph': 89, 'tof': 10, 'h': 0, 'bat': 96, 'baro': 112.04, 'time': 80, 'agx': -5.0, 'agy': -24.0, 'agz': -1013.0}
2022-11-22 00:09:22,630 | INFO | PERIODIC STATE VALUES: {'mid': -1, 'x': -100, 'y': -100, 'z': -100, 'mpry': '0,0,0', 'pitch': 0, 'roll': 1, 'yaw': 3, 'vgx': 0, 'vgy': 0, 'vgz': 0, 'templ': 86, 'temph': 89, 'tof': 10, 'h': 0, 'bat': 96, 'baro': 112.06, 'time': 80, 'agx': -2.0, 'agy': -14.0, 'agz': -986.0}
2022-11-22 00:09:23,135 | INFO | PERIODIC STATE VALUES: {'mid': -1, 'x': -100, 'y': -100, 'z': -100, 'mpry': '0,0,0', 'pitch': 0, 'roll': 1, 'yaw': 3, 'vgx': 0, 'vgy': 0, 'vgz': 0, 'templ': 86, 'temph': 90, 'tof': 10, 'h': 0, 'bat': 96, 'baro': 111.97, 'time': 80, 'agx': 0.0, 'agy': -15.0, 'agz': -1006.0}
2022-11-22 00:09:23,644 | INFO | PERIODIC STATE VALUES: {'mid': -1, 'x': -100, 'y': -100, 'z': -100, 'mpry': '0,0,0', 'pitch': 0, 'roll': 1, 'yaw': 3, 'vgx': 0, 'vgy': 0, 'vgz': 0, 'templ': 86, 'temph': 90, 'tof': 10, 'h': 0, 'bat': 96, 'baro': 112.02, 'time': 80, 'agx': 0.0, 'agy': -29.0, 'agz': -1000.0}
2022-11-22 00:09:23,833 | INFO | Send command: 'takeoff'
2022-11-22 00:09:24,154 | INFO | PERIODIC STATE VALUES: {'mid': -1, 'x': -100, 'y': -100, 'z': -100, 'mpry': '0,0,0', 'pitch': 0, 'roll': 1, 'yaw': 3, 'vgx': 0, 'vgy': 0, 'vgz': 0, 'templ': 86, 'temph': 89, 'tof': 10, 'h': 0, 'bat': 95, 'baro': 112.09, 'time': 80, 'agx': 0.0, 'agy': -10.0, 'agz': -1001.0}
2022-11-22 00:09:24,659 | INFO | PERIODIC STATE VALUES: {'mid': -1, 'x': -100, 'y': -100, 'z': -100, 'mpry': '0,0,0', 'pitch': 0, 'roll': 0, 'yaw': 2, 'vgx': 0, 'vgy': 0, 'vgz': 5, 'templ': 86, 'temph': 89, 'tof': 10, 'h': 10, 'bat': 95, 'baro': 112.09, 'time': 81, 'agx': -14.0, 'agy': -42.0, 'agz': -1264.0}
2022-11-22 00:09:25,162 | INFO | PERIODIC STATE VALUES: {'mid': -1, 'x': -100, 'y': -100, 'z': -100, 'mpry': '0,0,0', 'pitch': 0, 'roll': 0, 'yaw': 2, 'vgx': 0, 'vgy': 0, 'vgz': 7, 'templ': 86, 'temph': 89, 'tof': 44, 'h': 50, 'bat': 95, 'baro': 112.77, 'time': 81, 'agx': 13.0, 'agy': -26.0, 'agz': -887.0}
2022-11-22 00:09:25,678 | INFO | PERIODIC STATE VALUES: {'mid': -1, 'x': -100, 'y': -100, 'z': -100, 'mpry': '0,0,0', 'pitch': 0, 'roll': 0, 'yaw': 2, 'vgx': 0, 'vgy': 0, 'vgz': 2, 'templ': 86, 'temph': 89, 'tof': 61, 'h': 70, 'bat': 94, 'baro': 112.99, 'time': 82, 'agx': -11.0, 'agy': -16.0, 'agz': -959.0}
2022-11-22 00:09:26,179 | INFO | PERIODIC STATE VALUES: {'mid': 6, 'x': -13, 'y': 0, 'z': 62, 'mpry': '2,89,-179', 'pitch': 0, 'roll': 2, 'yaw': 2, 'vgx': 0, 'vgy': 0, 'vgz': 1, 'templ': 86, 'temph': 89, 'tof': 66, 'h': 80, 'bat': 94, 'baro': 113.06, 'time': 82, 'agx': 21.0, 'agy': -4.0, 'agz': -940.0}
2022-11-22 00:09:26,684 | INFO | PERIODIC STATE VALUES: {'mid': 6, 'x': -23, 'y': -2, 'z': 64, 'mpry': '1,89,180', 'pitch': 0, 'roll': 2, 'yaw': 2, 'vgx': 0, 'vgy': 0, 'vgz': 1, 'templ': 86, 'temph': 89, 'tof': 71, 'h': 80, 'bat': 94, 'baro': 113.11, 'time': 83, 'agx': 0.0, 'agy': -21.0, 'agz': -1002.0}
2022-11-22 00:09:27,186 | INFO | PERIODIC STATE VALUES: {'mid': 6, 'x': -29, 'y': -3, 'z': 68, 'mpry': '2,89,179', 'pitch': 0, 'roll': 1, 'yaw': 2, 'vgx': 0, 'vgy': 0, 'vgz': 0, 'templ': 86, 'temph': 89, 'tof': 76, 'h': 90, 'bat': 94, 'baro': 113.08, 'time': 83, 'agx': -6.0, 'agy': -16.0, 'agz': -1001.0}
2022-11-22 00:09:27,689 | INFO | PERIODIC STATE VALUES: {'mid': 6, 'x': -31, 'y': -7, 'z': 73, 'mpry': '0,89,180', 'pitch': 0, 'roll': 1, 'yaw': 2, 'vgx': 0, 'vgy': 0, 'vgz': 0, 'templ': 86, 'temph': 89, 'tof': 80, 'h': 90, 'bat': 94, 'baro': 113.14, 'time': 84, 'agx': 5.0, 'agy': -22.0, 'agz': -1001.0}
2022-11-22 00:09:28,205 | INFO | PERIODIC STATE VALUES: {'mid': 6, 'x': -35, 'y': -3, 'z': 79, 'mpry': '2,89,178', 'pitch': 0, 'roll': 1, 'yaw': 2, 'vgx': 0, 'vgy': 0, 'vgz': 0, 'templ': 86, 'temph': 88, 'tof': 83, 'h': 90, 'bat': 94, 'baro': 113.19, 'time': 84, 'agx': 11.0, 'agy': -30.0, 'agz': -957.0}
2022-11-22 00:09:28,709 | INFO | PERIODIC STATE VALUES: {'mid': 6, 'x': -35, 'y': -4, 'z': 81, 'mpry': '1,89,178', 'pitch': 0, 'roll': 1, 'yaw': 2, 'vgx': 0, 'vgy': 0, 'vgz': 0, 'templ': 86, 'temph': 88, 'tof': 84, 'h': 90, 'bat': 94, 'baro': 113.16, 'time': 85, 'agx': -11.0, 'agy': -4.0, 'agz': -1000.0}
2022-11-22 00:09:28,897 | INFO | Response takeoff: 'ok'
2022-11-22 00:09:29,227 | INFO | PERIODIC STATE VALUES: {'mid': 6, 'x': -34, 'y': -2, 'z': 82, 'mpry': '2,89,178', 'pitch': 0, 'roll': 1, 'yaw': 2, 'vgx': 0, 'vgy': 0, 'vgz': 0, 'templ': 86, 'temph': 88, 'tof': 83, 'h': 90, 'bat': 94, 'baro': 113.22, 'time': 85, 'agx': -21.0, 'agy': -9.0, 'agz': -1009.0}
2022-11-22 00:09:29,728 | INFO | PERIODIC STATE VALUES: {'mid': 6, 'x': -34, 'y': -4, 'z': 81, 'mpry': '1,89,178', 'pitch': 0, 'roll': 1, 'yaw': 2, 'vgx': 0, 'vgy': 0, 'vgz': 0, 'templ': 86, 'temph': 88, 'tof': 82, 'h': 90, 'bat': 94, 'baro': 113.14, 'time': 86, 'agx': -3.0, 'agy': -23.0, 'agz': -997.0}
2022-11-22 00:09:30,244 | INFO | PERIODIC STATE VALUES: {'mid': 6, 'x': -35, 'y': -1, 'z': 80, 'mpry': '3,89,177', 'pitch': 0, 'roll': 1, 'yaw': 2, 'vgx': 0, 'vgy': 0, 'vgz': 0, 'templ': 85, 'temph': 88, 'tof': 82, 'h': 90, 'bat': 94, 'baro': 113.08, 'time': 86, 'agx': 0.0, 'agy': -22.0, 'agz': -999.0}
2022-11-22 00:09:30,758 | INFO | PERIODIC STATE VALUES: {'mid': 6, 'x': -36, 'y': -2, 'z': 79, 'mpry': '3,89,177', 'pitch': 0, 'roll': 1, 'yaw': 2, 'vgx': 0, 'vgy': 0, 'vgz': 0, 'templ': 85, 'temph': 88, 'tof': 82, 'h': 90, 'bat': 94, 'baro': 113.19, 'time': 87, 'agx': 6.0, 'agy': -30.0, 'agz': -1004.0}
2022-11-22 00:09:31,274 | INFO | PERIODIC STATE VALUES: {'mid': 6, 'x': -38, 'y': -6, 'z': 78, 'mpry': '0,88,176', 'pitch': 0, 'roll': 1, 'yaw': 3, 'vgx': 0, 'vgy': 0, 'vgz': 0, 'templ': 85, 'temph': 88, 'tof': 83, 'h': 90, 'bat': 94, 'baro': 113.17, 'time': 87, 'agx': -17.0, 'agy': -6.0, 'agz': -983.0}
2022-11-22 00:09:31,790 | INFO | PERIODIC STATE VALUES: {'mid': 6, 'x': -42, 'y': -8, 'z': 76, 'mpry': '0,88,174', 'pitch': 0, 'roll': 1, 'yaw': 3, 'vgx': 0, 'vgy': 0, 'vgz': 0, 'templ': 85, 'temph': 88, 'tof': 83, 'h': 90, 'bat': 94, 'baro': 113.1, 'time': 88, 'agx': 1.0, 'agy': -15.0, 'agz': -975.0}
2022-11-22 00:09:32,305 | INFO | PERIODIC STATE VALUES: {'mid': 6, 'x': -40, 'y': -10, 'z': 79, 'mpry': '0,88,177', 'pitch': 0, 'roll': 2, 'yaw': 3, 'vgx': 0, 'vgy': 0, 'vgz': 0, 'templ': 85, 'temph': 87, 'tof': 83, 'h': 90, 'bat': 94, 'baro': 113.1, 'time': 88, 'agx': -2.0, 'agy': -27.0, 'agz': -1012.0}
2022-11-22 00:09:32,820 | INFO | PERIODIC STATE VALUES: {'mid': 6, 'x': -42, 'y': -11, 'z': 78, 'mpry': '-1,88,177', 'pitch': 0, 'roll': 2, 'yaw': 3, 'vgx': 0, 'vgy': 0, 'vgz': 0, 'templ': 85, 'temph': 87, 'tof': 84, 'h': 90, 'bat': 94, 'baro': 113.2, 'time': 89, 'agx': -4.0, 'agy': -23.0, 'agz': -1003.0}
2022-11-22 00:09:33,335 | INFO | PERIODIC STATE VALUES: {'mid': 6, 'x': -42, 'y': -11, 'z': 78, 'mpry': '-1,88,177', 'pitch': 0, 'roll': 1, 'yaw': 2, 'vgx': 0, 'vgy': 0, 'vgz': 0, 'templ': 85, 'temph': 88, 'tof': 85, 'h': 90, 'bat': 94, 'baro': 113.21, 'time': 89, 'agx': -5.0, 'agy': -16.0, 'agz': -982.0}
2022-11-22 00:09:33,853 | INFO | PERIODIC STATE VALUES: {'mid': 6, 'x': -42, 'y': -11, 'z': 78, 'mpry': '-1,88,177', 'pitch': 0, 'roll': 2, 'yaw': 2, 'vgx': 0, 'vgy': 0, 'vgz': 0, 'templ': 85, 'temph': 88, 'tof': 85, 'h': 90, 'bat': 94, 'baro': 113.18, 'time': 90, 'agx': -8.0, 'agy': -23.0, 'agz': -1013.0}
2022-11-22 00:09:34,355 | INFO | PERIODIC STATE VALUES: {'mid': 6, 'x': -42, 'y': -11, 'z': 78, 'mpry': '-1,88,177', 'pitch': 0, 'roll': 1, 'yaw': 2, 'vgx': 0, 'vgy': 0, 'vgz': 0, 'templ': 84, 'temph': 87, 'tof': 85, 'h': 90, 'bat': 94, 'baro': 113.23, 'time': 90, 'agx': -12.0, 'agy': -25.0, 'agz': -1012.0}
2022-11-22 00:09:34,857 | INFO | PERIODIC STATE VALUES: {'mid': 6, 'x': -42, 'y': -11, 'z': 78, 'mpry': '-1,88,177', 'pitch': 0, 'roll': 2, 'yaw': 3, 'vgx': 0, 'vgy': 0, 'vgz': 0, 'templ': 84, 'temph': 87, 'tof': 85, 'h': 90, 'bat': 94, 'baro': 113.28, 'time': 91, 'agx': -7.0, 'agy': -18.0, 'agz': -995.0}
2022-11-22 00:09:35,376 | INFO | PERIODIC STATE VALUES: {'mid': 6, 'x': -42, 'y': -11, 'z': 78, 'mpry': '-1,88,177', 'pitch': 0, 'roll': 2, 'yaw': 3, 'vgx': 0, 'vgy': 0, 'vgz': 0, 'templ': 84, 'temph': 87, 'tof': 84, 'h': 90, 'bat': 94, 'baro': 113.26, 'time': 91, 'agx': -7.0, 'agy': -30.0, 'agz': -1004.0}
2022-11-22 00:09:35,892 | INFO | PERIODIC STATE VALUES: {'mid': 6, 'x': -42, 'y': -11, 'z': 78, 'mpry': '-1,88,177', 'pitch': 0, 'roll': 1, 'yaw': 3, 'vgx': 0, 'vgy': 0, 'vgz': 0, 'templ': 84, 'temph': 87, 'tof': 84, 'h': 90, 'bat': 94, 'baro': 113.31, 'time': 92, 'agx': -2.0, 'agy': -12.0, 'agz': -995.0}
2022-11-22 00:09:36,395 | INFO | PERIODIC STATE VALUES: {'mid': 6, 'x': -42, 'y': -11, 'z': 78, 'mpry': '-1,88,177', 'pitch': 0, 'roll': 2, 'yaw': 3, 'vgx': 0, 'vgy': 0, 'vgz': 0, 'templ': 84, 'temph': 86, 'tof': 84, 'h': 90, 'bat': 94, 'baro': 113.26, 'time': 92, 'agx': -7.0, 'agy': -27.0, 'agz': -1002.0}
2022-11-22 00:09:36,898 | INFO | PERIODIC STATE VALUES: {'mid': 6, 'x': -42, 'y': -11, 'z': 78, 'mpry': '-1,88,177', 'pitch': 0, 'roll': 2, 'yaw': 3, 'vgx': 0, 'vgy': 0, 'vgz': 0, 'templ': 84, 'temph': 86, 'tof': 84, 'h': 90, 'bat': 94, 'baro': 113.25, 'time': 93, 'agx': -4.0, 'agy': -14.0, 'agz': -1015.0}
2022-11-22 00:09:37,403 | INFO | PERIODIC STATE VALUES: {'mid': 6, 'x': -42, 'y': -11, 'z': 78, 'mpry': '-1,88,177', 'pitch': -1, 'roll': 2, 'yaw': 2, 'vgx': 0, 'vgy': 0, 'vgz': 0, 'templ': 84, 'temph': 87, 'tof': 83, 'h': 90, 'bat': 94, 'baro': 113.28, 'time': 93, 'agx': 8.0, 'agy': -25.0, 'agz': -997.0}
2022-11-22 00:09:37,920 | INFO | PERIODIC STATE VALUES: {'mid': 6, 'x': -42, 'y': -11, 'z': 78, 'mpry': '-1,88,177', 'pitch': 0, 'roll': 2, 'yaw': 2, 'vgx': 0, 'vgy': 0, 'vgz': 0, 'templ': 84, 'temph': 87, 'tof': 82, 'h': 90, 'bat': 94, 'baro': 113.22, 'time': 94, 'agx': 12.0, 'agy': -29.0, 'agz': -993.0}
2022-11-22 00:09:38,425 | INFO | PERIODIC STATE VALUES: {'mid': -1, 'x': -100, 'y': -100, 'z': -100, 'mpry': '0,0,0', 'pitch': 0, 'roll': 2, 'yaw': 2, 'vgx': 0, 'vgy': 0, 'vgz': 0, 'templ': 84, 'temph': 87, 'tof': 80, 'h': 90, 'bat': 94, 'baro': 113.22, 'time': 94, 'agx': 0.0, 'agy': -20.0, 'agz': -1006.0}
2022-11-22 00:09:38,930 | INFO | PERIODIC STATE VALUES: {'mid': -1, 'x': -100, 'y': -100, 'z': -100, 'mpry': '0,0,0', 'pitch': 0, 'roll': 2, 'yaw': 2, 'vgx': 0, 'vgy': 0, 'vgz': 0, 'templ': 85, 'temph': 87, 'tof': 79, 'h': 90, 'bat': 93, 'baro': 113.16, 'time': 95, 'agx': 0.0, 'agy': -28.0, 'agz': -1012.0}
2022-11-22 00:09:39,446 | INFO | PERIODIC STATE VALUES: {'mid': -1, 'x': -100, 'y': -100, 'z': -100, 'mpry': '0,0,0', 'pitch': 0, 'roll': 2, 'yaw': 2, 'vgx': 0, 'vgy': 0, 'vgz': 0, 'templ': 85, 'temph': 87, 'tof': 80, 'h': 90, 'bat': 93, 'baro': 113.26, 'time': 95, 'agx': 8.0, 'agy': -31.0, 'agz': -1005.0}
2022-11-22 00:09:39,963 | INFO | PERIODIC STATE VALUES: {'mid': -1, 'x': -100, 'y': -100, 'z': -100, 'mpry': '0,0,0', 'pitch': 0, 'roll': 2, 'yaw': 3, 'vgx': 0, 'vgy': 0, 'vgz': 0, 'templ': 84, 'temph': 87, 'tof': 82, 'h': 90, 'bat': 93, 'baro': 113.24, 'time': 96, 'agx': -15.0, 'agy': -8.0, 'agz': -1009.0}
2022-11-22 00:09:40,468 | INFO | PERIODIC STATE VALUES: {'mid': -1, 'x': -100, 'y': -100, 'z': -100, 'mpry': '0,0,0', 'pitch': 0, 'roll': 2, 'yaw': 3, 'vgx': 0, 'vgy': 0, 'vgz': 0, 'templ': 84, 'temph': 87, 'tof': 84, 'h': 90, 'bat': 93, 'baro': 113.25, 'time': 96, 'agx': 5.0, 'agy': -29.0, 'agz': -966.0}
2022-11-22 00:09:40,983 | INFO | PERIODIC STATE VALUES: {'mid': -1, 'x': -100, 'y': -100, 'z': -100, 'mpry': '0,0,0', 'pitch': 0, 'roll': 0, 'yaw': 3, 'vgx': 0, 'vgy': 0, 'vgz': -3, 'templ': 84, 'temph': 86, 'tof': 76, 'h': 80, 'bat': 93, 'baro': 113.25, 'time': 97, 'agx': 16.0, 'agy': -32.0, 'agz': -941.0}
2022-11-22 00:09:41,499 | INFO | PERIODIC STATE VALUES: {'mid': -1, 'x': -100, 'y': -100, 'z': -100, 'mpry': '0,0,0', 'pitch': 0, 'roll': 1, 'yaw': 2, 'vgx': 0, 'vgy': 0, 'vgz': -4, 'templ': 84, 'temph': 86, 'tof': 55, 'h': 60, 'bat': 93, 'baro': 113.02, 'time': 97, 'agx': 0.0, 'agy': -16.0, 'agz': -981.0}
2022-11-22 00:09:42,004 | INFO | PERIODIC STATE VALUES: {'mid': -1, 'x': -100, 'y': -100, 'z': -100, 'mpry': '0,0,0', 'pitch': 0, 'roll': 1, 'yaw': 2, 'vgx': 0, 'vgy': 0, 'vgz': -4, 'templ': 83, 'temph': 86, 'tof': 32, 'h': 40, 'bat': 92, 'baro': 112.91, 'time': 98, 'agx': 10.0, 'agy': -23.0, 'agz': -997.0}
2022-11-22 00:09:42,520 | INFO | PERIODIC STATE VALUES: {'mid': -1, 'x': -100, 'y': -100, 'z': -100, 'mpry': '0,0,0', 'pitch': 0, 'roll': 0, 'yaw': 2, 'vgx': 0, 'vgy': 0, 'vgz': -4, 'templ': 83, 'temph': 86, 'tof': 10, 'h': 20, 'bat': 92, 'baro': 111.71, 'time': 98, 'agx': 0.0, 'agy': -15.0, 'agz': -1037.0}
2022-11-22 00:09:43,022 | INFO | PERIODIC STATE VALUES: {'mid': -1, 'x': -100, 'y': -100, 'z': -100, 'mpry': '0,0,0', 'pitch': 0, 'roll': 1, 'yaw': 2, 'vgx': -1, 'vgy': -3, 'vgz': 0, 'templ': 83, 'temph': 86, 'tof': 10, 'h': 10, 'bat': 92, 'baro': 110.3, 'time': 99, 'agx': 75.0, 'agy': 105.0, 'agz': -980.0}
2022-11-22 00:09:43,536 | INFO | PERIODIC STATE VALUES: {'mid': -1, 'x': -100, 'y': -100, 'z': -100, 'mpry': '0,0,0', 'pitch': 0, 'roll': 1, 'yaw': 2, 'vgx': -3, 'vgy': -5, 'vgz': 0, 'templ': 83, 'temph': 86, 'tof': 10, 'h': 20, 'bat': 92, 'baro': 111.18, 'time': 99, 'agx': 4.0, 'agy': -13.0, 'agz': -989.0}
2022-11-22 00:09:44,039 | INFO | PERIODIC STATE VALUES: {'mid': -1, 'x': -100, 'y': -100, 'z': -100, 'mpry': '0,0,0', 'pitch': -1, 'roll': 2, 'yaw': 2, 'vgx': -3, 'vgy': -6, 'vgz': -2, 'templ': 83, 'temph': 86, 'tof': 10, 'h': 0, 'bat': 92, 'baro': 112.18, 'time': 100, 'agx': 0.0, 'agy': -20.0, 'agz': -997.0}
2022-11-22 00:09:44,555 | INFO | PERIODIC STATE VALUES: {'mid': -1, 'x': -100, 'y': -100, 'z': -100, 'mpry': '0,0,0', 'pitch': -1, 'roll': 2, 'yaw': 2, 'vgx': -3, 'vgy': -7, 'vgz': -1, 'templ': 83, 'temph': 86, 'tof': 10, 'h': 0, 'bat': 92, 'baro': 112.35, 'time': 100, 'agx': -6.0, 'agy': -20.0, 'agz': -1003.0}
2022-11-22 00:09:45,059 | INFO | PERIODIC STATE VALUES: {'mid': -1, 'x': -100, 'y': -100, 'z': -100, 'mpry': '0,0,0', 'pitch': -1, 'roll': 2, 'yaw': 2, 'vgx': 0, 'vgy': 0, 'vgz': 0, 'templ': 84, 'temph': 86, 'tof': 10, 'h': 0, 'bat': 92, 'baro': 112.31, 'time': 100, 'agx': -7.0, 'agy': -23.0, 'agz': -1000.0}
2022-11-22 00:09:45,564 | INFO | PERIODIC STATE VALUES: {'mid': -1, 'x': -100, 'y': -100, 'z': -100, 'mpry': '0,0,0', 'pitch': -1, 'roll': 2, 'yaw': 2, 'vgx': 0, 'vgy': 0, 'vgz': 0, 'templ': 84, 'temph': 86, 'tof': 10, 'h': 0, 'bat': 92, 'baro': 112.32, 'time': 100, 'agx': -8.0, 'agy': -23.0, 'agz': -1002.0}
2022-11-22 00:09:46,068 | INFO | PERIODIC STATE VALUES: {'mid': -1, 'x': -100, 'y': -100, 'z': -100, 'mpry': '0,0,0', 'pitch': 0, 'roll': 2, 'yaw': 3, 'vgx': 0, 'vgy': 0, 'vgz': 0, 'templ': 84, 'temph': 86, 'tof': 10, 'h': 0, 'bat': 92, 'baro': 112.3, 'time': 100, 'agx': -7.0, 'agy': -26.0, 'agz': -1005.0}
2022-11-22 00:09:46,584 | INFO | PERIODIC STATE VALUES: {'mid': -1, 'x': -100, 'y': -100, 'z': -100, 'mpry': '0,0,0', 'pitch': 0, 'roll': 2, 'yaw': 3, 'vgx': 0, 'vgy': 0, 'vgz': 0, 'templ': 84, 'temph': 86, 'tof': 10, 'h': 0, 'bat': 92, 'baro': 112.28, 'time': 100, 'agx': -7.0, 'agy': -24.0, 'agz': -1002.0}
2022-11-22 00:09:47,088 | INFO | PERIODIC STATE VALUES: {'mid': -1, 'x': -100, 'y': -100, 'z': -100, 'mpry': '0,0,0', 'pitch': 0, 'roll': 2, 'yaw': 3, 'vgx': 0, 'vgy': 0, 'vgz': 0, 'templ': 84, 'temph': 87, 'tof': 10, 'h': 0, 'bat': 92, 'baro': 112.26, 'time': 100, 'agx': -6.0, 'agy': -25.0, 'agz': -1001.0}
2022-11-22 00:09:47,606 | INFO | PERIODIC STATE VALUES: {'mid': -1, 'x': -100, 'y': -100, 'z': -100, 'mpry': '0,0,0', 'pitch': 0, 'roll': 2, 'yaw': 3, 'vgx': 0, 'vgy': 0, 'vgz': 0, 'templ': 84, 'temph': 87, 'tof': 10, 'h': 0, 'bat': 92, 'baro': 112.28, 'time': 100, 'agx': -8.0, 'agy': -25.0, 'agz': -1001.0}
2022-11-22 00:09:48,121 | INFO | PERIODIC STATE VALUES: {'mid': -1, 'x': -100, 'y': -100, 'z': -100, 'mpry': '0,0,0', 'pitch': 0, 'roll': 2, 'yaw': 3, 'vgx': 0, 'vgy': 0, 'vgz': 0, 'templ': 84, 'temph': 86, 'tof': 10, 'h': 0, 'bat': 92, 'baro': 112.24, 'time': 100, 'agx': -7.0, 'agy': -26.0, 'agz': -999.0}
2022-11-22 00:09:48,637 | INFO | PERIODIC STATE VALUES: {'mid': -1, 'x': -100, 'y': -100, 'z': -100, 'mpry': '0,0,0', 'pitch': 0, 'roll': 2, 'yaw': 3, 'vgx': 0, 'vgy': 0, 'vgz': 0, 'templ': 84, 'temph': 86, 'tof': 10, 'h': 0, 'bat': 92, 'baro': 112.27, 'time': 100, 'agx': -7.0, 'agy': -26.0, 'agz': -999.0}
2022-11-22 00:09:49,150 | INFO | PERIODIC STATE VALUES: {'mid': -1, 'x': -100, 'y': -100, 'z': -100, 'mpry': '0,0,0', 'pitch': 0, 'roll': 1, 'yaw': 3, 'vgx': 0, 'vgy': 0, 'vgz': 0, 'templ': 84, 'temph': 87, 'tof': 10, 'h': 0, 'bat': 92, 'baro': 112.27, 'time': 100, 'agx': -6.0, 'agy': -24.0, 'agz': -1001.0}
2022-11-22 00:09:49,651 | INFO | PERIODIC STATE VALUES: {'mid': -1, 'x': -100, 'y': -100, 'z': -100, 'mpry': '0,0,0', 'pitch': 0, 'roll': 1, 'yaw': 3, 'vgx': 0, 'vgy': 0, 'vgz': 0, 'templ': 84, 'temph': 87, 'tof': 10, 'h': 0, 'bat': 92, 'baro': 112.23, 'time': 100, 'agx': -7.0, 'agy': -25.0, 'agz': -1000.0}
2022-11-22 00:09:50,168 | INFO | PERIODIC STATE VALUES: {'mid': -1, 'x': -100, 'y': -100, 'z': -100, 'mpry': '0,0,0', 'pitch': 0, 'roll': 1, 'yaw': 3, 'vgx': 0, 'vgy': 0, 'vgz': 0, 'templ': 84, 'temph': 87, 'tof': 10, 'h': 0, 'bat': 92, 'baro': 112.28, 'time': 100, 'agx': -7.0, 'agy': -25.0, 'agz': -1003.0}
2022-11-22 00:09:50,669 | INFO | PERIODIC STATE VALUES: {'mid': -1, 'x': -100, 'y': -100, 'z': -100, 'mpry': '0,0,0', 'pitch': 0, 'roll': 1, 'yaw': 3, 'vgx': 0, 'vgy': 0, 'vgz': 0, 'templ': 84, 'temph': 87, 'tof': 10, 'h': 0, 'bat': 92, 'baro': 112.29, 'time': 100, 'agx': -7.0, 'agy': -25.0, 'agz': -1001.0}
2022-11-22 00:09:51,187 | INFO | PERIODIC STATE VALUES: {'mid': -1, 'x': -100, 'y': -100, 'z': -100, 'mpry': '0,0,0', 'pitch': 0, 'roll': 1, 'yaw': 3, 'vgx': 0, 'vgy': 0, 'vgz': 0, 'templ': 83, 'temph': 87, 'tof': 10, 'h': 0, 'bat': 92, 'baro': 112.23, 'time': 100, 'agx': -7.0, 'agy': -23.0, 'agz': -1001.0}
