2022-11-20 21:55:40,179 | INFO | Tello instance was initialized. Host: '192.168.10.1'. Port: '8889'.
2022-11-20 21:55:40,179 | INFO | Trying to connect to the drone now!
2022-11-20 21:55:40,183 | INFO | Send command: 'command'
2022-11-20 21:55:40,292 | INFO | Response command: 'ok'
2022-11-20 21:55:40,293 | INFO | Connected to the drone successfully.
2022-11-20 21:55:40,308 | INFO | Send command: 'mon'
2022-11-20 21:55:40,308 | INFO | Send command: 'streamon'
2022-11-20 21:55:40,418 | INFO | Response streamon: 'ok'
2022-11-20 21:55:40,418 | INFO | Response mon: 'ok'
2022-11-20 21:55:40,418 | INFO | Send command: 'downvision 1'
2022-11-20 21:55:40,434 | INFO | Send command: 'mdirection 0'
2022-11-20 21:55:40,434 | INFO | Response mdirection 0: 'ok'
2022-11-20 21:55:40,450 | INFO | Send command: 'motoron'
2022-11-20 21:55:40,450 | INFO | Response motoron: 'ok'
2022-11-20 21:55:40,451 | INFO | data goes here
2022-11-20 21:55:40,466 | INFO | Send command: 'attitude?'
2022-11-20 21:55:40,466 | INFO | Response attitude?: 'ok'
2022-11-20 21:55:40,466 | INFO | ATTITUDE: {}
2022-11-20 21:55:40,482 | INFO | Send command: 'baro?'
2022-11-20 21:55:40,483 | INFO | Response baro?: 'pitch:0;roll:1;yaw:-86;'
2022-11-20 21:55:40,528 | INFO | Response downvision 1: '90.626251'
2022-11-20 21:55:40,544 | INFO | Send command: 'downvision 1'
2022-11-20 21:55:40,652 | INFO | Response downvision 1: 'ok'
2022-11-20 21:55:40,668 | INFO | Send command: 'setfps high'
2022-11-20 21:55:40,777 | INFO | Response setfps high: 'ok'
2022-11-20 21:55:40,808 | INFO | PERIODIC STATE VALUES: {'mid': -1, 'x': -100, 'y': -100, 'z': -100, 'mpry': '0,0,0', 'pitch': 0, 'roll': 1, 'yaw': -86, 'vgx': 0, 'vgy': 0, 'vgz': 0, 'templ': 88, 'temph': 90, 'tof': 10, 'h': 0, 'bat': 84, 'baro': 90.63, 'time': 1, 'agx': -6.0, 'agy': -19.0, 'agz': -999.0}
2022-11-20 21:55:41,323 | INFO | PERIODIC STATE VALUES: {'mid': -1, 'x': -100, 'y': -100, 'z': -100, 'mpry': '0,0,0', 'pitch': 0, 'roll': 1, 'yaw': -86, 'vgx': 0, 'vgy': 0, 'vgz': 0, 'templ': 88, 'temph': 91, 'tof': 10, 'h': 0, 'bat': 84, 'baro': 90.68, 'time': 1, 'agx': -13.0, 'agy': -19.0, 'agz': -1000.0}
2022-11-20 21:55:41,826 | INFO | PERIODIC STATE VALUES: {'mid': -1, 'x': -100, 'y': -100, 'z': -100, 'mpry': '0,0,0', 'pitch': 0, 'roll': 1, 'yaw': -86, 'vgx': 0, 'vgy': 0, 'vgz': 0, 'templ': 88, 'temph': 91, 'tof': 10, 'h': 0, 'bat': 83, 'baro': 90.65, 'time': 1, 'agx': -19.0, 'agy': -13.0, 'agz': -998.0}
2022-11-20 21:55:42,332 | INFO | PERIODIC STATE VALUES: {'mid': -1, 'x': -100, 'y': -100, 'z': -100, 'mpry': '0,0,0', 'pitch': 0, 'roll': 1, 'yaw': -86, 'vgx': 0, 'vgy': 0, 'vgz': 0, 'templ': 88, 'temph': 92, 'tof': 10, 'h': 0, 'bat': 83, 'baro': 90.62, 'time': 1, 'agx': -2.0, 'agy': -22.0, 'agz': -998.0}
2022-11-20 21:55:42,834 | INFO | PERIODIC STATE VALUES: {'mid': -1, 'x': -100, 'y': -100, 'z': -100, 'mpry': '0,0,0', 'pitch': 0, 'roll': 1, 'yaw': -86, 'vgx': 0, 'vgy': 0, 'vgz': 0, 'templ': 88, 'temph': 92, 'tof': 10, 'h': 0, 'bat': 83, 'baro': 90.65, 'time': 1, 'agx': -6.0, 'agy': -24.0, 'agz': -999.0}
2022-11-20 21:55:43,337 | INFO | PERIODIC STATE VALUES: {'mid': -1, 'x': -100, 'y': -100, 'z': -100, 'mpry': '0,0,0', 'pitch': 0, 'roll': 1, 'yaw': -86, 'vgx': 0, 'vgy': 0, 'vgz': 0, 'templ': 88, 'temph': 91, 'tof': 10, 'h': 0, 'bat': 83, 'baro': 90.59, 'time': 1, 'agx': -14.0, 'agy': -24.0, 'agz': -1009.0}
2022-11-20 21:55:43,841 | INFO | PERIODIC STATE VALUES: {'mid': -1, 'x': -100, 'y': -100, 'z': -100, 'mpry': '0,0,0', 'pitch': 0, 'roll': 1, 'yaw': -86, 'vgx': 0, 'vgy': 0, 'vgz': 0, 'templ': 88, 'temph': 91, 'tof': 10, 'h': 0, 'bat': 83, 'baro': 90.62, 'time': 1, 'agx': -21.0, 'agy': -14.0, 'agz': -1004.0}
2022-11-20 21:55:44,343 | INFO | PERIODIC STATE VALUES: {'mid': -1, 'x': -100, 'y': -100, 'z': -100, 'mpry': '0,0,0', 'pitch': 0, 'roll': 1, 'yaw': -86, 'vgx': 0, 'vgy': 0, 'vgz': 0, 'templ': 88, 'temph': 91, 'tof': 10, 'h': 0, 'bat': 83, 'baro': 90.63, 'time': 1, 'agx': -14.0, 'agy': -18.0, 'agz': -1003.0}
2022-11-20 21:55:44,845 | INFO | PERIODIC STATE VALUES: {'mid': -1, 'x': -100, 'y': -100, 'z': -100, 'mpry': '0,0,0', 'pitch': 0, 'roll': 1, 'yaw': -86, 'vgx': 0, 'vgy': 0, 'vgz': 0, 'templ': 88, 'temph': 91, 'tof': 10, 'h': 0, 'bat': 83, 'baro': 90.63, 'time': 1, 'agx': -5.0, 'agy': -22.0, 'agz': -1001.0}
2022-11-20 21:55:45,347 | INFO | PERIODIC STATE VALUES: {'mid': -1, 'x': -100, 'y': -100, 'z': -100, 'mpry': '0,0,0', 'pitch': 0, 'roll': 1, 'yaw': -86, 'vgx': 0, 'vgy': 0, 'vgz': 0, 'templ': 88, 'temph': 90, 'tof': 10, 'h': 0, 'bat': 83, 'baro': 90.61, 'time': 1, 'agx': -9.0, 'agy': -25.0, 'agz': -1003.0}
2022-11-20 21:55:45,488 | INFO | Send command: 'takeoff'
2022-11-20 21:55:45,850 | INFO | PERIODIC STATE VALUES: {'mid': -1, 'x': -100, 'y': -100, 'z': -100, 'mpry': '0,0,0', 'pitch': 0, 'roll': 1, 'yaw': -86, 'vgx': 0, 'vgy': 0, 'vgz': 0, 'templ': 88, 'temph': 90, 'tof': 10, 'h': 0, 'bat': 83, 'baro': 90.69, 'time': 2, 'agx': -12.0, 'agy': -25.0, 'agz': -991.0}
2022-11-20 21:55:46,353 | INFO | PERIODIC STATE VALUES: {'mid': -1, 'x': -100, 'y': -100, 'z': -100, 'mpry': '0,0,0', 'pitch': -9, 'roll': 1, 'yaw': -86, 'vgx': 0, 'vgy': 0, 'vgz': 0, 'templ': 89, 'temph': 91, 'tof': 10, 'h': 0, 'bat': 83, 'baro': 91.41, 'time': 2, 'agx': -10.0, 'agy': -23.0, 'agz': -1017.0}
2022-11-20 21:55:46,860 | INFO | PERIODIC STATE VALUES: {'mid': -1, 'x': -100, 'y': -100, 'z': -100, 'mpry': '0,0,0', 'pitch': -3, 'roll': 1, 'yaw': -83, 'vgx': 0, 'vgy': 0, 'vgz': 0, 'templ': 89, 'temph': 91, 'tof': 10, 'h': 0, 'bat': 83, 'baro': 90.69, 'time': 2, 'agx': -1068.0, 'agy': 86.0, 'agz': -650.0}
2022-11-20 21:55:47,365 | INFO | PERIODIC STATE VALUES: {'mid': -1, 'x': -100, 'y': -100, 'z': -100, 'mpry': '0,0,0', 'pitch': 0, 'roll': 1, 'yaw': -82, 'vgx': 0, 'vgy': 0, 'vgz': -2, 'templ': 89, 'temph': 92, 'tof': 10, 'h': 0, 'bat': 83, 'baro': 90.63, 'time': 2, 'agx': -16.0, 'agy': -26.0, 'agz': -993.0}
2022-11-20 21:55:47,475 | INFO | Response takeoff: 'ok'
2022-11-20 21:55:47,870 | INFO | PERIODIC STATE VALUES: {'mid': -1, 'x': -100, 'y': -100, 'z': -100, 'mpry': '0,0,0', 'pitch': 0, 'roll': 1, 'yaw': -82, 'vgx': 0, 'vgy': 0, 'vgz': -3, 'templ': 89, 'temph': 92, 'tof': 10, 'h': 0, 'bat': 83, 'baro': 90.61, 'time': 2, 'agx': -8.0, 'agy': -22.0, 'agz': -995.0}
2022-11-20 21:55:48,387 | INFO | PERIODIC STATE VALUES: {'mid': -1, 'x': -100, 'y': -100, 'z': -100, 'mpry': '0,0,0', 'pitch': 0, 'roll': 1, 'yaw': -82, 'vgx': 0, 'vgy': 0, 'vgz': 0, 'templ': 88, 'temph': 91, 'tof': 10, 'h': 0, 'bat': 83, 'baro': 90.62, 'time': 2, 'agx': -7.0, 'agy': -22.0, 'agz': -995.0}
2022-11-20 21:55:48,903 | INFO | PERIODIC STATE VALUES: {'mid': -1, 'x': -100, 'y': -100, 'z': -100, 'mpry': '0,0,0', 'pitch': 0, 'roll': 1, 'yaw': -82, 'vgx': 0, 'vgy': 0, 'vgz': 0, 'templ': 88, 'temph': 91, 'tof': 10, 'h': 0, 'bat': 83, 'baro': 90.69, 'time': 2, 'agx': -7.0, 'agy': -21.0, 'agz': -996.0}
2022-11-20 21:55:49,419 | INFO | PERIODIC STATE VALUES: {'mid': -1, 'x': -100, 'y': -100, 'z': -100, 'mpry': '0,0,0', 'pitch': 0, 'roll': 1, 'yaw': -82, 'vgx': 0, 'vgy': 0, 'vgz': 0, 'templ': 88, 'temph': 91, 'tof': 10, 'h': 0, 'bat': 83, 'baro': 90.59, 'time': 2, 'agx': -7.0, 'agy': -21.0, 'agz': -995.0}
2022-11-20 21:55:49,935 | INFO | PERIODIC STATE VALUES: {'mid': -1, 'x': -100, 'y': -100, 'z': -100, 'mpry': '0,0,0', 'pitch': 0, 'roll': 1, 'yaw': -82, 'vgx': 0, 'vgy': 0, 'vgz': 0, 'templ': 88, 'temph': 91, 'tof': 10, 'h': 0, 'bat': 83, 'baro': 90.59, 'time': 2, 'agx': -7.0, 'agy': -22.0, 'agz': -991.0}
2022-11-20 21:55:50,438 | INFO | PERIODIC STATE VALUES: {'mid': -1, 'x': -100, 'y': -100, 'z': -100, 'mpry': '0,0,0', 'pitch': 0, 'roll': 1, 'yaw': -82, 'vgx': 0, 'vgy': 0, 'vgz': 0, 'templ': 88, 'temph': 91, 'tof': 10, 'h': 0, 'bat': 83, 'baro': 90.62, 'time': 2, 'agx': -7.0, 'agy': -23.0, 'agz': -993.0}
2022-11-20 21:55:50,941 | INFO | PERIODIC STATE VALUES: {'mid': -1, 'x': -100, 'y': -100, 'z': -100, 'mpry': '0,0,0', 'pitch': 0, 'roll': 1, 'yaw': -82, 'vgx': 0, 'vgy': 0, 'vgz': 0, 'templ': 88, 'temph': 91, 'tof': 10, 'h': 0, 'bat': 83, 'baro': 90.58, 'time': 2, 'agx': -14.0, 'agy': -29.0, 'agz': -982.0}
2022-11-20 21:55:51,443 | INFO | PERIODIC STATE VALUES: {'mid': -1, 'x': -100, 'y': -100, 'z': -100, 'mpry': '0,0,0', 'pitch': 0, 'roll': 4, 'yaw': -109, 'vgx': 1, 'vgy': 0, 'vgz': 0, 'templ': 88, 'temph': 91, 'tof': 10, 'h': 0, 'bat': 83, 'baro': 90.61, 'time': 2, 'agx': 129.0, 'agy': -219.0, 'agz': -1128.0}
2022-11-20 21:55:51,946 | INFO | PERIODIC STATE VALUES: {'mid': -1, 'x': -100, 'y': -100, 'z': -100, 'mpry': '0,0,0', 'pitch': -20, 'roll': 87, 'yaw': -105, 'vgx': 1, 'vgy': 1, 'vgz': 5, 'templ': 88, 'temph': 91, 'tof': 207, 'h': 20, 'bat': 83, 'baro': 90.98, 'time': 2, 'agx': -236.0, 'agy': -432.0, 'agz': -109.0}
2022-11-20 21:55:52,452 | INFO | PERIODIC STATE VALUES: {'mid': -1, 'x': -100, 'y': -100, 'z': -100, 'mpry': '0,0,0', 'pitch': -2, 'roll': 70, 'yaw': -122, 'vgx': 0, 'vgy': 0, 'vgz': 0, 'templ': 88, 'temph': 91, 'tof': 76, 'h': 20, 'bat': 83, 'baro': 91.09, 'time': 2, 'agx': -246.0, 'agy': -700.0, 'agz': -95.0}
2022-11-20 21:55:52,484 | INFO | Send command: 'land'
2022-11-20 21:55:52,592 | INFO | Response land: 'error'
2022-11-20 21:55:52,592 | INFO | Send command: 'land'
2022-11-20 21:55:52,702 | INFO | Response land: 'error'
2022-11-20 21:55:52,717 | INFO | Send command: 'land'
2022-11-20 21:55:52,827 | INFO | Response land: 'error'
