2022-12-03 17:05:21,031 | INFO | Tello instance was initialized. Host: '192.168.10.1'. Port: '8889'.
2022-12-03 17:05:21,032 | INFO | Trying to connect to the drone now!
2022-12-03 17:05:21,038 | INFO | Send command: 'command'
2022-12-03 17:05:21,148 | INFO | Response command: 'ok'
2022-12-03 17:05:22,946 | INFO | Send command: 'mon'
2022-12-03 17:05:23,051 | INFO | Response mon: 'ok'
2022-12-03 17:05:23,067 | INFO | Send command: 'mdirection 0'
2022-12-03 17:05:23,175 | INFO | Response mdirection 0: 'ok'
2022-12-03 17:05:23,191 | INFO | Send command: 'motoron'
2022-12-03 17:05:23,299 | INFO | Response motoron: 'ok'
2022-12-03 17:05:23,314 | INFO | Send command: 'takeoff'
2022-12-03 17:05:26,421 | INFO | Send command: 'cw 180'
2022-12-03 17:05:26,970 | INFO | Response cw 180: 'error Not joystick'
2022-12-03 17:05:26,986 | INFO | Send command: 'cw 180'
2022-12-03 17:05:27,536 | INFO | Response cw 180: 'error Not joystick'
2022-12-03 17:05:27,551 | INFO | Send command: 'cw 180'
2022-12-03 17:05:28,212 | INFO | Response cw 180: 'error Not joystick'
2022-12-03 17:05:29,688 | INFO | Send command: 'cw 180'
2022-12-03 17:05:30,125 | INFO | Response cw 180: 'ok'
2022-12-03 17:05:33,422 | INFO | Response takeoff: 'ok'
2022-12-03 17:05:34,728 | INFO | Send command: 'ccw 180'
2022-12-03 17:05:38,465 | INFO | Response ccw 180: 'ok'
2022-12-03 17:05:39,447 | INFO | Send command: 'down 50'
2022-12-03 17:05:41,603 | INFO | Send command: 'left 50'
2022-12-03 17:05:41,826 | INFO | Response left 50: 'ok'
2022-12-03 17:05:43,624 | INFO | Send command: 'right 50'
2022-12-03 17:05:45,909 | INFO | Response down 50: 'ok'
2022-12-03 17:05:46,011 | INFO | Send command: 'land'
2022-12-03 17:05:47,761 | INFO | Response land: 'ok'
2022-12-03 17:05:50,658 | WARNING | Aborting command 'right 50'. Did not receive a response after 7 seconds
2022-12-03 17:05:50,659 | INFO | Send command: 'right 50'
2022-12-03 17:05:50,988 | INFO | Response right 50: 'error No valid imu'
2022-12-03 17:05:50,989 | INFO | Send command: 'right 50'
2022-12-03 17:05:51,323 | INFO | Response right 50: 'error No valid imu'
