2022-11-20 21:42:55,913 | INFO | Tello instance was initialized. Host: '192.168.10.1'. Port: '8889'.
2022-11-20 21:42:55,914 | INFO | Trying to connect to the drone now!
2022-11-20 21:42:55,924 | INFO | Send command: 'command'
2022-11-20 21:42:56,034 | INFO | Response command: 'ok'
2022-11-20 21:42:56,035 | INFO | Connected to the drone successfully.
2022-11-20 21:42:56,049 | INFO | Send command: 'streamon'
2022-11-20 21:42:56,050 | INFO | Send command: 'mon'
2022-11-20 21:42:56,158 | INFO | Response mon: 'ok'
2022-11-20 21:42:56,159 | INFO | Response streamon: 'ok'
2022-11-20 21:42:56,174 | INFO | Send command: 'downvision 1'
2022-11-20 21:42:56,175 | INFO | Send command: 'mdirection 0'
2022-11-20 21:42:56,285 | INFO | Response mdirection 0: 'ok'
2022-11-20 21:42:56,286 | INFO | Response downvision 1: 'ok'
2022-11-20 21:42:56,301 | INFO | Send command: 'motoron'
2022-11-20 21:42:56,301 | INFO | Send command: 'setfps high'
2022-11-20 21:42:56,410 | INFO | Response setfps high: 'ok'
2022-11-20 21:42:56,410 | INFO | Response motoron: 'ok'
2022-11-20 21:42:56,411 | INFO | data goes here
2022-11-20 21:42:56,426 | INFO | Send command: 'attitude?'
2022-11-20 21:42:56,535 | INFO | Response attitude?: 'pitch:0;roll:0;yaw:179;'
2022-11-20 21:42:56,536 | INFO | ATTITUDE: {'pitch': 0, 'roll': 0, 'yaw': 179}
2022-11-20 21:42:56,550 | INFO | Send command: 'baro?'
2022-11-20 21:42:56,552 | INFO | PERIODIC STATE VALUES: {'mid': -1, 'x': -100, 'y': -100, 'z': -100, 'mpry': '0,0,0', 'pitch': 0, 'roll': 0, 'yaw': 179, 'vgx': 0, 'vgy': 0, 'vgz': 0, 'templ': 100, 'temph': 102, 'tof': 10, 'h': 0, 'bat': 49, 'baro': 93.12, 'time': 45, 'agx': -14.0, 'agy': -12.0, 'agz': -1001.0}
2022-11-20 21:42:56,660 | INFO | Response baro?: '93.147057'
2022-11-20 21:42:56,660 | INFO | BAROMETER: 9314.7057
2022-11-20 21:42:56,676 | INFO | Send command: 'battery?'
2022-11-20 21:42:56,786 | INFO | Response battery?: '49'
2022-11-20 21:42:56,787 | INFO | BATTERY: 49
2022-11-20 21:42:56,802 | INFO | Send command: 'tof?'
2022-11-20 21:42:56,919 | INFO | Response tof?: '100mm'
2022-11-20 21:42:56,919 | INFO | TOF_DISTANCE: 10.0 
2022-11-20 21:42:56,929 | INFO | Send command: 'wifi?'
2022-11-20 21:42:57,038 | INFO | Response wifi?: '0'
2022-11-20 21:42:57,039 | INFO | WIFI_SIGNAL_NOISE RATIO: 0
2022-11-20 21:42:57,053 | INFO | Send command: 'sdk?'
2022-11-20 21:42:57,054 | INFO | PERIODIC STATE VALUES: {'mid': -1, 'x': -100, 'y': -100, 'z': -100, 'mpry': '0,0,0', 'pitch': 0, 'roll': 0, 'yaw': -179, 'vgx': 0, 'vgy': 0, 'vgz': 0, 'templ': 100, 'temph': 102, 'tof': 10, 'h': 0, 'bat': 49, 'baro': 93.07, 'time': 45, 'agx': -15.0, 'agy': -14.0, 'agz': -1003.0}
2022-11-20 21:42:57,164 | INFO | Response sdk?: '30'
2022-11-20 21:42:57,166 | INFO | SDK VERSION: 30
2022-11-20 21:42:57,180 | INFO | Send command: 'sn?'
2022-11-20 21:42:57,290 | INFO | Response sn?: '0TQZK7JCNT2468'
2022-11-20 21:42:57,291 | INFO | SERIAL NUMBER: 0TQZK7JCNT2468
2022-11-20 21:42:57,558 | INFO | PERIODIC STATE VALUES: {'mid': -1, 'x': -100, 'y': -100, 'z': -100, 'mpry': '0,0,0', 'pitch': 0, 'roll': 0, 'yaw': -179, 'vgx': 0, 'vgy': 0, 'vgz': 0, 'templ': 100, 'temph': 102, 'tof': 10, 'h': 0, 'bat': 49, 'baro': 93.14, 'time': 45, 'agx': -12.0, 'agy': -12.0, 'agz': -1000.0}
2022-11-20 21:42:58,066 | INFO | PERIODIC STATE VALUES: {'mid': -1, 'x': -100, 'y': -100, 'z': -100, 'mpry': '0,0,0', 'pitch': 0, 'roll': 0, 'yaw': -179, 'vgx': 0, 'vgy': 0, 'vgz': 0, 'templ': 100, 'temph': 102, 'tof': 10, 'h': 0, 'bat': 49, 'baro': 93.14, 'time': 45, 'agx': -12.0, 'agy': -10.0, 'agz': -997.0}
2022-11-20 21:42:58,571 | INFO | PERIODIC STATE VALUES: {'mid': -1, 'x': -100, 'y': -100, 'z': -100, 'mpry': '0,0,0', 'pitch': 0, 'roll': 0, 'yaw': -179, 'vgx': 0, 'vgy': 0, 'vgz': 0, 'templ': 100, 'temph': 102, 'tof': 10, 'h': 0, 'bat': 49, 'baro': 93.15, 'time': 45, 'agx': -7.0, 'agy': -12.0, 'agz': -998.0}
2022-11-20 21:42:59,084 | INFO | PERIODIC STATE VALUES: {'mid': -1, 'x': -100, 'y': -100, 'z': -100, 'mpry': '0,0,0', 'pitch': 0, 'roll': 0, 'yaw': -179, 'vgx': 0, 'vgy': 0, 'vgz': 0, 'templ': 100, 'temph': 102, 'tof': 10, 'h': 0, 'bat': 49, 'baro': 93.19, 'time': 45, 'agx': -18.0, 'agy': -12.0, 'agz': -1006.0}
2022-11-20 21:42:59,587 | INFO | PERIODIC STATE VALUES: {'mid': -1, 'x': -100, 'y': -100, 'z': -100, 'mpry': '0,0,0', 'pitch': 0, 'roll': 0, 'yaw': -179, 'vgx': 0, 'vgy': 0, 'vgz': 0, 'templ': 100, 'temph': 102, 'tof': 10, 'h': 0, 'bat': 49, 'baro': 93.28, 'time': 45, 'agx': -15.0, 'agy': -14.0, 'agz': -1004.0}
2022-11-20 21:43:00,089 | INFO | PERIODIC STATE VALUES: {'mid': -1, 'x': -100, 'y': -100, 'z': -100, 'mpry': '0,0,0', 'pitch': 0, 'roll': 0, 'yaw': -179, 'vgx': 0, 'vgy': 0, 'vgz': 0, 'templ': 99, 'temph': 102, 'tof': 10, 'h': 0, 'bat': 49, 'baro': 93.27, 'time': 45, 'agx': -9.0, 'agy': -13.0, 'agz': -994.0}
2022-11-20 21:43:00,593 | INFO | PERIODIC STATE VALUES: {'mid': -1, 'x': -100, 'y': -100, 'z': -100, 'mpry': '0,0,0', 'pitch': 0, 'roll': 0, 'yaw': -179, 'vgx': 0, 'vgy': 0, 'vgz': 0, 'templ': 99, 'temph': 102, 'tof': 10, 'h': 0, 'bat': 49, 'baro': 93.34, 'time': 45, 'agx': -9.0, 'agy': -13.0, 'agz': -996.0}
2022-11-20 21:43:01,110 | INFO | PERIODIC STATE VALUES: {'mid': -1, 'x': -100, 'y': -100, 'z': -100, 'mpry': '0,0,0', 'pitch': 0, 'roll': 0, 'yaw': -179, 'vgx': 0, 'vgy': 0, 'vgz': 0, 'templ': 100, 'temph': 103, 'tof': 10, 'h': 0, 'bat': 49, 'baro': 93.36, 'time': 45, 'agx': -17.0, 'agy': -11.0, 'agz': -1001.0}
2022-11-20 21:43:01,624 | INFO | PERIODIC STATE VALUES: {'mid': -1, 'x': -100, 'y': -100, 'z': -100, 'mpry': '0,0,0', 'pitch': 0, 'roll': 0, 'yaw': -179, 'vgx': 0, 'vgy': 0, 'vgz': 0, 'templ': 100, 'temph': 103, 'tof': 10, 'h': 0, 'bat': 49, 'baro': 93.37, 'time': 45, 'agx': -12.0, 'agy': -15.0, 'agz': -997.0}
2022-11-20 21:43:02,140 | INFO | PERIODIC STATE VALUES: {'mid': -1, 'x': -100, 'y': -100, 'z': -100, 'mpry': '0,0,0', 'pitch': 0, 'roll': 0, 'yaw': -179, 'vgx': 0, 'vgy': 0, 'vgz': 0, 'templ': 99, 'temph': 103, 'tof': 10, 'h': 0, 'bat': 49, 'baro': 93.41, 'time': 45, 'agx': -13.0, 'agy': -13.0, 'agz': -999.0}
2022-11-20 21:43:02,295 | INFO | Send command: 'takeoff'
2022-11-20 21:43:02,644 | INFO | PERIODIC STATE VALUES: {'mid': -1, 'x': -100, 'y': -100, 'z': -100, 'mpry': '0,0,0', 'pitch': 0, 'roll': 0, 'yaw': -179, 'vgx': 0, 'vgy': 0, 'vgz': 0, 'templ': 99, 'temph': 103, 'tof': 10, 'h': 0, 'bat': 49, 'baro': 93.4, 'time': 45, 'agx': -12.0, 'agy': -13.0, 'agz': -1002.0}
2022-11-20 21:43:03,147 | INFO | PERIODIC STATE VALUES: {'mid': -1, 'x': -100, 'y': -100, 'z': -100, 'mpry': '0,0,0', 'pitch': -1, 'roll': 0, 'yaw': -179, 'vgx': 0, 'vgy': 0, 'vgz': 0, 'templ': 100, 'temph': 102, 'tof': 10, 'h': 0, 'bat': 49, 'baro': 93.67, 'time': 46, 'agx': -36.0, 'agy': -15.0, 'agz': -1035.0}
2022-11-20 21:43:03,655 | INFO | PERIODIC STATE VALUES: {'mid': -1, 'x': -100, 'y': -100, 'z': -100, 'mpry': '0,0,0', 'pitch': -40, 'roll': 0, 'yaw': -178, 'vgx': 0, 'vgy': 0, 'vgz': 0, 'templ': 100, 'temph': 102, 'tof': 10, 'h': 0, 'bat': 49, 'baro': 93.45, 'time': 46, 'agx': -625.0, 'agy': 29.0, 'agz': -578.0}
2022-11-20 21:43:04,159 | INFO | PERIODIC STATE VALUES: {'mid': -1, 'x': -100, 'y': -100, 'z': -100, 'mpry': '0,0,0', 'pitch': 0, 'roll': 0, 'yaw': -177, 'vgx': 0, 'vgy': 0, 'vgz': 1, 'templ': 100, 'temph': 102, 'tof': 10, 'h': 0, 'bat': 49, 'baro': 93.42, 'time': 46, 'agx': -21.0, 'agy': -9.0, 'agz': -1013.0}
2022-11-20 21:43:04,396 | INFO | Response takeoff: 'ok'
2022-11-20 21:43:04,662 | INFO | PERIODIC STATE VALUES: {'mid': -1, 'x': -100, 'y': -100, 'z': -100, 'mpry': '0,0,0', 'pitch': 0, 'roll': 0, 'yaw': -177, 'vgx': 0, 'vgy': 0, 'vgz': 0, 'templ': 100, 'temph': 102, 'tof': 10, 'h': 0, 'bat': 49, 'baro': 93.4, 'time': 46, 'agx': -8.0, 'agy': -11.0, 'agz': -1005.0}
2022-11-20 21:43:05,165 | INFO | PERIODIC STATE VALUES: {'mid': -1, 'x': -100, 'y': -100, 'z': -100, 'mpry': '0,0,0', 'pitch': 0, 'roll': 0, 'yaw': -177, 'vgx': 0, 'vgy': 0, 'vgz': 0, 'templ': 99, 'temph': 101, 'tof': 10, 'h': 0, 'bat': 49, 'baro': 93.38, 'time': 46, 'agx': -14.0, 'agy': -14.0, 'agz': -1000.0}
2022-11-20 21:43:05,671 | INFO | PERIODIC STATE VALUES: {'mid': -1, 'x': -100, 'y': -100, 'z': -100, 'mpry': '0,0,0', 'pitch': 0, 'roll': 0, 'yaw': -177, 'vgx': 0, 'vgy': 0, 'vgz': 0, 'templ': 99, 'temph': 101, 'tof': 10, 'h': 0, 'bat': 49, 'baro': 93.42, 'time': 46, 'agx': -14.0, 'agy': -11.0, 'agz': -998.0}
2022-11-20 21:43:06,184 | INFO | PERIODIC STATE VALUES: {'mid': -1, 'x': -100, 'y': -100, 'z': -100, 'mpry': '0,0,0', 'pitch': 0, 'roll': 0, 'yaw': -177, 'vgx': 0, 'vgy': 0, 'vgz': 0, 'templ': 98, 'temph': 101, 'tof': 10, 'h': 0, 'bat': 49, 'baro': 93.41, 'time': 46, 'agx': -14.0, 'agy': -13.0, 'agz': -1001.0}
2022-11-20 21:43:06,689 | INFO | PERIODIC STATE VALUES: {'mid': -1, 'x': -100, 'y': -100, 'z': -100, 'mpry': '0,0,0', 'pitch': 0, 'roll': 0, 'yaw': -177, 'vgx': 0, 'vgy': 0, 'vgz': 0, 'templ': 98, 'temph': 101, 'tof': 10, 'h': 0, 'bat': 49, 'baro': 93.36, 'time': 46, 'agx': -14.0, 'agy': -12.0, 'agz': -1001.0}
2022-11-20 21:43:07,206 | INFO | PERIODIC STATE VALUES: {'mid': -1, 'x': -100, 'y': -100, 'z': -100, 'mpry': '0,0,0', 'pitch': 0, 'roll': 0, 'yaw': -177, 'vgx': 0, 'vgy': 0, 'vgz': 0, 'templ': 99, 'temph': 102, 'tof': 10, 'h': 0, 'bat': 49, 'baro': 93.34, 'time': 46, 'agx': -12.0, 'agy': -13.0, 'agz': -1001.0}
2022-11-20 21:43:07,708 | INFO | PERIODIC STATE VALUES: {'mid': -1, 'x': -100, 'y': -100, 'z': -100, 'mpry': '0,0,0', 'pitch': 0, 'roll': 0, 'yaw': -177, 'vgx': 0, 'vgy': 0, 'vgz': 0, 'templ': 99, 'temph': 102, 'tof': 10, 'h': 0, 'bat': 49, 'baro': 93.3, 'time': 46, 'agx': -12.0, 'agy': -13.0, 'agz': -1000.0}
2022-11-20 21:43:08,210 | INFO | PERIODIC STATE VALUES: {'mid': -1, 'x': -100, 'y': -100, 'z': -100, 'mpry': '0,0,0', 'pitch': 0, 'roll': 0, 'yaw': -177, 'vgx': 0, 'vgy': 0, 'vgz': 0, 'templ': 99, 'temph': 101, 'tof': 10, 'h': 0, 'bat': 49, 'baro': 93.31, 'time': 46, 'agx': -11.0, 'agy': -11.0, 'agz': -1000.0}
2022-11-20 21:43:08,713 | INFO | PERIODIC STATE VALUES: {'mid': -1, 'x': -100, 'y': -100, 'z': -100, 'mpry': '0,0,0', 'pitch': 0, 'roll': 0, 'yaw': -177, 'vgx': 0, 'vgy': 0, 'vgz': 0, 'templ': 99, 'temph': 101, 'tof': 10, 'h': 0, 'bat': 49, 'baro': 93.35, 'time': 46, 'agx': -14.0, 'agy': -12.0, 'agz': -1001.0}
2022-11-20 21:43:09,229 | INFO | PERIODIC STATE VALUES: {'mid': -1, 'x': -100, 'y': -100, 'z': -100, 'mpry': '0,0,0', 'pitch': 0, 'roll': 0, 'yaw': -177, 'vgx': 0, 'vgy': 0, 'vgz': 0, 'templ': 99, 'temph': 101, 'tof': 10, 'h': 0, 'bat': 49, 'baro': 93.37, 'time': 46, 'agx': -13.0, 'agy': -12.0, 'agz': -998.0}
2022-11-20 21:43:09,401 | INFO | Send command: 'land'
2022-11-20 21:43:09,511 | INFO | Response land: 'error'
2022-11-20 21:43:09,511 | INFO | Send command: 'land'
2022-11-20 21:43:09,619 | INFO | Response land: 'error'
2022-11-20 21:43:09,635 | INFO | Send command: 'land'
2022-11-20 21:43:09,745 | INFO | PERIODIC STATE VALUES: {'mid': -1, 'x': -100, 'y': -100, 'z': -100, 'mpry': '0,0,0', 'pitch': 0, 'roll': 0, 'yaw': -177, 'vgx': 0, 'vgy': 0, 'vgz': 0, 'templ': 99, 'temph': 101, 'tof': 10, 'h': 0, 'bat': 49, 'baro': 93.36, 'time': 46, 'agx': -14.0, 'agy': -12.0, 'agz': -1002.0}
2022-11-20 21:43:09,746 | INFO | Response land: 'error'
