2022-12-01 11:50:02,714 | INFO | Tello instance was initialized. Host: '192.168.10.1'. Port: '8889'.
2022-12-01 11:50:02,715 | INFO | Trying to connect to the drone now!
2022-12-01 11:50:02,723 | INFO | Send command: 'command'
2022-12-01 11:50:02,832 | INFO | Response command: 'ok'
2022-12-01 11:50:02,833 | INFO | Connected to the drone successfully.
2022-12-01 11:50:02,895 | INFO | Send command: 'streamon'
2022-12-01 11:50:02,896 | INFO | Send command: 'mon'
2022-12-01 11:50:03,004 | INFO | Response streamon: 'ok'
2022-12-01 11:50:03,004 | INFO | Response mon: 'ok'
2022-12-01 11:50:03,004 | INFO | Send command: 'downvision 0'
2022-12-01 11:50:03,019 | INFO | Send command: 'mdirection 0'
2022-12-01 11:50:03,019 | INFO | Response mdirection 0: 'ok'
2022-12-01 11:50:03,034 | INFO | Send command: 'motoron'
2022-12-01 11:50:03,034 | INFO | Response motoron: 'ok'
2022-12-01 11:50:03,035 | INFO | data goes here
2022-12-01 11:50:03,050 | INFO | Send command: 'attitude?'
2022-12-01 11:50:03,050 | INFO | Response attitude?: 'ok'
2022-12-01 11:50:03,050 | INFO | ATTITUDE: {}
2022-12-01 11:50:03,050 | INFO | Send command: 'baro?'
2022-12-01 11:50:03,113 | INFO | Response downvision 0: 'pitch:0;roll:0;yaw:6;'
2022-12-01 11:50:03,129 | INFO | Send command: 'downvision 0'
2022-12-01 11:50:03,130 | INFO | Response downvision 0: '93.984230'
2022-12-01 11:50:03,144 | INFO | Send command: 'downvision 0'
2022-12-01 11:50:03,145 | INFO | Response downvision 0: 'ok'
2022-12-01 11:50:03,160 | INFO | Send command: 'setfps high'
2022-12-01 11:50:03,160 | INFO | Response baro?: 'ok'
2022-12-01 11:50:03,269 | INFO | Response setfps high: 'ok'
2022-12-01 11:50:03,364 | INFO | PERIODIC STATE VALUES: {'mid': -1, 'x': -100, 'y': -100, 'z': -100, 'mpry': '0,0,0', 'pitch': 0, 'roll': 0, 'yaw': 6, 'vgx': 0, 'vgy': 0, 'vgz': 0, 'templ': 90, 'temph': 93, 'tof': 10, 'h': 0, 'bat': 65, 'baro': 94.02, 'time': 77, 'agx': -9.0, 'agy': -10.0, 'agz': -1000.0}
2022-12-01 11:50:03,911 | INFO | PERIODIC STATE VALUES: {'mid': -1, 'x': -100, 'y': -100, 'z': -100, 'mpry': '0,0,0', 'pitch': 0, 'roll': 0, 'yaw': 6, 'vgx': 0, 'vgy': 0, 'vgz': 0, 'templ': 91, 'temph': 92, 'tof': 10, 'h': 0, 'bat': 65, 'baro': 94.09, 'time': 77, 'agx': -8.0, 'agy': -10.0, 'agz': -1002.0}
2022-12-01 11:50:04,412 | INFO | PERIODIC STATE VALUES: {'mid': -1, 'x': -100, 'y': -100, 'z': -100, 'mpry': '0,0,0', 'pitch': 0, 'roll': 0, 'yaw': 6, 'vgx': 0, 'vgy': 0, 'vgz': 0, 'templ': 91, 'temph': 92, 'tof': 10, 'h': 0, 'bat': 65, 'baro': 94.17, 'time': 77, 'agx': -4.0, 'agy': -13.0, 'agz': -997.0}
2022-12-01 11:50:04,918 | INFO | PERIODIC STATE VALUES: {'mid': -1, 'x': -100, 'y': -100, 'z': -100, 'mpry': '0,0,0', 'pitch': 0, 'roll': 0, 'yaw': 6, 'vgx': 0, 'vgy': 0, 'vgz': 0, 'templ': 91, 'temph': 94, 'tof': 10, 'h': 0, 'bat': 65, 'baro': 94.29, 'time': 77, 'agx': -4.0, 'agy': -9.0, 'agz': -1007.0}
2022-12-01 11:50:05,420 | INFO | PERIODIC STATE VALUES: {'mid': -1, 'x': -100, 'y': -100, 'z': -100, 'mpry': '0,0,0', 'pitch': 0, 'roll': 0, 'yaw': 6, 'vgx': 0, 'vgy': 0, 'vgz': 0, 'templ': 91, 'temph': 94, 'tof': 10, 'h': 0, 'bat': 65, 'baro': 94.34, 'time': 77, 'agx': -3.0, 'agy': -13.0, 'agz': -1008.0}
2022-12-01 11:50:05,937 | INFO | PERIODIC STATE VALUES: {'mid': -1, 'x': -100, 'y': -100, 'z': -100, 'mpry': '0,0,0', 'pitch': 0, 'roll': 0, 'yaw': 6, 'vgx': 0, 'vgy': 0, 'vgz': 0, 'templ': 92, 'temph': 94, 'tof': 10, 'h': 0, 'bat': 65, 'baro': 94.38, 'time': 77, 'agx': -4.0, 'agy': -13.0, 'agz': -1002.0}
2022-12-01 11:50:06,451 | INFO | PERIODIC STATE VALUES: {'mid': -1, 'x': -100, 'y': -100, 'z': -100, 'mpry': '0,0,0', 'pitch': 0, 'roll': 0, 'yaw': 6, 'vgx': 0, 'vgy': 0, 'vgz': 0, 'templ': 92, 'temph': 94, 'tof': 10, 'h': 0, 'bat': 65, 'baro': 94.5, 'time': 77, 'agx': -9.0, 'agy': -11.0, 'agz': -996.0}
2022-12-01 11:50:06,954 | INFO | PERIODIC STATE VALUES: {'mid': -1, 'x': -100, 'y': -100, 'z': -100, 'mpry': '0,0,0', 'pitch': 0, 'roll': 0, 'yaw': 6, 'vgx': 0, 'vgy': 0, 'vgz': 0, 'templ': 91, 'temph': 94, 'tof': 10, 'h': 0, 'bat': 65, 'baro': 94.54, 'time': 77, 'agx': -7.0, 'agy': -9.0, 'agz': -996.0}
2022-12-01 11:50:07,459 | INFO | PERIODIC STATE VALUES: {'mid': -1, 'x': -100, 'y': -100, 'z': -100, 'mpry': '0,0,0', 'pitch': 0, 'roll': 0, 'yaw': 6, 'vgx': 0, 'vgy': 0, 'vgz': 0, 'templ': 91, 'temph': 94, 'tof': 10, 'h': 0, 'bat': 65, 'baro': 94.55, 'time': 77, 'agx': -10.0, 'agy': -11.0, 'agz': -1000.0}
2022-12-01 11:50:07,963 | INFO | PERIODIC STATE VALUES: {'mid': -1, 'x': -100, 'y': -100, 'z': -100, 'mpry': '0,0,0', 'pitch': 0, 'roll': 0, 'yaw': 6, 'vgx': 0, 'vgy': 0, 'vgz': 0, 'templ': 91, 'temph': 94, 'tof': 10, 'h': 0, 'bat': 65, 'baro': 94.51, 'time': 77, 'agx': -9.0, 'agy': -15.0, 'agz': -1000.0}
2022-12-01 11:50:08,167 | INFO | Send command: 'takeoff'
2022-12-01 11:50:08,467 | INFO | PERIODIC STATE VALUES: {'mid': -1, 'x': -100, 'y': -100, 'z': -100, 'mpry': '0,0,0', 'pitch': 0, 'roll': 0, 'yaw': 6, 'vgx': 0, 'vgy': 0, 'vgz': 0, 'templ': 91, 'temph': 94, 'tof': 10, 'h': 0, 'bat': 65, 'baro': 94.5, 'time': 77, 'agx': -9.0, 'agy': -12.0, 'agz': -1002.0}
2022-12-01 11:50:08,974 | INFO | PERIODIC STATE VALUES: {'mid': -1, 'x': -100, 'y': -100, 'z': -100, 'mpry': '0,0,0', 'pitch': 0, 'roll': 0, 'yaw': 6, 'vgx': 0, 'vgy': 0, 'vgz': 1, 'templ': 92, 'temph': 94, 'tof': 10, 'h': 10, 'bat': 65, 'baro': 94.5, 'time': 78, 'agx': 7.0, 'agy': -28.0, 'agz': -1117.0}
2022-12-01 11:50:09,550 | INFO | PERIODIC STATE VALUES: {'mid': -1, 'x': -100, 'y': -100, 'z': -100, 'mpry': '0,0,0', 'pitch': 0, 'roll': 0, 'yaw': 5, 'vgx': 0, 'vgy': 0, 'vgz': 8, 'templ': 92, 'temph': 94, 'tof': 34, 'h': 50, 'bat': 65, 'baro': 95.01, 'time': 78, 'agx': -8.0, 'agy': -2.0, 'agz': -926.0}
2022-12-01 11:50:10,060 | INFO | PERIODIC STATE VALUES: {'mid': -1, 'x': -100, 'y': -100, 'z': -100, 'mpry': '0,0,0', 'pitch': 0, 'roll': 0, 'yaw': 5, 'vgx': 0, 'vgy': 0, 'vgz': 2, 'templ': 92, 'temph': 94, 'tof': 55, 'h': 80, 'bat': 65, 'baro': 95.29, 'time': 79, 'agx': -13.0, 'agy': -21.0, 'agz': -870.0}
2022-12-01 11:50:10,569 | INFO | PERIODIC STATE VALUES: {'mid': 4, 'x': -4, 'y': -3, 'z': 51, 'mpry': '2,88,-177', 'pitch': -1, 'roll': 1, 'yaw': 5, 'vgx': 0, 'vgy': 0, 'vgz': -1, 'templ': 92, 'temph': 94, 'tof': 44, 'h': 80, 'bat': 65, 'baro': 95.16, 'time': 79, 'agx': 17.0, 'agy': -15.0, 'agz': -992.0}
2022-12-01 11:50:11,078 | INFO | PERIODIC STATE VALUES: {'mid': 4, 'x': -14, 'y': -11, 'z': 40, 'mpry': '1,87,-179', 'pitch': 0, 'roll': 1, 'yaw': 5, 'vgx': 0, 'vgy': 0, 'vgz': 0, 'templ': 92, 'temph': 94, 'tof': 28, 'h': 70, 'bat': 65, 'baro': 95.16, 'time': 80, 'agx': -9.0, 'agy': -13.0, 'agz': -1043.0}
2022-12-01 11:50:11,586 | INFO | PERIODIC STATE VALUES: {'mid': 4, 'x': -14, 'y': -11, 'z': 40, 'mpry': '1,87,-179', 'pitch': 0, 'roll': 1, 'yaw': 5, 'vgx': 0, 'vgy': 0, 'vgz': 0, 'templ': 92, 'temph': 94, 'tof': 20, 'h': 60, 'bat': 65, 'baro': 94.99, 'time': 80, 'agx': 2.0, 'agy': -20.0, 'agz': -1029.0}
2022-12-01 11:50:12,092 | INFO | PERIODIC STATE VALUES: {'mid': 4, 'x': -14, 'y': -11, 'z': 40, 'mpry': '1,87,-179', 'pitch': 0, 'roll': 0, 'yaw': 5, 'vgx': 0, 'vgy': 0, 'vgz': 1, 'templ': 92, 'temph': 94, 'tof': 18, 'h': 60, 'bat': 65, 'baro': 95.04, 'time': 81, 'agx': 0.0, 'agy': -12.0, 'agz': -1023.0}
2022-12-01 11:50:12,596 | INFO | PERIODIC STATE VALUES: {'mid': 4, 'x': -14, 'y': -11, 'z': 40, 'mpry': '1,87,-179', 'pitch': -1, 'roll': 1, 'yaw': 5, 'vgx': 0, 'vgy': 0, 'vgz': 1, 'templ': 92, 'temph': 94, 'tof': 22, 'h': 60, 'bat': 65, 'baro': 95.15, 'time': 81, 'agx': 13.0, 'agy': -10.0, 'agz': -977.0}
2022-12-01 11:50:13,101 | INFO | PERIODIC STATE VALUES: {'mid': 4, 'x': -14, 'y': -11, 'z': 40, 'mpry': '1,87,-179', 'pitch': -1, 'roll': 1, 'yaw': 5, 'vgx': 0, 'vgy': 0, 'vgz': 1, 'templ': 91, 'temph': 94, 'tof': 24, 'h': 70, 'bat': 65, 'baro': 95.18, 'time': 82, 'agx': 0.0, 'agy': -20.0, 'agz': -1000.0}
2022-12-01 11:50:13,611 | INFO | PERIODIC STATE VALUES: {'mid': 4, 'x': -14, 'y': -11, 'z': 40, 'mpry': '1,87,-179', 'pitch': 0, 'roll': 1, 'yaw': 5, 'vgx': 0, 'vgy': 0, 'vgz': 1, 'templ': 91, 'temph': 94, 'tof': 26, 'h': 70, 'bat': 65, 'baro': 95.25, 'time': 82, 'agx': 0.0, 'agy': -14.0, 'agz': -999.0}
2022-12-01 11:50:14,115 | INFO | PERIODIC STATE VALUES: {'mid': 4, 'x': -14, 'y': -11, 'z': 40, 'mpry': '1,87,-179', 'pitch': 0, 'roll': 1, 'yaw': 5, 'vgx': 0, 'vgy': 0, 'vgz': 1, 'templ': 91, 'temph': 94, 'tof': 29, 'h': 70, 'bat': 65, 'baro': 95.4, 'time': 83, 'agx': -8.0, 'agy': -7.0, 'agz': -994.0}
2022-12-01 11:50:14,622 | INFO | PERIODIC STATE VALUES: {'mid': 4, 'x': -14, 'y': -11, 'z': 40, 'mpry': '1,87,-179', 'pitch': 0, 'roll': 1, 'yaw': 5, 'vgx': 0, 'vgy': 0, 'vgz': 1, 'templ': 91, 'temph': 94, 'tof': 34, 'h': 70, 'bat': 65, 'baro': 95.34, 'time': 83, 'agx': -15.0, 'agy': -10.0, 'agz': -1011.0}
2022-12-01 11:50:15,129 | INFO | PERIODIC STATE VALUES: {'mid': 4, 'x': -14, 'y': -11, 'z': 40, 'mpry': '1,87,-179', 'pitch': 0, 'roll': 1, 'yaw': 5, 'vgx': 0, 'vgy': 0, 'vgz': 1, 'templ': 91, 'temph': 94, 'tof': 40, 'h': 70, 'bat': 65, 'baro': 95.31, 'time': 84, 'agx': 5.0, 'agy': -11.0, 'agz': -1015.0}
2022-12-01 11:50:15,631 | INFO | PERIODIC STATE VALUES: {'mid': 4, 'x': -14, 'y': -11, 'z': 40, 'mpry': '1,87,-179', 'pitch': 0, 'roll': 1, 'yaw': 5, 'vgx': 0, 'vgy': 0, 'vgz': 1, 'templ': 91, 'temph': 94, 'tof': 50, 'h': 70, 'bat': 65, 'baro': 95.35, 'time': 84, 'agx': 0.0, 'agy': -23.0, 'agz': -1006.0}
2022-12-01 11:50:16,139 | INFO | PERIODIC STATE VALUES: {'mid': 4, 'x': -14, 'y': -11, 'z': 40, 'mpry': '1,87,-179', 'pitch': 0, 'roll': 1, 'yaw': 5, 'vgx': 0, 'vgy': 0, 'vgz': 1, 'templ': 90, 'temph': 93, 'tof': 66, 'h': 70, 'bat': 65, 'baro': 95.44, 'time': 85, 'agx': -7.0, 'agy': -12.0, 'agz': -966.0}
2022-12-01 11:50:16,646 | INFO | PERIODIC STATE VALUES: {'mid': -1, 'x': -100, 'y': -100, 'z': -100, 'mpry': '0,0,0', 'pitch': 0, 'roll': 1, 'yaw': 5, 'vgx': 0, 'vgy': 0, 'vgz': 0, 'templ': 90, 'temph': 93, 'tof': 72, 'h': 80, 'bat': 65, 'baro': 95.53, 'time': 85, 'agx': -11.0, 'agy': -20.0, 'agz': -973.0}
2022-12-01 11:50:17,024 | INFO | Response takeoff: 'ok'
2022-12-01 11:50:17,024 | INFO | Send command: 'land'
2022-12-01 11:50:17,151 | INFO | PERIODIC STATE VALUES: {'mid': 4, 'x': -40, 'y': -10, 'z': 71, 'mpry': '7,85,174', 'pitch': 0, 'roll': 1, 'yaw': 5, 'vgx': 0, 'vgy': 0, 'vgz': 0, 'templ': 90, 'temph': 92, 'tof': 74, 'h': 80, 'bat': 65, 'baro': 95.41, 'time': 86, 'agx': -1.0, 'agy': -19.0, 'agz': -1006.0}
2022-12-01 11:50:17,657 | INFO | PERIODIC STATE VALUES: {'mid': 4, 'x': -40, 'y': -10, 'z': 71, 'mpry': '7,85,174', 'pitch': 0, 'roll': 2, 'yaw': 5, 'vgx': 0, 'vgy': 0, 'vgz': 0, 'templ': 90, 'temph': 92, 'tof': 75, 'h': 80, 'bat': 65, 'baro': 95.35, 'time': 86, 'agx': -5.0, 'agy': -6.0, 'agz': -970.0}
