2022-11-20 21:54:02,819 | INFO | Tello instance was initialized. Host: '192.168.10.1'. Port: '8889'.
2022-11-20 21:54:02,820 | INFO | Trying to connect to the drone now!
2022-11-20 21:54:02,828 | INFO | Send command: 'command'
2022-11-20 21:54:02,938 | INFO | Response command: 'ok'
2022-11-20 21:54:02,939 | INFO | Connected to the drone successfully.
2022-11-20 21:54:02,954 | INFO | Send command: 'mon'
2022-11-20 21:54:02,954 | INFO | Send command: 'streamon'
2022-11-20 21:54:03,064 | INFO | Response streamon: 'ok'
2022-11-20 21:54:03,064 | INFO | Response mon: 'ok'
2022-11-20 21:54:03,080 | INFO | Send command: 'mdirection 0'
2022-11-20 21:54:03,081 | INFO | Send command: 'downvision 1'
2022-11-20 21:54:03,189 | INFO | Response downvision 1: 'ok'
2022-11-20 21:54:03,189 | INFO | Response mdirection 0: 'ok'
2022-11-20 21:54:03,204 | INFO | Send command: 'motoron'
2022-11-20 21:54:03,205 | INFO | Send command: 'setfps high'
2022-11-20 21:54:03,314 | INFO | Response setfps high: 'ok'
2022-11-20 21:54:03,314 | INFO | Response motoron: 'ok'
2022-11-20 21:54:03,315 | INFO | data goes here
2022-11-20 21:54:03,330 | INFO | Send command: 'attitude?'
2022-11-20 21:54:03,439 | INFO | Response attitude?: 'pitch:0;roll:0;yaw:0;'
2022-11-20 21:54:03,439 | INFO | ATTITUDE: {'pitch': 0, 'roll': 0, 'yaw': 0}
2022-11-20 21:54:03,455 | INFO | Send command: 'baro?'
2022-11-20 21:54:03,456 | INFO | PERIODIC STATE VALUES: {'mid': -1, 'x': -100, 'y': -100, 'z': -100, 'mpry': '0,0,0', 'pitch': 0, 'roll': 0, 'yaw': 0, 'vgx': 0, 'vgy': 0, 'vgz': 0, 'templ': 78, 'temph': 82, 'tof': 10, 'h': 0, 'bat': 87, 'baro': 91.51, 'time': 0, 'agx': -13.0, 'agy': -11.0, 'agz': -998.0}
2022-11-20 21:54:03,566 | INFO | Response baro?: '91.482391'
2022-11-20 21:54:03,567 | INFO | BAROMETER: 9148.2391
2022-11-20 21:54:03,582 | INFO | Send command: 'battery?'
2022-11-20 21:54:03,691 | INFO | Response battery?: '87'
2022-11-20 21:54:03,693 | INFO | BATTERY: 87
2022-11-20 21:54:03,708 | INFO | Send command: 'tof?'
2022-11-20 21:54:03,822 | INFO | Response tof?: '100mm'
2022-11-20 21:54:03,822 | INFO | TOF_DISTANCE: 10.0 
2022-11-20 21:54:03,836 | INFO | Send command: 'wifi?'
2022-11-20 21:54:03,947 | INFO | Response wifi?: '0'
2022-11-20 21:54:03,947 | INFO | WIFI_SIGNAL_NOISE RATIO: 0
2022-11-20 21:54:03,962 | INFO | Send command: 'sdk?'
2022-11-20 21:54:03,962 | INFO | PERIODIC STATE VALUES: {'mid': -1, 'x': -100, 'y': -100, 'z': -100, 'mpry': '0,0,0', 'pitch': 0, 'roll': 0, 'yaw': 0, 'vgx': 0, 'vgy': 0, 'vgz': 0, 'templ': 81, 'temph': 83, 'tof': 10, 'h': 0, 'bat': 87, 'baro': 91.52, 'time': 0, 'agx': -15.0, 'agy': -10.0, 'agz': -1003.0}
2022-11-20 21:54:04,069 | INFO | Response sdk?: '30'
2022-11-20 21:54:04,069 | INFO | SDK VERSION: 30
2022-11-20 21:54:04,084 | INFO | Send command: 'sn?'
2022-11-20 21:54:04,196 | INFO | Response sn?: '0TQZK7JCNT2468'
2022-11-20 21:54:04,196 | INFO | SERIAL NUMBER: 0TQZK7JCNT2468
2022-11-20 21:54:04,467 | INFO | PERIODIC STATE VALUES: {'mid': -1, 'x': -100, 'y': -100, 'z': -100, 'mpry': '0,0,0', 'pitch': 0, 'roll': 0, 'yaw': 0, 'vgx': 0, 'vgy': 0, 'vgz': 0, 'templ': 81, 'temph': 83, 'tof': 10, 'h': 0, 'bat': 87, 'baro': 91.52, 'time': 0, 'agx': -13.0, 'agy': -14.0, 'agz': -1006.0}
2022-11-20 21:54:04,973 | INFO | PERIODIC STATE VALUES: {'mid': -1, 'x': -100, 'y': -100, 'z': -100, 'mpry': '0,0,0', 'pitch': 0, 'roll': 0, 'yaw': 0, 'vgx': 0, 'vgy': 0, 'vgz': 0, 'templ': 82, 'temph': 84, 'tof': 10, 'h': 0, 'bat': 87, 'baro': 91.5, 'time': 0, 'agx': -13.0, 'agy': -8.0, 'agz': -994.0}
2022-11-20 21:54:05,478 | INFO | PERIODIC STATE VALUES: {'mid': -1, 'x': -100, 'y': -100, 'z': -100, 'mpry': '0,0,0', 'pitch': 0, 'roll': 0, 'yaw': 0, 'vgx': 0, 'vgy': 0, 'vgz': 0, 'templ': 82, 'temph': 84, 'tof': 10, 'h': 0, 'bat': 87, 'baro': 91.51, 'time': 0, 'agx': -12.0, 'agy': -13.0, 'agz': -1003.0}
2022-11-20 21:54:05,981 | INFO | PERIODIC STATE VALUES: {'mid': -1, 'x': -100, 'y': -100, 'z': -100, 'mpry': '0,0,0', 'pitch': 0, 'roll': 0, 'yaw': 0, 'vgx': 0, 'vgy': 0, 'vgz': 0, 'templ': 82, 'temph': 85, 'tof': 10, 'h': 0, 'bat': 87, 'baro': 91.48, 'time': 0, 'agx': -19.0, 'agy': -8.0, 'agz': -1005.0}
2022-11-20 21:54:06,482 | INFO | PERIODIC STATE VALUES: {'mid': -1, 'x': -100, 'y': -100, 'z': -100, 'mpry': '0,0,0', 'pitch': 0, 'roll': 0, 'yaw': 0, 'vgx': 0, 'vgy': 0, 'vgz': 0, 'templ': 82, 'temph': 85, 'tof': 10, 'h': 0, 'bat': 87, 'baro': 91.49, 'time': 0, 'agx': -9.0, 'agy': -10.0, 'agz': -991.0}
2022-11-20 21:54:06,989 | INFO | PERIODIC STATE VALUES: {'mid': -1, 'x': -100, 'y': -100, 'z': -100, 'mpry': '0,0,0', 'pitch': 0, 'roll': 0, 'yaw': 0, 'vgx': 0, 'vgy': 0, 'vgz': 0, 'templ': 83, 'temph': 86, 'tof': 10, 'h': 0, 'bat': 87, 'baro': 91.45, 'time': 0, 'agx': -15.0, 'agy': -13.0, 'agz': -1003.0}
2022-11-20 21:54:07,506 | INFO | PERIODIC STATE VALUES: {'mid': -1, 'x': -100, 'y': -100, 'z': -100, 'mpry': '0,0,0', 'pitch': 0, 'roll': 0, 'yaw': 0, 'vgx': 0, 'vgy': 0, 'vgz': 0, 'templ': 83, 'temph': 86, 'tof': 10, 'h': 0, 'bat': 87, 'baro': 91.51, 'time': 0, 'agx': -17.0, 'agy': -12.0, 'agz': -1002.0}
2022-11-20 21:54:08,009 | INFO | PERIODIC STATE VALUES: {'mid': -1, 'x': -100, 'y': -100, 'z': -100, 'mpry': '0,0,0', 'pitch': 0, 'roll': 0, 'yaw': 0, 'vgx': 0, 'vgy': 0, 'vgz': 0, 'templ': 83, 'temph': 85, 'tof': 10, 'h': 0, 'bat': 87, 'baro': 91.48, 'time': 0, 'agx': -10.0, 'agy': -3.0, 'agz': -990.0}
2022-11-20 21:54:08,513 | INFO | PERIODIC STATE VALUES: {'mid': -1, 'x': -100, 'y': -100, 'z': -100, 'mpry': '0,0,0', 'pitch': 0, 'roll': 0, 'yaw': 0, 'vgx': 0, 'vgy': 0, 'vgz': 0, 'templ': 83, 'temph': 85, 'tof': 10, 'h': 0, 'bat': 87, 'baro': 91.53, 'time': 0, 'agx': -7.0, 'agy': -9.0, 'agz': -994.0}
2022-11-20 21:54:09,016 | INFO | PERIODIC STATE VALUES: {'mid': -1, 'x': -100, 'y': -100, 'z': -100, 'mpry': '0,0,0', 'pitch': 0, 'roll': 0, 'yaw': 0, 'vgx': 0, 'vgy': 0, 'vgz': 0, 'templ': 83, 'temph': 86, 'tof': 10, 'h': 0, 'bat': 87, 'baro': 91.48, 'time': 0, 'agx': -11.0, 'agy': -12.0, 'agz': -1003.0}
2022-11-20 21:54:09,204 | INFO | Send command: 'takeoff'
2022-11-20 21:54:09,519 | INFO | PERIODIC STATE VALUES: {'mid': -1, 'x': -100, 'y': -100, 'z': -100, 'mpry': '0,0,0', 'pitch': 0, 'roll': 0, 'yaw': 0, 'vgx': 0, 'vgy': 0, 'vgz': 0, 'templ': 83, 'temph': 86, 'tof': 10, 'h': 0, 'bat': 87, 'baro': 91.47, 'time': 0, 'agx': -12.0, 'agy': -16.0, 'agz': -999.0}
2022-11-20 21:54:10,034 | INFO | PERIODIC STATE VALUES: {'mid': -1, 'x': -100, 'y': -100, 'z': -100, 'mpry': '0,0,0', 'pitch': -3, 'roll': 0, 'yaw': 0, 'vgx': 0, 'vgy': 0, 'vgz': 0, 'templ': 83, 'temph': 86, 'tof': 10, 'h': 0, 'bat': 87, 'baro': 91.95, 'time': 0, 'agx': -17.0, 'agy': -16.0, 'agz': -1059.0}
2022-11-20 21:54:10,539 | INFO | PERIODIC STATE VALUES: {'mid': -1, 'x': -100, 'y': -100, 'z': -100, 'mpry': '0,0,0', 'pitch': -26, 'roll': 0, 'yaw': 1, 'vgx': 1, 'vgy': 0, 'vgz': 0, 'templ': 83, 'temph': 86, 'tof': 10, 'h': 0, 'bat': 87, 'baro': 91.46, 'time': 0, 'agx': -494.0, 'agy': 15.0, 'agz': -531.0}
2022-11-20 21:54:11,043 | INFO | PERIODIC STATE VALUES: {'mid': -1, 'x': -100, 'y': -100, 'z': -100, 'mpry': '0,0,0', 'pitch': 0, 'roll': 0, 'yaw': 2, 'vgx': 0, 'vgy': 0, 'vgz': -1, 'templ': 84, 'temph': 85, 'tof': 10, 'h': 0, 'bat': 87, 'baro': 91.45, 'time': 0, 'agx': -11.0, 'agy': -8.0, 'agz': -996.0}
2022-11-20 21:54:11,293 | INFO | Response takeoff: 'ok'
2022-11-20 21:54:11,545 | INFO | PERIODIC STATE VALUES: {'mid': -1, 'x': -100, 'y': -100, 'z': -100, 'mpry': '0,0,0', 'pitch': 0, 'roll': 0, 'yaw': 2, 'vgx': 0, 'vgy': 0, 'vgz': -2, 'templ': 84, 'temph': 85, 'tof': 10, 'h': 0, 'bat': 86, 'baro': 91.4, 'time': 0, 'agx': -11.0, 'agy': -10.0, 'agz': -1000.0}
2022-11-20 21:54:12,051 | INFO | PERIODIC STATE VALUES: {'mid': -1, 'x': -100, 'y': -100, 'z': -100, 'mpry': '0,0,0', 'pitch': 0, 'roll': 0, 'yaw': 2, 'vgx': 0, 'vgy': 0, 'vgz': 0, 'templ': 83, 'temph': 86, 'tof': 10, 'h': 0, 'bat': 86, 'baro': 91.46, 'time': 0, 'agx': -11.0, 'agy': -10.0, 'agz': -996.0}
2022-11-20 21:54:12,553 | INFO | PERIODIC STATE VALUES: {'mid': -1, 'x': -100, 'y': -100, 'z': -100, 'mpry': '0,0,0', 'pitch': 0, 'roll': 0, 'yaw': 2, 'vgx': 0, 'vgy': 0, 'vgz': 0, 'templ': 83, 'temph': 86, 'tof': 10, 'h': 0, 'bat': 86, 'baro': 91.45, 'time': 0, 'agx': -13.0, 'agy': -11.0, 'agz': -998.0}
2022-11-20 21:54:13,066 | INFO | PERIODIC STATE VALUES: {'mid': -1, 'x': -100, 'y': -100, 'z': -100, 'mpry': '0,0,0', 'pitch': 0, 'roll': 0, 'yaw': 2, 'vgx': 0, 'vgy': 0, 'vgz': 0, 'templ': 84, 'temph': 85, 'tof': 10, 'h': 0, 'bat': 86, 'baro': 91.42, 'time': 0, 'agx': -11.0, 'agy': -11.0, 'agz': -994.0}
2022-11-20 21:54:13,570 | INFO | PERIODIC STATE VALUES: {'mid': -1, 'x': -100, 'y': -100, 'z': -100, 'mpry': '0,0,0', 'pitch': 0, 'roll': 0, 'yaw': 2, 'vgx': 0, 'vgy': 0, 'vgz': 0, 'templ': 84, 'temph': 85, 'tof': 10, 'h': 0, 'bat': 85, 'baro': 91.43, 'time': 0, 'agx': -14.0, 'agy': -11.0, 'agz': -999.0}
2022-11-20 21:54:14,072 | INFO | PERIODIC STATE VALUES: {'mid': -1, 'x': -100, 'y': -100, 'z': -100, 'mpry': '0,0,0', 'pitch': 0, 'roll': 0, 'yaw': 2, 'vgx': 0, 'vgy': 0, 'vgz': 0, 'templ': 83, 'temph': 86, 'tof': 10, 'h': 0, 'bat': 85, 'baro': 91.45, 'time': 0, 'agx': -13.0, 'agy': -10.0, 'agz': -999.0}
2022-11-20 21:54:14,575 | INFO | PERIODIC STATE VALUES: {'mid': -1, 'x': -100, 'y': -100, 'z': -100, 'mpry': '0,0,0', 'pitch': 0, 'roll': 0, 'yaw': 2, 'vgx': 0, 'vgy': 0, 'vgz': 0, 'templ': 83, 'temph': 86, 'tof': 10, 'h': 0, 'bat': 85, 'baro': 91.46, 'time': 0, 'agx': -12.0, 'agy': -11.0, 'agz': -999.0}
2022-11-20 21:54:15,092 | INFO | PERIODIC STATE VALUES: {'mid': -1, 'x': -100, 'y': -100, 'z': -100, 'mpry': '0,0,0', 'pitch': 0, 'roll': 0, 'yaw': 2, 'vgx': 0, 'vgy': 0, 'vgz': 0, 'templ': 83, 'temph': 86, 'tof': 10, 'h': 0, 'bat': 85, 'baro': 91.42, 'time': 0, 'agx': -12.0, 'agy': -11.0, 'agz': -998.0}
2022-11-20 21:54:15,595 | INFO | PERIODIC STATE VALUES: {'mid': -1, 'x': -100, 'y': -100, 'z': -100, 'mpry': '0,0,0', 'pitch': 0, 'roll': 0, 'yaw': 2, 'vgx': 0, 'vgy': 0, 'vgz': 0, 'templ': 83, 'temph': 86, 'tof': 10, 'h': 0, 'bat': 85, 'baro': 91.45, 'time': 0, 'agx': -12.0, 'agy': -12.0, 'agz': -999.0}
2022-11-20 21:54:16,110 | INFO | PERIODIC STATE VALUES: {'mid': -1, 'x': -100, 'y': -100, 'z': -100, 'mpry': '0,0,0', 'pitch': 0, 'roll': 0, 'yaw': 2, 'vgx': 0, 'vgy': 0, 'vgz': 0, 'templ': 84, 'temph': 86, 'tof': 10, 'h': 0, 'bat': 85, 'baro': 91.42, 'time': 0, 'agx': -13.0, 'agy': -10.0, 'agz': -998.0}
2022-11-20 21:54:16,298 | INFO | Send command: 'land'
2022-11-20 21:54:16,407 | INFO | Response land: 'error'
2022-11-20 21:54:16,422 | INFO | Send command: 'land'
2022-11-20 21:54:16,532 | INFO | Response land: 'error'
2022-11-20 21:54:16,547 | INFO | Send command: 'land'
2022-11-20 21:54:16,628 | INFO | PERIODIC STATE VALUES: {'mid': -1, 'x': -100, 'y': -100, 'z': -100, 'mpry': '0,0,0', 'pitch': 0, 'roll': 0, 'yaw': 2, 'vgx': 0, 'vgy': 0, 'vgz': 0, 'templ': 84, 'temph': 86, 'tof': 10, 'h': 0, 'bat': 85, 'baro': 91.35, 'time': 0, 'agx': -12.0, 'agy': -10.0, 'agz': -999.0}
2022-11-20 21:54:16,658 | INFO | Response land: 'error'
