2022-12-03 16:35:05,456 | INFO | Tello instance was initialized. Host: '192.168.10.1'. Port: '8889'.
2022-12-03 16:35:05,456 | INFO | Trying to connect to the drone now!
2022-12-03 16:35:05,468 | INFO | Send command: 'command'
2022-12-03 16:35:05,578 | INFO | Response command: 'ok'
2022-12-03 16:35:07,911 | INFO | Send command: 'mon'
2022-12-03 16:35:08,015 | INFO | Response mon: 'ok'
2022-12-03 16:35:08,032 | INFO | Send command: 'mdirection 0'
2022-12-03 16:35:08,141 | INFO | Response mdirection 0: 'ok'
2022-12-03 16:35:08,156 | INFO | Send command: 'motoron'
2022-12-03 16:35:08,266 | INFO | Response motoron: 'ok'
2022-12-03 16:35:08,312 | INFO | Send command: 'takeoff'
2022-12-03 16:35:15,150 | INFO | Send command: 'up 20'
2022-12-03 16:35:15,700 | INFO | Response up 20: 'error Not joystick'
2022-12-03 16:35:15,716 | INFO | Send command: 'up 20'
2022-12-03 16:35:16,265 | INFO | Response up 20: 'error Not joystick'
2022-12-03 16:35:16,281 | INFO | Send command: 'up 20'
2022-12-03 16:35:17,052 | INFO | Response up 20: 'ok'
2022-12-03 16:35:17,871 | INFO | Response takeoff: 'ok'
2022-12-03 16:35:18,717 | INFO | Send command: 'up 20'
2022-12-03 16:35:20,366 | INFO | Response up 20: 'ok'
2022-12-03 16:35:31,517 | INFO | Send command (no response expected): 'emergency'
