2022-11-29 11:59:32,150 | INFO | Tello instance was initialized. Host: '192.168.10.1'. Port: '8889'.
2022-11-29 11:59:32,150 | INFO | Trying to connect to the drone now!
2022-11-29 11:59:32,163 | INFO | Send command: 'command'
2022-11-29 11:59:32,273 | INFO | Response command: 'ok'
2022-11-29 11:59:32,274 | INFO | Connected to the drone successfully.
2022-11-29 11:59:32,289 | INFO | Send command: 'mon'
2022-11-29 11:59:32,289 | INFO | Send command: 'streamon'
2022-11-29 11:59:32,398 | INFO | Response streamon: 'ok'
2022-11-29 11:59:32,398 | INFO | Response mon: 'ok'
2022-11-29 11:59:32,398 | INFO | Send command: 'downvision 0'
2022-11-29 11:59:32,399 | INFO | Send command: 'mdirection 0'
2022-11-29 11:59:32,778 | INFO | PERIODIC STATE VALUES: {'mid': -1, 'x': -100, 'y': -100, 'z': -100, 'mpry': '0,0,0', 'pitch': 0, 'roll': 0, 'yaw': -4, 'vgx': 0, 'vgy': 0, 'vgz': 0, 'templ': 81, 'temph': 84, 'tof': 10, 'h': 0, 'bat': 41, 'baro': 100.46, 'time': 83, 'agx': -4.0, 'agy': -11.0, 'agz': -1000.0}
2022-11-29 11:59:33,281 | INFO | PERIODIC STATE VALUES: {'mid': -1, 'x': -100, 'y': -100, 'z': -100, 'mpry': '0,0,0', 'pitch': 0, 'roll': 0, 'yaw': -4, 'vgx': 0, 'vgy': 0, 'vgz': 0, 'templ': 81, 'temph': 84, 'tof': 10, 'h': 0, 'bat': 41, 'baro': 100.46, 'time': 83, 'agx': -4.0, 'agy': -11.0, 'agz': -1000.0}
2022-11-29 11:59:33,799 | INFO | PERIODIC STATE VALUES: {'mid': -1, 'x': -100, 'y': -100, 'z': -100, 'mpry': '0,0,0', 'pitch': 0, 'roll': 0, 'yaw': -4, 'vgx': 0, 'vgy': 0, 'vgz': 0, 'templ': 81, 'temph': 84, 'tof': 10, 'h': 0, 'bat': 41, 'baro': 100.46, 'time': 83, 'agx': -4.0, 'agy': -11.0, 'agz': -1000.0}
2022-11-29 11:59:34,301 | INFO | PERIODIC STATE VALUES: {'mid': -1, 'x': -100, 'y': -100, 'z': -100, 'mpry': '0,0,0', 'pitch': 0, 'roll': 0, 'yaw': -4, 'vgx': 0, 'vgy': 0, 'vgz': 0, 'templ': 81, 'temph': 84, 'tof': 10, 'h': 0, 'bat': 41, 'baro': 100.46, 'time': 83, 'agx': -4.0, 'agy': -11.0, 'agz': -1000.0}
2022-11-29 11:59:34,807 | INFO | PERIODIC STATE VALUES: {'mid': -1, 'x': -100, 'y': -100, 'z': -100, 'mpry': '0,0,0', 'pitch': 0, 'roll': 0, 'yaw': -4, 'vgx': 0, 'vgy': 0, 'vgz': 0, 'templ': 81, 'temph': 84, 'tof': 10, 'h': 0, 'bat': 41, 'baro': 100.46, 'time': 83, 'agx': -4.0, 'agy': -11.0, 'agz': -1000.0}
2022-11-29 11:59:35,310 | INFO | PERIODIC STATE VALUES: {'mid': -1, 'x': -100, 'y': -100, 'z': -100, 'mpry': '0,0,0', 'pitch': 0, 'roll': 0, 'yaw': -4, 'vgx': 0, 'vgy': 0, 'vgz': 0, 'templ': 81, 'temph': 84, 'tof': 10, 'h': 0, 'bat': 41, 'baro': 100.46, 'time': 83, 'agx': -4.0, 'agy': -11.0, 'agz': -1000.0}
2022-11-29 11:59:35,816 | INFO | PERIODIC STATE VALUES: {'mid': -1, 'x': -100, 'y': -100, 'z': -100, 'mpry': '0,0,0', 'pitch': 0, 'roll': 0, 'yaw': -4, 'vgx': 0, 'vgy': 0, 'vgz': 0, 'templ': 81, 'temph': 84, 'tof': 10, 'h': 0, 'bat': 41, 'baro': 100.46, 'time': 83, 'agx': -4.0, 'agy': -11.0, 'agz': -1000.0}
2022-11-29 11:59:36,324 | INFO | PERIODIC STATE VALUES: {'mid': -1, 'x': -100, 'y': -100, 'z': -100, 'mpry': '0,0,0', 'pitch': 0, 'roll': 0, 'yaw': -4, 'vgx': 0, 'vgy': 0, 'vgz': 0, 'templ': 81, 'temph': 84, 'tof': 10, 'h': 0, 'bat': 41, 'baro': 100.46, 'time': 83, 'agx': -4.0, 'agy': -11.0, 'agz': -1000.0}
2022-11-29 11:59:36,828 | INFO | PERIODIC STATE VALUES: {'mid': -1, 'x': -100, 'y': -100, 'z': -100, 'mpry': '0,0,0', 'pitch': 0, 'roll': 0, 'yaw': -4, 'vgx': 0, 'vgy': 0, 'vgz': 0, 'templ': 81, 'temph': 84, 'tof': 10, 'h': 0, 'bat': 41, 'baro': 100.46, 'time': 83, 'agx': -4.0, 'agy': -11.0, 'agz': -1000.0}
2022-11-29 11:59:37,335 | INFO | PERIODIC STATE VALUES: {'mid': -1, 'x': -100, 'y': -100, 'z': -100, 'mpry': '0,0,0', 'pitch': 0, 'roll': 0, 'yaw': -4, 'vgx': 0, 'vgy': 0, 'vgz': 0, 'templ': 81, 'temph': 84, 'tof': 10, 'h': 0, 'bat': 41, 'baro': 100.46, 'time': 83, 'agx': -4.0, 'agy': -11.0, 'agz': -1000.0}
2022-11-29 11:59:37,836 | INFO | PERIODIC STATE VALUES: {'mid': -1, 'x': -100, 'y': -100, 'z': -100, 'mpry': '0,0,0', 'pitch': 0, 'roll': 0, 'yaw': -4, 'vgx': 0, 'vgy': 0, 'vgz': 0, 'templ': 81, 'temph': 84, 'tof': 10, 'h': 0, 'bat': 41, 'baro': 100.46, 'time': 83, 'agx': -4.0, 'agy': -11.0, 'agz': -1000.0}
2022-11-29 11:59:38,339 | INFO | PERIODIC STATE VALUES: {'mid': -1, 'x': -100, 'y': -100, 'z': -100, 'mpry': '0,0,0', 'pitch': 0, 'roll': 0, 'yaw': -4, 'vgx': 0, 'vgy': 0, 'vgz': 0, 'templ': 81, 'temph': 84, 'tof': 10, 'h': 0, 'bat': 41, 'baro': 100.46, 'time': 83, 'agx': -4.0, 'agy': -11.0, 'agz': -1000.0}
2022-11-29 11:59:38,842 | INFO | PERIODIC STATE VALUES: {'mid': -1, 'x': -100, 'y': -100, 'z': -100, 'mpry': '0,0,0', 'pitch': 0, 'roll': 0, 'yaw': -4, 'vgx': 0, 'vgy': 0, 'vgz': 0, 'templ': 81, 'temph': 84, 'tof': 10, 'h': 0, 'bat': 41, 'baro': 100.46, 'time': 83, 'agx': -4.0, 'agy': -11.0, 'agz': -1000.0}
2022-11-29 11:59:39,352 | INFO | PERIODIC STATE VALUES: {'mid': -1, 'x': -100, 'y': -100, 'z': -100, 'mpry': '0,0,0', 'pitch': 0, 'roll': 0, 'yaw': -4, 'vgx': 0, 'vgy': 0, 'vgz': 0, 'templ': 81, 'temph': 84, 'tof': 10, 'h': 0, 'bat': 41, 'baro': 100.46, 'time': 83, 'agx': -4.0, 'agy': -11.0, 'agz': -1000.0}
2022-11-29 11:59:39,445 | WARNING | Aborting command 'mdirection 0'. Did not receive a response after 7 seconds
2022-11-29 11:59:39,446 | WARNING | Aborting command 'downvision 0'. Did not receive a response after 7 seconds
2022-11-29 11:59:39,446 | INFO | Send command: 'mdirection 0'
2022-11-29 11:59:39,447 | INFO | Send command: 'downvision 0'
2022-11-29 11:59:39,854 | INFO | PERIODIC STATE VALUES: {'mid': -1, 'x': -100, 'y': -100, 'z': -100, 'mpry': '0,0,0', 'pitch': 0, 'roll': 0, 'yaw': -4, 'vgx': 0, 'vgy': 0, 'vgz': 0, 'templ': 81, 'temph': 84, 'tof': 10, 'h': 0, 'bat': 41, 'baro': 100.46, 'time': 83, 'agx': -4.0, 'agy': -11.0, 'agz': -1000.0}
2022-11-29 11:59:40,355 | INFO | PERIODIC STATE VALUES: {'mid': -1, 'x': -100, 'y': -100, 'z': -100, 'mpry': '0,0,0', 'pitch': 0, 'roll': 0, 'yaw': -4, 'vgx': 0, 'vgy': 0, 'vgz': 0, 'templ': 81, 'temph': 84, 'tof': 10, 'h': 0, 'bat': 41, 'baro': 100.46, 'time': 83, 'agx': -4.0, 'agy': -11.0, 'agz': -1000.0}
2022-11-29 11:59:40,859 | INFO | PERIODIC STATE VALUES: {'mid': -1, 'x': -100, 'y': -100, 'z': -100, 'mpry': '0,0,0', 'pitch': 0, 'roll': 0, 'yaw': -4, 'vgx': 0, 'vgy': 0, 'vgz': 0, 'templ': 81, 'temph': 84, 'tof': 10, 'h': 0, 'bat': 41, 'baro': 100.46, 'time': 83, 'agx': -4.0, 'agy': -11.0, 'agz': -1000.0}
2022-11-29 11:59:41,361 | INFO | PERIODIC STATE VALUES: {'mid': -1, 'x': -100, 'y': -100, 'z': -100, 'mpry': '0,0,0', 'pitch': 0, 'roll': 0, 'yaw': -4, 'vgx': 0, 'vgy': 0, 'vgz': 0, 'templ': 81, 'temph': 84, 'tof': 10, 'h': 0, 'bat': 41, 'baro': 100.46, 'time': 83, 'agx': -4.0, 'agy': -11.0, 'agz': -1000.0}
2022-11-29 11:59:41,864 | INFO | PERIODIC STATE VALUES: {'mid': -1, 'x': -100, 'y': -100, 'z': -100, 'mpry': '0,0,0', 'pitch': 0, 'roll': 0, 'yaw': -4, 'vgx': 0, 'vgy': 0, 'vgz': 0, 'templ': 81, 'temph': 84, 'tof': 10, 'h': 0, 'bat': 41, 'baro': 100.46, 'time': 83, 'agx': -4.0, 'agy': -11.0, 'agz': -1000.0}
2022-11-29 11:59:42,369 | INFO | PERIODIC STATE VALUES: {'mid': -1, 'x': -100, 'y': -100, 'z': -100, 'mpry': '0,0,0', 'pitch': 0, 'roll': 0, 'yaw': -4, 'vgx': 0, 'vgy': 0, 'vgz': 0, 'templ': 81, 'temph': 84, 'tof': 10, 'h': 0, 'bat': 41, 'baro': 100.46, 'time': 83, 'agx': -4.0, 'agy': -11.0, 'agz': -1000.0}
2022-11-29 11:59:42,870 | INFO | PERIODIC STATE VALUES: {'mid': -1, 'x': -100, 'y': -100, 'z': -100, 'mpry': '0,0,0', 'pitch': 0, 'roll': 0, 'yaw': -4, 'vgx': 0, 'vgy': 0, 'vgz': 0, 'templ': 81, 'temph': 84, 'tof': 10, 'h': 0, 'bat': 41, 'baro': 100.46, 'time': 83, 'agx': -4.0, 'agy': -11.0, 'agz': -1000.0}
2022-11-29 11:59:43,386 | INFO | PERIODIC STATE VALUES: {'mid': -1, 'x': -100, 'y': -100, 'z': -100, 'mpry': '0,0,0', 'pitch': 0, 'roll': 0, 'yaw': -4, 'vgx': 0, 'vgy': 0, 'vgz': 0, 'templ': 81, 'temph': 84, 'tof': 10, 'h': 0, 'bat': 41, 'baro': 100.46, 'time': 83, 'agx': -4.0, 'agy': -11.0, 'agz': -1000.0}
2022-11-29 11:59:43,888 | INFO | PERIODIC STATE VALUES: {'mid': -1, 'x': -100, 'y': -100, 'z': -100, 'mpry': '0,0,0', 'pitch': 0, 'roll': 0, 'yaw': -4, 'vgx': 0, 'vgy': 0, 'vgz': 0, 'templ': 81, 'temph': 84, 'tof': 10, 'h': 0, 'bat': 41, 'baro': 100.46, 'time': 83, 'agx': -4.0, 'agy': -11.0, 'agz': -1000.0}
2022-11-29 11:59:44,391 | INFO | PERIODIC STATE VALUES: {'mid': -1, 'x': -100, 'y': -100, 'z': -100, 'mpry': '0,0,0', 'pitch': 0, 'roll': 0, 'yaw': -4, 'vgx': 0, 'vgy': 0, 'vgz': 0, 'templ': 81, 'temph': 84, 'tof': 10, 'h': 0, 'bat': 41, 'baro': 100.46, 'time': 83, 'agx': -4.0, 'agy': -11.0, 'agz': -1000.0}
