2022-12-03 16:24:47,011 | INFO | Tello instance was initialized. Host: '192.168.10.1'. Port: '8889'.
2022-12-03 16:24:47,011 | INFO | Trying to connect to the drone now!
2022-12-03 16:24:47,028 | INFO | Send command: 'command'
2022-12-03 16:24:47,136 | INFO | Response command: 'ok'
2022-12-03 16:24:49,259 | INFO | Send command: 'mon'
2022-12-03 16:24:49,369 | INFO | Response mon: 'ok'
2022-12-03 16:24:49,369 | INFO | Send command: 'mdirection 0'
2022-12-03 16:24:49,479 | INFO | Response mdirection 0: 'ok'
2022-12-03 16:24:49,495 | INFO | Send command: 'motoron'
2022-12-03 16:24:49,604 | INFO | Response motoron: 'ok'
2022-12-03 16:24:49,620 | INFO | Send command: 'takeoff'
2022-12-03 16:24:52,799 | INFO | Send command: 'up 20'
2022-12-03 16:24:53,337 | INFO | Response takeoff: 'error Not joystick'
2022-12-03 16:24:53,353 | INFO | Send command: 'takeoff'
2022-12-03 16:24:53,463 | INFO | Response up 20: 'error'
2022-12-03 16:24:53,479 | INFO | Send command: 'up 20'
2022-12-03 16:24:54,032 | INFO | Response up 20: 'error Not joystick'
2022-12-03 16:24:54,048 | INFO | Send command: 'up 20'
2022-12-03 16:24:54,601 | INFO | Response up 20: 'error Not joystick'
2022-12-03 16:24:58,423 | INFO | Response takeoff: 'ok'
2022-12-03 16:24:59,112 | INFO | Send command: 'up 20'
2022-12-03 16:25:01,429 | INFO | Response up 20: 'ok'
2022-12-03 16:25:01,696 | INFO | Send command: 'up 20'
2022-12-03 16:25:03,120 | INFO | Response up 20: 'ok'
2022-12-03 16:25:16,942 | INFO | Send command: 'up 20'
2022-12-03 16:25:18,903 | INFO | Response up 20: 'ok'
2022-12-03 16:25:19,635 | INFO | Send command: 'down 20'
2022-12-03 16:25:21,617 | INFO | Response down 20: 'ok'
2022-12-03 16:25:22,876 | INFO | Send command: 'left 20'
2022-12-03 16:25:24,743 | INFO | Response left 20: 'ok'
2022-12-03 16:25:25,653 | INFO | Send command: 'right 20'
2022-12-03 16:25:27,303 | INFO | Response right 20: 'ok'
2022-12-03 16:25:28,392 | INFO | Send command: 'forward 20'
2022-12-03 16:25:30,149 | INFO | Response forward 20: 'ok'
2022-12-03 16:25:30,931 | INFO | Send command: 'back 20'
2022-12-03 16:25:32,588 | INFO | Response back 20: 'ok'
2022-12-03 16:25:44,742 | INFO | Send command: 'right 20'
2022-12-03 16:25:46,494 | INFO | Response right 20: 'ok'
2022-12-03 16:25:46,994 | INFO | Send command: 'land'
2022-12-03 16:25:50,304 | INFO | Response land: 'ok'
