2023-02-14 10:54:16,857 | INFO | Tello instance was initialized. Host: '192.168.10.1'. Port: '8889'.
2023-02-14 10:54:26,182 | INFO | Send command: 'command'
2023-02-14 10:54:26,297 | INFO | Response command: 'ok'
2023-02-14 10:54:32,065 | INFO | Send command: 'mon'
2023-02-14 10:54:32,180 | INFO | Response mon: 'ok'
2023-02-14 10:54:32,196 | INFO | Send command: 'mdirection 0'
2023-02-14 10:54:32,298 | INFO | Response mdirection 0: 'ok'
2023-02-14 10:54:32,314 | INFO | Send command: 'motoron'
2023-02-14 10:54:32,422 | INFO | Response motoron: 'ok'
2023-02-14 10:54:32,437 | INFO | Send command: 'takeoff'
2023-02-14 10:54:37,962 | INFO | Response takeoff: 'ok'
2023-02-14 10:54:41,963 | INFO | Send command: 'up 50'
2023-02-14 10:54:44,146 | INFO | Response up 50: 'ok'
2023-02-14 10:54:46,257 | INFO | Send command: 'right 50'
2023-02-14 10:54:50,270 | INFO | Send command: 'left 50'
2023-02-14 10:54:50,270 | INFO | Response left 50: 'ok'
2023-02-14 10:54:53,197 | INFO | Response right 50: 'ok'
2023-02-14 10:54:53,274 | INFO | Send command: 'forward 50'
2023-02-14 10:54:53,978 | INFO | Send command: 'forward 50'
2023-02-14 10:54:56,021 | INFO | Send command: 'forward 50'
2023-02-14 10:54:56,417 | INFO | Response forward 50: 'ok'
2023-02-14 10:54:57,086 | INFO | Send command: 'forward 50'
2023-02-14 10:54:59,747 | INFO | Send command: 'land'
2023-02-14 10:54:59,959 | INFO | Response land: 'error Auto land'
2023-02-14 10:54:59,959 | INFO | Send command: 'land'
2023-02-14 10:55:01,027 | WARNING | Aborting command 'forward 50'. Did not receive a response after 7 seconds
2023-02-14 10:55:01,027 | INFO | Send command: 'forward 50'
2023-02-14 10:55:01,214 | INFO | Response forward 50: 'error Auto land'
2023-02-14 10:55:01,230 | INFO | Send command: 'forward 50'
2023-02-14 10:55:01,342 | INFO | Response forward 50: 'error Auto land'
2023-02-14 10:55:01,358 | INFO | Send command: 'forward 50'
2023-02-14 10:55:01,468 | INFO | Response forward 50: 'error Auto land'
2023-02-14 10:55:03,098 | WARNING | Aborting command 'forward 50'. Did not receive a response after 7 seconds
2023-02-14 10:55:03,098 | INFO | Send command: 'forward 50'
2023-02-14 10:55:03,209 | INFO | Response forward 50: 'error Auto land'
2023-02-14 10:55:03,209 | INFO | Send command: 'forward 50'
2023-02-14 10:55:03,316 | INFO | Response forward 50: 'error Auto land'
2023-02-14 10:55:04,287 | INFO | Response forward 50: 'ok'
2023-02-14 10:55:07,015 | WARNING | Aborting command 'land'. Did not receive a response after 7 seconds
2023-02-14 10:55:07,015 | INFO | Send command: 'land'
2023-02-14 10:55:07,125 | INFO | Response land: 'error'
