2023-02-07 10:26:24,124 | INFO | Tello instance was initialized. Host: '192.168.10.1'. Port: '8889'.
2023-02-07 10:26:24,126 | INFO | Trying to connect to the drone now!
2023-02-07 10:26:24,130 | INFO | Send command: 'command'
2023-02-07 10:26:24,240 | INFO | Response command: 'ok'
2023-02-07 10:26:33,459 | INFO | Send command: 'mon'
2023-02-07 10:26:33,573 | INFO | Response mon: 'ok'
2023-02-07 10:26:33,588 | INFO | Send command: 'mdirection 0'
2023-02-07 10:26:33,699 | INFO | Response mdirection 0: 'ok'
2023-02-07 10:26:33,714 | INFO | Send command: 'motoron'
2023-02-07 10:26:33,824 | INFO | Response motoron: 'ok'
2023-02-07 10:26:33,839 | INFO | Send command: 'takeoff'
2023-02-07 10:26:38,777 | INFO | Send command: 'land'
2023-02-07 10:26:40,621 | INFO | Send command: 'land'
2023-02-07 10:26:44,930 | INFO | Response takeoff: 'ok'
2023-02-07 10:26:45,824 | WARNING | Aborting command 'land'. Did not receive a response after 7 seconds
2023-02-07 10:26:45,824 | INFO | Send command: 'land'
2023-02-07 10:26:45,918 | INFO | Response land: 'error'
2023-02-07 10:26:45,934 | INFO | Send command: 'land'
2023-02-07 10:26:46,043 | INFO | Response land: 'error'
2023-02-07 10:26:46,059 | INFO | Send command: 'land'
2023-02-07 10:26:46,154 | INFO | Response land: 'error'
2023-02-07 10:26:46,186 | INFO | Send command: 'land'
2023-02-07 10:26:46,279 | INFO | Response land: 'error'
2023-02-07 10:26:46,408 | INFO | Response land: 'ok'
