2023-02-09 10:56:16,579 | INFO | Tello instance was initialized. Host: '192.168.10.1'. Port: '8889'.
2023-02-09 10:56:22,091 | INFO | Send command: 'command'
2023-02-09 10:56:22,197 | INFO | Response command: 'ok'
2023-02-09 10:56:23,495 | INFO | Send command: 'mon'
2023-02-09 10:56:23,610 | INFO | Response mon: 'ok'
2023-02-09 10:56:23,611 | INFO | Send command: 'mdirection 0'
2023-02-09 10:56:23,721 | INFO | Response mdirection 0: 'ok'
2023-02-09 10:56:23,736 | INFO | Send command: 'motoron'
2023-02-09 10:56:23,846 | INFO | Response motoron: 'ok'
2023-02-09 10:56:23,862 | INFO | Send command: 'takeoff'
2023-02-09 10:56:26,501 | INFO | Send command: 'right 50'
2023-02-09 10:56:26,823 | INFO | Response takeoff: 'error No valid imu'
2023-02-09 10:56:26,839 | INFO | Send command: 'takeoff'
2023-02-09 10:56:26,946 | INFO | Response takeoff: 'error'
2023-02-09 10:56:26,962 | INFO | Send command: 'takeoff'
2023-02-09 10:56:27,055 | INFO | Response right 50: 'error'
2023-02-09 10:56:27,071 | INFO | Send command: 'right 50'
2023-02-09 10:56:27,613 | INFO | Response right 50: 'error Not joystick'
2023-02-09 10:56:27,629 | INFO | Send command: 'right 50'
2023-02-09 10:56:28,261 | INFO | Response takeoff: 'error Not joystick'
2023-02-09 10:56:28,800 | INFO | Send command: 'right 50'
2023-02-09 10:56:28,842 | INFO | Response right 50: 'ok'
2023-02-09 10:56:30,925 | INFO | Send command: 'right 50'
2023-02-09 10:56:31,147 | INFO | Response right 50: 'ok'
2023-02-09 10:56:34,878 | INFO | Send command: 'right 50'
2023-02-09 10:56:35,893 | WARNING | Aborting command 'right 50'. Did not receive a response after 7 seconds
2023-02-09 10:56:35,893 | INFO | Send command: 'right 50'
2023-02-09 10:56:36,769 | INFO | Response right 50: 'ok'
2023-02-09 10:56:41,982 | WARNING | Aborting command 'right 50'. Did not receive a response after 7 seconds
2023-02-09 10:56:41,982 | INFO | Send command: 'right 50'
2023-02-09 10:56:43,951 | INFO | Response right 50: 'ok'
