2023-02-13 23:28:08,657 | INFO | Tello instance was initialized. Host: '192.168.10.1'. Port: '8889'.
2023-02-13 23:28:20,804 | INFO | Send command: 'streamon'
2023-02-13 23:28:27,900 | WARNING | Aborting command 'streamon'. Did not receive a response after 7 seconds
2023-02-13 23:28:27,901 | INFO | Send command: 'streamon'
2023-02-13 23:28:34,983 | WARNING | Aborting command 'streamon'. Did not receive a response after 7 seconds
2023-02-13 23:28:34,984 | INFO | Send command: 'streamon'
2023-02-13 23:28:42,085 | WARNING | Aborting command 'streamon'. Did not receive a response after 7 seconds
2023-02-13 23:28:51,004 | INFO | Send command: 'command'
2023-02-13 23:28:51,113 | INFO | Response command: 'ok'
2023-02-13 23:28:54,099 | INFO | Send command: 'mon'
2023-02-13 23:28:54,310 | INFO | Response mon: 'ok'
2023-02-13 23:28:54,325 | INFO | Send command: 'mdirection 0'
2023-02-13 23:28:54,434 | INFO | Response mdirection 0: 'ok'
2023-02-13 23:28:54,450 | INFO | Send command: 'motoron'
2023-02-13 23:28:54,558 | INFO | Response motoron: 'ok'
2023-02-13 23:28:54,574 | INFO | Send command: 'takeoff'
2023-02-13 23:29:01,004 | INFO | Send command: 'right 50'
2023-02-13 23:29:01,662 | INFO | Response takeoff: 'error Not joystick'
2023-02-13 23:29:01,677 | INFO | Send command: 'takeoff'
2023-02-13 23:29:01,772 | INFO | Response right 50: 'error'
2023-02-13 23:29:01,788 | INFO | Send command: 'right 50'
2023-02-13 23:29:02,442 | INFO | Response takeoff: 'error Not joystick'
2023-02-13 23:29:02,458 | INFO | Send command: 'takeoff'
2023-02-13 23:29:02,551 | INFO | Response right 50: 'error'
2023-02-13 23:29:02,567 | INFO | Send command: 'right 50'
2023-02-13 23:29:03,660 | INFO | Response right 50: 'ok'
2023-02-13 23:29:04,863 | INFO | Response takeoff: 'ok'
2023-02-13 23:29:07,065 | INFO | Send command: 'forward 50'
2023-02-13 23:29:09,243 | INFO | Response forward 50: 'ok'
2023-02-13 23:29:10,598 | INFO | Send command: 'back 50'
2023-02-13 23:29:13,093 | INFO | Response back 50: 'ok'
2023-02-13 23:29:14,809 | INFO | Send command: 'cw 50'
2023-02-13 23:29:16,235 | INFO | Response cw 50: 'ok'
2023-02-13 23:29:16,831 | INFO | Send command: 'cw 50'
2023-02-13 23:29:18,568 | INFO | Response cw 50: 'ok'
2023-02-13 23:29:18,724 | INFO | Send command: 'cw 50'
2023-02-13 23:29:20,254 | INFO | Response cw 50: 'ok'
2023-02-13 23:29:20,529 | INFO | Send command: 'cw 50'
2023-02-13 23:29:21,955 | INFO | Response cw 50: 'ok'
2023-02-13 23:29:22,530 | INFO | Send command: 'forward 50'
2023-02-13 23:29:25,029 | INFO | Response forward 50: 'ok'
2023-02-13 23:29:27,101 | INFO | Send command (no response expected): 'emergency'
