2023-02-09 10:40:41,363 | INFO | Tello instance was initialized. Host: '192.168.10.1'. Port: '8889'.
2023-02-09 10:40:41,375 | INFO | Send command: 'command'
2023-02-09 10:40:41,485 | INFO | Response command: 'ok'
2023-02-09 10:40:41,501 | INFO | Send command: 'mon'
2023-02-09 10:40:41,609 | INFO | Response mon: 'ok'
2023-02-09 10:40:41,625 | INFO | Send command: 'mdirection 0'
2023-02-09 10:40:41,733 | INFO | Response mdirection 0: 'ok'
2023-02-09 10:40:41,749 | INFO | Send command: 'motoron'
2023-02-09 10:40:41,856 | INFO | Response motoron: 'ok'
2023-02-09 10:40:41,872 | INFO | Send command: 'takeoff'
2023-02-09 10:40:50,702 | INFO | Response takeoff: 'ok'
2023-02-09 10:40:50,718 | INFO | Send command: 'land'
2023-02-09 10:40:54,307 | INFO | Response land: 'ok'
2023-02-09 10:41:03,123 | INFO | Tello instance was initialized. Host: '192.168.10.1'. Port: '8889'.
2023-02-09 10:41:03,137 | INFO | Send command: 'command'
2023-02-09 10:41:03,245 | INFO | Response command: 'ok'
2023-02-09 10:41:03,261 | INFO | Send command: 'mon'
2023-02-09 10:41:03,370 | INFO | Response mon: 'ok'
2023-02-09 10:41:03,386 | INFO | Send command: 'mdirection 0'
2023-02-09 10:41:03,496 | INFO | Response mdirection 0: 'ok'
2023-02-09 10:41:03,512 | INFO | Send command: 'motoron'
2023-02-09 10:41:03,621 | INFO | Response motoron: 'ok'
2023-02-09 10:41:03,637 | INFO | Send command: 'takeoff'
2023-02-09 10:41:07,906 | INFO | Response takeoff: 'ok'
2023-02-09 10:41:07,922 | INFO | Send command: 'land'
2023-02-09 10:41:11,972 | INFO | Response land: 'ok'
