2023-02-14 10:31:54,658 | INFO | Tello instance was initialized. Host: '192.168.10.1'. Port: '8889'.
2023-02-14 10:32:13,918 | INFO | Send command: 'command'
2023-02-14 10:32:14,026 | INFO | Response command: 'ok'
2023-02-14 10:32:21,472 | INFO | Send command: 'mon'
2023-02-14 10:32:21,574 | INFO | Response mon: 'ok'
2023-02-14 10:32:21,590 | INFO | Send command: 'mdirection 0'
2023-02-14 10:32:21,699 | INFO | Response mdirection 0: 'ok'
2023-02-14 10:32:21,714 | INFO | Send command: 'motoron'
2023-02-14 10:32:21,825 | INFO | Response motoron: 'ok'
2023-02-14 10:32:21,836 | INFO | Send command: 'takeoff'
2023-02-14 10:32:27,492 | INFO | Send command: 'up 50'
2023-02-14 10:32:28,152 | INFO | Response takeoff: 'error Not joystick'
2023-02-14 10:32:28,167 | INFO | Send command: 'takeoff'
2023-02-14 10:32:28,263 | INFO | Response up 50: 'error'
2023-02-14 10:32:28,278 | INFO | Send command: 'up 50'
2023-02-14 10:32:28,821 | INFO | Response up 50: 'error Not joystick'
2023-02-14 10:32:28,837 | INFO | Send command: 'up 50'
2023-02-14 10:32:29,488 | INFO | Response up 50: 'error Not joystick'
2023-02-14 10:32:29,681 | INFO | Send command: 'up 50'
2023-02-14 10:32:30,663 | INFO | Response up 50: 'ok'
2023-02-14 10:32:31,988 | INFO | Response takeoff: 'ok'
2023-02-14 10:32:37,495 | INFO | Send command: 'left 50'
2023-02-14 10:32:39,559 | INFO | Response left 50: 'ok'
2023-02-14 10:32:43,638 | INFO | Send command: 'left 50'
2023-02-14 10:32:45,828 | INFO | Response left 50: 'ok'
2023-02-14 10:32:48,893 | INFO | Send command: 'right 50'
2023-02-14 10:32:50,516 | INFO | Send command: 'right 50'
2023-02-14 10:32:50,859 | INFO | Response right 50: 'ok'
2023-02-14 10:32:51,248 | INFO | Send command: 'right 50'
2023-02-14 10:32:53,629 | INFO | Response right 50: 'ok'
2023-02-14 10:32:54,817 | INFO | Send command: 'land'
2023-02-14 10:32:57,578 | WARNING | Aborting command 'right 50'. Did not receive a response after 7 seconds
2023-02-14 10:32:57,579 | INFO | Send command: 'right 50'
2023-02-14 10:32:57,655 | INFO | Response land: 'error Auto land'
2023-02-14 10:32:57,671 | INFO | Send command: 'land'
2023-02-14 10:32:59,951 | INFO | Response land: 'ok'
2023-02-14 10:33:04,590 | WARNING | Aborting command 'right 50'. Did not receive a response after 7 seconds
2023-02-14 10:33:04,590 | INFO | Send command: 'right 50'
2023-02-14 10:33:04,701 | INFO | Response right 50: 'error Motor stop'
2023-02-14 10:35:03,667 | INFO | Send command: 'mon'
2023-02-14 10:35:03,780 | INFO | Response mon: 'ok'
2023-02-14 10:35:03,797 | INFO | Send command: 'mdirection 0'
2023-02-14 10:35:03,904 | INFO | Response mdirection 0: 'ok'
2023-02-14 10:35:03,920 | INFO | Send command: 'motoron'
2023-02-14 10:35:04,029 | INFO | Response motoron: 'ok'
2023-02-14 10:35:04,045 | INFO | Send command: 'takeoff'
2023-02-14 10:35:08,045 | INFO | Response takeoff: 'ok'
