2023-02-14 09:48:48,035 | INFO | Tello instance was initialized. Host: '192.168.10.1'. Port: '8889'.
2023-02-14 09:48:58,769 | INFO | Send command: 'command'
2023-02-14 09:48:58,881 | INFO | Response command: 'ok'
2023-02-14 09:49:03,542 | INFO | Send command: 'mon'
2023-02-14 09:49:03,659 | INFO | Response mon: 'ok'
2023-02-14 09:49:03,674 | INFO | Send command: 'mdirection 0'
2023-02-14 09:49:03,784 | INFO | Response mdirection 0: 'ok'
2023-02-14 09:49:03,801 | INFO | Send command: 'motoron'
2023-02-14 09:49:03,908 | INFO | Response motoron: 'ok'
2023-02-14 09:49:03,924 | INFO | Send command: 'takeoff'
2023-02-14 09:49:07,100 | INFO | Send command: 'up 50'
2023-02-14 09:49:07,739 | INFO | Response takeoff: 'error Not joystick'
2023-02-14 09:49:07,755 | INFO | Send command: 'takeoff'
2023-02-14 09:49:07,864 | INFO | Response takeoff: 'error'
2023-02-14 09:49:07,879 | INFO | Send command: 'takeoff'
2023-02-14 09:49:07,972 | INFO | Response up 50: 'error'
2023-02-14 09:49:07,989 | INFO | Send command: 'up 50'
2023-02-14 09:49:08,534 | INFO | Response up 50: 'ok'
2023-02-14 09:49:10,382 | INFO | Response takeoff: 'ok'
2023-02-14 09:49:23,523 | INFO | Send command: 'streamon'
2023-02-14 09:49:23,626 | INFO | Response streamon: 'ok'
2023-02-14 09:53:21,166 | INFO | Send command: 'streamon'
2023-02-14 09:53:28,246 | WARNING | Aborting command 'streamon'. Did not receive a response after 7 seconds
2023-02-14 09:53:28,246 | INFO | Send command: 'streamon'
2023-02-14 09:53:35,317 | WARNING | Aborting command 'streamon'. Did not receive a response after 7 seconds
2023-02-14 09:53:35,318 | INFO | Send command: 'streamon'
