2023-02-14 09:40:46,444 | INFO | Tello instance was initialized. Host: '192.168.10.1'. Port: '8889'.
2023-02-14 09:40:55,363 | INFO | Send command: 'command'
2023-02-14 09:40:55,468 | INFO | Response command: 'ok'
2023-02-14 09:40:59,476 | INFO | Send command: 'mon'
2023-02-14 09:40:59,586 | INFO | Response mon: 'ok'
2023-02-14 09:40:59,601 | INFO | Send command: 'mdirection 0'
2023-02-14 09:40:59,711 | INFO | Response mdirection 0: 'ok'
2023-02-14 09:40:59,727 | INFO | Send command: 'motoron'
2023-02-14 09:40:59,837 | INFO | Response motoron: 'ok'
2023-02-14 09:40:59,851 | INFO | Send command: 'takeoff'
2023-02-14 09:41:04,667 | INFO | Send command: 'land'
2023-02-14 09:41:06,124 | INFO | Send command: 'land'
2023-02-14 09:41:09,789 | INFO | Response takeoff: 'ok'
2023-02-14 09:41:11,731 | WARNING | Aborting command 'land'. Did not receive a response after 7 seconds
2023-02-14 09:41:11,732 | INFO | Send command: 'land'
2023-02-14 09:41:11,778 | INFO | Response land: 'error'
2023-02-14 09:41:11,794 | INFO | Send command: 'land'
2023-02-14 09:41:11,840 | INFO | Response land: 'error'
2023-02-14 09:41:11,856 | INFO | Send command: 'land'
2023-02-14 09:41:11,903 | INFO | Response land: 'error'
2023-02-14 09:41:11,918 | INFO | Send command: 'land'
2023-02-14 09:41:11,965 | INFO | Response land: 'error'
2023-02-14 09:41:12,386 | INFO | Response land: 'ok'
2023-02-14 09:45:04,618 | INFO | Send command: 'streamon'
2023-02-14 09:45:04,728 | INFO | Response streamon: 'ok'
