2022-11-22 00:07:00,233 | INFO | Tello instance was initialized. Host: '192.168.10.1'. Port: '8889'.
2022-11-22 00:07:00,234 | INFO | Trying to connect to the drone now!
2022-11-22 00:07:00,247 | INFO | Send command: 'command'
2022-11-22 00:07:00,356 | INFO | Response command: 'ok'
2022-11-22 00:07:00,357 | INFO | Connected to the drone successfully.
2022-11-22 00:07:00,372 | INFO | Send command: 'mon'
2022-11-22 00:07:00,373 | INFO | Send command: 'streamon'
2022-11-22 00:07:00,482 | INFO | Response streamon: 'ok'
2022-11-22 00:07:00,482 | INFO | Response mon: 'ok'
2022-11-22 00:07:00,482 | INFO | Send command: 'downvision 1'
2022-11-22 00:07:00,498 | INFO | Send command: 'mdirection 0'
2022-11-22 00:07:00,638 | INFO | Response downvision 1: 'ok'
2022-11-22 00:07:00,639 | INFO | Response mdirection 0: 'ok'
2022-11-22 00:07:00,639 | INFO | Send command: 'setfps high'
2022-11-22 00:07:00,654 | INFO | Send command: 'motoron'
2022-11-22 00:07:00,748 | INFO | Response setfps high: 'ok'
2022-11-22 00:07:00,763 | INFO | Response motoron: 'ok'
2022-11-22 00:07:00,763 | INFO | data goes here
2022-11-22 00:07:00,778 | INFO | Send command: 'attitude?'
2022-11-22 00:07:00,874 | INFO | PERIODIC STATE VALUES: {'mid': -1, 'x': -100, 'y': -100, 'z': -100, 'mpry': '0,0,0', 'pitch': 0, 'roll': 0, 'yaw': 85, 'vgx': 0, 'vgy': 0, 'vgz': 0, 'templ': 82, 'temph': 85, 'tof': 10, 'h': 0, 'bat': 100, 'baro': 112.27, 'time': 43, 'agx': -3.0, 'agy': -20.0, 'agz': -1000.0}
2022-11-22 00:07:00,890 | INFO | Response attitude?: 'pitch:0;roll:0;yaw:85;'
2022-11-22 00:07:00,891 | INFO | ATTITUDE: {'pitch': 0, 'roll': 0, 'yaw': 85}
2022-11-22 00:07:00,906 | INFO | Send command: 'baro?'
2022-11-22 00:07:01,017 | INFO | Response baro?: '112.276604'
2022-11-22 00:07:01,017 | INFO | BAROMETER: 11227.6604
2022-11-22 00:07:01,033 | INFO | Send command: 'battery?'
2022-11-22 00:07:01,142 | INFO | Response battery?: '100'
2022-11-22 00:07:01,142 | INFO | BATTERY: 100
2022-11-22 00:07:01,157 | INFO | Send command: 'tof?'
2022-11-22 00:07:01,268 | INFO | Response tof?: '100mm'
2022-11-22 00:07:01,269 | INFO | TOF_DISTANCE: 10.0 
2022-11-22 00:07:01,284 | INFO | Send command: 'wifi?'
2022-11-22 00:07:01,378 | INFO | PERIODIC STATE VALUES: {'mid': -1, 'x': -100, 'y': -100, 'z': -100, 'mpry': '0,0,0', 'pitch': 0, 'roll': 0, 'yaw': 85, 'vgx': 0, 'vgy': 0, 'vgz': 0, 'templ': 82, 'temph': 85, 'tof': 10, 'h': 0, 'bat': 100, 'baro': 112.16, 'time': 43, 'agx': -1.0, 'agy': -16.0, 'agz': -1002.0}
2022-11-22 00:07:01,394 | INFO | Response wifi?: '90'
2022-11-22 00:07:01,395 | INFO | WIFI_SIGNAL_NOISE RATIO: 90
2022-11-22 00:07:01,410 | INFO | Send command: 'sdk?'
2022-11-22 00:07:01,518 | INFO | Response sdk?: '30'
2022-11-22 00:07:01,518 | INFO | SDK VERSION: 30
2022-11-22 00:07:01,519 | INFO | Send command: 'sn?'
2022-11-22 00:07:01,628 | INFO | Response sn?: '0TQZK7JCNT2468'
2022-11-22 00:07:01,628 | INFO | SERIAL NUMBER: 0TQZK7JCNT2468
2022-11-22 00:07:01,880 | INFO | PERIODIC STATE VALUES: {'mid': -1, 'x': -100, 'y': -100, 'z': -100, 'mpry': '0,0,0', 'pitch': 0, 'roll': 0, 'yaw': 85, 'vgx': 0, 'vgy': 0, 'vgz': 0, 'templ': 82, 'temph': 85, 'tof': 10, 'h': 0, 'bat': 100, 'baro': 112.1, 'time': 43, 'agx': -9.0, 'agy': -29.0, 'agz': -1001.0}
2022-11-22 00:07:02,382 | INFO | PERIODIC STATE VALUES: {'mid': -1, 'x': -100, 'y': -100, 'z': -100, 'mpry': '0,0,0', 'pitch': 0, 'roll': 0, 'yaw': 85, 'vgx': 0, 'vgy': 0, 'vgz': 0, 'templ': 82, 'temph': 86, 'tof': 10, 'h': 0, 'bat': 100, 'baro': 112.11, 'time': 43, 'agx': -10.0, 'agy': -30.0, 'agz': -996.0}
2022-11-22 00:07:02,903 | INFO | PERIODIC STATE VALUES: {'mid': -1, 'x': -100, 'y': -100, 'z': -100, 'mpry': '0,0,0', 'pitch': 0, 'roll': 0, 'yaw': 85, 'vgx': 0, 'vgy': 0, 'vgz': 0, 'templ': 82, 'temph': 86, 'tof': 10, 'h': 0, 'bat': 100, 'baro': 112.13, 'time': 43, 'agx': -9.0, 'agy': -24.0, 'agz': -1006.0}
2022-11-22 00:07:03,407 | INFO | PERIODIC STATE VALUES: {'mid': -1, 'x': -100, 'y': -100, 'z': -100, 'mpry': '0,0,0', 'pitch': 0, 'roll': 0, 'yaw': 85, 'vgx': 0, 'vgy': 0, 'vgz': 0, 'templ': 82, 'temph': 86, 'tof': 10, 'h': 0, 'bat': 100, 'baro': 112.05, 'time': 43, 'agx': -1.0, 'agy': -17.0, 'agz': -998.0}
2022-11-22 00:07:03,923 | INFO | PERIODIC STATE VALUES: {'mid': -1, 'x': -100, 'y': -100, 'z': -100, 'mpry': '0,0,0', 'pitch': 0, 'roll': 0, 'yaw': 85, 'vgx': -1, 'vgy': 0, 'vgz': 0, 'templ': 82, 'temph': 86, 'tof': 10, 'h': 0, 'bat': 100, 'baro': 112.13, 'time': 43, 'agx': 12.0, 'agy': -9.0, 'agz': -997.0}
2022-11-22 00:07:04,424 | INFO | PERIODIC STATE VALUES: {'mid': -1, 'x': -100, 'y': -100, 'z': -100, 'mpry': '0,0,0', 'pitch': 0, 'roll': 0, 'yaw': 85, 'vgx': -1, 'vgy': 0, 'vgz': 0, 'templ': 82, 'temph': 85, 'tof': 10, 'h': 0, 'bat': 100, 'baro': 112.05, 'time': 43, 'agx': -4.0, 'agy': -17.0, 'agz': -994.0}
2022-11-22 00:07:04,940 | INFO | PERIODIC STATE VALUES: {'mid': -1, 'x': -100, 'y': -100, 'z': -100, 'mpry': '0,0,0', 'pitch': 0, 'roll': 0, 'yaw': 85, 'vgx': 0, 'vgy': 0, 'vgz': 0, 'templ': 82, 'temph': 85, 'tof': 10, 'h': 0, 'bat': 100, 'baro': 112.07, 'time': 43, 'agx': -4.0, 'agy': -13.0, 'agz': -998.0}
2022-11-22 00:07:05,444 | INFO | PERIODIC STATE VALUES: {'mid': -1, 'x': -100, 'y': -100, 'z': -100, 'mpry': '0,0,0', 'pitch': 0, 'roll': 0, 'yaw': 85, 'vgx': 0, 'vgy': 0, 'vgz': 0, 'templ': 82, 'temph': 86, 'tof': 10, 'h': 0, 'bat': 100, 'baro': 112.09, 'time': 43, 'agx': 6.0, 'agy': -10.0, 'agz': -997.0}
2022-11-22 00:07:05,961 | INFO | PERIODIC STATE VALUES: {'mid': -1, 'x': -100, 'y': -100, 'z': -100, 'mpry': '0,0,0', 'pitch': 0, 'roll': 0, 'yaw': 85, 'vgx': 0, 'vgy': 0, 'vgz': 0, 'templ': 82, 'temph': 86, 'tof': 10, 'h': 0, 'bat': 100, 'baro': 112.11, 'time': 43, 'agx': -3.0, 'agy': -12.0, 'agz': -1004.0}
2022-11-22 00:07:06,469 | INFO | PERIODIC STATE VALUES: {'mid': -1, 'x': -100, 'y': -100, 'z': -100, 'mpry': '0,0,0', 'pitch': 0, 'roll': 0, 'yaw': 85, 'vgx': 0, 'vgy': 0, 'vgz': 0, 'templ': 82, 'temph': 84, 'tof': 10, 'h': 0, 'bat': 100, 'baro': 112.06, 'time': 43, 'agx': 3.0, 'agy': -12.0, 'agz': -997.0}
2022-11-22 00:07:06,643 | INFO | Send command: 'takeoff'
2022-11-22 00:07:06,973 | INFO | PERIODIC STATE VALUES: {'mid': -1, 'x': -100, 'y': -100, 'z': -100, 'mpry': '0,0,0', 'pitch': 0, 'roll': 0, 'yaw': 85, 'vgx': 0, 'vgy': 0, 'vgz': 0, 'templ': 82, 'temph': 84, 'tof': 10, 'h': 0, 'bat': 100, 'baro': 111.07, 'time': 43, 'agx': -2.0, 'agy': -28.0, 'agz': -997.0}
2022-11-22 00:07:07,477 | INFO | PERIODIC STATE VALUES: {'mid': -1, 'x': -100, 'y': -100, 'z': -100, 'mpry': '0,0,0', 'pitch': 0, 'roll': 0, 'yaw': 84, 'vgx': 0, 'vgy': 0, 'vgz': 4, 'templ': 81, 'temph': 85, 'tof': 10, 'h': 0, 'bat': 100, 'baro': 111.73, 'time': 43, 'agx': -1.0, 'agy': -17.0, 'agz': -1251.0}
2022-11-22 00:07:07,991 | INFO | PERIODIC STATE VALUES: {'mid': -1, 'x': -100, 'y': -100, 'z': -100, 'mpry': '0,0,0', 'pitch': 0, 'roll': 0, 'yaw': 84, 'vgx': 0, 'vgy': 0, 'vgz': 6, 'templ': 81, 'temph': 85, 'tof': 45, 'h': 40, 'bat': 100, 'baro': 112.81, 'time': 44, 'agx': -39.0, 'agy': 0.0, 'agz': -903.0}
2022-11-22 00:07:08,512 | INFO | PERIODIC STATE VALUES: {'mid': 6, 'x': -1, 'y': 0, 'z': 46, 'mpry': '1,91,-178', 'pitch': 0, 'roll': 0, 'yaw': 84, 'vgx': 0, 'vgy': 0, 'vgz': 2, 'templ': 83, 'temph': 85, 'tof': 65, 'h': 60, 'bat': 100, 'baro': 113.05, 'time': 44, 'agx': -4.0, 'agy': -7.0, 'agz': -950.0}
2022-11-22 00:07:09,028 | INFO | PERIODIC STATE VALUES: {'mid': 6, 'x': -4, 'y': 0, 'z': 64, 'mpry': '3,91,-178', 'pitch': 0, 'roll': 0, 'yaw': 84, 'vgx': 0, 'vgy': 0, 'vgz': 1, 'templ': 83, 'temph': 85, 'tof': 73, 'h': 60, 'bat': 100, 'baro': 113.15, 'time': 45, 'agx': -8.0, 'agy': 0.0, 'agz': -995.0}
2022-11-22 00:07:09,545 | INFO | PERIODIC STATE VALUES: {'mid': 6, 'x': -11, 'y': -4, 'z': 71, 'mpry': '4,90,179', 'pitch': 0, 'roll': 0, 'yaw': 84, 'vgx': 0, 'vgy': 0, 'vgz': 0, 'templ': 82, 'temph': 85, 'tof': 79, 'h': 70, 'bat': 100, 'baro': 113.23, 'time': 45, 'agx': -16.0, 'agy': -15.0, 'agz': -1023.0}
2022-11-22 00:07:10,065 | INFO | PERIODIC STATE VALUES: {'mid': 6, 'x': -23, 'y': -17, 'z': 79, 'mpry': '3,90,176', 'pitch': 0, 'roll': 0, 'yaw': 84, 'vgx': 0, 'vgy': 0, 'vgz': 0, 'templ': 82, 'temph': 85, 'tof': 83, 'h': 70, 'bat': 100, 'baro': 113.34, 'time': 46, 'agx': -10.0, 'agy': -3.0, 'agz': -996.0}
2022-11-22 00:07:10,578 | INFO | PERIODIC STATE VALUES: {'mid': 6, 'x': -23, 'y': -17, 'z': 79, 'mpry': '3,90,176', 'pitch': 0, 'roll': 0, 'yaw': 85, 'vgx': 0, 'vgy': 0, 'vgz': 0, 'templ': 82, 'temph': 85, 'tof': 83, 'h': 80, 'bat': 100, 'baro': 113.41, 'time': 46, 'agx': 13.0, 'agy': -16.0, 'agz': -989.0}
2022-11-22 00:07:11,079 | INFO | PERIODIC STATE VALUES: {'mid': 6, 'x': -23, 'y': -17, 'z': 79, 'mpry': '3,90,176', 'pitch': 0, 'roll': 0, 'yaw': 84, 'vgx': 0, 'vgy': 0, 'vgz': 0, 'templ': 82, 'temph': 85, 'tof': 83, 'h': 80, 'bat': 100, 'baro': 113.44, 'time': 47, 'agx': 15.0, 'agy': -9.0, 'agz': -996.0}
2022-11-22 00:07:11,580 | INFO | PERIODIC STATE VALUES: {'mid': 6, 'x': -23, 'y': -17, 'z': 79, 'mpry': '3,90,176', 'pitch': 0, 'roll': 0, 'yaw': 84, 'vgx': 0, 'vgy': 0, 'vgz': 0, 'templ': 82, 'temph': 86, 'tof': 83, 'h': 80, 'bat': 100, 'baro': 113.47, 'time': 47, 'agx': 0.0, 'agy': 8.0, 'agz': -1012.0}
2022-11-22 00:07:12,083 | INFO | PERIODIC STATE VALUES: {'mid': 6, 'x': -23, 'y': -17, 'z': 79, 'mpry': '3,90,176', 'pitch': 0, 'roll': 0, 'yaw': 85, 'vgx': 0, 'vgy': 0, 'vgz': 0, 'templ': 82, 'temph': 86, 'tof': 83, 'h': 80, 'bat': 100, 'baro': 113.47, 'time': 48, 'agx': 9.0, 'agy': 5.0, 'agz': -996.0}
2022-11-22 00:07:12,586 | INFO | PERIODIC STATE VALUES: {'mid': 6, 'x': -23, 'y': -17, 'z': 79, 'mpry': '3,90,176', 'pitch': 0, 'roll': 0, 'yaw': 85, 'vgx': 0, 'vgy': 0, 'vgz': 0, 'templ': 82, 'temph': 84, 'tof': 83, 'h': 80, 'bat': 100, 'baro': 113.42, 'time': 48, 'agx': -5.0, 'agy': -13.0, 'agz': -997.0}
2022-11-22 00:07:13,090 | INFO | PERIODIC STATE VALUES: {'mid': 6, 'x': -23, 'y': -17, 'z': 79, 'mpry': '3,90,176', 'pitch': 0, 'roll': 0, 'yaw': 84, 'vgx': 0, 'vgy': 0, 'vgz': 0, 'templ': 82, 'temph': 84, 'tof': 85, 'h': 80, 'bat': 100, 'baro': 113.26, 'time': 49, 'agx': 1.0, 'agy': 7.0, 'agz': -993.0}
2022-11-22 00:07:13,605 | INFO | PERIODIC STATE VALUES: {'mid': 6, 'x': -23, 'y': -17, 'z': 79, 'mpry': '3,90,176', 'pitch': 0, 'roll': 2, 'yaw': 84, 'vgx': -1, 'vgy': 0, 'vgz': 0, 'templ': 81, 'temph': 84, 'tof': 86, 'h': 80, 'bat': 100, 'baro': 113.26, 'time': 49, 'agx': -3.0, 'agy': 15.0, 'agz': -1002.0}
2022-11-22 00:07:14,109 | INFO | PERIODIC STATE VALUES: {'mid': 6, 'x': -23, 'y': -17, 'z': 79, 'mpry': '3,90,176', 'pitch': 0, 'roll': 2, 'yaw': 84, 'vgx': 0, 'vgy': 0, 'vgz': 0, 'templ': 81, 'temph': 84, 'tof': 88, 'h': 80, 'bat': 100, 'baro': 113.27, 'time': 50, 'agx': -3.0, 'agy': 4.0, 'agz': -1000.0}
2022-11-22 00:07:14,622 | INFO | PERIODIC STATE VALUES: {'mid': 6, 'x': -23, 'y': -17, 'z': 79, 'mpry': '3,90,176', 'pitch': 0, 'roll': 2, 'yaw': 84, 'vgx': 0, 'vgy': 0, 'vgz': 0, 'templ': 81, 'temph': 84, 'tof': 87, 'h': 80, 'bat': 100, 'baro': 113.24, 'time': 50, 'agx': 0.0, 'agy': -10.0, 'agz': -992.0}
2022-11-22 00:07:15,138 | INFO | PERIODIC STATE VALUES: {'mid': -1, 'x': -100, 'y': -100, 'z': -100, 'mpry': '0,0,0', 'pitch': -1, 'roll': 3, 'yaw': 84, 'vgx': 0, 'vgy': 0, 'vgz': 0, 'templ': 81, 'temph': 84, 'tof': 87, 'h': 80, 'bat': 100, 'baro': 113.31, 'time': 51, 'agx': 7.0, 'agy': -30.0, 'agz': -995.0}
2022-11-22 00:07:15,314 | INFO | Response takeoff: 'ok'
2022-11-22 00:07:15,642 | INFO | PERIODIC STATE VALUES: {'mid': -1, 'x': -100, 'y': -100, 'z': -100, 'mpry': '0,0,0', 'pitch': 0, 'roll': 2, 'yaw': 84, 'vgx': 0, 'vgy': 0, 'vgz': 0, 'templ': 81, 'temph': 84, 'tof': 86, 'h': 80, 'bat': 100, 'baro': 113.24, 'time': 51, 'agx': -9.0, 'agy': -9.0, 'agz': -990.0}
2022-11-22 00:07:16,144 | INFO | PERIODIC STATE VALUES: {'mid': -1, 'x': -100, 'y': -100, 'z': -100, 'mpry': '0,0,0', 'pitch': -1, 'roll': 2, 'yaw': 84, 'vgx': 0, 'vgy': 0, 'vgz': 0, 'templ': 81, 'temph': 84, 'tof': 85, 'h': 80, 'bat': 100, 'baro': 113.24, 'time': 52, 'agx': 1.0, 'agy': -23.0, 'agz': -1009.0}
2022-11-22 00:07:16,646 | INFO | PERIODIC STATE VALUES: {'mid': -1, 'x': -100, 'y': -100, 'z': -100, 'mpry': '0,0,0', 'pitch': -1, 'roll': 2, 'yaw': 84, 'vgx': 0, 'vgy': 0, 'vgz': 0, 'templ': 81, 'temph': 83, 'tof': 85, 'h': 80, 'bat': 100, 'baro': 113.25, 'time': 52, 'agx': -14.0, 'agy': -4.0, 'agz': -997.0}
2022-11-22 00:07:17,160 | INFO | PERIODIC STATE VALUES: {'mid': -1, 'x': -100, 'y': -100, 'z': -100, 'mpry': '0,0,0', 'pitch': -1, 'roll': 1, 'yaw': 84, 'vgx': 0, 'vgy': 0, 'vgz': 0, 'templ': 81, 'temph': 83, 'tof': 85, 'h': 80, 'bat': 100, 'baro': 113.21, 'time': 53, 'agx': -6.0, 'agy': -3.0, 'agz': -991.0}
2022-11-22 00:07:17,664 | INFO | PERIODIC STATE VALUES: {'mid': -1, 'x': -100, 'y': -100, 'z': -100, 'mpry': '0,0,0', 'pitch': 0, 'roll': 1, 'yaw': 84, 'vgx': 0, 'vgy': 0, 'vgz': 0, 'templ': 82, 'temph': 83, 'tof': 86, 'h': 80, 'bat': 100, 'baro': 113.12, 'time': 53, 'agx': 14.0, 'agy': -26.0, 'agz': -1015.0}
2022-11-22 00:07:18,181 | INFO | PERIODIC STATE VALUES: {'mid': -1, 'x': -100, 'y': -100, 'z': -100, 'mpry': '0,0,0', 'pitch': 0, 'roll': 2, 'yaw': 84, 'vgx': 0, 'vgy': 0, 'vgz': 0, 'templ': 82, 'temph': 83, 'tof': 88, 'h': 80, 'bat': 100, 'baro': 113.14, 'time': 54, 'agx': -2.0, 'agy': -17.0, 'agz': -989.0}
2022-11-22 00:07:18,696 | INFO | PERIODIC STATE VALUES: {'mid': -1, 'x': -100, 'y': -100, 'z': -100, 'mpry': '0,0,0', 'pitch': 0, 'roll': 1, 'yaw': 84, 'vgx': 0, 'vgy': 0, 'vgz': 0, 'templ': 81, 'temph': 84, 'tof': 88, 'h': 80, 'bat': 100, 'baro': 113.2, 'time': 54, 'agx': 6.0, 'agy': -23.0, 'agz': -995.0}
2022-11-22 00:07:19,213 | INFO | PERIODIC STATE VALUES: {'mid': -1, 'x': -100, 'y': -100, 'z': -100, 'mpry': '0,0,0', 'pitch': 0, 'roll': 2, 'yaw': 84, 'vgx': 0, 'vgy': 0, 'vgz': 0, 'templ': 81, 'temph': 84, 'tof': 88, 'h': 80, 'bat': 100, 'baro': 113.1, 'time': 55, 'agx': -15.0, 'agy': -7.0, 'agz': -1010.0}
2022-11-22 00:07:19,714 | INFO | PERIODIC STATE VALUES: {'mid': -1, 'x': -100, 'y': -100, 'z': -100, 'mpry': '0,0,0', 'pitch': 0, 'roll': 2, 'yaw': 84, 'vgx': 0, 'vgy': 0, 'vgz': 0, 'templ': 81, 'temph': 83, 'tof': 89, 'h': 80, 'bat': 100, 'baro': 113.15, 'time': 55, 'agx': 11.0, 'agy': -21.0, 'agz': -992.0}
2022-11-22 00:07:20,229 | INFO | PERIODIC STATE VALUES: {'mid': -1, 'x': -100, 'y': -100, 'z': -100, 'mpry': '0,0,0', 'pitch': -1, 'roll': 1, 'yaw': 84, 'vgx': 0, 'vgy': 0, 'vgz': 0, 'templ': 81, 'temph': 83, 'tof': 90, 'h': 80, 'bat': 100, 'baro': 113.14, 'time': 56, 'agx': 4.0, 'agy': -22.0, 'agz': -1001.0}
2022-11-22 00:07:20,733 | INFO | PERIODIC STATE VALUES: {'mid': -1, 'x': -100, 'y': -100, 'z': -100, 'mpry': '0,0,0', 'pitch': 0, 'roll': 1, 'yaw': 84, 'vgx': 0, 'vgy': 0, 'vgz': 0, 'templ': 81, 'temph': 84, 'tof': 91, 'h': 80, 'bat': 100, 'baro': 113.26, 'time': 56, 'agx': 2.0, 'agy': -27.0, 'agz': -991.0}
2022-11-22 00:07:21,236 | INFO | PERIODIC STATE VALUES: {'mid': -1, 'x': -100, 'y': -100, 'z': -100, 'mpry': '0,0,0', 'pitch': -1, 'roll': 2, 'yaw': 84, 'vgx': 0, 'vgy': 0, 'vgz': 0, 'templ': 81, 'temph': 84, 'tof': 90, 'h': 80, 'bat': 100, 'baro': 113.24, 'time': 57, 'agx': 2.0, 'agy': -26.0, 'agz': -1008.0}
2022-11-22 00:07:21,740 | INFO | PERIODIC STATE VALUES: {'mid': -1, 'x': -100, 'y': -100, 'z': -100, 'mpry': '0,0,0', 'pitch': -1, 'roll': 2, 'yaw': 84, 'vgx': 0, 'vgy': 0, 'vgz': 0, 'templ': 81, 'temph': 84, 'tof': 89, 'h': 80, 'bat': 100, 'baro': 113.27, 'time': 57, 'agx': 1.0, 'agy': -21.0, 'agz': -996.0}
2022-11-22 00:07:22,255 | INFO | PERIODIC STATE VALUES: {'mid': -1, 'x': -100, 'y': -100, 'z': -100, 'mpry': '0,0,0', 'pitch': -1, 'roll': 2, 'yaw': 84, 'vgx': 0, 'vgy': 0, 'vgz': 0, 'templ': 81, 'temph': 84, 'tof': 88, 'h': 80, 'bat': 100, 'baro': 113.23, 'time': 58, 'agx': -2.0, 'agy': -32.0, 'agz': -1005.0}
2022-11-22 00:07:22,771 | INFO | PERIODIC STATE VALUES: {'mid': -1, 'x': -100, 'y': -100, 'z': -100, 'mpry': '0,0,0', 'pitch': -1, 'roll': 2, 'yaw': 84, 'vgx': 0, 'vgy': 0, 'vgz': 0, 'templ': 81, 'temph': 84, 'tof': 89, 'h': 80, 'bat': 100, 'baro': 113.27, 'time': 58, 'agx': -16.0, 'agy': -21.0, 'agz': -960.0}
2022-11-22 00:07:23,285 | INFO | PERIODIC STATE VALUES: {'mid': -1, 'x': -100, 'y': -100, 'z': -100, 'mpry': '0,0,0', 'pitch': 0, 'roll': 0, 'yaw': 84, 'vgx': 0, 'vgy': 0, 'vgz': -3, 'templ': 81, 'temph': 84, 'tof': 77, 'h': 70, 'bat': 100, 'baro': 113.26, 'time': 59, 'agx': 5.0, 'agy': -19.0, 'agz': -936.0}
2022-11-22 00:07:23,787 | INFO | PERIODIC STATE VALUES: {'mid': -1, 'x': -100, 'y': -100, 'z': -100, 'mpry': '0,0,0', 'pitch': 0, 'roll': 2, 'yaw': 84, 'vgx': 0, 'vgy': 0, 'vgz': -4, 'templ': 81, 'temph': 84, 'tof': 53, 'h': 50, 'bat': 100, 'baro': 113.03, 'time': 59, 'agx': -3.0, 'agy': -8.0, 'agz': -983.0}
2022-11-22 00:07:24,291 | INFO | PERIODIC STATE VALUES: {'mid': -1, 'x': -100, 'y': -100, 'z': -100, 'mpry': '0,0,0', 'pitch': 0, 'roll': 1, 'yaw': 84, 'vgx': 0, 'vgy': 0, 'vgz': -4, 'templ': 81, 'temph': 84, 'tof': 33, 'h': 30, 'bat': 100, 'baro': 113.0, 'time': 60, 'agx': -16.0, 'agy': -12.0, 'agz': -1028.0}
2022-11-22 00:07:24,795 | INFO | PERIODIC STATE VALUES: {'mid': -1, 'x': -100, 'y': -100, 'z': -100, 'mpry': '0,0,0', 'pitch': 0, 'roll': 1, 'yaw': 85, 'vgx': 0, 'vgy': 0, 'vgz': -3, 'templ': 81, 'temph': 83, 'tof': 10, 'h': 0, 'bat': 100, 'baro': 111.66, 'time': 61, 'agx': -15.0, 'agy': -2.0, 'agz': -1085.0}
2022-11-22 00:07:25,311 | INFO | PERIODIC STATE VALUES: {'mid': -1, 'x': -100, 'y': -100, 'z': -100, 'mpry': '0,0,0', 'pitch': -2, 'roll': 0, 'yaw': 89, 'vgx': 1, 'vgy': -1, 'vgz': 0, 'templ': 81, 'temph': 83, 'tof': 10, 'h': 0, 'bat': 100, 'baro': 111.72, 'time': 61, 'agx': 183.0, 'agy': -163.0, 'agz': -1226.0}
2022-11-22 00:07:25,844 | INFO | PERIODIC STATE VALUES: {'mid': -1, 'x': -100, 'y': -100, 'z': -100, 'mpry': '0,0,0', 'pitch': -1, 'roll': 1, 'yaw': 89, 'vgx': 2, 'vgy': -2, 'vgz': 0, 'templ': 81, 'temph': 83, 'tof': 10, 'h': 0, 'bat': 100, 'baro': 112.6, 'time': 61, 'agx': -10.0, 'agy': 0.0, 'agz': -1004.0}
2022-11-22 00:07:26,346 | INFO | PERIODIC STATE VALUES: {'mid': -1, 'x': -100, 'y': -100, 'z': -100, 'mpry': '0,0,0', 'pitch': -1, 'roll': 1, 'yaw': 89, 'vgx': 2, 'vgy': -2, 'vgz': 0, 'templ': 81, 'temph': 83, 'tof': 10, 'h': 0, 'bat': 100, 'baro': 112.71, 'time': 61, 'agx': -12.0, 'agy': -2.0, 'agz': -997.0}
2022-11-22 00:07:26,849 | INFO | PERIODIC STATE VALUES: {'mid': -1, 'x': -100, 'y': -100, 'z': -100, 'mpry': '0,0,0', 'pitch': -1, 'roll': 0, 'yaw': 89, 'vgx': 0, 'vgy': 0, 'vgz': 0, 'templ': 81, 'temph': 83, 'tof': 10, 'h': 0, 'bat': 100, 'baro': 112.62, 'time': 61, 'agx': -19.0, 'agy': -1.0, 'agz': -1002.0}
2022-11-22 00:07:27,353 | INFO | PERIODIC STATE VALUES: {'mid': -1, 'x': -100, 'y': -100, 'z': -100, 'mpry': '0,0,0', 'pitch': -1, 'roll': 0, 'yaw': 89, 'vgx': 0, 'vgy': 0, 'vgz': 0, 'templ': 81, 'temph': 84, 'tof': 10, 'h': 0, 'bat': 100, 'baro': 112.62, 'time': 61, 'agx': -16.0, 'agy': 0.0, 'agz': -1003.0}
2022-11-22 00:07:27,870 | INFO | PERIODIC STATE VALUES: {'mid': -1, 'x': -100, 'y': -100, 'z': -100, 'mpry': '0,0,0', 'pitch': -1, 'roll': 0, 'yaw': 89, 'vgx': 0, 'vgy': 0, 'vgz': 0, 'templ': 81, 'temph': 84, 'tof': 10, 'h': 0, 'bat': 100, 'baro': 112.59, 'time': 61, 'agx': -17.0, 'agy': -1.0, 'agz': -1005.0}
2022-11-22 00:07:28,372 | INFO | PERIODIC STATE VALUES: {'mid': -1, 'x': -100, 'y': -100, 'z': -100, 'mpry': '0,0,0', 'pitch': -1, 'roll': 0, 'yaw': 89, 'vgx': 0, 'vgy': 0, 'vgz': 0, 'templ': 81, 'temph': 84, 'tof': 10, 'h': 0, 'bat': 100, 'baro': 112.56, 'time': 61, 'agx': -18.0, 'agy': 0.0, 'agz': -1005.0}
2022-11-22 00:07:28,875 | INFO | PERIODIC STATE VALUES: {'mid': -1, 'x': -100, 'y': -100, 'z': -100, 'mpry': '0,0,0', 'pitch': -1, 'roll': 0, 'yaw': 89, 'vgx': 0, 'vgy': 0, 'vgz': 0, 'templ': 80, 'temph': 84, 'tof': 10, 'h': 0, 'bat': 100, 'baro': 112.55, 'time': 61, 'agx': -17.0, 'agy': 0.0, 'agz': -1002.0}
2022-11-22 00:07:29,390 | INFO | PERIODIC STATE VALUES: {'mid': -1, 'x': -100, 'y': -100, 'z': -100, 'mpry': '0,0,0', 'pitch': -1, 'roll': 0, 'yaw': 89, 'vgx': 0, 'vgy': 0, 'vgz': 0, 'templ': 81, 'temph': 84, 'tof': 10, 'h': 0, 'bat': 100, 'baro': 112.51, 'time': 61, 'agx': -18.0, 'agy': 0.0, 'agz': -1003.0}
2022-11-22 00:07:29,907 | INFO | PERIODIC STATE VALUES: {'mid': -1, 'x': -100, 'y': -100, 'z': -100, 'mpry': '0,0,0', 'pitch': -1, 'roll': 0, 'yaw': 89, 'vgx': 0, 'vgy': 0, 'vgz': 0, 'templ': 81, 'temph': 84, 'tof': 10, 'h': 0, 'bat': 100, 'baro': 112.54, 'time': 61, 'agx': -18.0, 'agy': 0.0, 'agz': -1006.0}
2022-11-22 00:07:30,420 | INFO | PERIODIC STATE VALUES: {'mid': -1, 'x': -100, 'y': -100, 'z': -100, 'mpry': '0,0,0', 'pitch': -1, 'roll': 0, 'yaw': 89, 'vgx': 0, 'vgy': 0, 'vgz': 0, 'templ': 81, 'temph': 83, 'tof': 10, 'h': 0, 'bat': 100, 'baro': 112.52, 'time': 61, 'agx': -17.0, 'agy': 1.0, 'agz': -1004.0}
2022-11-22 00:07:30,936 | INFO | PERIODIC STATE VALUES: {'mid': -1, 'x': -100, 'y': -100, 'z': -100, 'mpry': '0,0,0', 'pitch': -1, 'roll': 0, 'yaw': 89, 'vgx': 0, 'vgy': 0, 'vgz': 0, 'templ': 81, 'temph': 83, 'tof': 10, 'h': 0, 'bat': 100, 'baro': 112.53, 'time': 61, 'agx': -18.0, 'agy': 0.0, 'agz': -1002.0}
