2022-11-20 22:18:28,551 | INFO | Tello instance was initialized. Host: '192.168.10.1'. Port: '8889'.
2022-11-20 22:18:28,551 | INFO | Trying to connect to the drone now!
2022-11-20 22:18:28,561 | INFO | Send command: 'command'
2022-11-20 22:18:28,671 | INFO | Response command: 'ok'
2022-11-20 22:18:28,736 | INFO | Connected to the drone successfully.
2022-11-20 22:18:28,814 | INFO | Send command: 'streamon'
2022-11-20 22:18:28,814 | INFO | Send command: 'mon'
2022-11-20 22:18:28,926 | INFO | Response streamon: 'ok'
2022-11-20 22:18:28,927 | INFO | Response mon: 'ok'
2022-11-20 22:18:28,928 | INFO | Send command: 'downvision 1'
2022-11-20 22:18:28,941 | INFO | Send command: 'mdirection 0'
2022-11-20 22:18:29,050 | INFO | Response mdirection 0: 'ok'
2022-11-20 22:18:29,051 | INFO | Response downvision 1: 'ok'
2022-11-20 22:18:29,065 | INFO | Send command: 'setfps high'
2022-11-20 22:18:29,066 | INFO | Send command: 'motoron'
2022-11-20 22:18:29,176 | INFO | Response setfps high: 'ok'
2022-11-20 22:18:29,177 | INFO | Response motoron: 'ok'
2022-11-20 22:18:29,178 | INFO | data goes here
2022-11-20 22:18:29,191 | INFO | Send command: 'attitude?'
2022-11-20 22:18:29,239 | INFO | PERIODIC STATE VALUES: {'mid': -1, 'x': -100, 'y': -100, 'z': -100, 'mpry': '0,0,0', 'pitch': 0, 'roll': 0, 'yaw': -53, 'vgx': 0, 'vgy': 0, 'vgz': 0, 'templ': 96, 'temph': 98, 'tof': 10, 'h': 0, 'bat': 25, 'baro': 89.27, 'time': 216, 'agx': 1.0, 'agy': -14.0, 'agz': -999.0}
2022-11-20 22:18:29,300 | INFO | Response attitude?: 'pitch:0;roll:0;yaw:-53;'
2022-11-20 22:18:29,300 | INFO | ATTITUDE: {'pitch': 0, 'roll': 0, 'yaw': -53}
2022-11-20 22:18:29,316 | INFO | Send command: 'baro?'
2022-11-20 22:18:29,427 | INFO | Response baro?: '89.267822'
2022-11-20 22:18:29,428 | INFO | BAROMETER: 8926.7822
2022-11-20 22:18:29,442 | INFO | Send command: 'battery?'
2022-11-20 22:18:29,552 | INFO | Response battery?: '25'
2022-11-20 22:18:29,553 | INFO | BATTERY: 25
2022-11-20 22:18:29,568 | INFO | Send command: 'tof?'
2022-11-20 22:18:29,679 | INFO | Response tof?: '100mm'
2022-11-20 22:18:29,692 | INFO | TOF_DISTANCE: 10.0 
2022-11-20 22:18:29,711 | INFO | Send command: 'wifi?'
2022-11-20 22:18:29,743 | INFO | PERIODIC STATE VALUES: {'mid': -1, 'x': -100, 'y': -100, 'z': -100, 'mpry': '0,0,0', 'pitch': 0, 'roll': 0, 'yaw': -53, 'vgx': 0, 'vgy': 0, 'vgz': 0, 'templ': 96, 'temph': 98, 'tof': 10, 'h': 0, 'bat': 25, 'baro': 89.23, 'time': 216, 'agx': 5.0, 'agy': -8.0, 'agz': -990.0}
2022-11-20 22:18:29,822 | INFO | Response wifi?: '90'
2022-11-20 22:18:29,823 | INFO | WIFI_SIGNAL_NOISE RATIO: 90
2022-11-20 22:18:29,839 | INFO | Send command: 'sdk?'
2022-11-20 22:18:29,950 | INFO | Response sdk?: '30'
2022-11-20 22:18:29,950 | INFO | SDK VERSION: 30
2022-11-20 22:18:29,965 | INFO | Send command: 'sn?'
2022-11-20 22:18:30,077 | INFO | Response sn?: '0TQZK7JCNT2468'
2022-11-20 22:18:30,077 | INFO | SERIAL NUMBER: 0TQZK7JCNT2468
2022-11-20 22:18:30,248 | INFO | PERIODIC STATE VALUES: {'mid': -1, 'x': -100, 'y': -100, 'z': -100, 'mpry': '0,0,0', 'pitch': 0, 'roll': 0, 'yaw': -53, 'vgx': 0, 'vgy': 0, 'vgz': 0, 'templ': 96, 'temph': 98, 'tof': 10, 'h': 0, 'bat': 25, 'baro': 89.22, 'time': 216, 'agx': 3.0, 'agy': -3.0, 'agz': -1003.0}
2022-11-20 22:18:30,749 | INFO | PERIODIC STATE VALUES: {'mid': -1, 'x': -100, 'y': -100, 'z': -100, 'mpry': '0,0,0', 'pitch': 0, 'roll': 0, 'yaw': -53, 'vgx': 0, 'vgy': 0, 'vgz': 0, 'templ': 94, 'temph': 98, 'tof': 10, 'h': 0, 'bat': 25, 'baro': 89.19, 'time': 216, 'agx': 1.0, 'agy': 6.0, 'agz': -997.0}
2022-11-20 22:18:31,256 | INFO | PERIODIC STATE VALUES: {'mid': -1, 'x': -100, 'y': -100, 'z': -100, 'mpry': '0,0,0', 'pitch': 0, 'roll': 0, 'yaw': -53, 'vgx': 0, 'vgy': 0, 'vgz': 0, 'templ': 94, 'temph': 98, 'tof': 10, 'h': 0, 'bat': 25, 'baro': 89.24, 'time': 216, 'agx': 8.0, 'agy': 4.0, 'agz': -996.0}
2022-11-20 22:18:31,760 | INFO | PERIODIC STATE VALUES: {'mid': -1, 'x': -100, 'y': -100, 'z': -100, 'mpry': '0,0,0', 'pitch': 0, 'roll': 0, 'yaw': -53, 'vgx': 0, 'vgy': 0, 'vgz': 0, 'templ': 94, 'temph': 97, 'tof': 10, 'h': 0, 'bat': 25, 'baro': 89.18, 'time': 216, 'agx': 1.0, 'agy': -5.0, 'agz': -998.0}
2022-11-20 22:18:32,263 | INFO | PERIODIC STATE VALUES: {'mid': -1, 'x': -100, 'y': -100, 'z': -100, 'mpry': '0,0,0', 'pitch': 0, 'roll': 0, 'yaw': -53, 'vgx': 0, 'vgy': 0, 'vgz': 0, 'templ': 94, 'temph': 97, 'tof': 10, 'h': 0, 'bat': 25, 'baro': 89.2, 'time': 216, 'agx': -5.0, 'agy': -10.0, 'agz': -999.0}
2022-11-20 22:18:32,779 | INFO | PERIODIC STATE VALUES: {'mid': -1, 'x': -100, 'y': -100, 'z': -100, 'mpry': '0,0,0', 'pitch': 0, 'roll': 0, 'yaw': -53, 'vgx': 0, 'vgy': 0, 'vgz': 0, 'templ': 94, 'temph': 97, 'tof': 10, 'h': 0, 'bat': 25, 'baro': 89.2, 'time': 216, 'agx': 10.0, 'agy': -28.0, 'agz': -1005.0}
2022-11-20 22:18:33,283 | INFO | PERIODIC STATE VALUES: {'mid': -1, 'x': -100, 'y': -100, 'z': -100, 'mpry': '0,0,0', 'pitch': 0, 'roll': 0, 'yaw': -53, 'vgx': 0, 'vgy': 0, 'vgz': 0, 'templ': 94, 'temph': 97, 'tof': 10, 'h': 0, 'bat': 25, 'baro': 89.17, 'time': 216, 'agx': 2.0, 'agy': 2.0, 'agz': -995.0}
2022-11-20 22:18:33,788 | INFO | PERIODIC STATE VALUES: {'mid': -1, 'x': -100, 'y': -100, 'z': -100, 'mpry': '0,0,0', 'pitch': 0, 'roll': 0, 'yaw': -53, 'vgx': 0, 'vgy': 0, 'vgz': 0, 'templ': 94, 'temph': 99, 'tof': 10, 'h': 0, 'bat': 25, 'baro': 89.18, 'time': 216, 'agx': 10.0, 'agy': -11.0, 'agz': -1003.0}
2022-11-20 22:18:34,301 | INFO | PERIODIC STATE VALUES: {'mid': -1, 'x': -100, 'y': -100, 'z': -100, 'mpry': '0,0,0', 'pitch': 0, 'roll': 0, 'yaw': -53, 'vgx': 0, 'vgy': 0, 'vgz': 0, 'templ': 94, 'temph': 99, 'tof': 10, 'h': 0, 'bat': 24, 'baro': 89.18, 'time': 216, 'agx': 10.0, 'agy': -1.0, 'agz': -993.0}
2022-11-20 22:18:34,806 | INFO | PERIODIC STATE VALUES: {'mid': -1, 'x': -100, 'y': -100, 'z': -100, 'mpry': '0,0,0', 'pitch': 0, 'roll': 0, 'yaw': -53, 'vgx': 0, 'vgy': 0, 'vgz': 0, 'templ': 95, 'temph': 98, 'tof': 10, 'h': 0, 'bat': 24, 'baro': 89.17, 'time': 216, 'agx': 2.0, 'agy': 0.0, 'agz': -1000.0}
2022-11-20 22:18:35,092 | INFO | Send command: 'takeoff'
2022-11-20 22:18:35,313 | INFO | PERIODIC STATE VALUES: {'mid': -1, 'x': -100, 'y': -100, 'z': -100, 'mpry': '0,0,0', 'pitch': 0, 'roll': 0, 'yaw': -53, 'vgx': 0, 'vgy': 0, 'vgz': 0, 'templ': 95, 'temph': 98, 'tof': 10, 'h': 0, 'bat': 24, 'baro': 88.77, 'time': 216, 'agx': 14.0, 'agy': -5.0, 'agz': -990.0}
2022-11-20 22:18:35,826 | INFO | PERIODIC STATE VALUES: {'mid': -1, 'x': -100, 'y': -100, 'z': -100, 'mpry': '0,0,0', 'pitch': 0, 'roll': 0, 'yaw': -54, 'vgx': 0, 'vgy': 0, 'vgz': 0, 'templ': 95, 'temph': 98, 'tof': 10, 'h': 0, 'bat': 24, 'baro': 85.65, 'time': 217, 'agx': -18.0, 'agy': -11.0, 'agz': -1123.0}
2022-11-20 22:18:36,332 | INFO | PERIODIC STATE VALUES: {'mid': -1, 'x': -100, 'y': -100, 'z': -100, 'mpry': '0,0,0', 'pitch': 0, 'roll': 0, 'yaw': -54, 'vgx': 0, 'vgy': 0, 'vgz': 8, 'templ': 95, 'temph': 98, 'tof': 30, 'h': 20, 'bat': 24, 'baro': 89.75, 'time': 217, 'agx': 5.0, 'agy': -27.0, 'agz': -983.0}
2022-11-20 22:18:36,838 | INFO | PERIODIC STATE VALUES: {'mid': -1, 'x': -100, 'y': -100, 'z': -100, 'mpry': '0,0,0', 'pitch': 0, 'roll': 1, 'yaw': -54, 'vgx': 0, 'vgy': 0, 'vgz': 4, 'templ': 95, 'temph': 98, 'tof': 64, 'h': 50, 'bat': 24, 'baro': 90.04, 'time': 218, 'agx': 9.0, 'agy': -3.0, 'agz': -880.0}
2022-11-20 22:18:37,340 | INFO | PERIODIC STATE VALUES: {'mid': -1, 'x': -100, 'y': -100, 'z': -100, 'mpry': '0,0,0', 'pitch': 0, 'roll': 1, 'yaw': -54, 'vgx': 0, 'vgy': 0, 'vgz': 0, 'templ': 95, 'temph': 98, 'tof': 76, 'h': 70, 'bat': 24, 'baro': 90.17, 'time': 218, 'agx': -5.0, 'agy': -9.0, 'agz': -961.0}
2022-11-20 22:18:37,857 | INFO | PERIODIC STATE VALUES: {'mid': -1, 'x': -100, 'y': -100, 'z': -100, 'mpry': '0,0,0', 'pitch': 0, 'roll': 1, 'yaw': -54, 'vgx': 0, 'vgy': 0, 'vgz': 0, 'templ': 95, 'temph': 98, 'tof': 77, 'h': 70, 'bat': 24, 'baro': 90.2, 'time': 219, 'agx': 1.0, 'agy': -37.0, 'agz': -997.0}
2022-11-20 22:18:38,372 | INFO | PERIODIC STATE VALUES: {'mid': -1, 'x': -100, 'y': -100, 'z': -100, 'mpry': '0,0,0', 'pitch': 0, 'roll': 1, 'yaw': -54, 'vgx': 0, 'vgy': 0, 'vgz': 0, 'templ': 95, 'temph': 98, 'tof': 80, 'h': 70, 'bat': 24, 'baro': 90.29, 'time': 219, 'agx': -12.0, 'agy': -4.0, 'agz': -1008.0}
2022-11-20 22:18:38,889 | INFO | PERIODIC STATE VALUES: {'mid': -1, 'x': -100, 'y': -100, 'z': -100, 'mpry': '0,0,0', 'pitch': 0, 'roll': 1, 'yaw': -54, 'vgx': 0, 'vgy': 0, 'vgz': 0, 'templ': 94, 'temph': 97, 'tof': 82, 'h': 70, 'bat': 24, 'baro': 90.31, 'time': 220, 'agx': 5.0, 'agy': -37.0, 'agz': -990.0}
2022-11-20 22:18:39,392 | INFO | PERIODIC STATE VALUES: {'mid': -1, 'x': -100, 'y': -100, 'z': -100, 'mpry': '0,0,0', 'pitch': 0, 'roll': 1, 'yaw': -54, 'vgx': 0, 'vgy': 0, 'vgz': 0, 'templ': 94, 'temph': 97, 'tof': 26, 'h': 70, 'bat': 24, 'baro': 90.33, 'time': 221, 'agx': -3.0, 'agy': -33.0, 'agz': -1004.0}
2022-11-20 22:18:39,596 | INFO | Response takeoff: 'ok'
2022-11-20 22:18:39,895 | INFO | PERIODIC STATE VALUES: {'mid': -1, 'x': -100, 'y': -100, 'z': -100, 'mpry': '0,0,0', 'pitch': 2, 'roll': -2, 'yaw': -54, 'vgx': -1, 'vgy': 2, 'vgz': 0, 'templ': 94, 'temph': 96, 'tof': 64, 'h': 70, 'bat': 24, 'baro': 90.34, 'time': 221, 'agx': 13.0, 'agy': -19.0, 'agz': -996.0}
2022-11-20 22:18:40,411 | INFO | PERIODIC STATE VALUES: {'mid': -1, 'x': -100, 'y': -100, 'z': -100, 'mpry': '0,0,0', 'pitch': 3, 'roll': 2, 'yaw': -54, 'vgx': 0, 'vgy': 0, 'vgz': 0, 'templ': 94, 'temph': 96, 'tof': 80, 'h': 80, 'bat': 24, 'baro': 90.37, 'time': 222, 'agx': 30.0, 'agy': -10.0, 'agz': -977.0}
2022-11-20 22:18:40,914 | INFO | PERIODIC STATE VALUES: {'mid': -1, 'x': -100, 'y': -100, 'z': -100, 'mpry': '0,0,0', 'pitch': -2, 'roll': 3, 'yaw': -54, 'vgx': 1, 'vgy': -1, 'vgz': 0, 'templ': 93, 'temph': 96, 'tof': 75, 'h': 70, 'bat': 24, 'baro': 90.35, 'time': 222, 'agx': 23.0, 'agy': -18.0, 'agz': -1006.0}
2022-11-20 22:18:41,429 | INFO | PERIODIC STATE VALUES: {'mid': -1, 'x': -100, 'y': -100, 'z': -100, 'mpry': '0,0,0', 'pitch': -2, 'roll': 3, 'yaw': -54, 'vgx': 0, 'vgy': 0, 'vgz': 0, 'templ': 93, 'temph': 96, 'tof': 71, 'h': 70, 'bat': 24, 'baro': 90.16, 'time': 223, 'agx': 10.0, 'agy': -36.0, 'agz': -1031.0}
2022-11-20 22:18:41,936 | INFO | PERIODIC STATE VALUES: {'mid': -1, 'x': -100, 'y': -100, 'z': -100, 'mpry': '0,0,0', 'pitch': -2, 'roll': 2, 'yaw': -54, 'vgx': 0, 'vgy': 0, 'vgz': 0, 'templ': 92, 'temph': 96, 'tof': 69, 'h': 70, 'bat': 24, 'baro': 90.21, 'time': 223, 'agx': -15.0, 'agy': -20.0, 'agz': -1016.0}
2022-11-20 22:18:42,438 | INFO | PERIODIC STATE VALUES: {'mid': -1, 'x': -100, 'y': -100, 'z': -100, 'mpry': '0,0,0', 'pitch': -2, 'roll': 1, 'yaw': -54, 'vgx': -1, 'vgy': 0, 'vgz': 0, 'templ': 92, 'temph': 96, 'tof': 71, 'h': 70, 'bat': 24, 'baro': 90.2, 'time': 224, 'agx': -20.0, 'agy': -16.0, 'agz': -994.0}
2022-11-20 22:18:42,941 | INFO | PERIODIC STATE VALUES: {'mid': -1, 'x': -100, 'y': -100, 'z': -100, 'mpry': '0,0,0', 'pitch': 0, 'roll': 3, 'yaw': -54, 'vgx': 0, 'vgy': 0, 'vgz': 0, 'templ': 92, 'temph': 95, 'tof': 72, 'h': 70, 'bat': 24, 'baro': 90.12, 'time': 224, 'agx': -4.0, 'agy': -13.0, 'agz': -998.0}
2022-11-20 22:18:43,443 | INFO | PERIODIC STATE VALUES: {'mid': -1, 'x': -100, 'y': -100, 'z': -100, 'mpry': '0,0,0', 'pitch': -1, 'roll': 2, 'yaw': -54, 'vgx': -1, 'vgy': 0, 'vgz': 0, 'templ': 92, 'temph': 95, 'tof': 74, 'h': 70, 'bat': 24, 'baro': 90.22, 'time': 225, 'agx': -21.0, 'agy': -8.0, 'agz': -998.0}
2022-11-20 22:18:43,958 | INFO | PERIODIC STATE VALUES: {'mid': -1, 'x': -100, 'y': -100, 'z': -100, 'mpry': '0,0,0', 'pitch': -1, 'roll': 2, 'yaw': -54, 'vgx': -1, 'vgy': 0, 'vgz': 0, 'templ': 92, 'temph': 94, 'tof': 34, 'h': 70, 'bat': 24, 'baro': 90.21, 'time': 225, 'agx': -9.0, 'agy': -19.0, 'agz': -1005.0}
2022-11-20 22:18:44,459 | INFO | PERIODIC STATE VALUES: {'mid': -1, 'x': -100, 'y': -100, 'z': -100, 'mpry': '0,0,0', 'pitch': -1, 'roll': 2, 'yaw': -54, 'vgx': -1, 'vgy': 0, 'vgz': 0, 'templ': 92, 'temph': 94, 'tof': 78, 'h': 70, 'bat': 24, 'baro': 90.22, 'time': 226, 'agx': 9.0, 'agy': -21.0, 'agz': -994.0}
2022-11-20 22:18:44,601 | INFO | Send command: 'land'
2022-11-20 22:18:44,964 | INFO | PERIODIC STATE VALUES: {'mid': -1, 'x': -100, 'y': -100, 'z': -100, 'mpry': '0,0,0', 'pitch': -1, 'roll': 2, 'yaw': -54, 'vgx': 0, 'vgy': 0, 'vgz': 0, 'templ': 92, 'temph': 94, 'tof': 77, 'h': 70, 'bat': 24, 'baro': 90.26, 'time': 226, 'agx': 9.0, 'agy': -43.0, 'agz': -994.0}
2022-11-20 22:18:45,482 | INFO | PERIODIC STATE VALUES: {'mid': -1, 'x': -100, 'y': -100, 'z': -100, 'mpry': '0,0,0', 'pitch': -1, 'roll': 2, 'yaw': -54, 'vgx': -1, 'vgy': 0, 'vgz': -1, 'templ': 92, 'temph': 94, 'tof': 22, 'h': 70, 'bat': 24, 'baro': 90.19, 'time': 227, 'agx': 7.0, 'agy': -16.0, 'agz': -900.0}
2022-11-20 22:18:45,996 | INFO | PERIODIC STATE VALUES: {'mid': -1, 'x': -100, 'y': -100, 'z': -100, 'mpry': '0,0,0', 'pitch': 0, 'roll': 1, 'yaw': -54, 'vgx': 0, 'vgy': 0, 'vgz': -4, 'templ': 91, 'temph': 94, 'tof': 57, 'h': 60, 'bat': 24, 'baro': 90.07, 'time': 227, 'agx': -4.0, 'agy': 10.0, 'agz': -971.0}
2022-11-20 22:18:46,513 | INFO | PERIODIC STATE VALUES: {'mid': -1, 'x': -100, 'y': -100, 'z': -100, 'mpry': '0,0,0', 'pitch': -1, 'roll': 2, 'yaw': -54, 'vgx': 0, 'vgy': 0, 'vgz': -4, 'templ': 91, 'temph': 94, 'tof': 35, 'h': 30, 'bat': 24, 'baro': 89.91, 'time': 228, 'agx': -4.0, 'agy': -13.0, 'agz': -1002.0}
2022-11-20 22:18:47,016 | INFO | PERIODIC STATE VALUES: {'mid': -1, 'x': -100, 'y': -100, 'z': -100, 'mpry': '0,0,0', 'pitch': 0, 'roll': 2, 'yaw': -54, 'vgx': 0, 'vgy': 0, 'vgz': -4, 'templ': 90, 'temph': 93, 'tof': 10, 'h': 10, 'bat': 24, 'baro': 88.58, 'time': 228, 'agx': -22.0, 'agy': 0.0, 'agz': -1070.0}
2022-11-20 22:18:47,344 | INFO | Response land: 'ok'
2022-11-20 22:18:47,360 | INFO | Send command: 'motoron'
2022-11-20 22:18:47,470 | INFO | Response motoron: 'ok'
2022-11-20 22:18:47,533 | INFO | PERIODIC STATE VALUES: {'mid': -1, 'x': -100, 'y': -100, 'z': -100, 'mpry': '0,0,0', 'pitch': 0, 'roll': 2, 'yaw': -54, 'vgx': -4, 'vgy': 0, 'vgz': 0, 'templ': 90, 'temph': 92, 'tof': 10, 'h': 0, 'bat': 24, 'baro': 88.66, 'time': 228, 'agx': 20.0, 'agy': 5.0, 'agz': -311.0}
2022-11-20 22:18:48,049 | INFO | PERIODIC STATE VALUES: {'mid': -1, 'x': -100, 'y': -100, 'z': -100, 'mpry': '0,0,0', 'pitch': -1, 'roll': 2, 'yaw': -54, 'vgx': -7, 'vgy': 0, 'vgz': 0, 'templ': 90, 'temph': 92, 'tof': 10, 'h': 0, 'bat': 24, 'baro': 89.23, 'time': 228, 'agx': 1.0, 'agy': -8.0, 'agz': -1030.0}
2022-11-20 22:18:48,552 | INFO | PERIODIC STATE VALUES: {'mid': -1, 'x': -100, 'y': -100, 'z': -100, 'mpry': '0,0,0', 'pitch': -1, 'roll': 2, 'yaw': -54, 'vgx': -9, 'vgy': 0, 'vgz': 0, 'templ': 90, 'temph': 92, 'tof': 10, 'h': 0, 'bat': 24, 'baro': 89.31, 'time': 228, 'agx': -8.0, 'agy': -4.0, 'agz': -1000.0}
2022-11-20 22:18:49,056 | INFO | PERIODIC STATE VALUES: {'mid': -1, 'x': -100, 'y': -100, 'z': -100, 'mpry': '0,0,0', 'pitch': -1, 'roll': 2, 'yaw': -54, 'vgx': 0, 'vgy': 0, 'vgz': 0, 'templ': 90, 'temph': 92, 'tof': 10, 'h': 0, 'bat': 24, 'baro': 89.3, 'time': 228, 'agx': 2.0, 'agy': -10.0, 'agz': -1000.0}
2022-11-20 22:18:49,572 | INFO | PERIODIC STATE VALUES: {'mid': -1, 'x': -100, 'y': -100, 'z': -100, 'mpry': '0,0,0', 'pitch': -1, 'roll': 2, 'yaw': -54, 'vgx': 0, 'vgy': 0, 'vgz': 0, 'templ': 90, 'temph': 92, 'tof': 10, 'h': 0, 'bat': 24, 'baro': 89.32, 'time': 228, 'agx': -7.0, 'agy': -4.0, 'agz': -1016.0}
2022-11-20 22:18:50,075 | INFO | PERIODIC STATE VALUES: {'mid': -1, 'x': -100, 'y': -100, 'z': -100, 'mpry': '0,0,0', 'pitch': -1, 'roll': 2, 'yaw': -54, 'vgx': 0, 'vgy': 0, 'vgz': 0, 'templ': 90, 'temph': 92, 'tof': 10, 'h': 0, 'bat': 24, 'baro': 89.36, 'time': 228, 'agx': 12.0, 'agy': -16.0, 'agz': -997.0}
2022-11-20 22:18:50,578 | INFO | PERIODIC STATE VALUES: {'mid': -1, 'x': -100, 'y': -100, 'z': -100, 'mpry': '0,0,0', 'pitch': 0, 'roll': 2, 'yaw': -54, 'vgx': -2, 'vgy': 0, 'vgz': 0, 'templ': 90, 'temph': 93, 'tof': 10, 'h': 0, 'bat': 24, 'baro': 89.37, 'time': 228, 'agx': -3.0, 'agy': -9.0, 'agz': -1003.0}
2022-11-20 22:18:51,081 | INFO | PERIODIC STATE VALUES: {'mid': -1, 'x': -100, 'y': -100, 'z': -100, 'mpry': '0,0,0', 'pitch': 0, 'roll': 1, 'yaw': -54, 'vgx': -3, 'vgy': 0, 'vgz': 0, 'templ': 90, 'temph': 93, 'tof': 10, 'h': 0, 'bat': 24, 'baro': 89.36, 'time': 228, 'agx': 5.0, 'agy': -13.0, 'agz': -1004.0}
2022-11-20 22:18:51,584 | INFO | PERIODIC STATE VALUES: {'mid': -1, 'x': -100, 'y': -100, 'z': -100, 'mpry': '0,0,0', 'pitch': 0, 'roll': 1, 'yaw': -54, 'vgx': -5, 'vgy': 0, 'vgz': 0, 'templ': 90, 'temph': 92, 'tof': 10, 'h': 0, 'bat': 24, 'baro': 89.37, 'time': 228, 'agx': 11.0, 'agy': -21.0, 'agz': -1005.0}
2022-11-20 22:18:52,087 | INFO | PERIODIC STATE VALUES: {'mid': -1, 'x': -100, 'y': -100, 'z': -100, 'mpry': '0,0,0', 'pitch': 0, 'roll': 1, 'yaw': -54, 'vgx': 0, 'vgy': 0, 'vgz': 0, 'templ': 90, 'temph': 92, 'tof': 10, 'h': 0, 'bat': 24, 'baro': 89.43, 'time': 228, 'agx': 11.0, 'agy': -19.0, 'agz': -998.0}
2022-11-20 22:18:52,479 | INFO | Send command: 'motoroff'
2022-11-20 22:18:52,588 | INFO | Response motoroff: 'ok'
2022-11-20 22:18:52,604 | INFO | PERIODIC STATE VALUES: {'mid': -1, 'x': -100, 'y': -100, 'z': -100, 'mpry': '0,0,0', 'pitch': 0, 'roll': 1, 'yaw': -54, 'vgx': 0, 'vgy': 0, 'vgz': 0, 'templ': 90, 'temph': 93, 'tof': 10, 'h': 0, 'bat': 24, 'baro': 89.4, 'time': 228, 'agx': 15.0, 'agy': -21.0, 'agz': -992.0}
2022-11-20 22:18:52,606 | INFO | Send command: 'streamoff'
2022-11-20 22:18:52,713 | INFO | Response streamoff: 'ok'
2022-11-20 22:18:52,714 | INFO | EXECUTION TIME: --- 23.66195273399353 seconds ---
