2022-11-20 21:41:59,666 | INFO | Tello instance was initialized. Host: '192.168.10.1'. Port: '8889'.
2022-11-20 21:41:59,667 | INFO | Trying to connect to the drone now!
2022-11-20 21:41:59,680 | INFO | Send command: 'command'
2022-11-20 21:41:59,790 | INFO | Response command: 'ok'
2022-11-20 21:41:59,791 | INFO | Connected to the drone successfully.
2022-11-20 21:41:59,806 | INFO | Send command: 'mon'
2022-11-20 21:41:59,807 | INFO | Send command: 'streamon'
2022-11-20 21:41:59,916 | INFO | Response streamon: 'ok'
2022-11-20 21:41:59,917 | INFO | Response mon: 'ok'
2022-11-20 21:41:59,917 | INFO | Send command: 'downvision 1'
2022-11-20 21:41:59,932 | INFO | Send command: 'mdirection 0'
2022-11-20 21:41:59,933 | INFO | Response mdirection 0: 'ok'
2022-11-20 21:41:59,948 | INFO | Send command: 'motoron'
2022-11-20 21:41:59,948 | INFO | Response motoron: 'ok'
2022-11-20 21:41:59,948 | INFO | data goes here
2022-11-20 21:41:59,963 | INFO | Send command: 'attitude?'
2022-11-20 21:41:59,964 | INFO | Response attitude?: 'ok'
2022-11-20 21:41:59,964 | INFO | ATTITUDE: {}
2022-11-20 21:41:59,978 | INFO | Send command: 'baro?'
2022-11-20 21:41:59,979 | INFO | Response baro?: 'pitch:0;roll:0;yaw:-25;'
2022-11-20 21:42:00,026 | INFO | Response downvision 1: '93.252014'
2022-11-20 21:42:00,042 | INFO | Send command: 'downvision 1'
2022-11-20 21:42:00,152 | INFO | Response downvision 1: 'ok'
2022-11-20 21:42:00,169 | INFO | Send command: 'setfps high'
2022-11-20 21:42:00,279 | INFO | Response setfps high: 'ok'
2022-11-20 21:42:00,295 | INFO | PERIODIC STATE VALUES: {'mid': -1, 'x': -100, 'y': -100, 'z': -100, 'mpry': '0,0,0', 'pitch': 0, 'roll': 0, 'yaw': -25, 'vgx': 0, 'vgy': 0, 'vgz': 0, 'templ': 99, 'temph': 102, 'tof': 10, 'h': 0, 'bat': 51, 'baro': 93.24, 'time': 44, 'agx': 2.0, 'agy': -9.0, 'agz': -1002.0}
2022-11-20 21:42:00,802 | INFO | PERIODIC STATE VALUES: {'mid': -1, 'x': -100, 'y': -100, 'z': -100, 'mpry': '0,0,0', 'pitch': 0, 'roll': 0, 'yaw': -25, 'vgx': 0, 'vgy': 0, 'vgz': 0, 'templ': 100, 'temph': 102, 'tof': 10, 'h': 0, 'bat': 51, 'baro': 93.24, 'time': 44, 'agx': 1.0, 'agy': -8.0, 'agz': -994.0}
2022-11-20 21:42:01,306 | INFO | PERIODIC STATE VALUES: {'mid': -1, 'x': -100, 'y': -100, 'z': -100, 'mpry': '0,0,0', 'pitch': 0, 'roll': 0, 'yaw': -25, 'vgx': 0, 'vgy': 0, 'vgz': 0, 'templ': 100, 'temph': 102, 'tof': 10, 'h': 0, 'bat': 51, 'baro': 93.29, 'time': 44, 'agx': 2.0, 'agy': -8.0, 'agz': -995.0}
2022-11-20 21:42:01,808 | INFO | PERIODIC STATE VALUES: {'mid': -1, 'x': -100, 'y': -100, 'z': -100, 'mpry': '0,0,0', 'pitch': 0, 'roll': 0, 'yaw': -25, 'vgx': 0, 'vgy': 0, 'vgz': 0, 'templ': 99, 'temph': 103, 'tof': 10, 'h': 0, 'bat': 51, 'baro': 93.33, 'time': 44, 'agx': 3.0, 'agy': -12.0, 'agz': -1003.0}
2022-11-20 21:42:02,324 | INFO | PERIODIC STATE VALUES: {'mid': -1, 'x': -100, 'y': -100, 'z': -100, 'mpry': '0,0,0', 'pitch': 0, 'roll': 0, 'yaw': -25, 'vgx': 0, 'vgy': 0, 'vgz': 0, 'templ': 99, 'temph': 103, 'tof': 10, 'h': 0, 'bat': 51, 'baro': 93.31, 'time': 44, 'agx': 2.0, 'agy': -12.0, 'agz': -1003.0}
2022-11-20 21:42:02,826 | INFO | PERIODIC STATE VALUES: {'mid': -1, 'x': -100, 'y': -100, 'z': -100, 'mpry': '0,0,0', 'pitch': 0, 'roll': 0, 'yaw': -25, 'vgx': 0, 'vgy': 0, 'vgz': 0, 'templ': 99, 'temph': 102, 'tof': 10, 'h': 0, 'bat': 51, 'baro': 93.35, 'time': 44, 'agx': 1.0, 'agy': -10.0, 'agz': -1006.0}
2022-11-20 21:42:03,327 | INFO | PERIODIC STATE VALUES: {'mid': -1, 'x': -100, 'y': -100, 'z': -100, 'mpry': '0,0,0', 'pitch': 0, 'roll': 0, 'yaw': -25, 'vgx': 0, 'vgy': 0, 'vgz': 0, 'templ': 99, 'temph': 102, 'tof': 10, 'h': 0, 'bat': 51, 'baro': 93.32, 'time': 44, 'agx': 8.0, 'agy': -10.0, 'agz': -995.0}
2022-11-20 21:42:03,829 | INFO | PERIODIC STATE VALUES: {'mid': -1, 'x': -100, 'y': -100, 'z': -100, 'mpry': '0,0,0', 'pitch': 0, 'roll': 0, 'yaw': -25, 'vgx': 0, 'vgy': 0, 'vgz': 0, 'templ': 99, 'temph': 102, 'tof': 10, 'h': 0, 'bat': 51, 'baro': 93.35, 'time': 44, 'agx': 9.0, 'agy': -12.0, 'agz': -991.0}
2022-11-20 21:42:04,346 | INFO | PERIODIC STATE VALUES: {'mid': -1, 'x': -100, 'y': -100, 'z': -100, 'mpry': '0,0,0', 'pitch': 0, 'roll': 0, 'yaw': -25, 'vgx': 0, 'vgy': 0, 'vgz': 0, 'templ': 99, 'temph': 102, 'tof': 10, 'h': 0, 'bat': 51, 'baro': 93.36, 'time': 44, 'agx': 5.0, 'agy': -12.0, 'agz': -998.0}
2022-11-20 21:42:04,847 | INFO | PERIODIC STATE VALUES: {'mid': -1, 'x': -100, 'y': -100, 'z': -100, 'mpry': '0,0,0', 'pitch': 0, 'roll': 0, 'yaw': -25, 'vgx': 0, 'vgy': 0, 'vgz': 0, 'templ': 100, 'temph': 102, 'tof': 10, 'h': 0, 'bat': 51, 'baro': 93.39, 'time': 44, 'agx': 3.0, 'agy': -9.0, 'agz': -1002.0}
2022-11-20 21:42:04,988 | INFO | Send command: 'takeoff'
2022-11-20 21:42:05,350 | INFO | PERIODIC STATE VALUES: {'mid': -1, 'x': -100, 'y': -100, 'z': -100, 'mpry': '0,0,0', 'pitch': 0, 'roll': 0, 'yaw': -25, 'vgx': 0, 'vgy': 0, 'vgz': 0, 'templ': 100, 'temph': 102, 'tof': 10, 'h': 0, 'bat': 51, 'baro': 93.38, 'time': 44, 'agx': -6.0, 'agy': -4.0, 'agz': -1003.0}
2022-11-20 21:42:05,858 | INFO | PERIODIC STATE VALUES: {'mid': -1, 'x': -100, 'y': -100, 'z': -100, 'mpry': '0,0,0', 'pitch': 0, 'roll': 0, 'yaw': -24, 'vgx': 0, 'vgy': 0, 'vgz': 0, 'templ': 99, 'temph': 101, 'tof': 10, 'h': 0, 'bat': 51, 'baro': 93.98, 'time': 45, 'agx': -16.0, 'agy': 3.0, 'agz': -1040.0}
2022-11-20 21:42:06,361 | INFO | PERIODIC STATE VALUES: {'mid': -1, 'x': -100, 'y': -100, 'z': -100, 'mpry': '0,0,0', 'pitch': -40, 'roll': 0, 'yaw': -22, 'vgx': 0, 'vgy': 0, 'vgz': 0, 'templ': 99, 'temph': 101, 'tof': 10, 'h': 0, 'bat': 51, 'baro': 93.43, 'time': 45, 'agx': -543.0, 'agy': -8.0, 'agz': -553.0}
2022-11-20 21:42:06,866 | INFO | PERIODIC STATE VALUES: {'mid': -1, 'x': -100, 'y': -100, 'z': -100, 'mpry': '0,0,0', 'pitch': 0, 'roll': 0, 'yaw': -21, 'vgx': 0, 'vgy': 0, 'vgz': -1, 'templ': 99, 'temph': 102, 'tof': 10, 'h': 0, 'bat': 51, 'baro': 93.4, 'time': 45, 'agx': 3.0, 'agy': -16.0, 'agz': -1003.0}
2022-11-20 21:42:07,083 | INFO | Response takeoff: 'ok'
2022-11-20 21:42:07,383 | INFO | PERIODIC STATE VALUES: {'mid': -1, 'x': -100, 'y': -100, 'z': -100, 'mpry': '0,0,0', 'pitch': 0, 'roll': 0, 'yaw': -21, 'vgx': 0, 'vgy': 0, 'vgz': -2, 'templ': 99, 'temph': 102, 'tof': 10, 'h': 0, 'bat': 51, 'baro': 93.36, 'time': 45, 'agx': 2.0, 'agy': -11.0, 'agz': -997.0}
2022-11-20 21:42:07,885 | INFO | PERIODIC STATE VALUES: {'mid': -1, 'x': -100, 'y': -100, 'z': -100, 'mpry': '0,0,0', 'pitch': 0, 'roll': 0, 'yaw': -21, 'vgx': 0, 'vgy': 0, 'vgz': 0, 'templ': 99, 'temph': 101, 'tof': 10, 'h': 0, 'bat': 51, 'baro': 93.34, 'time': 45, 'agx': 4.0, 'agy': -9.0, 'agz': -1000.0}
2022-11-20 21:42:08,401 | INFO | PERIODIC STATE VALUES: {'mid': -1, 'x': -100, 'y': -100, 'z': -100, 'mpry': '0,0,0', 'pitch': 0, 'roll': 0, 'yaw': -21, 'vgx': 0, 'vgy': 0, 'vgz': 0, 'templ': 99, 'temph': 101, 'tof': 10, 'h': 0, 'bat': 51, 'baro': 93.29, 'time': 45, 'agx': 4.0, 'agy': -8.0, 'agz': -999.0}
2022-11-20 21:42:08,906 | INFO | PERIODIC STATE VALUES: {'mid': -1, 'x': -100, 'y': -100, 'z': -100, 'mpry': '0,0,0', 'pitch': 0, 'roll': 0, 'yaw': -21, 'vgx': 0, 'vgy': 0, 'vgz': 0, 'templ': 99, 'temph': 101, 'tof': 10, 'h': 0, 'bat': 51, 'baro': 93.37, 'time': 45, 'agx': 3.0, 'agy': -10.0, 'agz': -998.0}
2022-11-20 21:42:09,409 | INFO | PERIODIC STATE VALUES: {'mid': -1, 'x': -100, 'y': -100, 'z': -100, 'mpry': '0,0,0', 'pitch': 0, 'roll': 0, 'yaw': -21, 'vgx': 0, 'vgy': 0, 'vgz': 0, 'templ': 99, 'temph': 101, 'tof': 10, 'h': 0, 'bat': 51, 'baro': 93.32, 'time': 45, 'agx': 3.0, 'agy': -10.0, 'agz': -998.0}
2022-11-20 21:42:09,911 | INFO | PERIODIC STATE VALUES: {'mid': -1, 'x': -100, 'y': -100, 'z': -100, 'mpry': '0,0,0', 'pitch': 0, 'roll': 0, 'yaw': -21, 'vgx': 0, 'vgy': 0, 'vgz': 0, 'templ': 99, 'temph': 102, 'tof': 10, 'h': 0, 'bat': 51, 'baro': 93.32, 'time': 45, 'agx': 4.0, 'agy': -10.0, 'agz': -998.0}
2022-11-20 21:42:10,416 | INFO | PERIODIC STATE VALUES: {'mid': -1, 'x': -100, 'y': -100, 'z': -100, 'mpry': '0,0,0', 'pitch': 0, 'roll': 0, 'yaw': -21, 'vgx': 0, 'vgy': 0, 'vgz': 0, 'templ': 99, 'temph': 102, 'tof': 10, 'h': 0, 'bat': 51, 'baro': 93.31, 'time': 45, 'agx': 3.0, 'agy': -9.0, 'agz': -997.0}
2022-11-20 21:42:10,919 | INFO | PERIODIC STATE VALUES: {'mid': -1, 'x': -100, 'y': -100, 'z': -100, 'mpry': '0,0,0', 'pitch': 0, 'roll': 0, 'yaw': -21, 'vgx': 0, 'vgy': 0, 'vgz': 0, 'templ': 99, 'temph': 101, 'tof': 10, 'h': 0, 'bat': 50, 'baro': 93.36, 'time': 45, 'agx': 5.0, 'agy': -10.0, 'agz': -998.0}
2022-11-20 21:42:11,435 | INFO | PERIODIC STATE VALUES: {'mid': -1, 'x': -100, 'y': -100, 'z': -100, 'mpry': '0,0,0', 'pitch': 0, 'roll': 0, 'yaw': -21, 'vgx': 0, 'vgy': 0, 'vgz': 0, 'templ': 99, 'temph': 101, 'tof': 10, 'h': 0, 'bat': 50, 'baro': 93.33, 'time': 45, 'agx': -69.0, 'agy': -66.0, 'agz': -1029.0}
2022-11-20 21:42:11,951 | INFO | PERIODIC STATE VALUES: {'mid': -1, 'x': -100, 'y': -100, 'z': -100, 'mpry': '0,0,0', 'pitch': 0, 'roll': -3, 'yaw': -20, 'vgx': -1, 'vgy': -1, 'vgz': 0, 'templ': 98, 'temph': 102, 'tof': 10, 'h': 0, 'bat': 50, 'baro': 93.34, 'time': 45, 'agx': -36.0, 'agy': 195.0, 'agz': -1333.0}
2022-11-20 21:42:12,094 | INFO | Send command: 'land'
2022-11-20 21:42:12,205 | INFO | Response land: 'error'
2022-11-20 21:42:12,221 | INFO | Send command: 'land'
2022-11-20 21:42:12,332 | INFO | Response land: 'error'
2022-11-20 21:42:12,347 | INFO | Send command: 'land'
2022-11-20 21:42:12,456 | INFO | Response land: 'error'
2022-11-20 21:42:12,457 | INFO | PERIODIC STATE VALUES: {'mid': -1, 'x': -100, 'y': -100, 'z': -100, 'mpry': '0,0,0', 'pitch': -5, 'roll': -10, 'yaw': -48, 'vgx': -14, 'vgy': -4, 'vgz': 4, 'templ': 98, 'temph': 102, 'tof': 10, 'h': 0, 'bat': 50, 'baro': 93.52, 'time': 45, 'agx': 223.0, 'agy': 399.0, 'agz': -912.0}
