2022-12-03 15:41:45,105 | INFO | Tello instance was initialized. Host: '192.168.10.1'. Port: '8889'.
2022-12-03 15:41:45,105 | INFO | Trying to connect to the drone now!
2022-12-03 15:41:45,117 | INFO | Send command: 'command'
2022-12-03 15:41:45,227 | INFO | Response command: 'ok'
2022-12-03 15:41:46,805 | INFO | Send command: 'mon'
2022-12-03 15:41:46,805 | INFO | Response mon: 'error'
2022-12-03 15:41:46,805 | INFO | Send command: 'mon'
2022-12-03 15:41:46,806 | INFO | Response mon: 'error'
2022-12-03 15:41:46,806 | INFO | Send command: 'mon'
2022-12-03 15:41:46,911 | INFO | Response mon: 'ok'
2022-12-03 15:41:46,942 | INFO | Send command: 'mdirection 0'
2022-12-03 15:41:46,942 | INFO | Response mdirection 0: 'ok'
2022-12-03 15:41:46,942 | INFO | Send command: 'motoron'
2022-12-03 15:41:46,943 | INFO | Response motoron: 'ok'
2022-12-03 15:41:46,943 | INFO | Send command: 'takeoff'
2022-12-03 15:41:47,051 | INFO | Response takeoff: 'ok'
2022-12-03 15:41:50,261 | INFO | Send command: 'mon'
2022-12-03 15:41:50,261 | INFO | Response mon: 'ok'
2022-12-03 15:41:50,261 | INFO | Send command: 'mdirection 0'
2022-12-03 15:41:50,261 | INFO | Response mdirection 0: 'error'
2022-12-03 15:41:50,277 | INFO | Send command: 'mdirection 0'
2022-12-03 15:41:50,277 | INFO | Response mdirection 0: 'error'
2022-12-03 15:41:50,292 | INFO | Send command: 'mdirection 0'
2022-12-03 15:41:50,292 | INFO | Response mdirection 0: 'error'
