2022-11-22 00:02:28,791 | INFO | Tello instance was initialized. Host: '192.168.10.1'. Port: '8889'.
2022-11-22 00:02:28,792 | INFO | Trying to connect to the drone now!
2022-11-22 00:02:28,809 | INFO | Send command: 'command'
2022-11-22 00:02:28,920 | INFO | Response command: 'ok'
2022-11-22 00:02:28,921 | INFO | Connected to the drone successfully.
2022-11-22 00:02:28,936 | INFO | Send command: 'mon'
2022-11-22 00:02:28,936 | INFO | Send command: 'streamon'
2022-11-22 00:02:28,937 | INFO | Response mon: 'error'
2022-11-22 00:02:28,952 | INFO | Send command: 'mon'
2022-11-22 00:02:29,047 | INFO | Response streamon: 'ok'
2022-11-22 00:02:29,063 | INFO | Response mon: 'ok'
2022-11-22 00:02:29,063 | INFO | Send command: 'downvision 1'
2022-11-22 00:02:29,064 | INFO | Response downvision 1: 'ok'
2022-11-22 00:02:29,065 | INFO | Send command: 'setfps high'
2022-11-22 00:02:29,078 | INFO | Send command: 'mdirection 0'
2022-11-22 00:02:29,173 | INFO | Response setfps high: 'ok'
2022-11-22 00:02:29,188 | INFO | Response mdirection 0: 'ok'
2022-11-22 00:02:29,204 | INFO | Send command: 'motoron'
2022-11-22 00:02:29,204 | INFO | Response motoron: 'ok'
2022-11-22 00:02:29,205 | INFO | data goes here
2022-11-22 00:02:29,220 | INFO | Send command: 'attitude?'
2022-11-22 00:02:29,330 | INFO | Response attitude?: 'ok'
2022-11-22 00:02:29,330 | INFO | ATTITUDE: {}
2022-11-22 00:02:29,330 | INFO | Send command: 'baro?'
2022-11-22 00:02:29,331 | INFO | Response baro?: 'pitch:0;roll:0;yaw:-41;'
2022-11-22 00:02:29,331 | INFO | Send command: 'takeoff'
2022-11-22 00:02:29,424 | INFO | PERIODIC STATE VALUES: {'mid': -1, 'x': -100, 'y': -100, 'z': -100, 'mpry': '0,0,0', 'pitch': 0, 'roll': 0, 'yaw': -41, 'vgx': 0, 'vgy': 0, 'vgz': 0, 'templ': 80, 'temph': 83, 'tof': 10, 'h': 0, 'bat': 6, 'baro': 112.94, 'time': 0, 'agx': -11.0, 'agy': -14.0, 'agz': -998.0}
2022-11-22 00:02:29,440 | INFO | Response takeoff: '112.964455'
2022-11-22 00:02:29,456 | INFO | Send command: 'takeoff'
2022-11-22 00:02:29,457 | INFO | Response takeoff: 'error'
2022-11-22 00:02:29,471 | INFO | Send command: 'takeoff'
2022-11-22 00:02:29,582 | INFO | Response takeoff: 'error'
