2022-11-29 12:12:59,415 | INFO | Tello instance was initialized. Host: '192.168.10.1'. Port: '8889'.
2022-11-29 12:12:59,415 | INFO | Trying to connect to the drone now!
2022-11-29 12:12:59,422 | INFO | Send command: 'command'
2022-11-29 12:12:59,532 | INFO | Response command: 'ok'
2022-11-29 12:12:59,533 | INFO | Connected to the drone successfully.
2022-11-29 12:12:59,548 | INFO | Send command: 'mon'
2022-11-29 12:12:59,549 | INFO | Send command: 'streamon'
2022-11-29 12:12:59,657 | INFO | Response streamon: 'ok'
2022-11-29 12:12:59,657 | INFO | Response mon: 'ok'
2022-11-29 12:12:59,658 | INFO | Send command: 'downvision 1'
2022-11-29 12:12:59,673 | INFO | Send command: 'mdirection 0'
2022-11-29 12:12:59,767 | INFO | Response downvision 1: 'ok'
2022-11-29 12:12:59,783 | INFO | Response mdirection 0: 'ok'
2022-11-29 12:12:59,784 | INFO | Send command: 'setfps high'
2022-11-29 12:12:59,799 | INFO | Send command: 'motoron'
2022-11-29 12:12:59,892 | INFO | Response setfps high: 'ok'
2022-11-29 12:12:59,908 | INFO | Response motoron: 'ok'
2022-11-29 12:12:59,909 | INFO | data goes here
2022-11-29 12:12:59,924 | INFO | Send command: 'attitude?'
2022-11-29 12:13:00,035 | INFO | Response attitude?: 'pitch:0;roll:0;yaw:-6;'
2022-11-29 12:13:00,036 | INFO | ATTITUDE: {'pitch': 0, 'roll': 0, 'yaw': -6}
2022-11-29 12:13:00,036 | INFO | PERIODIC STATE VALUES: {'mid': -1, 'x': -100, 'y': -100, 'z': -100, 'mpry': '0,0,0', 'pitch': 0, 'roll': 0, 'yaw': -6, 'vgx': 0, 'vgy': 0, 'vgz': 0, 'templ': 86, 'temph': 89, 'tof': 10, 'h': 0, 'bat': 83, 'baro': 100.44, 'time': 91, 'agx': -8.0, 'agy': -3.0, 'agz': -1001.0}
2022-11-29 12:13:00,051 | INFO | Send command: 'baro?'
2022-11-29 12:13:00,161 | INFO | Response baro?: '100.425552'
2022-11-29 12:13:00,161 | INFO | BAROMETER: 10042.555199999999
2022-11-29 12:13:00,177 | INFO | Send command: 'battery?'
2022-11-29 12:13:00,288 | INFO | Response battery?: '83'
2022-11-29 12:13:00,289 | INFO | BATTERY: 83
2022-11-29 12:13:00,304 | INFO | Send command: 'tof?'
2022-11-29 12:13:00,414 | INFO | Response tof?: '100mm'
2022-11-29 12:13:00,414 | INFO | TOF_DISTANCE: 10.0 
2022-11-29 12:13:00,429 | INFO | Send command: 'wifi?'
2022-11-29 12:13:00,539 | INFO | Response wifi?: '90'
2022-11-29 12:13:00,540 | INFO | PERIODIC STATE VALUES: {'mid': -1, 'x': -100, 'y': -100, 'z': -100, 'mpry': '0,0,0', 'pitch': 0, 'roll': 0, 'yaw': -6, 'vgx': 0, 'vgy': 0, 'vgz': 0, 'templ': 88, 'temph': 91, 'tof': 10, 'h': 0, 'bat': 83, 'baro': 100.38, 'time': 91, 'agx': -16.0, 'agy': -6.0, 'agz': -992.0}
2022-11-29 12:13:00,541 | INFO | WIFI_SIGNAL_NOISE RATIO: 90
2022-11-29 12:13:00,554 | INFO | Send command: 'sdk?'
2022-11-29 12:13:00,664 | INFO | Response sdk?: '30'
2022-11-29 12:13:00,665 | INFO | SDK VERSION: 30
2022-11-29 12:13:00,680 | INFO | Send command: 'sn?'
2022-11-29 12:13:00,789 | INFO | Response sn?: '0TQZK7JCNT2468'
2022-11-29 12:13:00,790 | INFO | SERIAL NUMBER: 0TQZK7JCNT2468
2022-11-29 12:13:01,055 | INFO | PERIODIC STATE VALUES: {'mid': -1, 'x': -100, 'y': -100, 'z': -100, 'mpry': '0,0,0', 'pitch': 0, 'roll': 0, 'yaw': -6, 'vgx': 0, 'vgy': 0, 'vgz': 0, 'templ': 88, 'temph': 91, 'tof': 10, 'h': 0, 'bat': 83, 'baro': 100.38, 'time': 91, 'agx': -10.0, 'agy': -2.0, 'agz': -1001.0}
2022-11-29 12:13:01,571 | INFO | PERIODIC STATE VALUES: {'mid': -1, 'x': -100, 'y': -100, 'z': -100, 'mpry': '0,0,0', 'pitch': 0, 'roll': 0, 'yaw': -6, 'vgx': 0, 'vgy': 0, 'vgz': 0, 'templ': 88, 'temph': 91, 'tof': 10, 'h': 0, 'bat': 83, 'baro': 100.47, 'time': 91, 'agx': 18.0, 'agy': -44.0, 'agz': -1011.0}
2022-11-29 12:13:02,077 | INFO | PERIODIC STATE VALUES: {'mid': -1, 'x': -100, 'y': -100, 'z': -100, 'mpry': '0,0,0', 'pitch': 0, 'roll': 0, 'yaw': 9, 'vgx': 1, 'vgy': 1, 'vgz': 0, 'templ': 88, 'temph': 91, 'tof': 10, 'h': 0, 'bat': 83, 'baro': 100.47, 'time': 91, 'agx': -119.0, 'agy': 7.0, 'agz': -992.0}
2022-11-29 12:13:02,581 | INFO | PERIODIC STATE VALUES: {'mid': -1, 'x': -100, 'y': -100, 'z': -100, 'mpry': '0,0,0', 'pitch': 0, 'roll': 0, 'yaw': 10, 'vgx': 1, 'vgy': 0, 'vgz': 0, 'templ': 89, 'temph': 92, 'tof': 10, 'h': 0, 'bat': 83, 'baro': 100.45, 'time': 91, 'agx': -7.0, 'agy': -4.0, 'agz': -1004.0}
2022-11-29 12:13:03,085 | INFO | PERIODIC STATE VALUES: {'mid': -1, 'x': -100, 'y': -100, 'z': -100, 'mpry': '0,0,0', 'pitch': 0, 'roll': 0, 'yaw': 10, 'vgx': 1, 'vgy': 0, 'vgz': 0, 'templ': 89, 'temph': 92, 'tof': 10, 'h': 0, 'bat': 83, 'baro': 100.45, 'time': 91, 'agx': -15.0, 'agy': -14.0, 'agz': -976.0}
2022-11-29 12:13:03,588 | INFO | PERIODIC STATE VALUES: {'mid': -1, 'x': -100, 'y': -100, 'z': -100, 'mpry': '0,0,0', 'pitch': 0, 'roll': 0, 'yaw': 10, 'vgx': 0, 'vgy': 0, 'vgz': 0, 'templ': 90, 'temph': 92, 'tof': 10, 'h': 0, 'bat': 83, 'baro': 100.49, 'time': 91, 'agx': -1.0, 'agy': -3.0, 'agz': -999.0}
2022-11-29 12:13:04,091 | INFO | PERIODIC STATE VALUES: {'mid': -1, 'x': -100, 'y': -100, 'z': -100, 'mpry': '0,0,0', 'pitch': 0, 'roll': 0, 'yaw': 10, 'vgx': 0, 'vgy': 0, 'vgz': 0, 'templ': 90, 'temph': 92, 'tof': 10, 'h': 0, 'bat': 83, 'baro': 100.41, 'time': 91, 'agx': -4.0, 'agy': -2.0, 'agz': -1005.0}
2022-11-29 12:13:04,596 | INFO | PERIODIC STATE VALUES: {'mid': -1, 'x': -100, 'y': -100, 'z': -100, 'mpry': '0,0,0', 'pitch': 0, 'roll': 0, 'yaw': 10, 'vgx': 0, 'vgy': 0, 'vgz': 0, 'templ': 89, 'temph': 93, 'tof': 10, 'h': 0, 'bat': 83, 'baro': 100.36, 'time': 91, 'agx': -3.0, 'agy': -5.0, 'agz': -997.0}
2022-11-29 12:13:05,097 | INFO | PERIODIC STATE VALUES: {'mid': -1, 'x': -100, 'y': -100, 'z': -100, 'mpry': '0,0,0', 'pitch': 0, 'roll': 0, 'yaw': 10, 'vgx': 0, 'vgy': 0, 'vgz': 0, 'templ': 89, 'temph': 93, 'tof': 10, 'h': 0, 'bat': 83, 'baro': 100.38, 'time': 91, 'agx': 0.0, 'agy': -3.0, 'agz': -991.0}
2022-11-29 12:13:05,602 | INFO | PERIODIC STATE VALUES: {'mid': -1, 'x': -100, 'y': -100, 'z': -100, 'mpry': '0,0,0', 'pitch': 0, 'roll': 0, 'yaw': 10, 'vgx': 0, 'vgy': 0, 'vgz': 0, 'templ': 90, 'temph': 92, 'tof': 10, 'h': 0, 'bat': 83, 'baro': 100.4, 'time': 91, 'agx': -6.0, 'agy': 4.0, 'agz': -996.0}
2022-11-29 12:13:05,806 | INFO | Send command: 'takeoff'
2022-11-29 12:13:06,107 | INFO | PERIODIC STATE VALUES: {'mid': -1, 'x': -100, 'y': -100, 'z': -100, 'mpry': '0,0,0', 'pitch': 0, 'roll': 0, 'yaw': 10, 'vgx': 0, 'vgy': 0, 'vgz': 0, 'templ': 90, 'temph': 92, 'tof': 10, 'h': 0, 'bat': 83, 'baro': 100.42, 'time': 91, 'agx': -6.0, 'agy': -4.0, 'agz': -991.0}
2022-11-29 12:13:06,618 | INFO | PERIODIC STATE VALUES: {'mid': -1, 'x': -100, 'y': -100, 'z': -100, 'mpry': '0,0,0', 'pitch': 0, 'roll': 0, 'yaw': 10, 'vgx': 0, 'vgy': 0, 'vgz': 1, 'templ': 90, 'temph': 93, 'tof': 10, 'h': 0, 'bat': 83, 'baro': 100.42, 'time': 92, 'agx': 30.0, 'agy': 2.0, 'agz': -1244.0}
2022-11-29 12:13:07,122 | INFO | PERIODIC STATE VALUES: {'mid': -1, 'x': -100, 'y': -100, 'z': -100, 'mpry': '0,0,0', 'pitch': 0, 'roll': 0, 'yaw': 10, 'vgx': 0, 'vgy': 0, 'vgz': 7, 'templ': 90, 'temph': 93, 'tof': 39, 'h': 30, 'bat': 83, 'baro': 101.01, 'time': 92, 'agx': -17.0, 'agy': -8.0, 'agz': -946.0}
2022-11-29 12:13:07,624 | INFO | PERIODIC STATE VALUES: {'mid': 4, 'x': 0, 'y': 3, 'z': 42, 'mpry': '1,-20,-177', 'pitch': 0, 'roll': 1, 'yaw': 10, 'vgx': 0, 'vgy': 0, 'vgz': 3, 'templ': 90, 'temph': 91, 'tof': 66, 'h': 60, 'bat': 83, 'baro': 101.3, 'time': 93, 'agx': -5.0, 'agy': 1.0, 'agz': -924.0}
2022-11-29 12:13:08,141 | INFO | PERIODIC STATE VALUES: {'mid': 4, 'x': 0, 'y': 2, 'z': 66, 'mpry': '0,-20,-176', 'pitch': 0, 'roll': 1, 'yaw': 10, 'vgx': 0, 'vgy': 0, 'vgz': 0, 'templ': 90, 'temph': 91, 'tof': 76, 'h': 70, 'bat': 83, 'baro': 101.47, 'time': 93, 'agx': 1.0, 'agy': -11.0, 'agz': -993.0}
2022-11-29 12:13:08,643 | INFO | PERIODIC STATE VALUES: {'mid': 4, 'x': 0, 'y': 3, 'z': 74, 'mpry': '0,-20,-175', 'pitch': 0, 'roll': 1, 'yaw': 10, 'vgx': 0, 'vgy': 0, 'vgz': 0, 'templ': 89, 'temph': 92, 'tof': 79, 'h': 70, 'bat': 83, 'baro': 101.48, 'time': 94, 'agx': 14.0, 'agy': -19.0, 'agz': -988.0}
2022-11-29 12:13:09,147 | INFO | PERIODIC STATE VALUES: {'mid': 4, 'x': 1, 'y': 4, 'z': 77, 'mpry': '0,-20,-175', 'pitch': 0, 'roll': 0, 'yaw': 10, 'vgx': 0, 'vgy': 0, 'vgz': 0, 'templ': 89, 'temph': 92, 'tof': 82, 'h': 70, 'bat': 83, 'baro': 101.5, 'time': 94, 'agx': 10.0, 'agy': -19.0, 'agz': -978.0}
2022-11-29 12:13:09,651 | INFO | PERIODIC STATE VALUES: {'mid': 4, 'x': 0, 'y': 4, 'z': 80, 'mpry': '0,-20,-175', 'pitch': 0, 'roll': 0, 'yaw': 10, 'vgx': 0, 'vgy': 0, 'vgz': 0, 'templ': 89, 'temph': 91, 'tof': 82, 'h': 70, 'bat': 83, 'baro': 101.49, 'time': 95, 'agx': 2.0, 'agy': -12.0, 'agz': -1014.0}
2022-11-29 12:13:10,109 | INFO | Response takeoff: 'ok'
2022-11-29 12:13:10,109 | INFO | Send command: 'land'
2022-11-29 12:13:10,155 | INFO | PERIODIC STATE VALUES: {'mid': 4, 'x': 0, 'y': 4, 'z': 82, 'mpry': '0,-20,-175', 'pitch': 0, 'roll': 0, 'yaw': 10, 'vgx': 0, 'vgy': 0, 'vgz': 0, 'templ': 89, 'temph': 91, 'tof': 79, 'h': 70, 'bat': 83, 'baro': 101.47, 'time': 95, 'agx': -10.0, 'agy': -7.0, 'agz': -1017.0}
2022-11-29 12:13:10,657 | INFO | PERIODIC STATE VALUES: {'mid': 4, 'x': 1, 'y': 4, 'z': 82, 'mpry': '2,-20,-175', 'pitch': 0, 'roll': 1, 'yaw': 10, 'vgx': 0, 'vgy': 0, 'vgz': 0, 'templ': 89, 'temph': 92, 'tof': 80, 'h': 70, 'bat': 83, 'baro': 101.44, 'time': 96, 'agx': 2.0, 'agy': -26.0, 'agz': -968.0}
2022-11-29 12:13:11,173 | INFO | PERIODIC STATE VALUES: {'mid': 4, 'x': 2, 'y': 4, 'z': 82, 'mpry': '3,-21,-177', 'pitch': 0, 'roll': 0, 'yaw': 10, 'vgx': 0, 'vgy': 0, 'vgz': -3, 'templ': 89, 'temph': 92, 'tof': 73, 'h': 70, 'bat': 83, 'baro': 101.44, 'time': 96, 'agx': -10.0, 'agy': 11.0, 'agz': -943.0}
2022-11-29 12:13:11,676 | INFO | PERIODIC STATE VALUES: {'mid': 4, 'x': 2, 'y': 4, 'z': 82, 'mpry': '3,-21,-177', 'pitch': 0, 'roll': 1, 'yaw': 10, 'vgx': 0, 'vgy': 0, 'vgz': -4, 'templ': 88, 'temph': 91, 'tof': 34, 'h': 40, 'bat': 83, 'baro': 101.08, 'time': 97, 'agx': 0.0, 'agy': -18.0, 'agz': -994.0}
2022-11-29 12:13:12,190 | INFO | PERIODIC STATE VALUES: {'mid': 4, 'x': 8, 'y': -6, 'z': 48, 'mpry': '17,-79,174', 'pitch': 0, 'roll': 1, 'yaw': 11, 'vgx': 0, 'vgy': 0, 'vgz': -4, 'templ': 88, 'temph': 91, 'tof': 10, 'h': 10, 'bat': 83, 'baro': 99.51, 'time': 97, 'agx': 17.0, 'agy': -31.0, 'agz': -1069.0}
2022-11-29 12:13:12,696 | INFO | PERIODIC STATE VALUES: {'mid': 4, 'x': 8, 'y': -6, 'z': 48, 'mpry': '17,-79,174', 'pitch': 7, 'roll': 2, 'yaw': 7, 'vgx': -1, 'vgy': 0, 'vgz': 1, 'templ': 88, 'temph': 91, 'tof': 10, 'h': 0, 'bat': 83, 'baro': 98.73, 'time': 98, 'agx': 2.0, 'agy': -2.0, 'agz': -732.0}
2022-11-29 12:13:13,199 | INFO | PERIODIC STATE VALUES: {'mid': 4, 'x': 8, 'y': -6, 'z': 48, 'mpry': '17,-79,174', 'pitch': -3, 'roll': 1, 'yaw': 7, 'vgx': -1, 'vgy': -5, 'vgz': -1, 'templ': 88, 'temph': 91, 'tof': 10, 'h': 0, 'bat': 83, 'baro': 98.82, 'time': 98, 'agx': -93.0, 'agy': -1.0, 'agz': -997.0}
2022-11-29 12:13:13,702 | INFO | PERIODIC STATE VALUES: {'mid': 4, 'x': 8, 'y': -6, 'z': 48, 'mpry': '17,-79,174', 'pitch': 1, 'roll': 0, 'yaw': 12, 'vgx': -1, 'vgy': -7, 'vgz': 0, 'templ': 88, 'temph': 90, 'tof': 10, 'h': 0, 'bat': 83, 'baro': 99.62, 'time': 99, 'agx': -13.0, 'agy': 17.0, 'agz': -953.0}
2022-11-29 12:13:14,206 | INFO | PERIODIC STATE VALUES: {'mid': 4, 'x': 8, 'y': -6, 'z': 48, 'mpry': '17,-79,174', 'pitch': -1, 'roll': 6, 'yaw': 14, 'vgx': -1, 'vgy': -6, 'vgz': -1, 'templ': 88, 'temph': 90, 'tof': 10, 'h': 0, 'bat': 83, 'baro': 99.33, 'time': 99, 'agx': -70.0, 'agy': -120.0, 'agz': -1046.0}
2022-11-29 12:13:14,613 | INFO | Response land: 'ok'
2022-11-29 12:13:14,613 | INFO | Send command: 'motoron'
2022-11-29 12:13:14,707 | INFO | PERIODIC STATE VALUES: {'mid': 4, 'x': 8, 'y': -6, 'z': 48, 'mpry': '17,-79,174', 'pitch': 0, 'roll': 12, 'yaw': 13, 'vgx': 0, 'vgy': 0, 'vgz': 0, 'templ': 88, 'temph': 90, 'tof': 10, 'h': 0, 'bat': 83, 'baro': 99.92, 'time': 100, 'agx': 19.0, 'agy': -183.0, 'agz': -1086.0}
2022-11-29 12:13:14,723 | INFO | Response motoron: 'ok'
2022-11-29 12:13:15,210 | INFO | PERIODIC STATE VALUES: {'mid': 4, 'x': 8, 'y': -6, 'z': 48, 'mpry': '17,-79,174', 'pitch': 0, 'roll': 0, 'yaw': 3, 'vgx': 0, 'vgy': 0, 'vgz': 0, 'templ': 88, 'temph': 90, 'tof': 10, 'h': 0, 'bat': 83, 'baro': 100.24, 'time': 100, 'agx': -18.0, 'agy': 225.0, 'agz': -2676.0}
2022-11-29 12:13:15,713 | INFO | PERIODIC STATE VALUES: {'mid': 4, 'x': 8, 'y': -6, 'z': 48, 'mpry': '17,-79,174', 'pitch': -1, 'roll': 1, 'yaw': 3, 'vgx': 0, 'vgy': 0, 'vgz': 6, 'templ': 88, 'temph': 90, 'tof': 10, 'h': 0, 'bat': 83, 'baro': 100.28, 'time': 100, 'agx': -14.0, 'agy': -3.0, 'agz': -1009.0}
2022-11-29 12:13:16,219 | INFO | PERIODIC STATE VALUES: {'mid': 4, 'x': 8, 'y': -6, 'z': 48, 'mpry': '17,-79,174', 'pitch': -1, 'roll': 1, 'yaw': 3, 'vgx': 0, 'vgy': 0, 'vgz': 8, 'templ': 88, 'temph': 90, 'tof': 10, 'h': 50, 'bat': 83, 'baro': 100.28, 'time': 100, 'agx': -6.0, 'agy': 7.0, 'agz': -1014.0}
2022-11-29 12:13:16,734 | INFO | PERIODIC STATE VALUES: {'mid': 4, 'x': 8, 'y': -6, 'z': 48, 'mpry': '17,-79,174', 'pitch': -1, 'roll': 1, 'yaw': 3, 'vgx': 0, 'vgy': 0, 'vgz': 3, 'templ': 88, 'temph': 90, 'tof': 10, 'h': 50, 'bat': 83, 'baro': 100.22, 'time': 100, 'agx': -15.0, 'agy': -4.0, 'agz': -1003.0}
2022-11-29 12:13:17,249 | INFO | PERIODIC STATE VALUES: {'mid': -1, 'x': -100, 'y': -100, 'z': -100, 'mpry': '0,0,0', 'pitch': -1, 'roll': 1, 'yaw': 3, 'vgx': 0, 'vgy': 0, 'vgz': -1, 'templ': 88, 'temph': 90, 'tof': 10, 'h': 0, 'bat': 83, 'baro': 100.23, 'time': 100, 'agx': 4.0, 'agy': 1.0, 'agz': -986.0}
2022-11-29 12:13:17,765 | INFO | PERIODIC STATE VALUES: {'mid': -1, 'x': -100, 'y': -100, 'z': -100, 'mpry': '0,0,0', 'pitch': 0, 'roll': 1, 'yaw': 3, 'vgx': 0, 'vgy': 0, 'vgz': -3, 'templ': 87, 'temph': 89, 'tof': 10, 'h': 0, 'bat': 83, 'baro': 100.24, 'time': 100, 'agx': -8.0, 'agy': -1.0, 'agz': -988.0}
2022-11-29 12:13:18,280 | INFO | PERIODIC STATE VALUES: {'mid': -1, 'x': -100, 'y': -100, 'z': -100, 'mpry': '0,0,0', 'pitch': 0, 'roll': 0, 'yaw': 3, 'vgx': 0, 'vgy': 0, 'vgz': -3, 'templ': 87, 'temph': 89, 'tof': 10, 'h': 0, 'bat': 83, 'baro': 100.29, 'time': 100, 'agx': -1.0, 'agy': 16.0, 'agz': -991.0}
2022-11-29 12:13:18,795 | INFO | PERIODIC STATE VALUES: {'mid': -1, 'x': -100, 'y': -100, 'z': -100, 'mpry': '0,0,0', 'pitch': 0, 'roll': 0, 'yaw': 3, 'vgx': 0, 'vgy': 0, 'vgz': -3, 'templ': 88, 'temph': 90, 'tof': 10, 'h': 0, 'bat': 83, 'baro': 100.24, 'time': 100, 'agx': 8.0, 'agy': 20.0, 'agz': -984.0}
2022-11-29 12:13:19,314 | INFO | PERIODIC STATE VALUES: {'mid': -1, 'x': -100, 'y': -100, 'z': -100, 'mpry': '0,0,0', 'pitch': 0, 'roll': 0, 'yaw': 3, 'vgx': 0, 'vgy': 0, 'vgz': -1, 'templ': 88, 'temph': 90, 'tof': 10, 'h': 0, 'bat': 83, 'baro': 100.23, 'time': 100, 'agx': -5.0, 'agy': 9.0, 'agz': -994.0}
2022-11-29 12:13:19,726 | INFO | Send command: 'motoroff'
2022-11-29 12:13:19,821 | INFO | PERIODIC STATE VALUES: {'mid': -1, 'x': -100, 'y': -100, 'z': -100, 'mpry': '0,0,0', 'pitch': 0, 'roll': 0, 'yaw': 3, 'vgx': 0, 'vgy': 0, 'vgz': 0, 'templ': 87, 'temph': 90, 'tof': 10, 'h': 0, 'bat': 83, 'baro': 100.29, 'time': 100, 'agx': 3.0, 'agy': 1.0, 'agz': -994.0}
2022-11-29 12:13:19,837 | INFO | Response motoroff: 'ok'
2022-11-29 12:13:19,837 | INFO | Send command: 'streamoff'
2022-11-29 12:13:20,007 | INFO | Response streamoff: 'ok'
2022-11-29 12:13:20,007 | INFO | EXECUTION TIME: --- 20.222619771957397 seconds ---
