2022-11-29 12:12:23,689 | INFO | Tello instance was initialized. Host: '192.168.10.1'. Port: '8889'.
2022-11-29 12:12:23,689 | INFO | Trying to connect to the drone now!
2022-11-29 12:12:23,697 | INFO | Send command: 'command'
2022-11-29 12:12:23,809 | INFO | Response command: 'ok'
2022-11-29 12:12:23,810 | INFO | Connected to the drone successfully.
2022-11-29 12:12:23,824 | INFO | Send command: 'mon'
2022-11-29 12:12:23,825 | INFO | Send command: 'streamon'
2022-11-29 12:12:23,935 | INFO | Response streamon: 'ok'
2022-11-29 12:12:23,936 | INFO | Response mon: 'ok'
2022-11-29 12:12:23,936 | INFO | Send command: 'downvision 1'
2022-11-29 12:12:23,936 | INFO | Send command: 'mdirection 0'
2022-11-29 12:12:24,043 | INFO | Response mdirection 0: 'ok'
2022-11-29 12:12:24,043 | INFO | Response downvision 1: 'ok'
2022-11-29 12:12:24,058 | INFO | Send command: 'motoron'
2022-11-29 12:12:24,059 | INFO | Send command: 'setfps high'
2022-11-29 12:12:24,168 | INFO | Response setfps high: 'ok'
2022-11-29 12:12:24,169 | INFO | Response motoron: 'ok'
2022-11-29 12:12:24,169 | INFO | data goes here
2022-11-29 12:12:24,183 | INFO | Send command: 'attitude?'
2022-11-29 12:12:24,295 | INFO | Response attitude?: 'pitch:0;roll:1;yaw:-8;'
2022-11-29 12:12:24,296 | INFO | ATTITUDE: {'pitch': 0, 'roll': 1, 'yaw': -8}
2022-11-29 12:12:24,310 | INFO | Send command: 'baro?'
2022-11-29 12:12:24,326 | INFO | PERIODIC STATE VALUES: {'mid': -1, 'x': -100, 'y': -100, 'z': -100, 'mpry': '0,0,0', 'pitch': 0, 'roll': 1, 'yaw': -8, 'vgx': 0, 'vgy': 0, 'vgz': 0, 'templ': 95, 'temph': 98, 'tof': 10, 'h': 0, 'bat': 83, 'baro': 100.69, 'time': 79, 'agx': -6.0, 'agy': -23.0, 'agz': -999.0}
2022-11-29 12:12:24,421 | INFO | Response baro?: '100.661758'
2022-11-29 12:12:24,421 | INFO | BAROMETER: 10066.1758
2022-11-29 12:12:24,421 | INFO | Send command: 'battery?'
2022-11-29 12:12:24,640 | INFO | Response battery?: '83'
2022-11-29 12:12:24,641 | INFO | BATTERY: 83
2022-11-29 12:12:24,656 | INFO | Send command: 'tof?'
2022-11-29 12:12:24,830 | INFO | PERIODIC STATE VALUES: {'mid': -1, 'x': -100, 'y': -100, 'z': -100, 'mpry': '0,0,0', 'pitch': 0, 'roll': 1, 'yaw': -8, 'vgx': 0, 'vgy': 0, 'vgz': 0, 'templ': 95, 'temph': 98, 'tof': 10, 'h': 0, 'bat': 83, 'baro': 100.57, 'time': 79, 'agx': -4.0, 'agy': -23.0, 'agz': -1000.0}
2022-11-29 12:12:25,098 | INFO | Response tof?: '100mm'
2022-11-29 12:12:25,099 | INFO | TOF_DISTANCE: 10.0 
2022-11-29 12:12:25,113 | INFO | Send command: 'wifi?'
2022-11-29 12:12:25,333 | INFO | PERIODIC STATE VALUES: {'mid': -1, 'x': -100, 'y': -100, 'z': -100, 'mpry': '0,0,0', 'pitch': 0, 'roll': 1, 'yaw': -8, 'vgx': 0, 'vgy': 0, 'vgz': 0, 'templ': 95, 'temph': 98, 'tof': 10, 'h': 0, 'bat': 83, 'baro': 100.56, 'time': 79, 'agx': -13.0, 'agy': -22.0, 'agz': -1004.0}
2022-11-29 12:12:25,334 | INFO | Response wifi?: '90'
2022-11-29 12:12:25,334 | INFO | WIFI_SIGNAL_NOISE RATIO: 90
2022-11-29 12:12:25,349 | INFO | Send command: 'sdk?'
2022-11-29 12:12:25,570 | INFO | Response sdk?: '30'
2022-11-29 12:12:25,571 | INFO | SDK VERSION: 30
2022-11-29 12:12:25,585 | INFO | Send command: 'sn?'
2022-11-29 12:12:25,836 | INFO | PERIODIC STATE VALUES: {'mid': -1, 'x': -100, 'y': -100, 'z': -100, 'mpry': '0,0,0', 'pitch': 0, 'roll': 1, 'yaw': -8, 'vgx': 0, 'vgy': 0, 'vgz': 0, 'templ': 95, 'temph': 98, 'tof': 10, 'h': 0, 'bat': 83, 'baro': 100.47, 'time': 79, 'agx': 11.0, 'agy': -28.0, 'agz': -999.0}
2022-11-29 12:12:25,916 | INFO | Response sn?: '0TQZK7JCNT2468'
2022-11-29 12:12:25,917 | INFO | SERIAL NUMBER: 0TQZK7JCNT2468
2022-11-29 12:12:26,339 | INFO | PERIODIC STATE VALUES: {'mid': -1, 'x': -100, 'y': -100, 'z': -100, 'mpry': '0,0,0', 'pitch': 0, 'roll': 1, 'yaw': -8, 'vgx': 0, 'vgy': 0, 'vgz': 0, 'templ': 95, 'temph': 98, 'tof': 10, 'h': 0, 'bat': 83, 'baro': 100.54, 'time': 79, 'agx': -2.0, 'agy': -25.0, 'agz': -998.0}
2022-11-29 12:12:26,844 | INFO | PERIODIC STATE VALUES: {'mid': -1, 'x': -100, 'y': -100, 'z': -100, 'mpry': '0,0,0', 'pitch': 0, 'roll': 1, 'yaw': -8, 'vgx': 0, 'vgy': 0, 'vgz': 0, 'templ': 95, 'temph': 98, 'tof': 10, 'h': 0, 'bat': 83, 'baro': 100.47, 'time': 79, 'agx': -9.0, 'agy': -23.0, 'agz': -999.0}
2022-11-29 12:12:27,347 | INFO | PERIODIC STATE VALUES: {'mid': -1, 'x': -100, 'y': -100, 'z': -100, 'mpry': '0,0,0', 'pitch': 0, 'roll': 1, 'yaw': -8, 'vgx': 0, 'vgy': 0, 'vgz': 0, 'templ': 95, 'temph': 98, 'tof': 10, 'h': 0, 'bat': 83, 'baro': 100.53, 'time': 79, 'agx': -6.0, 'agy': -21.0, 'agz': -998.0}
2022-11-29 12:12:27,850 | INFO | PERIODIC STATE VALUES: {'mid': -1, 'x': -100, 'y': -100, 'z': -100, 'mpry': '0,0,0', 'pitch': 0, 'roll': 1, 'yaw': -8, 'vgx': 0, 'vgy': 0, 'vgz': 0, 'templ': 95, 'temph': 97, 'tof': 10, 'h': 0, 'bat': 83, 'baro': 100.51, 'time': 79, 'agx': 0.0, 'agy': -21.0, 'agz': -997.0}
2022-11-29 12:12:28,352 | INFO | PERIODIC STATE VALUES: {'mid': -1, 'x': -100, 'y': -100, 'z': -100, 'mpry': '0,0,0', 'pitch': 0, 'roll': 1, 'yaw': -8, 'vgx': 0, 'vgy': 0, 'vgz': 0, 'templ': 95, 'temph': 98, 'tof': 10, 'h': 0, 'bat': 83, 'baro': 100.57, 'time': 79, 'agx': -4.0, 'agy': -21.0, 'agz': -1003.0}
2022-11-29 12:12:28,858 | INFO | PERIODIC STATE VALUES: {'mid': -1, 'x': -100, 'y': -100, 'z': -100, 'mpry': '0,0,0', 'pitch': 0, 'roll': 1, 'yaw': -8, 'vgx': 0, 'vgy': 0, 'vgz': 0, 'templ': 95, 'temph': 98, 'tof': 10, 'h': 0, 'bat': 83, 'baro': 100.47, 'time': 79, 'agx': -5.0, 'agy': -25.0, 'agz': -996.0}
2022-11-29 12:12:29,365 | INFO | PERIODIC STATE VALUES: {'mid': -1, 'x': -100, 'y': -100, 'z': -100, 'mpry': '0,0,0', 'pitch': 0, 'roll': 1, 'yaw': -8, 'vgx': 0, 'vgy': 0, 'vgz': 0, 'templ': 95, 'temph': 98, 'tof': 10, 'h': 0, 'bat': 83, 'baro': 100.54, 'time': 79, 'agx': -3.0, 'agy': -23.0, 'agz': -1005.0}
2022-11-29 12:12:29,881 | INFO | PERIODIC STATE VALUES: {'mid': -1, 'x': -100, 'y': -100, 'z': -100, 'mpry': '0,0,0', 'pitch': 0, 'roll': 1, 'yaw': -8, 'vgx': 0, 'vgy': 0, 'vgz': 0, 'templ': 95, 'temph': 97, 'tof': 10, 'h': 0, 'bat': 83, 'baro': 100.56, 'time': 79, 'agx': -3.0, 'agy': -26.0, 'agz': -1000.0}
2022-11-29 12:12:30,387 | INFO | PERIODIC STATE VALUES: {'mid': -1, 'x': -100, 'y': -100, 'z': -100, 'mpry': '0,0,0', 'pitch': 0, 'roll': 1, 'yaw': -8, 'vgx': 0, 'vgy': 0, 'vgz': 0, 'templ': 95, 'temph': 97, 'tof': 10, 'h': 0, 'bat': 83, 'baro': 100.5, 'time': 79, 'agx': -5.0, 'agy': -30.0, 'agz': -999.0}
2022-11-29 12:12:30,896 | INFO | PERIODIC STATE VALUES: {'mid': -1, 'x': -100, 'y': -100, 'z': -100, 'mpry': '0,0,0', 'pitch': 0, 'roll': 1, 'yaw': -8, 'vgx': 0, 'vgy': 0, 'vgz': 0, 'templ': 95, 'temph': 97, 'tof': 10, 'h': 0, 'bat': 83, 'baro': 100.52, 'time': 79, 'agx': -18.0, 'agy': -26.0, 'agz': -1000.0}
2022-11-29 12:12:30,925 | INFO | Send command: 'takeoff'
2022-11-29 12:12:31,413 | INFO | PERIODIC STATE VALUES: {'mid': -1, 'x': -100, 'y': -100, 'z': -100, 'mpry': '0,0,0', 'pitch': 0, 'roll': 1, 'yaw': -7, 'vgx': 0, 'vgy': 0, 'vgz': 0, 'templ': 94, 'temph': 98, 'tof': 10, 'h': 0, 'bat': 83, 'baro': 100.48, 'time': 79, 'agx': -2.0, 'agy': -12.0, 'agz': -1013.0}
2022-11-29 12:12:31,918 | INFO | PERIODIC STATE VALUES: {'mid': -1, 'x': -100, 'y': -100, 'z': -100, 'mpry': '0,0,0', 'pitch': 0, 'roll': 0, 'yaw': -8, 'vgx': 0, 'vgy': 0, 'vgz': 8, 'templ': 94, 'temph': 98, 'tof': 12, 'h': 30, 'bat': 83, 'baro': 100.96, 'time': 80, 'agx': 0.0, 'agy': -15.0, 'agz': -1070.0}
2022-11-29 12:12:32,419 | INFO | PERIODIC STATE VALUES: {'mid': -1, 'x': -100, 'y': -100, 'z': -100, 'mpry': '0,0,0', 'pitch': 0, 'roll': 0, 'yaw': -8, 'vgx': 0, 'vgy': 0, 'vgz': 5, 'templ': 95, 'temph': 99, 'tof': 47, 'h': 60, 'bat': 83, 'baro': 101.3, 'time': 80, 'agx': -8.0, 'agy': -19.0, 'agz': -901.0}
2022-11-29 12:12:32,922 | INFO | PERIODIC STATE VALUES: {'mid': 4, 'x': 2, 'y': 2, 'z': 50, 'mpry': '0,0,-179', 'pitch': 0, 'roll': 2, 'yaw': -8, 'vgx': 0, 'vgy': 0, 'vgz': 1, 'templ': 95, 'temph': 99, 'tof': 62, 'h': 70, 'bat': 83, 'baro': 101.39, 'time': 81, 'agx': -20.0, 'agy': -23.0, 'agz': -981.0}
2022-11-29 12:12:33,427 | INFO | PERIODIC STATE VALUES: {'mid': 4, 'x': 3, 'y': 6, 'z': 62, 'mpry': '0,0,-175', 'pitch': 0, 'roll': 1, 'yaw': -8, 'vgx': 0, 'vgy': 0, 'vgz': 1, 'templ': 95, 'temph': 98, 'tof': 69, 'h': 80, 'bat': 83, 'baro': 101.56, 'time': 81, 'agx': -21.0, 'agy': -10.0, 'agz': -991.0}
2022-11-29 12:12:33,930 | INFO | PERIODIC STATE VALUES: {'mid': 4, 'x': 3, 'y': 8, 'z': 67, 'mpry': '-1,0,-176', 'pitch': 0, 'roll': 1, 'yaw': -8, 'vgx': 0, 'vgy': 0, 'vgz': 1, 'templ': 95, 'temph': 98, 'tof': 76, 'h': 80, 'bat': 83, 'baro': 101.56, 'time': 82, 'agx': -23.0, 'agy': -12.0, 'agz': -989.0}
2022-11-29 12:12:34,437 | INFO | PERIODIC STATE VALUES: {'mid': 4, 'x': 4, 'y': 8, 'z': 74, 'mpry': '-1,0,-176', 'pitch': 0, 'roll': 1, 'yaw': -8, 'vgx': 0, 'vgy': 0, 'vgz': 0, 'templ': 94, 'temph': 97, 'tof': 81, 'h': 90, 'bat': 83, 'baro': 101.67, 'time': 82, 'agx': 10.0, 'agy': -28.0, 'agz': -999.0}
2022-11-29 12:12:34,941 | INFO | PERIODIC STATE VALUES: {'mid': 4, 'x': 4, 'y': 8, 'z': 79, 'mpry': '-1,0,-176', 'pitch': 0, 'roll': 1, 'yaw': -8, 'vgx': 0, 'vgy': 0, 'vgz': 0, 'templ': 94, 'temph': 97, 'tof': 85, 'h': 90, 'bat': 83, 'baro': 101.57, 'time': 83, 'agx': 1.0, 'agy': -23.0, 'agz': -984.0}
2022-11-29 12:12:35,457 | INFO | PERIODIC STATE VALUES: {'mid': 4, 'x': 3, 'y': 8, 'z': 83, 'mpry': '-2,0,-176', 'pitch': 0, 'roll': 1, 'yaw': -8, 'vgx': 0, 'vgy': 0, 'vgz': 0, 'templ': 94, 'temph': 96, 'tof': 85, 'h': 90, 'bat': 83, 'baro': 101.63, 'time': 83, 'agx': 1.0, 'agy': -25.0, 'agz': -988.0}
2022-11-29 12:12:35,961 | INFO | PERIODIC STATE VALUES: {'mid': 4, 'x': 4, 'y': 7, 'z': 86, 'mpry': '-2,0,-175', 'pitch': 0, 'roll': 1, 'yaw': -7, 'vgx': 0, 'vgy': 0, 'vgz': 0, 'templ': 94, 'temph': 96, 'tof': 85, 'h': 90, 'bat': 83, 'baro': 101.69, 'time': 84, 'agx': -3.0, 'agy': -2.0, 'agz': -1006.0}
2022-11-29 12:12:36,467 | INFO | PERIODIC STATE VALUES: {'mid': 4, 'x': 3, 'y': 10, 'z': 86, 'mpry': '-2,0,-177', 'pitch': 0, 'roll': 1, 'yaw': -8, 'vgx': 0, 'vgy': 0, 'vgz': 0, 'templ': 93, 'temph': 96, 'tof': 85, 'h': 90, 'bat': 83, 'baro': 101.74, 'time': 84, 'agx': 6.0, 'agy': -21.0, 'agz': -1015.0}
2022-11-29 12:12:36,969 | INFO | PERIODIC STATE VALUES: {'mid': 4, 'x': 5, 'y': 11, 'z': 86, 'mpry': '-2,0,-177', 'pitch': 0, 'roll': 1, 'yaw': -8, 'vgx': 0, 'vgy': 0, 'vgz': 0, 'templ': 93, 'temph': 96, 'tof': 85, 'h': 90, 'bat': 83, 'baro': 101.58, 'time': 85, 'agx': 1.0, 'agy': -23.0, 'agz': -995.0}
2022-11-29 12:12:37,472 | INFO | PERIODIC STATE VALUES: {'mid': 4, 'x': 5, 'y': 12, 'z': 85, 'mpry': '-2,0,-177', 'pitch': 0, 'roll': 1, 'yaw': -8, 'vgx': 0, 'vgy': 0, 'vgz': 0, 'templ': 92, 'temph': 96, 'tof': 84, 'h': 90, 'bat': 83, 'baro': 101.76, 'time': 85, 'agx': 2.0, 'agy': -12.0, 'agz': -999.0}
2022-11-29 12:12:37,975 | INFO | PERIODIC STATE VALUES: {'mid': 4, 'x': 5, 'y': 13, 'z': 84, 'mpry': '-1,0,-178', 'pitch': 0, 'roll': 1, 'yaw': -8, 'vgx': 0, 'vgy': 0, 'vgz': 0, 'templ': 92, 'temph': 96, 'tof': 84, 'h': 90, 'bat': 83, 'baro': 101.74, 'time': 86, 'agx': -10.0, 'agy': -5.0, 'agz': -1007.0}
2022-11-29 12:12:38,478 | INFO | PERIODIC STATE VALUES: {'mid': 4, 'x': 3, 'y': 14, 'z': 84, 'mpry': '-1,0,-177', 'pitch': 0, 'roll': 1, 'yaw': -7, 'vgx': 0, 'vgy': 0, 'vgz': 0, 'templ': 93, 'temph': 95, 'tof': 84, 'h': 90, 'bat': 83, 'baro': 101.68, 'time': 86, 'agx': -12.0, 'agy': -16.0, 'agz': -1021.0}
2022-11-29 12:12:38,984 | INFO | PERIODIC STATE VALUES: {'mid': 4, 'x': 2, 'y': 17, 'z': 83, 'mpry': '-1,0,-178', 'pitch': 0, 'roll': 1, 'yaw': -8, 'vgx': 0, 'vgy': 0, 'vgz': 0, 'templ': 93, 'temph': 95, 'tof': 84, 'h': 90, 'bat': 83, 'baro': 101.62, 'time': 87, 'agx': -2.0, 'agy': -2.0, 'agz': -1001.0}
2022-11-29 12:12:39,489 | INFO | PERIODIC STATE VALUES: {'mid': 4, 'x': 2, 'y': 18, 'z': 83, 'mpry': '-1,0,-178', 'pitch': 0, 'roll': 1, 'yaw': -8, 'vgx': 0, 'vgy': 0, 'vgz': 0, 'templ': 92, 'temph': 95, 'tof': 75, 'h': 90, 'bat': 83, 'baro': 101.71, 'time': 87, 'agx': 12.0, 'agy': -22.0, 'agz': -983.0}
2022-11-29 12:12:39,630 | INFO | Response takeoff: 'ok'
2022-11-29 12:12:39,630 | INFO | Send command: 'land'
2022-11-29 12:12:39,992 | INFO | PERIODIC STATE VALUES: {'mid': 4, 'x': 1, 'y': 20, 'z': 83, 'mpry': '-1,0,-178', 'pitch': 0, 'roll': 2, 'yaw': -7, 'vgx': 0, 'vgy': 0, 'vgz': 0, 'templ': 92, 'temph': 95, 'tof': 72, 'h': 90, 'bat': 83, 'baro': 101.81, 'time': 88, 'agx': 14.0, 'agy': -9.0, 'agz': -1000.0}
2022-11-29 12:12:40,498 | INFO | PERIODIC STATE VALUES: {'mid': 4, 'x': -12, 'y': 20, 'z': 83, 'mpry': '-9,-1,-176', 'pitch': 0, 'roll': 2, 'yaw': -7, 'vgx': 0, 'vgy': 0, 'vgz': -1, 'templ': 92, 'temph': 94, 'tof': 80, 'h': 90, 'bat': 83, 'baro': 101.69, 'time': 88, 'agx': 0.0, 'agy': -29.0, 'agz': -921.0}
2022-11-29 12:12:41,003 | INFO | PERIODIC STATE VALUES: {'mid': 4, 'x': -12, 'y': 20, 'z': 83, 'mpry': '-9,-1,-176', 'pitch': 0, 'roll': 1, 'yaw': -7, 'vgx': 0, 'vgy': 0, 'vgz': -4, 'templ': 92, 'temph': 94, 'tof': 67, 'h': 70, 'bat': 83, 'baro': 101.52, 'time': 89, 'agx': -19.0, 'agy': -1.0, 'agz': -979.0}
2022-11-29 12:12:41,508 | INFO | PERIODIC STATE VALUES: {'mid': 4, 'x': 5, 'y': 6, 'z': 55, 'mpry': '7,-37,-177', 'pitch': -1, 'roll': 2, 'yaw': -7, 'vgx': 0, 'vgy': 0, 'vgz': -4, 'templ': 91, 'temph': 94, 'tof': 24, 'h': 40, 'bat': 83, 'baro': 101.21, 'time': 89, 'agx': -12.0, 'agy': -18.0, 'agz': -988.0}
2022-11-29 12:12:42,009 | INFO | PERIODIC STATE VALUES: {'mid': 4, 'x': 5, 'y': 6, 'z': 55, 'mpry': '7,-37,-177', 'pitch': 0, 'roll': 1, 'yaw': -8, 'vgx': 0, 'vgy': 0, 'vgz': -4, 'templ': 91, 'temph': 94, 'tof': 10, 'h': 20, 'bat': 83, 'baro': 99.26, 'time': 90, 'agx': -15.0, 'agy': 0.0, 'agz': -1045.0}
2022-11-29 12:12:42,515 | INFO | PERIODIC STATE VALUES: {'mid': 4, 'x': 5, 'y': 6, 'z': 55, 'mpry': '7,-37,-177', 'pitch': -1, 'roll': 6, 'yaw': -7, 'vgx': 0, 'vgy': 0, 'vgz': -2, 'templ': 90, 'temph': 94, 'tof': 10, 'h': 10, 'bat': 83, 'baro': 97.8, 'time': 90, 'agx': -26.0, 'agy': 64.0, 'agz': -873.0}
2022-11-29 12:12:43,031 | INFO | PERIODIC STATE VALUES: {'mid': 4, 'x': 5, 'y': 6, 'z': 55, 'mpry': '7,-37,-177', 'pitch': -6, 'roll': 6, 'yaw': -1, 'vgx': -3, 'vgy': -6, 'vgz': 0, 'templ': 90, 'temph': 94, 'tof': 10, 'h': 0, 'bat': 83, 'baro': 99.6, 'time': 91, 'agx': -84.0, 'agy': -56.0, 'agz': -923.0}
2022-11-29 12:12:43,377 | INFO | Response land: 'ok'
2022-11-29 12:12:43,377 | INFO | Send command: 'motoron'
2022-11-29 12:12:43,488 | INFO | Response motoron: 'ok'
2022-11-29 12:12:43,535 | INFO | PERIODIC STATE VALUES: {'mid': 4, 'x': 5, 'y': 6, 'z': 55, 'mpry': '7,-37,-177', 'pitch': -3, 'roll': 5, 'yaw': -4, 'vgx': -4, 'vgy': -8, 'vgz': -1, 'templ': 91, 'temph': 92, 'tof': 10, 'h': 0, 'bat': 83, 'baro': 100.29, 'time': 91, 'agx': 11.0, 'agy': -34.0, 'agz': -1033.0}
2022-11-29 12:12:44,037 | INFO | PERIODIC STATE VALUES: {'mid': 4, 'x': 5, 'y': 6, 'z': 55, 'mpry': '7,-37,-177', 'pitch': 1, 'roll': 2, 'yaw': -1, 'vgx': -8, 'vgy': -12, 'vgz': 1, 'templ': 91, 'temph': 92, 'tof': 10, 'h': 0, 'bat': 83, 'baro': 100.71, 'time': 91, 'agx': -25.0, 'agy': -79.0, 'agz': -933.0}
2022-11-29 12:12:44,542 | INFO | PERIODIC STATE VALUES: {'mid': 4, 'x': 5, 'y': 6, 'z': 55, 'mpry': '7,-37,-177', 'pitch': 11, 'roll': 13, 'yaw': 18, 'vgx': 0, 'vgy': 0, 'vgz': 0, 'templ': 90, 'temph': 93, 'tof': 10, 'h': 0, 'bat': 83, 'baro': 100.61, 'time': 91, 'agx': 11.0, 'agy': -197.0, 'agz': -802.0}
2022-11-29 12:12:45,045 | INFO | PERIODIC STATE VALUES: {'mid': 4, 'x': 5, 'y': 6, 'z': 55, 'mpry': '7,-37,-177', 'pitch': -1, 'roll': 2, 'yaw': 17, 'vgx': 0, 'vgy': 0, 'vgz': 8, 'templ': 90, 'temph': 93, 'tof': 10, 'h': 30, 'bat': 83, 'baro': 100.52, 'time': 91, 'agx': 15.0, 'agy': 10.0, 'agz': -1035.0}
2022-11-29 12:12:45,556 | INFO | PERIODIC STATE VALUES: {'mid': 4, 'x': 5, 'y': 6, 'z': 55, 'mpry': '7,-37,-177', 'pitch': -1, 'roll': 2, 'yaw': 17, 'vgx': 0, 'vgy': 0, 'vgz': 8, 'templ': 90, 'temph': 93, 'tof': 10, 'h': 70, 'bat': 83, 'baro': 100.54, 'time': 91, 'agx': -1.0, 'agy': 1.0, 'agz': -1017.0}
2022-11-29 12:12:46,068 | INFO | PERIODIC STATE VALUES: {'mid': 4, 'x': 5, 'y': 6, 'z': 55, 'mpry': '7,-37,-177', 'pitch': -1, 'roll': 2, 'yaw': 17, 'vgx': 0, 'vgy': 0, 'vgz': 6, 'templ': 90, 'temph': 93, 'tof': 10, 'h': 80, 'bat': 83, 'baro': 100.59, 'time': 91, 'agx': 0.0, 'agy': 0.0, 'agz': -1005.0}
2022-11-29 12:12:46,573 | INFO | PERIODIC STATE VALUES: {'mid': -1, 'x': -100, 'y': -100, 'z': -100, 'mpry': '0,0,0', 'pitch': -1, 'roll': 2, 'yaw': 17, 'vgx': 0, 'vgy': 0, 'vgz': 3, 'templ': 90, 'temph': 92, 'tof': 10, 'h': 60, 'bat': 83, 'baro': 100.52, 'time': 91, 'agx': 0.0, 'agy': -9.0, 'agz': -999.0}
2022-11-29 12:12:47,080 | INFO | PERIODIC STATE VALUES: {'mid': -1, 'x': -100, 'y': -100, 'z': -100, 'mpry': '0,0,0', 'pitch': -1, 'roll': 2, 'yaw': 17, 'vgx': 0, 'vgy': 0, 'vgz': 0, 'templ': 90, 'temph': 92, 'tof': 10, 'h': 0, 'bat': 83, 'baro': 100.48, 'time': 91, 'agx': -10.0, 'agy': -2.0, 'agz': -1000.0}
2022-11-29 12:12:47,581 | INFO | PERIODIC STATE VALUES: {'mid': -1, 'x': -100, 'y': -100, 'z': -100, 'mpry': '0,0,0', 'pitch': -1, 'roll': 1, 'yaw': 17, 'vgx': 0, 'vgy': 0, 'vgz': 0, 'templ': 90, 'temph': 93, 'tof': 10, 'h': 0, 'bat': 83, 'baro': 100.46, 'time': 91, 'agx': -6.0, 'agy': -1.0, 'agz': -997.0}
2022-11-29 12:12:48,086 | INFO | PERIODIC STATE VALUES: {'mid': -1, 'x': -100, 'y': -100, 'z': -100, 'mpry': '0,0,0', 'pitch': -1, 'roll': 1, 'yaw': 17, 'vgx': 0, 'vgy': 0, 'vgz': 0, 'templ': 90, 'temph': 93, 'tof': 10, 'h': 0, 'bat': 83, 'baro': 100.42, 'time': 91, 'agx': -3.0, 'agy': -3.0, 'agz': -1000.0}
2022-11-29 12:12:48,494 | INFO | Send command: 'motoroff'
2022-11-29 12:12:48,590 | INFO | PERIODIC STATE VALUES: {'mid': -1, 'x': -100, 'y': -100, 'z': -100, 'mpry': '0,0,0', 'pitch': 0, 'roll': 1, 'yaw': 17, 'vgx': 0, 'vgy': 0, 'vgz': 0, 'templ': 90, 'temph': 93, 'tof': 10, 'h': 0, 'bat': 83, 'baro': 100.39, 'time': 91, 'agx': -4.0, 'agy': -7.0, 'agz': -1000.0}
2022-11-29 12:12:48,606 | INFO | Response motoroff: 'ok'
2022-11-29 12:12:48,621 | INFO | Send command: 'streamoff'
2022-11-29 12:12:48,731 | INFO | Response streamoff: 'ok'
2022-11-29 12:12:48,731 | INFO | EXECUTION TIME: --- 24.686877012252808 seconds ---
