2022-11-29 12:10:18,898 | INFO | Tello instance was initialized. Host: '192.168.10.1'. Port: '8889'.
2022-11-29 12:10:18,899 | INFO | Trying to connect to the drone now!
2022-11-29 12:10:18,908 | INFO | Send command: 'command'
2022-11-29 12:10:19,019 | INFO | Response command: 'ok'
2022-11-29 12:10:19,020 | INFO | Connected to the drone successfully.
2022-11-29 12:10:19,035 | INFO | Send command: 'mon'
2022-11-29 12:10:19,035 | INFO | Send command: 'streamon'
2022-11-29 12:10:19,145 | INFO | Response mon: 'ok'
2022-11-29 12:10:19,145 | INFO | Response streamon: 'ok'
2022-11-29 12:10:19,161 | INFO | Send command: 'downvision 1'
2022-11-29 12:10:19,161 | INFO | Send command: 'mdirection 0'
2022-11-29 12:10:19,272 | INFO | Response mdirection 0: 'ok'
2022-11-29 12:10:19,272 | INFO | Response downvision 1: 'ok'
2022-11-29 12:10:19,272 | INFO | Send command: 'motoron'
2022-11-29 12:10:19,287 | INFO | Send command: 'setfps high'
2022-11-29 12:10:19,288 | INFO | Response setfps high: 'ok'
2022-11-29 12:10:19,380 | INFO | Response motoron: 'ok'
2022-11-29 12:10:19,380 | INFO | data goes here
2022-11-29 12:10:19,396 | INFO | Send command: 'attitude?'
2022-11-29 12:10:19,505 | INFO | Response attitude?: 'pitch:0;roll:0;yaw:168;'
2022-11-29 12:10:19,505 | INFO | ATTITUDE: {'pitch': 0, 'roll': 0, 'yaw': 168}
2022-11-29 12:10:19,505 | INFO | Send command: 'baro?'
2022-11-29 12:10:19,536 | INFO | PERIODIC STATE VALUES: {'mid': -1, 'x': -100, 'y': -100, 'z': -100, 'mpry': '0,0,0', 'pitch': 0, 'roll': 0, 'yaw': 168, 'vgx': 0, 'vgy': 0, 'vgz': 0, 'templ': 89, 'temph': 92, 'tof': 10, 'h': 0, 'bat': 85, 'baro': 101.22, 'time': 71, 'agx': 0.0, 'agy': 1.0, 'agz': -996.0}
2022-11-29 12:10:19,615 | INFO | Response baro?: '101.220619'
2022-11-29 12:10:19,616 | INFO | BAROMETER: 10122.0619
2022-11-29 12:10:19,630 | INFO | Send command: 'battery?'
2022-11-29 12:10:19,742 | INFO | Response battery?: '85'
2022-11-29 12:10:19,742 | INFO | BATTERY: 85
2022-11-29 12:10:19,758 | INFO | Send command: 'tof?'
2022-11-29 12:10:19,867 | INFO | Response tof?: '100mm'
2022-11-29 12:10:19,868 | INFO | TOF_DISTANCE: 10.0 
2022-11-29 12:10:19,883 | INFO | Send command: 'wifi?'
2022-11-29 12:10:19,992 | INFO | Response wifi?: '90'
2022-11-29 12:10:19,993 | INFO | WIFI_SIGNAL_NOISE RATIO: 90
2022-11-29 12:10:20,007 | INFO | Send command: 'sdk?'
2022-11-29 12:10:20,039 | INFO | PERIODIC STATE VALUES: {'mid': -1, 'x': -100, 'y': -100, 'z': -100, 'mpry': '0,0,0', 'pitch': 0, 'roll': 0, 'yaw': 168, 'vgx': 0, 'vgy': 0, 'vgz': 0, 'templ': 89, 'temph': 91, 'tof': 10, 'h': 0, 'bat': 85, 'baro': 101.18, 'time': 71, 'agx': 19.0, 'agy': -19.0, 'agz': -994.0}
2022-11-29 12:10:20,119 | INFO | Response sdk?: '30'
2022-11-29 12:10:20,119 | INFO | SDK VERSION: 30
2022-11-29 12:10:20,134 | INFO | Send command: 'sn?'
2022-11-29 12:10:20,245 | INFO | Response sn?: '0TQZK7JCNT2468'
2022-11-29 12:10:20,246 | INFO | SERIAL NUMBER: 0TQZK7JCNT2468
2022-11-29 12:10:20,545 | INFO | PERIODIC STATE VALUES: {'mid': -1, 'x': -100, 'y': -100, 'z': -100, 'mpry': '0,0,0', 'pitch': 0, 'roll': 0, 'yaw': 168, 'vgx': 0, 'vgy': 0, 'vgz': 0, 'templ': 89, 'temph': 91, 'tof': 10, 'h': 0, 'bat': 85, 'baro': 101.14, 'time': 71, 'agx': 19.0, 'agy': 11.0, 'agz': -994.0}
2022-11-29 12:10:21,060 | INFO | PERIODIC STATE VALUES: {'mid': -1, 'x': -100, 'y': -100, 'z': -100, 'mpry': '0,0,0', 'pitch': 0, 'roll': 0, 'yaw': 168, 'vgx': 0, 'vgy': 0, 'vgz': 0, 'templ': 88, 'temph': 92, 'tof': 10, 'h': 0, 'bat': 85, 'baro': 101.09, 'time': 71, 'agx': 4.0, 'agy': -2.0, 'agz': -1003.0}
2022-11-29 12:10:21,564 | INFO | PERIODIC STATE VALUES: {'mid': -1, 'x': -100, 'y': -100, 'z': -100, 'mpry': '0,0,0', 'pitch': 0, 'roll': 0, 'yaw': 168, 'vgx': 0, 'vgy': 0, 'vgz': 0, 'templ': 88, 'temph': 92, 'tof': 10, 'h': 0, 'bat': 85, 'baro': 101.08, 'time': 71, 'agx': -10.0, 'agy': 1.0, 'agz': -1009.0}
2022-11-29 12:10:22,069 | INFO | PERIODIC STATE VALUES: {'mid': -1, 'x': -100, 'y': -100, 'z': -100, 'mpry': '0,0,0', 'pitch': 0, 'roll': 0, 'yaw': 168, 'vgx': 0, 'vgy': 0, 'vgz': 0, 'templ': 88, 'temph': 91, 'tof': 10, 'h': 0, 'bat': 85, 'baro': 101.11, 'time': 71, 'agx': 2.0, 'agy': 7.0, 'agz': -1003.0}
2022-11-29 12:10:22,572 | INFO | PERIODIC STATE VALUES: {'mid': -1, 'x': -100, 'y': -100, 'z': -100, 'mpry': '0,0,0', 'pitch': 0, 'roll': 0, 'yaw': 168, 'vgx': 0, 'vgy': 0, 'vgz': 0, 'templ': 88, 'temph': 91, 'tof': 10, 'h': 0, 'bat': 85, 'baro': 101.07, 'time': 71, 'agx': -3.0, 'agy': 0.0, 'agz': -1000.0}
2022-11-29 12:10:23,075 | INFO | PERIODIC STATE VALUES: {'mid': -1, 'x': -100, 'y': -100, 'z': -100, 'mpry': '0,0,0', 'pitch': 0, 'roll': 0, 'yaw': 168, 'vgx': 0, 'vgy': 0, 'vgz': 0, 'templ': 89, 'temph': 91, 'tof': 10, 'h': 0, 'bat': 85, 'baro': 101.03, 'time': 71, 'agx': 7.0, 'agy': -1.0, 'agz': -987.0}
2022-11-29 12:10:23,592 | INFO | PERIODIC STATE VALUES: {'mid': -1, 'x': -100, 'y': -100, 'z': -100, 'mpry': '0,0,0', 'pitch': 0, 'roll': 0, 'yaw': 169, 'vgx': 0, 'vgy': 0, 'vgz': 0, 'templ': 89, 'temph': 91, 'tof': 10, 'h': 0, 'bat': 85, 'baro': 101.1, 'time': 71, 'agx': -11.0, 'agy': -1.0, 'agz': -996.0}
2022-11-29 12:10:24,093 | INFO | PERIODIC STATE VALUES: {'mid': -1, 'x': -100, 'y': -100, 'z': -100, 'mpry': '0,0,0', 'pitch': 0, 'roll': 0, 'yaw': 168, 'vgx': 0, 'vgy': 0, 'vgz': 0, 'templ': 89, 'temph': 91, 'tof': 10, 'h': 0, 'bat': 85, 'baro': 100.99, 'time': 71, 'agx': 2.0, 'agy': 6.0, 'agz': -1007.0}
2022-11-29 12:10:24,596 | INFO | PERIODIC STATE VALUES: {'mid': -1, 'x': -100, 'y': -100, 'z': -100, 'mpry': '0,0,0', 'pitch': 0, 'roll': 0, 'yaw': 168, 'vgx': 0, 'vgy': 0, 'vgz': 0, 'templ': 89, 'temph': 91, 'tof': 10, 'h': 0, 'bat': 85, 'baro': 101.0, 'time': 71, 'agx': 5.0, 'agy': -3.0, 'agz': -997.0}
2022-11-29 12:10:25,110 | INFO | PERIODIC STATE VALUES: {'mid': -1, 'x': -100, 'y': -100, 'z': -100, 'mpry': '0,0,0', 'pitch': 0, 'roll': 0, 'yaw': 169, 'vgx': 0, 'vgy': 0, 'vgz': 0, 'templ': 88, 'temph': 92, 'tof': 10, 'h': 0, 'bat': 85, 'baro': 100.96, 'time': 71, 'agx': -10.0, 'agy': 1.0, 'agz': -999.0}
2022-11-29 12:10:25,255 | INFO | Send command: 'takeoff'
2022-11-29 12:10:25,619 | INFO | PERIODIC STATE VALUES: {'mid': -1, 'x': -100, 'y': -100, 'z': -100, 'mpry': '0,0,0', 'pitch': 0, 'roll': 0, 'yaw': 168, 'vgx': 0, 'vgy': 0, 'vgz': 0, 'templ': 88, 'temph': 92, 'tof': 10, 'h': 0, 'bat': 85, 'baro': 100.99, 'time': 71, 'agx': 5.0, 'agy': -2.0, 'agz': -1002.0}
2022-11-29 12:10:26,134 | INFO | PERIODIC STATE VALUES: {'mid': -1, 'x': -100, 'y': -100, 'z': -100, 'mpry': '0,0,0', 'pitch': 0, 'roll': 0, 'yaw': 168, 'vgx': 0, 'vgy': 0, 'vgz': 6, 'templ': 89, 'temph': 92, 'tof': 10, 'h': 10, 'bat': 85, 'baro': 100.99, 'time': 72, 'agx': -1.0, 'agy': -30.0, 'agz': -1155.0}
2022-11-29 12:10:26,637 | INFO | PERIODIC STATE VALUES: {'mid': -1, 'x': -100, 'y': -100, 'z': -100, 'mpry': '0,0,0', 'pitch': 0, 'roll': 0, 'yaw': 168, 'vgx': 0, 'vgy': 0, 'vgz': 7, 'templ': 89, 'temph': 92, 'tof': 44, 'h': 50, 'bat': 85, 'baro': 101.86, 'time': 72, 'agx': 2.0, 'agy': -21.0, 'agz': -878.0}
2022-11-29 12:10:27,147 | INFO | PERIODIC STATE VALUES: {'mid': -1, 'x': -100, 'y': -100, 'z': -100, 'mpry': '0,0,0', 'pitch': 0, 'roll': 2, 'yaw': 168, 'vgx': 0, 'vgy': 0, 'vgz': 1, 'templ': 89, 'temph': 91, 'tof': 68, 'h': 70, 'bat': 85, 'baro': 102.07, 'time': 73, 'agx': -6.0, 'agy': -11.0, 'agz': -951.0}
2022-11-29 12:10:27,663 | INFO | PERIODIC STATE VALUES: {'mid': 4, 'x': 0, 'y': -6, 'z': 64, 'mpry': '-1,-170,180', 'pitch': 0, 'roll': 1, 'yaw': 168, 'vgx': 0, 'vgy': 0, 'vgz': 1, 'templ': 89, 'temph': 91, 'tof': 72, 'h': 70, 'bat': 85, 'baro': 102.17, 'time': 74, 'agx': -8.0, 'agy': -13.0, 'agz': -1016.0}
2022-11-29 12:10:28,168 | INFO | PERIODIC STATE VALUES: {'mid': 4, 'x': 0, 'y': -10, 'z': 70, 'mpry': '0,-170,-175', 'pitch': 0, 'roll': 1, 'yaw': 168, 'vgx': 0, 'vgy': 0, 'vgz': 0, 'templ': 89, 'temph': 92, 'tof': 76, 'h': 70, 'bat': 85, 'baro': 102.21, 'time': 74, 'agx': 0.0, 'agy': -24.0, 'agz': -996.0}
2022-11-29 12:10:28,669 | INFO | PERIODIC STATE VALUES: {'mid': 4, 'x': 0, 'y': -12, 'z': 73, 'mpry': '0,-170,-176', 'pitch': 0, 'roll': 2, 'yaw': 168, 'vgx': 0, 'vgy': 0, 'vgz': 0, 'templ': 89, 'temph': 92, 'tof': 77, 'h': 80, 'bat': 85, 'baro': 102.24, 'time': 74, 'agx': 2.0, 'agy': -26.0, 'agz': -991.0}
2022-11-29 12:10:29,172 | INFO | PERIODIC STATE VALUES: {'mid': 4, 'x': 1, 'y': -14, 'z': 77, 'mpry': '-1,-170,-176', 'pitch': 0, 'roll': 1, 'yaw': 168, 'vgx': 0, 'vgy': 0, 'vgz': 0, 'templ': 88, 'temph': 91, 'tof': 80, 'h': 80, 'bat': 85, 'baro': 102.28, 'time': 75, 'agx': 14.0, 'agy': -32.0, 'agz': -991.0}
2022-11-29 12:10:29,673 | INFO | PERIODIC STATE VALUES: {'mid': 4, 'x': 5, 'y': -12, 'z': 82, 'mpry': '-1,-170,-176', 'pitch': 0, 'roll': 1, 'yaw': 168, 'vgx': 0, 'vgy': 0, 'vgz': 0, 'templ': 88, 'temph': 91, 'tof': 83, 'h': 80, 'bat': 85, 'baro': 102.33, 'time': 75, 'agx': 5.0, 'agy': -29.0, 'agz': -989.0}
2022-11-29 12:10:30,001 | INFO | Response takeoff: 'ok'
2022-11-29 12:10:30,016 | INFO | Send command: 'land'
2022-11-29 12:10:30,190 | INFO | PERIODIC STATE VALUES: {'mid': 4, 'x': 8, 'y': -15, 'z': 82, 'mpry': '0,-170,-177', 'pitch': -1, 'roll': 1, 'yaw': 168, 'vgx': 0, 'vgy': 0, 'vgz': 0, 'templ': 88, 'temph': 91, 'tof': 83, 'h': 80, 'bat': 85, 'baro': 102.21, 'time': 76, 'agx': -14.0, 'agy': -10.0, 'agz': -987.0}
2022-11-29 12:10:30,691 | INFO | PERIODIC STATE VALUES: {'mid': 4, 'x': 3, 'y': -16, 'z': 83, 'mpry': '3,-170,-176', 'pitch': -1, 'roll': 2, 'yaw': 169, 'vgx': 0, 'vgy': 0, 'vgz': 0, 'templ': 88, 'temph': 91, 'tof': 82, 'h': 80, 'bat': 85, 'baro': 102.27, 'time': 77, 'agx': -20.0, 'agy': -15.0, 'agz': -931.0}
2022-11-29 12:10:31,192 | INFO | PERIODIC STATE VALUES: {'mid': 4, 'x': 12, 'y': -21, 'z': 81, 'mpry': '0,-171,-179', 'pitch': 0, 'roll': 1, 'yaw': 168, 'vgx': 0, 'vgy': 0, 'vgz': -4, 'templ': 87, 'temph': 90, 'tof': 34, 'h': 60, 'bat': 85, 'baro': 102.19, 'time': 77, 'agx': 5.0, 'agy': -9.0, 'agz': -953.0}
2022-11-29 12:10:31,696 | INFO | PERIODIC STATE VALUES: {'mid': 4, 'x': 11, 'y': -21, 'z': 74, 'mpry': '0,-171,179', 'pitch': 0, 'roll': 2, 'yaw': 168, 'vgx': 0, 'vgy': 0, 'vgz': -4, 'templ': 87, 'temph': 90, 'tof': 10, 'h': 40, 'bat': 85, 'baro': 101.24, 'time': 78, 'agx': -2.0, 'agy': -11.0, 'agz': -1049.0}
2022-11-29 12:10:32,202 | INFO | PERIODIC STATE VALUES: {'mid': 4, 'x': 11, 'y': -21, 'z': 74, 'mpry': '0,-171,179', 'pitch': 5, 'roll': 7, 'yaw': 164, 'vgx': 0, 'vgy': 1, 'vgz': 0, 'templ': 87, 'temph': 90, 'tof': 10, 'h': 30, 'bat': 85, 'baro': 100.38, 'time': 78, 'agx': 137.0, 'agy': -77.0, 'agz': -1024.0}
2022-11-29 12:10:32,704 | INFO | PERIODIC STATE VALUES: {'mid': 4, 'x': 11, 'y': -21, 'z': 74, 'mpry': '0,-171,179', 'pitch': 0, 'roll': 7, 'yaw': 168, 'vgx': 2, 'vgy': 3, 'vgz': 0, 'templ': 87, 'temph': 90, 'tof': 10, 'h': 30, 'bat': 85, 'baro': 100.75, 'time': 79, 'agx': -15.0, 'agy': -124.0, 'agz': -959.0}
2022-11-29 12:10:33,097 | INFO | Response land: 'ok'
2022-11-29 12:10:33,097 | INFO | Send command: 'motoron'
2022-11-29 12:10:33,206 | INFO | PERIODIC STATE VALUES: {'mid': 4, 'x': 11, 'y': -21, 'z': 74, 'mpry': '0,-171,179', 'pitch': 0, 'roll': 7, 'yaw': 168, 'vgx': 3, 'vgy': 4, 'vgz': 0, 'templ': 87, 'temph': 89, 'tof': 10, 'h': 0, 'bat': 85, 'baro': 101.02, 'time': 79, 'agx': 22.0, 'agy': -127.0, 'agz': -1025.0}
2022-11-29 12:10:33,206 | INFO | Response motoron: 'ok'
2022-11-29 12:10:33,710 | INFO | PERIODIC STATE VALUES: {'mid': 4, 'x': 11, 'y': -21, 'z': 74, 'mpry': '0,-171,179', 'pitch': -9, 'roll': 3, 'yaw': 177, 'vgx': 3, 'vgy': 5, 'vgz': -3, 'templ': 87, 'temph': 89, 'tof': 10, 'h': 0, 'bat': 85, 'baro': 101.32, 'time': 79, 'agx': -190.0, 'agy': 9.0, 'agz': -1024.0}
2022-11-29 12:10:34,215 | INFO | PERIODIC STATE VALUES: {'mid': 4, 'x': 11, 'y': -21, 'z': 74, 'mpry': '0,-171,179', 'pitch': -23, 'roll': 3, 'yaw': -156, 'vgx': 0, 'vgy': 0, 'vgz': -1, 'templ': 87, 'temph': 89, 'tof': 10, 'h': 0, 'bat': 85, 'baro': 101.32, 'time': 79, 'agx': -360.0, 'agy': -17.0, 'agz': -1026.0}
2022-11-29 12:10:34,720 | INFO | PERIODIC STATE VALUES: {'mid': 4, 'x': 11, 'y': -21, 'z': 74, 'mpry': '0,-171,179', 'pitch': -2, 'roll': 14, 'yaw': 172, 'vgx': 0, 'vgy': 0, 'vgz': -1, 'templ': 87, 'temph': 89, 'tof': 10, 'h': 0, 'bat': 85, 'baro': 101.32, 'time': 79, 'agx': 136.0, 'agy': 95.0, 'agz': -897.0}
2022-11-29 12:10:35,222 | INFO | PERIODIC STATE VALUES: {'mid': 4, 'x': 11, 'y': -21, 'z': 74, 'mpry': '0,-171,179', 'pitch': -9, 'roll': 21, 'yaw': 169, 'vgx': 0, 'vgy': 0, 'vgz': 1, 'templ': 87, 'temph': 89, 'tof': 10, 'h': 0, 'bat': 85, 'baro': 101.18, 'time': 79, 'agx': -128.0, 'agy': -228.0, 'agz': -913.0}
2022-11-29 12:10:35,725 | INFO | PERIODIC STATE VALUES: {'mid': 4, 'x': 11, 'y': -21, 'z': 74, 'mpry': '0,-171,179', 'pitch': -13, 'roll': 12, 'yaw': 168, 'vgx': 0, 'vgy': 0, 'vgz': 2, 'templ': 87, 'temph': 89, 'tof': 10, 'h': 0, 'bat': 85, 'baro': 101.18, 'time': 79, 'agx': -157.0, 'agy': -118.0, 'agz': -1022.0}
2022-11-29 12:10:36,226 | INFO | PERIODIC STATE VALUES: {'mid': 4, 'x': 11, 'y': -21, 'z': 74, 'mpry': '0,-171,179', 'pitch': -10, 'roll': 27, 'yaw': 162, 'vgx': 0, 'vgy': 0, 'vgz': 2, 'templ': 87, 'temph': 89, 'tof': 10, 'h': 0, 'bat': 85, 'baro': 101.12, 'time': 79, 'agx': -69.0, 'agy': -392.0, 'agz': -1106.0}
2022-11-29 12:10:36,727 | INFO | PERIODIC STATE VALUES: {'mid': -1, 'x': -100, 'y': -100, 'z': -100, 'mpry': '0,0,0', 'pitch': -11, 'roll': 29, 'yaw': 161, 'vgx': 0, 'vgy': 0, 'vgz': 1, 'templ': 87, 'temph': 89, 'tof': 10, 'h': 0, 'bat': 85, 'baro': 101.16, 'time': 79, 'agx': -168.0, 'agy': -330.0, 'agz': -824.0}
2022-11-29 12:10:37,231 | INFO | PERIODIC STATE VALUES: {'mid': -1, 'x': -100, 'y': -100, 'z': -100, 'mpry': '0,0,0', 'pitch': -7, 'roll': 31, 'yaw': 157, 'vgx': 0, 'vgy': 0, 'vgz': 0, 'templ': 87, 'temph': 90, 'tof': 10, 'h': 0, 'bat': 85, 'baro': 101.2, 'time': 79, 'agx': -56.0, 'agy': -520.0, 'agz': -928.0}
2022-11-29 12:10:37,736 | INFO | PERIODIC STATE VALUES: {'mid': -1, 'x': -100, 'y': -100, 'z': -100, 'mpry': '0,0,0', 'pitch': -7, 'roll': 29, 'yaw': 151, 'vgx': 0, 'vgy': 0, 'vgz': 0, 'templ': 87, 'temph': 90, 'tof': 10, 'h': 0, 'bat': 85, 'baro': 101.19, 'time': 79, 'agx': -188.0, 'agy': -596.0, 'agz': -959.0}
2022-11-29 12:10:38,222 | INFO | Send command: 'motoroff'
2022-11-29 12:10:38,238 | INFO | PERIODIC STATE VALUES: {'mid': -1, 'x': -100, 'y': -100, 'z': -100, 'mpry': '0,0,0', 'pitch': 3, 'roll': 27, 'yaw': 124, 'vgx': 0, 'vgy': 0, 'vgz': 0, 'templ': 87, 'temph': 90, 'tof': 10, 'h': 0, 'bat': 85, 'baro': 101.21, 'time': 79, 'agx': -4.0, 'agy': -230.0, 'agz': -584.0}
2022-11-29 12:10:38,332 | INFO | Response motoroff: 'error'
2022-11-29 12:10:38,332 | INFO | Send command: 'motoroff'
2022-11-29 12:10:38,442 | INFO | Response motoroff: 'error'
2022-11-29 12:10:38,442 | INFO | Send command: 'motoroff'
2022-11-29 12:10:38,552 | INFO | Response motoroff: 'error'
