2022-11-22 00:00:30,843 | INFO | Tello instance was initialized. Host: '192.168.10.1'. Port: '8889'.
2022-11-22 00:00:30,844 | INFO | Trying to connect to the drone now!
2022-11-22 00:00:30,860 | INFO | Send command: 'command'
2022-11-22 00:00:30,970 | INFO | Response command: 'ok'
2022-11-22 00:00:30,971 | INFO | Connected to the drone successfully.
2022-11-22 00:00:30,986 | INFO | Send command: 'mon'
2022-11-22 00:00:30,987 | INFO | Send command: 'streamon'
2022-11-22 00:00:31,097 | INFO | Response streamon: 'ok'
2022-11-22 00:00:31,098 | INFO | Response mon: 'ok'
2022-11-22 00:00:31,113 | INFO | Send command: 'downvision 1'
2022-11-22 00:00:31,114 | INFO | Send command: 'mdirection 0'
2022-11-22 00:00:31,224 | INFO | Response mdirection 0: 'ok'
2022-11-22 00:00:31,225 | INFO | Response downvision 1: 'ok'
2022-11-22 00:00:31,225 | INFO | Send command: 'motoron'
2022-11-22 00:00:31,239 | INFO | Send command: 'setfps high'
2022-11-22 00:00:31,334 | INFO | Response motoron: 'ok'
2022-11-22 00:00:31,334 | INFO | data goes here
2022-11-22 00:00:31,350 | INFO | Response setfps high: 'ok'
2022-11-22 00:00:31,350 | INFO | Send command: 'attitude?'
2022-11-22 00:00:31,461 | INFO | Response attitude?: 'pitch:0;roll:0;yaw:-41;'
2022-11-22 00:00:31,462 | INFO | ATTITUDE: {'pitch': 0, 'roll': 0, 'yaw': -41}
2022-11-22 00:00:31,477 | INFO | Send command: 'baro?'
2022-11-22 00:00:31,478 | INFO | PERIODIC STATE VALUES: {'mid': -1, 'x': -100, 'y': -100, 'z': -100, 'mpry': '0,0,0', 'pitch': 0, 'roll': 0, 'yaw': -41, 'vgx': 0, 'vgy': 0, 'vgz': 0, 'templ': 63, 'temph': 65, 'tof': 10, 'h': 0, 'bat': 9, 'baro': 113.14, 'time': 0, 'agx': -8.0, 'agy': -14.0, 'agz': -999.0}
2022-11-22 00:00:31,588 | INFO | Response baro?: '113.093925'
2022-11-22 00:00:31,589 | INFO | BAROMETER: 11309.3925
2022-11-22 00:00:31,604 | INFO | Send command: 'battery?'
2022-11-22 00:00:31,712 | INFO | Response battery?: '9'
2022-11-22 00:00:31,713 | INFO | BATTERY: 9
2022-11-22 00:00:31,728 | INFO | Send command: 'tof?'
2022-11-22 00:00:31,838 | INFO | Response tof?: '100mm'
2022-11-22 00:00:31,839 | INFO | TOF_DISTANCE: 10.0 
2022-11-22 00:00:31,854 | INFO | Send command: 'wifi?'
2022-11-22 00:00:31,962 | INFO | Response wifi?: '90'
2022-11-22 00:00:31,963 | INFO | WIFI_SIGNAL_NOISE RATIO: 90
2022-11-22 00:00:31,977 | INFO | Send command: 'sdk?'
2022-11-22 00:00:31,992 | INFO | PERIODIC STATE VALUES: {'mid': -1, 'x': -100, 'y': -100, 'z': -100, 'mpry': '0,0,0', 'pitch': 0, 'roll': 1, 'yaw': -41, 'vgx': 0, 'vgy': 0, 'vgz': 0, 'templ': 63, 'temph': 65, 'tof': 10, 'h': 0, 'bat': 9, 'baro': 113.08, 'time': 0, 'agx': -9.0, 'agy': -15.0, 'agz': -1000.0}
2022-11-22 00:00:32,086 | INFO | Response sdk?: '30'
2022-11-22 00:00:32,087 | INFO | SDK VERSION: 30
2022-11-22 00:00:32,102 | INFO | Send command: 'sn?'
2022-11-22 00:00:32,213 | INFO | Response sn?: '0TQZK7JCNT2468'
2022-11-22 00:00:32,214 | INFO | SERIAL NUMBER: 0TQZK7JCNT2468
2022-11-22 00:00:32,497 | INFO | PERIODIC STATE VALUES: {'mid': -1, 'x': -100, 'y': -100, 'z': -100, 'mpry': '0,0,0', 'pitch': 0, 'roll': 0, 'yaw': -41, 'vgx': 0, 'vgy': 0, 'vgz': 0, 'templ': 64, 'temph': 67, 'tof': 10, 'h': 0, 'bat': 9, 'baro': 113.1, 'time': 0, 'agx': -8.0, 'agy': -15.0, 'agz': -1000.0}
2022-11-22 00:00:33,001 | INFO | PERIODIC STATE VALUES: {'mid': -1, 'x': -100, 'y': -100, 'z': -100, 'mpry': '0,0,0', 'pitch': 0, 'roll': 0, 'yaw': -41, 'vgx': 0, 'vgy': 0, 'vgz': 0, 'templ': 64, 'temph': 67, 'tof': 10, 'h': 0, 'bat': 9, 'baro': 113.05, 'time': 0, 'agx': -9.0, 'agy': -14.0, 'agz': -999.0}
2022-11-22 00:00:33,517 | INFO | PERIODIC STATE VALUES: {'mid': -1, 'x': -100, 'y': -100, 'z': -100, 'mpry': '0,0,0', 'pitch': 0, 'roll': 0, 'yaw': -41, 'vgx': 0, 'vgy': 0, 'vgz': 0, 'templ': 64, 'temph': 67, 'tof': 10, 'h': 0, 'bat': 9, 'baro': 113.06, 'time': 0, 'agx': -7.0, 'agy': -13.0, 'agz': -1002.0}
2022-11-22 00:00:34,024 | INFO | PERIODIC STATE VALUES: {'mid': -1, 'x': -100, 'y': -100, 'z': -100, 'mpry': '0,0,0', 'pitch': 0, 'roll': 0, 'yaw': -41, 'vgx': 0, 'vgy': 0, 'vgz': 0, 'templ': 64, 'temph': 67, 'tof': 10, 'h': 0, 'bat': 8, 'baro': 113.12, 'time': 0, 'agx': -14.0, 'agy': -15.0, 'agz': -1002.0}
2022-11-22 00:00:34,528 | INFO | PERIODIC STATE VALUES: {'mid': -1, 'x': -100, 'y': -100, 'z': -100, 'mpry': '0,0,0', 'pitch': 0, 'roll': 0, 'yaw': -41, 'vgx': 0, 'vgy': 0, 'vgz': 0, 'templ': 64, 'temph': 68, 'tof': 10, 'h': 0, 'bat': 8, 'baro': 113.14, 'time': 0, 'agx': -9.0, 'agy': -15.0, 'agz': -998.0}
2022-11-22 00:00:35,030 | INFO | PERIODIC STATE VALUES: {'mid': -1, 'x': -100, 'y': -100, 'z': -100, 'mpry': '0,0,0', 'pitch': 0, 'roll': 0, 'yaw': -41, 'vgx': 0, 'vgy': 0, 'vgz': 0, 'templ': 64, 'temph': 68, 'tof': 10, 'h': 0, 'bat': 8, 'baro': 113.11, 'time': 0, 'agx': -1.0, 'agy': -5.0, 'agz': -998.0}
2022-11-22 00:00:35,534 | INFO | PERIODIC STATE VALUES: {'mid': -1, 'x': -100, 'y': -100, 'z': -100, 'mpry': '0,0,0', 'pitch': 0, 'roll': 0, 'yaw': -41, 'vgx': 0, 'vgy': 0, 'vgz': 0, 'templ': 65, 'temph': 68, 'tof': 10, 'h': 0, 'bat': 8, 'baro': 113.1, 'time': 0, 'agx': -3.0, 'agy': -3.0, 'agz': -995.0}
2022-11-22 00:00:36,050 | INFO | PERIODIC STATE VALUES: {'mid': -1, 'x': -100, 'y': -100, 'z': -100, 'mpry': '0,0,0', 'pitch': 0, 'roll': 0, 'yaw': -41, 'vgx': 0, 'vgy': 0, 'vgz': 0, 'templ': 65, 'temph': 68, 'tof': 10, 'h': 0, 'bat': 8, 'baro': 113.17, 'time': 0, 'agx': -10.0, 'agy': -16.0, 'agz': -1002.0}
2022-11-22 00:00:36,564 | INFO | PERIODIC STATE VALUES: {'mid': -1, 'x': -100, 'y': -100, 'z': -100, 'mpry': '0,0,0', 'pitch': 0, 'roll': 0, 'yaw': -41, 'vgx': 0, 'vgy': 0, 'vgz': 0, 'templ': 66, 'temph': 68, 'tof': 10, 'h': 0, 'bat': 8, 'baro': 113.19, 'time': 0, 'agx': -13.0, 'agy': -18.0, 'agz': -1003.0}
2022-11-22 00:00:37,069 | INFO | PERIODIC STATE VALUES: {'mid': -1, 'x': -100, 'y': -100, 'z': -100, 'mpry': '0,0,0', 'pitch': 0, 'roll': 0, 'yaw': -41, 'vgx': 0, 'vgy': 0, 'vgz': 0, 'templ': 66, 'temph': 68, 'tof': 10, 'h': 0, 'bat': 8, 'baro': 113.15, 'time': 0, 'agx': -10.0, 'agy': -17.0, 'agz': -1002.0}
2022-11-22 00:00:37,266 | INFO | Send command: 'takeoff'
2022-11-22 00:00:37,407 | INFO | Response takeoff: 'error'
2022-11-22 00:00:37,435 | INFO | Send command: 'takeoff'
2022-11-22 00:00:37,542 | INFO | Response takeoff: 'error'
2022-11-22 00:00:37,556 | INFO | Send command: 'takeoff'
2022-11-22 00:00:37,572 | INFO | PERIODIC STATE VALUES: {'mid': -1, 'x': -100, 'y': -100, 'z': -100, 'mpry': '0,0,0', 'pitch': 0, 'roll': 0, 'yaw': -41, 'vgx': 0, 'vgy': 0, 'vgz': 0, 'templ': 66, 'temph': 70, 'tof': 10, 'h': 0, 'bat': 8, 'baro': 113.14, 'time': 0, 'agx': -11.0, 'agy': -17.0, 'agz': -1001.0}
2022-11-22 00:00:37,666 | INFO | Response takeoff: 'error'
