2022-11-20 21:30:25,525 | INFO | Tello instance was initialized. Host: '192.168.10.1'. Port: '8889'.
2022-11-20 21:30:25,526 | INFO | Trying to connect to the drone now!
2022-11-20 21:30:25,533 | INFO | Send command: 'command'
2022-11-20 21:30:32,577 | WARNING | Aborting command 'command'. Did not receive a response after 7 seconds
2022-11-20 21:30:32,578 | INFO | Send command: 'command'
2022-11-20 21:30:39,661 | WARNING | Aborting command 'command'. Did not receive a response after 7 seconds
2022-11-20 21:30:39,661 | INFO | Send command: 'command'
2022-11-20 21:30:39,770 | INFO | Response command: 'ok'
2022-11-20 21:30:39,771 | INFO | Connected to the drone successfully.
2022-11-20 21:30:39,785 | INFO | Send command: 'mon'
2022-11-20 21:30:39,785 | INFO | Send command: 'streamon'
2022-11-20 21:30:39,896 | INFO | Response streamon: 'ok'
2022-11-20 21:30:39,896 | INFO | Response mon: 'ok'
2022-11-20 21:30:39,912 | INFO | Send command: 'downvision 0'
2022-11-20 21:30:39,912 | INFO | Send command: 'mdirection 0'
2022-11-20 21:30:40,023 | INFO | Response downvision 0: 'ok'
2022-11-20 21:30:40,024 | INFO | Response mdirection 0: 'ok'
2022-11-20 21:30:40,038 | INFO | Send command: 'motoron'
2022-11-20 21:30:40,038 | INFO | Send command: 'setfps high'
2022-11-20 21:30:40,149 | INFO | Response motoron: 'ok'
2022-11-20 21:30:40,149 | INFO | data goes here
2022-11-20 21:30:40,149 | INFO | Send command: 'attitude?'
2022-11-20 21:30:40,149 | INFO | Response setfps high: 'ok'
2022-11-20 21:30:40,257 | INFO | Response attitude?: 'pitch:1;roll:0;yaw:-2;'
2022-11-20 21:30:40,258 | INFO | ATTITUDE: {'pitch': 1, 'roll': 0, 'yaw': -2}
2022-11-20 21:30:40,273 | INFO | Send command: 'baro?'
2022-11-20 21:30:40,274 | INFO | PERIODIC STATE VALUES: {'mid': -1, 'x': -100, 'y': -100, 'z': -100, 'mpry': '0,0,0', 'pitch': 1, 'roll': 0, 'yaw': -2, 'vgx': 0, 'vgy': 0, 'vgz': 0, 'templ': 77, 'temph': 80, 'tof': 10, 'h': 0, 'bat': 66, 'baro': 93.81, 'time': 16, 'agx': 30.0, 'agy': -3.0, 'agz': -998.0}
2022-11-20 21:30:40,389 | INFO | Response baro?: '93.807007'
2022-11-20 21:30:40,390 | INFO | BAROMETER: 9380.7007
2022-11-20 21:30:40,464 | INFO | Send command: 'battery?'
2022-11-20 21:30:40,572 | INFO | Response battery?: '66'
2022-11-20 21:30:40,572 | INFO | BATTERY: 66
2022-11-20 21:30:40,587 | INFO | Send command: 'tof?'
2022-11-20 21:30:40,698 | INFO | Response tof?: '100mm'
2022-11-20 21:30:40,698 | INFO | TOF_DISTANCE: 10.0 
2022-11-20 21:30:40,699 | INFO | Send command: 'wifi?'
2022-11-20 21:30:40,777 | INFO | PERIODIC STATE VALUES: {'mid': -1, 'x': -100, 'y': -100, 'z': -100, 'mpry': '0,0,0', 'pitch': 1, 'roll': 0, 'yaw': -2, 'vgx': 0, 'vgy': 0, 'vgz': 0, 'templ': 79, 'temph': 82, 'tof': 10, 'h': 0, 'bat': 66, 'baro': 93.71, 'time': 16, 'agx': 30.0, 'agy': -5.0, 'agz': -1001.0}
2022-11-20 21:30:40,810 | INFO | Response wifi?: '0'
2022-11-20 21:30:40,811 | INFO | WIFI_SIGNAL_NOISE RATIO: 0
2022-11-20 21:30:40,826 | INFO | Send command: 'sdk?'
2022-11-20 21:30:40,937 | INFO | Response sdk?: '30'
2022-11-20 21:30:40,937 | INFO | SDK VERSION: 30
2022-11-20 21:30:40,953 | INFO | Send command: 'sn?'
2022-11-20 21:30:41,064 | INFO | Response sn?: '0TQZK7JCNT2468'
2022-11-20 21:30:41,064 | INFO | SERIAL NUMBER: 0TQZK7JCNT2468
2022-11-20 21:30:41,286 | INFO | PERIODIC STATE VALUES: {'mid': -1, 'x': -100, 'y': -100, 'z': -100, 'mpry': '0,0,0', 'pitch': 1, 'roll': 0, 'yaw': -2, 'vgx': 0, 'vgy': 0, 'vgz': 0, 'templ': 79, 'temph': 82, 'tof': 10, 'h': 0, 'bat': 66, 'baro': 93.7, 'time': 16, 'agx': 26.0, 'agy': 1.0, 'agz': -996.0}
2022-11-20 21:30:41,787 | INFO | PERIODIC STATE VALUES: {'mid': -1, 'x': -100, 'y': -100, 'z': -100, 'mpry': '0,0,0', 'pitch': 1, 'roll': 0, 'yaw': -2, 'vgx': 0, 'vgy': 0, 'vgz': 0, 'templ': 80, 'temph': 83, 'tof': 10, 'h': 0, 'bat': 66, 'baro': 93.71, 'time': 16, 'agx': 22.0, 'agy': 2.0, 'agz': -992.0}
2022-11-20 21:30:42,292 | INFO | PERIODIC STATE VALUES: {'mid': -1, 'x': -100, 'y': -100, 'z': -100, 'mpry': '0,0,0', 'pitch': 1, 'roll': 0, 'yaw': -2, 'vgx': 0, 'vgy': 0, 'vgz': 0, 'templ': 80, 'temph': 83, 'tof': 10, 'h': 0, 'bat': 66, 'baro': 93.67, 'time': 16, 'agx': 32.0, 'agy': -1.0, 'agz': -1005.0}
2022-11-20 21:30:42,795 | INFO | PERIODIC STATE VALUES: {'mid': -1, 'x': -100, 'y': -100, 'z': -100, 'mpry': '0,0,0', 'pitch': 1, 'roll': 0, 'yaw': -2, 'vgx': 0, 'vgy': 0, 'vgz': 0, 'templ': 81, 'temph': 83, 'tof': 10, 'h': 0, 'bat': 66, 'baro': 93.72, 'time': 16, 'agx': 31.0, 'agy': -8.0, 'agz': -1006.0}
2022-11-20 21:30:43,297 | INFO | PERIODIC STATE VALUES: {'mid': -1, 'x': -100, 'y': -100, 'z': -100, 'mpry': '0,0,0', 'pitch': 1, 'roll': 0, 'yaw': -2, 'vgx': 0, 'vgy': 0, 'vgz': 0, 'templ': 81, 'temph': 83, 'tof': 10, 'h': 0, 'bat': 66, 'baro': 93.78, 'time': 16, 'agx': 30.0, 'agy': -3.0, 'agz': -1003.0}
2022-11-20 21:30:43,808 | INFO | PERIODIC STATE VALUES: {'mid': -1, 'x': -100, 'y': -100, 'z': -100, 'mpry': '0,0,0', 'pitch': 1, 'roll': 0, 'yaw': -2, 'vgx': 0, 'vgy': 0, 'vgz': 0, 'templ': 82, 'temph': 84, 'tof': 10, 'h': 0, 'bat': 66, 'baro': 93.65, 'time': 16, 'agx': 32.0, 'agy': -11.0, 'agz': -1002.0}
2022-11-20 21:30:44,323 | INFO | PERIODIC STATE VALUES: {'mid': -1, 'x': -100, 'y': -100, 'z': -100, 'mpry': '0,0,0', 'pitch': 1, 'roll': 0, 'yaw': -2, 'vgx': 0, 'vgy': 0, 'vgz': 0, 'templ': 82, 'temph': 84, 'tof': 10, 'h': 0, 'bat': 66, 'baro': 93.68, 'time': 16, 'agx': 32.0, 'agy': -10.0, 'agz': -998.0}
2022-11-20 21:30:44,841 | INFO | PERIODIC STATE VALUES: {'mid': -1, 'x': -100, 'y': -100, 'z': -100, 'mpry': '0,0,0', 'pitch': 1, 'roll': 0, 'yaw': -2, 'vgx': 0, 'vgy': 0, 'vgz': 0, 'templ': 82, 'temph': 84, 'tof': 10, 'h': 0, 'bat': 66, 'baro': 93.69, 'time': 16, 'agx': 32.0, 'agy': -8.0, 'agz': -993.0}
2022-11-20 21:30:45,356 | INFO | PERIODIC STATE VALUES: {'mid': -1, 'x': -100, 'y': -100, 'z': -100, 'mpry': '0,0,0', 'pitch': 1, 'roll': 0, 'yaw': -2, 'vgx': 0, 'vgy': 0, 'vgz': 0, 'templ': 82, 'temph': 84, 'tof': 10, 'h': 0, 'bat': 66, 'baro': 93.67, 'time': 16, 'agx': 30.0, 'agy': -5.0, 'agz': -994.0}
2022-11-20 21:30:45,857 | INFO | PERIODIC STATE VALUES: {'mid': -1, 'x': -100, 'y': -100, 'z': -100, 'mpry': '0,0,0', 'pitch': 1, 'roll': 0, 'yaw': -2, 'vgx': 0, 'vgy': 0, 'vgz': 0, 'templ': 82, 'temph': 84, 'tof': 10, 'h': 0, 'bat': 66, 'baro': 93.7, 'time': 16, 'agx': 34.0, 'agy': -5.0, 'agz': -998.0}
2022-11-20 21:30:46,080 | INFO | Send command: 'takeoff'
2022-11-20 21:30:46,361 | INFO | PERIODIC STATE VALUES: {'mid': -1, 'x': -100, 'y': -100, 'z': -100, 'mpry': '0,0,0', 'pitch': 1, 'roll': 0, 'yaw': -2, 'vgx': 0, 'vgy': 0, 'vgz': 0, 'templ': 82, 'temph': 84, 'tof': 10, 'h': 0, 'bat': 66, 'baro': 93.71, 'time': 16, 'agx': 24.0, 'agy': 0.0, 'agz': -1000.0}
2022-11-20 21:30:46,876 | INFO | PERIODIC STATE VALUES: {'mid': -1, 'x': -100, 'y': -100, 'z': -100, 'mpry': '0,0,0', 'pitch': 0, 'roll': 0, 'yaw': -3, 'vgx': 0, 'vgy': 0, 'vgz': 1, 'templ': 82, 'temph': 84, 'tof': 10, 'h': 10, 'bat': 66, 'baro': 93.71, 'time': 17, 'agx': -24.0, 'agy': -12.0, 'agz': -1150.0}
2022-11-20 21:30:47,378 | INFO | PERIODIC STATE VALUES: {'mid': -1, 'x': -100, 'y': -100, 'z': -100, 'mpry': '0,0,0', 'pitch': 0, 'roll': 0, 'yaw': -4, 'vgx': 0, 'vgy': 0, 'vgz': 8, 'templ': 82, 'temph': 84, 'tof': 31, 'h': 30, 'bat': 66, 'baro': 94.11, 'time': 17, 'agx': 5.0, 'agy': -13.0, 'agz': -964.0}
2022-11-20 21:30:47,894 | INFO | PERIODIC STATE VALUES: {'mid': -1, 'x': -100, 'y': -100, 'z': -100, 'mpry': '0,0,0', 'pitch': 0, 'roll': 1, 'yaw': -4, 'vgx': 0, 'vgy': 0, 'vgz': 4, 'templ': 82, 'temph': 84, 'tof': 61, 'h': 60, 'bat': 66, 'baro': 94.54, 'time': 18, 'agx': 0.0, 'agy': 0.0, 'agz': -888.0}
2022-11-20 21:30:48,398 | INFO | PERIODIC STATE VALUES: {'mid': 2, 'x': -14, 'y': -13, 'z': 48, 'mpry': '1,94,180', 'pitch': 0, 'roll': 1, 'yaw': -4, 'vgx': 0, 'vgy': 0, 'vgz': 1, 'templ': 82, 'temph': 84, 'tof': 69, 'h': 70, 'bat': 66, 'baro': 94.6, 'time': 18, 'agx': 3.0, 'agy': -7.0, 'agz': -973.0}
2022-11-20 21:30:48,900 | INFO | PERIODIC STATE VALUES: {'mid': 2, 'x': -20, 'y': -16, 'z': 66, 'mpry': '2,94,-177', 'pitch': -1, 'roll': 1, 'yaw': -4, 'vgx': 0, 'vgy': 0, 'vgz': 0, 'templ': 82, 'temph': 85, 'tof': 74, 'h': 70, 'bat': 66, 'baro': 94.66, 'time': 19, 'agx': 7.0, 'agy': -8.0, 'agz': -990.0}
2022-11-20 21:30:49,402 | INFO | PERIODIC STATE VALUES: {'mid': 2, 'x': -24, 'y': -18, 'z': 76, 'mpry': '4,94,-178', 'pitch': -1, 'roll': 1, 'yaw': -4, 'vgx': 0, 'vgy': 0, 'vgz': 0, 'templ': 82, 'temph': 85, 'tof': 80, 'h': 80, 'bat': 66, 'baro': 94.69, 'time': 19, 'agx': 0.0, 'agy': -22.0, 'agz': -981.0}
2022-11-20 21:30:49,906 | INFO | PERIODIC STATE VALUES: {'mid': 2, 'x': -23, 'y': -19, 'z': 81, 'mpry': '4,94,-177', 'pitch': -1, 'roll': 1, 'yaw': -4, 'vgx': 0, 'vgy': 0, 'vgz': 0, 'templ': 83, 'temph': 85, 'tof': 83, 'h': 80, 'bat': 66, 'baro': 94.79, 'time': 20, 'agx': 3.0, 'agy': -9.0, 'agz': -969.0}
2022-11-20 21:30:50,411 | INFO | PERIODIC STATE VALUES: {'mid': 2, 'x': -23, 'y': -20, 'z': 83, 'mpry': '4,94,-178', 'pitch': 0, 'roll': 1, 'yaw': -4, 'vgx': 0, 'vgy': 0, 'vgz': 0, 'templ': 83, 'temph': 85, 'tof': 82, 'h': 80, 'bat': 66, 'baro': 94.74, 'time': 20, 'agx': -4.0, 'agy': -17.0, 'agz': -1018.0}
2022-11-20 21:30:50,692 | INFO | Response takeoff: 'ok'
2022-11-20 21:30:50,912 | INFO | PERIODIC STATE VALUES: {'mid': 2, 'x': -25, 'y': -22, 'z': 83, 'mpry': '3,94,-179', 'pitch': 0, 'roll': 1, 'yaw': -4, 'vgx': 0, 'vgy': 0, 'vgz': 0, 'templ': 83, 'temph': 84, 'tof': 82, 'h': 80, 'bat': 66, 'baro': 94.73, 'time': 21, 'agx': -6.0, 'agy': -17.0, 'agz': -1011.0}
2022-11-20 21:30:51,430 | INFO | PERIODIC STATE VALUES: {'mid': 2, 'x': -33, 'y': -39, 'z': 69, 'mpry': '-8,92,173', 'pitch': 0, 'roll': 1, 'yaw': -4, 'vgx': 0, 'vgy': 0, 'vgz': 0, 'templ': 83, 'temph': 84, 'tof': 83, 'h': 80, 'bat': 66, 'baro': 94.76, 'time': 21, 'agx': 1.0, 'agy': -28.0, 'agz': -1015.0}
2022-11-20 21:30:51,931 | INFO | PERIODIC STATE VALUES: {'mid': 2, 'x': -26, 'y': -21, 'z': 84, 'mpry': '3,94,-178', 'pitch': 0, 'roll': 1, 'yaw': -4, 'vgx': 0, 'vgy': 0, 'vgz': 0, 'templ': 82, 'temph': 85, 'tof': 83, 'h': 80, 'bat': 66, 'baro': 94.75, 'time': 22, 'agx': 0.0, 'agy': -13.0, 'agz': -988.0}
2022-11-20 21:30:52,434 | INFO | PERIODIC STATE VALUES: {'mid': 2, 'x': -29, 'y': -18, 'z': 85, 'mpry': '4,94,-178', 'pitch': 0, 'roll': 1, 'yaw': -4, 'vgx': 0, 'vgy': 0, 'vgz': 0, 'templ': 82, 'temph': 85, 'tof': 84, 'h': 80, 'bat': 66, 'baro': 94.76, 'time': 22, 'agx': -4.0, 'agy': -20.0, 'agz': -986.0}
2022-11-20 21:30:52,937 | INFO | PERIODIC STATE VALUES: {'mid': 2, 'x': -27, 'y': -14, 'z': 89, 'mpry': '8,94,-176', 'pitch': 0, 'roll': 2, 'yaw': -4, 'vgx': 0, 'vgy': 0, 'vgz': 0, 'templ': 82, 'temph': 85, 'tof': 85, 'h': 80, 'bat': 66, 'baro': 94.81, 'time': 23, 'agx': 0.0, 'agy': -10.0, 'agz': -1003.0}
2022-11-20 21:30:53,452 | INFO | PERIODIC STATE VALUES: {'mid': 2, 'x': -29, 'y': -16, 'z': 90, 'mpry': '7,94,-176', 'pitch': -1, 'roll': 2, 'yaw': -4, 'vgx': 0, 'vgy': 0, 'vgz': 0, 'templ': 82, 'temph': 85, 'tof': 86, 'h': 80, 'bat': 66, 'baro': 94.74, 'time': 23, 'agx': 2.0, 'agy': -12.0, 'agz': -984.0}
2022-11-20 21:30:53,965 | INFO | PERIODIC STATE VALUES: {'mid': 2, 'x': -29, 'y': -16, 'z': 90, 'mpry': '7,94,-176', 'pitch': -1, 'roll': 2, 'yaw': -4, 'vgx': 0, 'vgy': 0, 'vgz': 0, 'templ': 82, 'temph': 85, 'tof': 85, 'h': 80, 'bat': 66, 'baro': 94.79, 'time': 24, 'agx': -1.0, 'agy': -11.0, 'agz': -994.0}
2022-11-20 21:30:54,480 | INFO | PERIODIC STATE VALUES: {'mid': 2, 'x': -7, 'y': -11, 'z': 100, 'mpry': '10,100,-161', 'pitch': -1, 'roll': 2, 'yaw': -4, 'vgx': 0, 'vgy': 0, 'vgz': 0, 'templ': 82, 'temph': 85, 'tof': 85, 'h': 80, 'bat': 66, 'baro': 94.79, 'time': 24, 'agx': -3.0, 'agy': -30.0, 'agz': -1009.0}
2022-11-20 21:30:54,991 | INFO | PERIODIC STATE VALUES: {'mid': 2, 'x': -7, 'y': -11, 'z': 100, 'mpry': '10,100,-161', 'pitch': 0, 'roll': 2, 'yaw': -4, 'vgx': 0, 'vgy': 0, 'vgz': 0, 'templ': 82, 'temph': 86, 'tof': 86, 'h': 80, 'bat': 66, 'baro': 94.71, 'time': 25, 'agx': 0.0, 'agy': -28.0, 'agz': -1011.0}
2022-11-20 21:30:55,502 | INFO | PERIODIC STATE VALUES: {'mid': 2, 'x': -7, 'y': -11, 'z': 100, 'mpry': '10,100,-161', 'pitch': -1, 'roll': 2, 'yaw': -4, 'vgx': 0, 'vgy': 0, 'vgz': 0, 'templ': 82, 'temph': 86, 'tof': 85, 'h': 80, 'bat': 66, 'baro': 94.7, 'time': 25, 'agx': -4.0, 'agy': -26.0, 'agz': -1008.0}
2022-11-20 21:30:55,699 | INFO | Send command: 'land'
2022-11-20 21:30:56,013 | INFO | PERIODIC STATE VALUES: {'mid': 2, 'x': -7, 'y': -11, 'z': 100, 'mpry': '10,100,-161', 'pitch': -1, 'roll': 2, 'yaw': -4, 'vgx': 0, 'vgy': 0, 'vgz': 0, 'templ': 83, 'temph': 84, 'tof': 84, 'h': 80, 'bat': 66, 'baro': 94.73, 'time': 26, 'agx': 0.0, 'agy': -12.0, 'agz': -981.0}
2022-11-20 21:30:56,515 | INFO | PERIODIC STATE VALUES: {'mid': 2, 'x': -7, 'y': -11, 'z': 100, 'mpry': '10,100,-161', 'pitch': -1, 'roll': 2, 'yaw': -4, 'vgx': 0, 'vgy': 0, 'vgz': -1, 'templ': 83, 'temph': 84, 'tof': 83, 'h': 80, 'bat': 66, 'baro': 94.7, 'time': 26, 'agx': -12.0, 'agy': -8.0, 'agz': -920.0}
2022-11-20 21:30:57,030 | INFO | PERIODIC STATE VALUES: {'mid': 2, 'x': -7, 'y': -11, 'z': 100, 'mpry': '10,100,-161', 'pitch': 0, 'roll': 1, 'yaw': -4, 'vgx': 0, 'vgy': 0, 'vgz': -4, 'templ': 82, 'temph': 84, 'tof': 64, 'h': 60, 'bat': 66, 'baro': 94.56, 'time': 27, 'agx': 2.0, 'agy': -5.0, 'agz': -968.0}
2022-11-20 21:30:57,535 | INFO | PERIODIC STATE VALUES: {'mid': 2, 'x': -7, 'y': -11, 'z': 100, 'mpry': '10,100,-161', 'pitch': 0, 'roll': 2, 'yaw': -4, 'vgx': 0, 'vgy': 0, 'vgz': -4, 'templ': 82, 'temph': 84, 'tof': 41, 'h': 40, 'bat': 66, 'baro': 94.32, 'time': 27, 'agx': -4.0, 'agy': -8.0, 'agz': -993.0}
2022-11-20 21:30:58,037 | INFO | PERIODIC STATE VALUES: {'mid': 2, 'x': -7, 'y': -11, 'z': 100, 'mpry': '10,100,-161', 'pitch': 0, 'roll': 2, 'yaw': -4, 'vgx': 0, 'vgy': 0, 'vgz': -4, 'templ': 82, 'temph': 85, 'tof': 19, 'h': 20, 'bat': 66, 'baro': 93.96, 'time': 28, 'agx': 4.0, 'agy': -31.0, 'agz': -1002.0}
2022-11-20 21:30:58,544 | INFO | PERIODIC STATE VALUES: {'mid': 2, 'x': -7, 'y': -11, 'z': 100, 'mpry': '10,100,-161', 'pitch': 0, 'roll': 1, 'yaw': -4, 'vgx': 0, 'vgy': 0, 'vgz': -2, 'templ': 82, 'temph': 85, 'tof': 10, 'h': 0, 'bat': 66, 'baro': 89.84, 'time': 28, 'agx': 1.0, 'agy': -24.0, 'agz': -1097.0}
2022-11-20 21:30:59,048 | INFO | PERIODIC STATE VALUES: {'mid': 2, 'x': -7, 'y': -11, 'z': 100, 'mpry': '10,100,-161', 'pitch': 0, 'roll': 1, 'yaw': -2, 'vgx': -3, 'vgy': -2, 'vgz': 0, 'templ': 82, 'temph': 84, 'tof': 10, 'h': 0, 'bat': 66, 'baro': 91.78, 'time': 29, 'agx': -17.0, 'agy': 54.0, 'agz': -1011.0}
2022-11-20 21:30:59,564 | INFO | PERIODIC STATE VALUES: {'mid': -1, 'x': -100, 'y': -100, 'z': -100, 'mpry': '0,0,0', 'pitch': 0, 'roll': 1, 'yaw': -2, 'vgx': -3, 'vgy': -3, 'vgz': 0, 'templ': 82, 'temph': 84, 'tof': 10, 'h': 0, 'bat': 66, 'baro': 92.6, 'time': 29, 'agx': -5.0, 'agy': 4.0, 'agz': -999.0}
2022-11-20 21:30:59,771 | INFO | Response land: 'ok'
2022-11-20 21:30:59,772 | INFO | Send command: 'motoron'
2022-11-20 21:30:59,879 | INFO | Response motoron: 'ok'
2022-11-20 21:31:00,069 | INFO | PERIODIC STATE VALUES: {'mid': -1, 'x': -100, 'y': -100, 'z': -100, 'mpry': '0,0,0', 'pitch': -1, 'roll': 2, 'yaw': -2, 'vgx': -5, 'vgy': -4, 'vgz': 1, 'templ': 82, 'temph': 85, 'tof': 10, 'h': 0, 'bat': 66, 'baro': 93.53, 'time': 30, 'agx': 0.0, 'agy': -10.0, 'agz': -1003.0}
2022-11-20 21:31:00,571 | INFO | PERIODIC STATE VALUES: {'mid': -1, 'x': -100, 'y': -100, 'z': -100, 'mpry': '0,0,0', 'pitch': -1, 'roll': 1, 'yaw': -2, 'vgx': 0, 'vgy': 0, 'vgz': 4, 'templ': 82, 'temph': 85, 'tof': 10, 'h': 0, 'bat': 66, 'baro': 93.67, 'time': 30, 'agx': -3.0, 'agy': -9.0, 'agz': -1016.0}
2022-11-20 21:31:01,085 | INFO | PERIODIC STATE VALUES: {'mid': -1, 'x': -100, 'y': -100, 'z': -100, 'mpry': '0,0,0', 'pitch': 0, 'roll': 1, 'yaw': -2, 'vgx': 0, 'vgy': 0, 'vgz': 0, 'templ': 82, 'temph': 84, 'tof': 10, 'h': 0, 'bat': 66, 'baro': 93.72, 'time': 30, 'agx': 4.0, 'agy': -19.0, 'agz': -1003.0}
2022-11-20 21:31:01,601 | INFO | PERIODIC STATE VALUES: {'mid': -1, 'x': -100, 'y': -100, 'z': -100, 'mpry': '0,0,0', 'pitch': 0, 'roll': 1, 'yaw': -2, 'vgx': 0, 'vgy': 0, 'vgz': 0, 'templ': 82, 'temph': 84, 'tof': 10, 'h': 0, 'bat': 66, 'baro': 93.74, 'time': 30, 'agx': 8.0, 'agy': -21.0, 'agz': -1002.0}
2022-11-20 21:31:02,104 | INFO | PERIODIC STATE VALUES: {'mid': -1, 'x': -100, 'y': -100, 'z': -100, 'mpry': '0,0,0', 'pitch': 0, 'roll': 1, 'yaw': -2, 'vgx': 0, 'vgy': 0, 'vgz': 0, 'templ': 82, 'temph': 84, 'tof': 10, 'h': 0, 'bat': 66, 'baro': 93.72, 'time': 30, 'agx': -2.0, 'agy': -12.0, 'agz': -1009.0}
2022-11-20 21:31:02,621 | INFO | PERIODIC STATE VALUES: {'mid': -1, 'x': -100, 'y': -100, 'z': -100, 'mpry': '0,0,0', 'pitch': 0, 'roll': 1, 'yaw': -2, 'vgx': 0, 'vgy': 0, 'vgz': 0, 'templ': 82, 'temph': 84, 'tof': 10, 'h': 0, 'bat': 66, 'baro': 93.67, 'time': 30, 'agx': 3.0, 'agy': -16.0, 'agz': -1000.0}
2022-11-20 21:31:03,136 | INFO | PERIODIC STATE VALUES: {'mid': -1, 'x': -100, 'y': -100, 'z': -100, 'mpry': '0,0,0', 'pitch': 0, 'roll': 1, 'yaw': -2, 'vgx': 0, 'vgy': 0, 'vgz': 0, 'templ': 83, 'temph': 84, 'tof': 10, 'h': 0, 'bat': 66, 'baro': 93.69, 'time': 30, 'agx': 2.0, 'agy': -17.0, 'agz': -1007.0}
2022-11-20 21:31:03,649 | INFO | PERIODIC STATE VALUES: {'mid': -1, 'x': -100, 'y': -100, 'z': -100, 'mpry': '0,0,0', 'pitch': 0, 'roll': 1, 'yaw': -2, 'vgx': 0, 'vgy': 0, 'vgz': 0, 'templ': 83, 'temph': 84, 'tof': 10, 'h': 0, 'bat': 66, 'baro': 93.67, 'time': 30, 'agx': -1.0, 'agy': -13.0, 'agz': -1010.0}
2022-11-20 21:31:04,164 | INFO | PERIODIC STATE VALUES: {'mid': -1, 'x': -100, 'y': -100, 'z': -100, 'mpry': '0,0,0', 'pitch': 0, 'roll': 1, 'yaw': -2, 'vgx': 0, 'vgy': 0, 'vgz': 0, 'templ': 82, 'temph': 84, 'tof': 10, 'h': 0, 'bat': 66, 'baro': 93.63, 'time': 30, 'agx': 4.0, 'agy': -19.0, 'agz': -996.0}
2022-11-20 21:31:04,676 | INFO | PERIODIC STATE VALUES: {'mid': -1, 'x': -100, 'y': -100, 'z': -100, 'mpry': '0,0,0', 'pitch': 0, 'roll': 1, 'yaw': -2, 'vgx': 0, 'vgy': 0, 'vgz': 0, 'templ': 82, 'temph': 84, 'tof': 10, 'h': 0, 'bat': 66, 'baro': 93.66, 'time': 30, 'agx': 8.0, 'agy': -24.0, 'agz': -999.0}
2022-11-20 21:31:04,897 | INFO | Send command: 'motoroff'
2022-11-20 21:31:05,003 | INFO | Response motoroff: 'ok'
2022-11-20 21:31:05,003 | INFO | Send command: 'streamoff'
2022-11-20 21:31:05,113 | INFO | Response streamoff: 'ok'
2022-11-20 21:31:05,113 | INFO | EXECUTION TIME: --- 25.088415145874023 seconds ---
