2022-11-22 00:05:30,395 | INFO | Tello instance was initialized. Host: '192.168.10.1'. Port: '8889'.
2022-11-22 00:05:30,396 | INFO | Trying to connect to the drone now!
2022-11-22 00:05:30,410 | INFO | Send command: 'command'
2022-11-22 00:05:30,520 | INFO | Response command: 'ok'
2022-11-22 00:05:30,521 | INFO | Connected to the drone successfully.
2022-11-22 00:05:30,536 | INFO | Send command: 'mon'
2022-11-22 00:05:30,536 | INFO | Send command: 'streamon'
2022-11-22 00:05:30,646 | INFO | Response streamon: 'ok'
2022-11-22 00:05:30,646 | INFO | Response mon: 'ok'
2022-11-22 00:05:30,662 | INFO | Send command: 'downvision 1'
2022-11-22 00:05:30,662 | INFO | Send command: 'mdirection 0'
2022-11-22 00:05:30,771 | INFO | Response mdirection 0: 'ok'
2022-11-22 00:05:30,772 | INFO | Response downvision 1: 'ok'
2022-11-22 00:05:30,787 | INFO | Send command: 'setfps high'
2022-11-22 00:05:30,788 | INFO | Send command: 'motoron'
2022-11-22 00:05:30,897 | INFO | Response motoron: 'ok'
2022-11-22 00:05:30,898 | INFO | Response setfps high: 'ok'
2022-11-22 00:05:30,898 | INFO | data goes here
2022-11-22 00:05:30,913 | INFO | Send command: 'attitude?'
2022-11-22 00:05:31,023 | INFO | Response attitude?: 'pitch:0;roll:0;yaw:-59;'
2022-11-22 00:05:31,024 | INFO | PERIODIC STATE VALUES: {'mid': -1, 'x': -100, 'y': -100, 'z': -100, 'mpry': '0,0,0', 'pitch': 0, 'roll': 0, 'yaw': -59, 'vgx': 0, 'vgy': 0, 'vgz': 0, 'templ': 76, 'temph': 79, 'tof': 10, 'h': 0, 'bat': 100, 'baro': 112.86, 'time': 16, 'agx': 4.0, 'agy': -9.0, 'agz': -999.0}
2022-11-22 00:05:31,025 | INFO | ATTITUDE: {'pitch': 0, 'roll': 0, 'yaw': -59}
2022-11-22 00:05:31,039 | INFO | Send command: 'baro?'
2022-11-22 00:05:31,150 | INFO | Response baro?: '112.829155'
2022-11-22 00:05:31,150 | INFO | BAROMETER: 11282.9155
2022-11-22 00:05:31,150 | INFO | Send command: 'battery?'
2022-11-22 00:05:31,259 | INFO | Response battery?: '100'
2022-11-22 00:05:31,259 | INFO | BATTERY: 100
2022-11-22 00:05:31,259 | INFO | Send command: 'tof?'
2022-11-22 00:05:31,370 | INFO | Response tof?: '100mm'
2022-11-22 00:05:31,371 | INFO | TOF_DISTANCE: 10.0 
2022-11-22 00:05:31,386 | INFO | Send command: 'wifi?'
2022-11-22 00:05:31,498 | INFO | Response wifi?: '90'
2022-11-22 00:05:31,499 | INFO | WIFI_SIGNAL_NOISE RATIO: 90
2022-11-22 00:05:31,514 | INFO | Send command: 'sdk?'
2022-11-22 00:05:31,529 | INFO | PERIODIC STATE VALUES: {'mid': -1, 'x': -100, 'y': -100, 'z': -100, 'mpry': '0,0,0', 'pitch': 0, 'roll': 0, 'yaw': -59, 'vgx': 0, 'vgy': 0, 'vgz': 0, 'templ': 76, 'temph': 79, 'tof': 10, 'h': 0, 'bat': 100, 'baro': 112.72, 'time': 16, 'agx': 5.0, 'agy': -18.0, 'agz': -1002.0}
2022-11-22 00:05:31,621 | INFO | Response sdk?: '30'
2022-11-22 00:05:31,621 | INFO | SDK VERSION: 30
2022-11-22 00:05:31,637 | INFO | Send command: 'sn?'
2022-11-22 00:05:31,749 | INFO | Response sn?: '0TQZK7JCNT2468'
2022-11-22 00:05:31,749 | INFO | SERIAL NUMBER: 0TQZK7JCNT2468
2022-11-22 00:05:32,033 | INFO | PERIODIC STATE VALUES: {'mid': -1, 'x': -100, 'y': -100, 'z': -100, 'mpry': '0,0,0', 'pitch': 0, 'roll': 0, 'yaw': -59, 'vgx': 0, 'vgy': 0, 'vgz': 0, 'templ': 75, 'temph': 79, 'tof': 10, 'h': 0, 'bat': 100, 'baro': 112.69, 'time': 16, 'agx': -6.0, 'agy': -29.0, 'agz': -1000.0}
2022-11-22 00:05:32,550 | INFO | PERIODIC STATE VALUES: {'mid': -1, 'x': -100, 'y': -100, 'z': -100, 'mpry': '0,0,0', 'pitch': 0, 'roll': 1, 'yaw': -49, 'vgx': -3, 'vgy': -2, 'vgz': 0, 'templ': 75, 'temph': 79, 'tof': 10, 'h': 0, 'bat': 100, 'baro': 112.81, 'time': 16, 'agx': 21.0, 'agy': 37.0, 'agz': -905.0}
2022-11-22 00:05:33,052 | INFO | PERIODIC STATE VALUES: {'mid': -1, 'x': -100, 'y': -100, 'z': -100, 'mpry': '0,0,0', 'pitch': 0, 'roll': 0, 'yaw': -33, 'vgx': -6, 'vgy': 0, 'vgz': 0, 'templ': 76, 'temph': 79, 'tof': 10, 'h': 0, 'bat': 100, 'baro': 112.77, 'time': 16, 'agx': 0.0, 'agy': -41.0, 'agz': -998.0}
2022-11-22 00:05:33,568 | INFO | PERIODIC STATE VALUES: {'mid': -1, 'x': -100, 'y': -100, 'z': -100, 'mpry': '0,0,0', 'pitch': 0, 'roll': 1, 'yaw': -27, 'vgx': -2, 'vgy': 0, 'vgz': 0, 'templ': 76, 'temph': 79, 'tof': 10, 'h': 0, 'bat': 100, 'baro': 112.84, 'time': 16, 'agx': -106.0, 'agy': -82.0, 'agz': -1021.0}
2022-11-22 00:05:34,075 | INFO | PERIODIC STATE VALUES: {'mid': -1, 'x': -100, 'y': -100, 'z': -100, 'mpry': '0,0,0', 'pitch': 0, 'roll': 0, 'yaw': -26, 'vgx': 1, 'vgy': 0, 'vgz': 0, 'templ': 76, 'temph': 78, 'tof': 10, 'h': 0, 'bat': 100, 'baro': 112.81, 'time': 16, 'agx': 24.0, 'agy': -36.0, 'agz': -1001.0}
2022-11-22 00:05:34,579 | INFO | PERIODIC STATE VALUES: {'mid': -1, 'x': -100, 'y': -100, 'z': -100, 'mpry': '0,0,0', 'pitch': 0, 'roll': 0, 'yaw': -26, 'vgx': 0, 'vgy': 0, 'vgz': 0, 'templ': 76, 'temph': 78, 'tof': 10, 'h': 0, 'bat': 100, 'baro': 112.74, 'time': 16, 'agx': -8.0, 'agy': -20.0, 'agz': -1001.0}
2022-11-22 00:05:35,084 | INFO | PERIODIC STATE VALUES: {'mid': -1, 'x': -100, 'y': -100, 'z': -100, 'mpry': '0,0,0', 'pitch': 0, 'roll': 0, 'yaw': -26, 'vgx': 0, 'vgy': 0, 'vgz': 0, 'templ': 76, 'temph': 78, 'tof': 10, 'h': 0, 'bat': 100, 'baro': 112.72, 'time': 16, 'agx': 12.0, 'agy': -7.0, 'agz': -998.0}
2022-11-22 00:05:35,600 | INFO | PERIODIC STATE VALUES: {'mid': -1, 'x': -100, 'y': -100, 'z': -100, 'mpry': '0,0,0', 'pitch': 0, 'roll': 0, 'yaw': -26, 'vgx': 0, 'vgy': 0, 'vgz': 0, 'templ': 76, 'temph': 78, 'tof': 10, 'h': 0, 'bat': 100, 'baro': 112.74, 'time': 16, 'agx': -1.0, 'agy': -13.0, 'agz': -1003.0}
2022-11-22 00:05:36,102 | INFO | PERIODIC STATE VALUES: {'mid': -1, 'x': -100, 'y': -100, 'z': -100, 'mpry': '0,0,0', 'pitch': 0, 'roll': 0, 'yaw': -26, 'vgx': 0, 'vgy': 0, 'vgz': 0, 'templ': 75, 'temph': 78, 'tof': 10, 'h': 0, 'bat': 100, 'baro': 112.89, 'time': 16, 'agx': -2.0, 'agy': -22.0, 'agz': -1004.0}
2022-11-22 00:05:36,609 | INFO | PERIODIC STATE VALUES: {'mid': -1, 'x': -100, 'y': -100, 'z': -100, 'mpry': '0,0,0', 'pitch': 0, 'roll': 0, 'yaw': -26, 'vgx': 0, 'vgy': 0, 'vgz': 0, 'templ': 75, 'temph': 78, 'tof': 10, 'h': 0, 'bat': 100, 'baro': 112.91, 'time': 16, 'agx': -11.0, 'agy': -22.0, 'agz': -1006.0}
2022-11-22 00:05:36,750 | INFO | Send command: 'takeoff'
2022-11-22 00:05:37,110 | INFO | PERIODIC STATE VALUES: {'mid': -1, 'x': -100, 'y': -100, 'z': -100, 'mpry': '0,0,0', 'pitch': 0, 'roll': 0, 'yaw': -26, 'vgx': 0, 'vgy': 0, 'vgz': 0, 'templ': 76, 'temph': 79, 'tof': 10, 'h': 0, 'bat': 100, 'baro': 110.86, 'time': 16, 'agx': -1.0, 'agy': -4.0, 'agz': -1003.0}
2022-11-22 00:05:37,612 | INFO | PERIODIC STATE VALUES: {'mid': -1, 'x': -100, 'y': -100, 'z': -100, 'mpry': '0,0,0', 'pitch': 0, 'roll': 0, 'yaw': -26, 'vgx': 0, 'vgy': 0, 'vgz': 4, 'templ': 76, 'temph': 79, 'tof': 10, 'h': 0, 'bat': 100, 'baro': 111.46, 'time': 17, 'agx': -5.0, 'agy': -18.0, 'agz': -1338.0}
2022-11-22 00:05:38,126 | INFO | PERIODIC STATE VALUES: {'mid': -1, 'x': -100, 'y': -100, 'z': -100, 'mpry': '0,0,0', 'pitch': 0, 'roll': 0, 'yaw': -26, 'vgx': 0, 'vgy': 0, 'vgz': 5, 'templ': 76, 'temph': 78, 'tof': 51, 'h': 30, 'bat': 100, 'baro': 113.46, 'time': 17, 'agx': 13.0, 'agy': -23.0, 'agz': -903.0}
2022-11-22 00:05:38,641 | INFO | PERIODIC STATE VALUES: {'mid': -1, 'x': -100, 'y': -100, 'z': -100, 'mpry': '0,0,0', 'pitch': 0, 'roll': 0, 'yaw': -26, 'vgx': 0, 'vgy': 0, 'vgz': 1, 'templ': 76, 'temph': 78, 'tof': 74, 'h': 50, 'bat': 100, 'baro': 113.71, 'time': 18, 'agx': -20.0, 'agy': 5.0, 'agz': -964.0}
2022-11-22 00:05:39,145 | INFO | PERIODIC STATE VALUES: {'mid': -1, 'x': -100, 'y': -100, 'z': -100, 'mpry': '0,0,0', 'pitch': 0, 'roll': 0, 'yaw': -26, 'vgx': 0, 'vgy': 0, 'vgz': 0, 'templ': 76, 'temph': 79, 'tof': 89, 'h': 60, 'bat': 100, 'baro': 113.81, 'time': 18, 'agx': 2.0, 'agy': -28.0, 'agz': -994.0}
2022-11-22 00:05:39,661 | INFO | PERIODIC STATE VALUES: {'mid': -1, 'x': -100, 'y': -100, 'z': -100, 'mpry': '0,0,0', 'pitch': 0, 'roll': 0, 'yaw': -26, 'vgx': 0, 'vgy': 0, 'vgz': 0, 'templ': 76, 'temph': 79, 'tof': 112, 'h': 70, 'bat': 100, 'baro': 113.88, 'time': 19, 'agx': -11.0, 'agy': 1.0, 'agz': -948.0}
2022-11-22 00:05:40,167 | INFO | PERIODIC STATE VALUES: {'mid': -1, 'x': -100, 'y': -100, 'z': -100, 'mpry': '0,0,0', 'pitch': 0, 'roll': 1, 'yaw': -26, 'vgx': 0, 'vgy': 0, 'vgz': -2, 'templ': 76, 'temph': 78, 'tof': 122, 'h': 60, 'bat': 100, 'baro': 113.7, 'time': 19, 'agx': 23.0, 'agy': -38.0, 'agz': -933.0}
2022-11-22 00:05:40,669 | INFO | PERIODIC STATE VALUES: {'mid': -1, 'x': -100, 'y': -100, 'z': -100, 'mpry': '0,0,0', 'pitch': 0, 'roll': 0, 'yaw': -26, 'vgx': 0, 'vgy': 0, 'vgz': -3, 'templ': 76, 'temph': 78, 'tof': 104, 'h': 40, 'bat': 100, 'baro': 113.54, 'time': 20, 'agx': -1.0, 'agy': -10.0, 'agz': -998.0}
2022-11-22 00:05:41,186 | INFO | PERIODIC STATE VALUES: {'mid': -1, 'x': -100, 'y': -100, 'z': -100, 'mpry': '0,0,0', 'pitch': 0, 'roll': 0, 'yaw': -26, 'vgx': 0, 'vgy': 0, 'vgz': -2, 'templ': 76, 'temph': 79, 'tof': 85, 'h': 30, 'bat': 100, 'baro': 113.34, 'time': 20, 'agx': -6.0, 'agy': -1.0, 'agz': -1012.0}
2022-11-22 00:05:41,687 | INFO | PERIODIC STATE VALUES: {'mid': -1, 'x': -100, 'y': -100, 'z': -100, 'mpry': '0,0,0', 'pitch': 0, 'roll': 0, 'yaw': -26, 'vgx': 0, 'vgy': 0, 'vgz': -1, 'templ': 76, 'temph': 79, 'tof': 75, 'h': 20, 'bat': 100, 'baro': 113.43, 'time': 21, 'agx': 6.0, 'agy': -22.0, 'agz': -1014.0}
2022-11-22 00:05:42,202 | INFO | PERIODIC STATE VALUES: {'mid': -1, 'x': -100, 'y': -100, 'z': -100, 'mpry': '0,0,0', 'pitch': 0, 'roll': 0, 'yaw': -26, 'vgx': 0, 'vgy': 0, 'vgz': 0, 'templ': 76, 'temph': 80, 'tof': 70, 'h': 20, 'bat': 100, 'baro': 113.34, 'time': 21, 'agx': -9.0, 'agy': -8.0, 'agz': -1019.0}
2022-11-22 00:05:42,719 | INFO | PERIODIC STATE VALUES: {'mid': -1, 'x': -100, 'y': -100, 'z': -100, 'mpry': '0,0,0', 'pitch': 0, 'roll': 0, 'yaw': -26, 'vgx': 0, 'vgy': 0, 'vgz': 0, 'templ': 76, 'temph': 80, 'tof': 71, 'h': 20, 'bat': 100, 'baro': 113.32, 'time': 22, 'agx': -9.0, 'agy': 2.0, 'agz': -1007.0}
2022-11-22 00:05:43,232 | INFO | PERIODIC STATE VALUES: {'mid': -1, 'x': -100, 'y': -100, 'z': -100, 'mpry': '0,0,0', 'pitch': 0, 'roll': 0, 'yaw': -26, 'vgx': 0, 'vgy': 0, 'vgz': 0, 'templ': 76, 'temph': 79, 'tof': 73, 'h': 20, 'bat': 100, 'baro': 113.4, 'time': 22, 'agx': -17.0, 'agy': 4.0, 'agz': -990.0}
2022-11-22 00:05:43,735 | INFO | PERIODIC STATE VALUES: {'mid': -1, 'x': -100, 'y': -100, 'z': -100, 'mpry': '0,0,0', 'pitch': 0, 'roll': 0, 'yaw': -26, 'vgx': 0, 'vgy': 0, 'vgz': 0, 'templ': 76, 'temph': 79, 'tof': 75, 'h': 20, 'bat': 100, 'baro': 113.4, 'time': 23, 'agx': -13.0, 'agy': -1.0, 'agz': -984.0}
2022-11-22 00:05:44,249 | INFO | PERIODIC STATE VALUES: {'mid': -1, 'x': -100, 'y': -100, 'z': -100, 'mpry': '0,0,0', 'pitch': 0, 'roll': 0, 'yaw': -26, 'vgx': 0, 'vgy': 0, 'vgz': 0, 'templ': 76, 'temph': 79, 'tof': 80, 'h': 20, 'bat': 100, 'baro': 113.36, 'time': 23, 'agx': 6.0, 'agy': 5.0, 'agz': -982.0}
2022-11-22 00:05:44,750 | INFO | PERIODIC STATE VALUES: {'mid': -1, 'x': -100, 'y': -100, 'z': -100, 'mpry': '0,0,0', 'pitch': 0, 'roll': 0, 'yaw': -26, 'vgx': 0, 'vgy': 0, 'vgz': 0, 'templ': 76, 'temph': 79, 'tof': 83, 'h': 30, 'bat': 100, 'baro': 113.41, 'time': 24, 'agx': 10.0, 'agy': -22.0, 'agz': -1006.0}
2022-11-22 00:05:45,254 | INFO | PERIODIC STATE VALUES: {'mid': -1, 'x': -100, 'y': -100, 'z': -100, 'mpry': '0,0,0', 'pitch': 0, 'roll': 0, 'yaw': -26, 'vgx': 0, 'vgy': 0, 'vgz': 0, 'templ': 76, 'temph': 79, 'tof': 84, 'h': 30, 'bat': 100, 'baro': 113.51, 'time': 24, 'agx': 1.0, 'agy': 0.0, 'agz': -995.0}
2022-11-22 00:05:45,412 | INFO | Response takeoff: 'ok'
2022-11-22 00:05:45,427 | INFO | Send command: 'up 0'
2022-11-22 00:05:45,537 | INFO | Response up 0: 'out of range'
2022-11-22 00:05:45,537 | INFO | Send command: 'up 0'
2022-11-22 00:05:45,649 | INFO | Response up 0: 'out of range'
2022-11-22 00:05:45,665 | INFO | Send command: 'up 0'
2022-11-22 00:05:45,759 | INFO | PERIODIC STATE VALUES: {'mid': -1, 'x': -100, 'y': -100, 'z': -100, 'mpry': '0,0,0', 'pitch': 0, 'roll': 0, 'yaw': -26, 'vgx': 0, 'vgy': 0, 'vgz': 0, 'templ': 76, 'temph': 79, 'tof': 85, 'h': 30, 'bat': 100, 'baro': 113.42, 'time': 25, 'agx': 9.0, 'agy': -25.0, 'agz': -996.0}
2022-11-22 00:05:45,775 | INFO | Response up 0: 'out of range'
