2022-11-22 00:04:34,197 | INFO | Tello instance was initialized. Host: '192.168.10.1'. Port: '8889'.
2022-11-22 00:04:34,197 | INFO | Trying to connect to the drone now!
2022-11-22 00:04:34,213 | INFO | Send command: 'command'
2022-11-22 00:04:34,322 | INFO | Response command: 'ok'
2022-11-22 00:04:34,387 | INFO | Connected to the drone successfully.
2022-11-22 00:04:34,466 | INFO | Send command: 'mon'
2022-11-22 00:04:34,466 | INFO | Send command: 'streamon'
2022-11-22 00:04:34,575 | INFO | Response streamon: 'ok'
2022-11-22 00:04:34,576 | INFO | Response mon: 'ok'
2022-11-22 00:04:34,590 | INFO | Send command: 'downvision 1'
2022-11-22 00:04:34,591 | INFO | Send command: 'mdirection 0'
2022-11-22 00:04:34,717 | INFO | Response mdirection 0: 'ok'
2022-11-22 00:04:34,717 | INFO | Response downvision 1: 'ok'
2022-11-22 00:04:34,734 | INFO | Send command: 'setfps high'
2022-11-22 00:04:34,734 | INFO | Send command: 'motoron'
2022-11-22 00:04:34,843 | INFO | Response setfps high: 'ok'
2022-11-22 00:04:34,844 | INFO | Response motoron: 'ok'
2022-11-22 00:04:34,845 | INFO | data goes here
2022-11-22 00:04:34,859 | INFO | Send command: 'attitude?'
2022-11-22 00:04:34,890 | INFO | PERIODIC STATE VALUES: {'mid': -1, 'x': -100, 'y': -100, 'z': -100, 'mpry': '0,0,0', 'pitch': 0, 'roll': 0, 'yaw': -66, 'vgx': 0, 'vgy': 0, 'vgz': 0, 'templ': 64, 'temph': 67, 'tof': 10, 'h': 0, 'bat': 100, 'baro': 112.53, 'time': 0, 'agx': -21.0, 'agy': -7.0, 'agz': -996.0}
2022-11-22 00:04:34,969 | INFO | Response attitude?: 'pitch:0;roll:0;yaw:-66;'
2022-11-22 00:04:34,970 | INFO | ATTITUDE: {'pitch': 0, 'roll': 0, 'yaw': -66}
2022-11-22 00:04:34,985 | INFO | Send command: 'baro?'
2022-11-22 00:04:35,098 | INFO | Response baro?: '112.589249'
2022-11-22 00:04:35,099 | INFO | BAROMETER: 11258.9249
2022-11-22 00:04:35,114 | INFO | Send command: 'battery?'
2022-11-22 00:04:35,226 | INFO | Response battery?: '100'
2022-11-22 00:04:35,227 | INFO | BATTERY: 100
2022-11-22 00:04:35,242 | INFO | Send command: 'tof?'
2022-11-22 00:04:35,352 | INFO | Response tof?: '100mm'
2022-11-22 00:04:35,352 | INFO | TOF_DISTANCE: 10.0 
2022-11-22 00:04:35,367 | INFO | Send command: 'wifi?'
2022-11-22 00:04:35,400 | INFO | PERIODIC STATE VALUES: {'mid': -1, 'x': -100, 'y': -100, 'z': -100, 'mpry': '0,0,0', 'pitch': 0, 'roll': 0, 'yaw': -66, 'vgx': 0, 'vgy': 0, 'vgz': 0, 'templ': 64, 'temph': 67, 'tof': 10, 'h': 0, 'bat': 100, 'baro': 112.42, 'time': 0, 'agx': -11.0, 'agy': -11.0, 'agz': -991.0}
2022-11-22 00:04:35,477 | INFO | Response wifi?: '90'
2022-11-22 00:04:35,478 | INFO | WIFI_SIGNAL_NOISE RATIO: 90
2022-11-22 00:04:35,493 | INFO | Send command: 'sdk?'
2022-11-22 00:04:35,602 | INFO | Response sdk?: '30'
2022-11-22 00:04:35,603 | INFO | SDK VERSION: 30
2022-11-22 00:04:35,618 | INFO | Send command: 'sn?'
2022-11-22 00:04:35,729 | INFO | Response sn?: '0TQZK7JCNT2468'
2022-11-22 00:04:35,729 | INFO | SERIAL NUMBER: 0TQZK7JCNT2468
2022-11-22 00:04:35,916 | INFO | PERIODIC STATE VALUES: {'mid': -1, 'x': -100, 'y': -100, 'z': -100, 'mpry': '0,0,0', 'pitch': 0, 'roll': 0, 'yaw': -66, 'vgx': 0, 'vgy': 0, 'vgz': 0, 'templ': 65, 'temph': 68, 'tof': 10, 'h': 0, 'bat': 100, 'baro': 112.46, 'time': 0, 'agx': -14.0, 'agy': -11.0, 'agz': -986.0}
2022-11-22 00:04:36,419 | INFO | PERIODIC STATE VALUES: {'mid': -1, 'x': -100, 'y': -100, 'z': -100, 'mpry': '0,0,0', 'pitch': 0, 'roll': 0, 'yaw': -66, 'vgx': 0, 'vgy': 0, 'vgz': 0, 'templ': 65, 'temph': 68, 'tof': 10, 'h': 0, 'bat': 100, 'baro': 112.54, 'time': 0, 'agx': -9.0, 'agy': -6.0, 'agz': -988.0}
2022-11-22 00:04:36,921 | INFO | PERIODIC STATE VALUES: {'mid': -1, 'x': -100, 'y': -100, 'z': -100, 'mpry': '0,0,0', 'pitch': 0, 'roll': 0, 'yaw': -66, 'vgx': 0, 'vgy': 0, 'vgz': 0, 'templ': 66, 'temph': 69, 'tof': 10, 'h': 0, 'bat': 100, 'baro': 112.6, 'time': 0, 'agx': -6.0, 'agy': -6.0, 'agz': -984.0}
2022-11-22 00:04:37,437 | INFO | PERIODIC STATE VALUES: {'mid': -1, 'x': -100, 'y': -100, 'z': -100, 'mpry': '0,0,0', 'pitch': 0, 'roll': 0, 'yaw': -66, 'vgx': 0, 'vgy': 0, 'vgz': 0, 'templ': 66, 'temph': 69, 'tof': 10, 'h': 0, 'bat': 100, 'baro': 112.63, 'time': 0, 'agx': -13.0, 'agy': -9.0, 'agz': -996.0}
2022-11-22 00:04:37,940 | INFO | PERIODIC STATE VALUES: {'mid': -1, 'x': -100, 'y': -100, 'z': -100, 'mpry': '0,0,0', 'pitch': 0, 'roll': 0, 'yaw': -66, 'vgx': 0, 'vgy': 0, 'vgz': 0, 'templ': 67, 'temph': 70, 'tof': 10, 'h': 0, 'bat': 100, 'baro': 112.62, 'time': 0, 'agx': -11.0, 'agy': -4.0, 'agz': -991.0}
2022-11-22 00:04:38,442 | INFO | PERIODIC STATE VALUES: {'mid': -1, 'x': -100, 'y': -100, 'z': -100, 'mpry': '0,0,0', 'pitch': 0, 'roll': 0, 'yaw': -66, 'vgx': 0, 'vgy': 0, 'vgz': 0, 'templ': 66, 'temph': 70, 'tof': 10, 'h': 0, 'bat': 100, 'baro': 112.62, 'time': 0, 'agx': -8.0, 'agy': -5.0, 'agz': -995.0}
2022-11-22 00:04:38,948 | INFO | PERIODIC STATE VALUES: {'mid': -1, 'x': -100, 'y': -100, 'z': -100, 'mpry': '0,0,0', 'pitch': 0, 'roll': 0, 'yaw': -66, 'vgx': 0, 'vgy': 0, 'vgz': 0, 'templ': 66, 'temph': 70, 'tof': 10, 'h': 0, 'bat': 100, 'baro': 112.67, 'time': 0, 'agx': -10.0, 'agy': -8.0, 'agz': -1003.0}
2022-11-22 00:04:39,449 | INFO | PERIODIC STATE VALUES: {'mid': -1, 'x': -100, 'y': -100, 'z': -100, 'mpry': '0,0,0', 'pitch': 0, 'roll': 0, 'yaw': -66, 'vgx': 0, 'vgy': 0, 'vgz': 0, 'templ': 66, 'temph': 70, 'tof': 10, 'h': 0, 'bat': 100, 'baro': 112.7, 'time': 0, 'agx': -6.0, 'agy': -5.0, 'agz': -1009.0}
2022-11-22 00:04:39,951 | INFO | PERIODIC STATE VALUES: {'mid': -1, 'x': -100, 'y': -100, 'z': -100, 'mpry': '0,0,0', 'pitch': 0, 'roll': 0, 'yaw': -66, 'vgx': 0, 'vgy': 0, 'vgz': 0, 'templ': 67, 'temph': 70, 'tof': 10, 'h': 0, 'bat': 100, 'baro': 112.68, 'time': 0, 'agx': 5.0, 'agy': 6.0, 'agz': -1005.0}
2022-11-22 00:04:40,457 | INFO | PERIODIC STATE VALUES: {'mid': -1, 'x': -100, 'y': -100, 'z': -100, 'mpry': '0,0,0', 'pitch': 0, 'roll': 0, 'yaw': -65, 'vgx': 0, 'vgy': 0, 'vgz': 0, 'templ': 68, 'temph': 71, 'tof': 10, 'h': 0, 'bat': 100, 'baro': 112.69, 'time': 0, 'agx': -10.0, 'agy': -6.0, 'agz': -987.0}
2022-11-22 00:04:40,738 | INFO | Send command: 'takeoff'
2022-11-22 00:04:40,971 | INFO | PERIODIC STATE VALUES: {'mid': -1, 'x': -100, 'y': -100, 'z': -100, 'mpry': '0,0,0', 'pitch': 0, 'roll': 0, 'yaw': -65, 'vgx': 0, 'vgy': 0, 'vgz': 0, 'templ': 68, 'temph': 71, 'tof': 10, 'h': 0, 'bat': 100, 'baro': 111.93, 'time': 0, 'agx': -10.0, 'agy': -7.0, 'agz': -1006.0}
2022-11-22 00:04:41,476 | INFO | PERIODIC STATE VALUES: {'mid': -1, 'x': -100, 'y': -100, 'z': -100, 'mpry': '0,0,0', 'pitch': -1, 'roll': 0, 'yaw': -66, 'vgx': 0, 'vgy': 0, 'vgz': 1, 'templ': 68, 'temph': 71, 'tof': 10, 'h': 0, 'bat': 100, 'baro': 110.57, 'time': 0, 'agx': 2.0, 'agy': -13.0, 'agz': -1375.0}
2022-11-22 00:04:41,978 | INFO | PERIODIC STATE VALUES: {'mid': -1, 'x': -100, 'y': -100, 'z': -100, 'mpry': '0,0,0', 'pitch': 0, 'roll': 0, 'yaw': -66, 'vgx': 0, 'vgy': 0, 'vgz': 7, 'templ': 68, 'temph': 71, 'tof': 43, 'h': 10, 'bat': 100, 'baro': 113.42, 'time': 1, 'agx': 7.0, 'agy': -14.0, 'agz': -947.0}
2022-11-22 00:04:42,493 | INFO | PERIODIC STATE VALUES: {'mid': -1, 'x': -100, 'y': -100, 'z': -100, 'mpry': '0,0,0', 'pitch': 0, 'roll': 0, 'yaw': -66, 'vgx': 0, 'vgy': 0, 'vgz': 3, 'templ': 69, 'temph': 72, 'tof': 74, 'h': 40, 'bat': 100, 'baro': 113.8, 'time': 1, 'agx': 1.0, 'agy': -6.0, 'agz': -917.0}
2022-11-22 00:04:43,009 | INFO | PERIODIC STATE VALUES: {'mid': -1, 'x': -100, 'y': -100, 'z': -100, 'mpry': '0,0,0', 'pitch': 0, 'roll': 2, 'yaw': -66, 'vgx': 1, 'vgy': 0, 'vgz': 0, 'templ': 69, 'temph': 72, 'tof': 63, 'h': 50, 'bat': 100, 'baro': 113.87, 'time': 2, 'agx': -1.0, 'agy': -1.0, 'agz': -1004.0}
2022-11-22 00:04:43,525 | INFO | PERIODIC STATE VALUES: {'mid': -1, 'x': -100, 'y': -100, 'z': -100, 'mpry': '0,0,0', 'pitch': 0, 'roll': 0, 'yaw': -66, 'vgx': 0, 'vgy': 0, 'vgz': 0, 'templ': 69, 'temph': 71, 'tof': 146, 'h': 60, 'bat': 100, 'baro': 113.94, 'time': 2, 'agx': 6.0, 'agy': -6.0, 'agz': -1011.0}
2022-11-22 00:04:44,027 | INFO | PERIODIC STATE VALUES: {'mid': -1, 'x': -100, 'y': -100, 'z': -100, 'mpry': '0,0,0', 'pitch': 0, 'roll': 2, 'yaw': -66, 'vgx': 0, 'vgy': 0, 'vgz': -4, 'templ': 69, 'temph': 71, 'tof': 147, 'h': 50, 'bat': 100, 'baro': 113.92, 'time': 3, 'agx': -10.0, 'agy': 0.0, 'agz': -904.0}
2022-11-22 00:04:44,541 | INFO | PERIODIC STATE VALUES: {'mid': -1, 'x': -100, 'y': -100, 'z': -100, 'mpry': '0,0,0', 'pitch': 0, 'roll': 1, 'yaw': -66, 'vgx': 0, 'vgy': 0, 'vgz': -5, 'templ': 69, 'temph': 72, 'tof': 121, 'h': 30, 'bat': 100, 'baro': 113.81, 'time': 3, 'agx': -7.0, 'agy': -19.0, 'agz': -1028.0}
2022-11-22 00:04:45,044 | INFO | PERIODIC STATE VALUES: {'mid': -1, 'x': -100, 'y': -100, 'z': -100, 'mpry': '0,0,0', 'pitch': 0, 'roll': 2, 'yaw': -65, 'vgx': 0, 'vgy': 0, 'vgz': -2, 'templ': 69, 'temph': 72, 'tof': 105, 'h': 20, 'bat': 100, 'baro': 113.66, 'time': 4, 'agx': -3.0, 'agy': -15.0, 'agz': -1032.0}
2022-11-22 00:04:45,562 | INFO | PERIODIC STATE VALUES: {'mid': -1, 'x': -100, 'y': -100, 'z': -100, 'mpry': '0,0,0', 'pitch': 0, 'roll': 1, 'yaw': -65, 'vgx': 0, 'vgy': 0, 'vgz': -1, 'templ': 69, 'temph': 72, 'tof': 94, 'h': 10, 'bat': 100, 'baro': 113.6, 'time': 4, 'agx': -2.0, 'agy': -27.0, 'agz': -1011.0}
2022-11-22 00:04:46,067 | INFO | PERIODIC STATE VALUES: {'mid': -1, 'x': -100, 'y': -100, 'z': -100, 'mpry': '0,0,0', 'pitch': 0, 'roll': 1, 'yaw': -65, 'vgx': 0, 'vgy': 0, 'vgz': -1, 'templ': 69, 'temph': 72, 'tof': 89, 'h': 0, 'bat': 100, 'baro': 113.6, 'time': 5, 'agx': 0.0, 'agy': -23.0, 'agz': -1002.0}
2022-11-22 00:04:46,569 | INFO | PERIODIC STATE VALUES: {'mid': -1, 'x': -100, 'y': -100, 'z': -100, 'mpry': '0,0,0', 'pitch': 0, 'roll': 1, 'yaw': -65, 'vgx': 0, 'vgy': 0, 'vgz': 0, 'templ': 69, 'temph': 71, 'tof': 86, 'h': 0, 'bat': 100, 'baro': 113.52, 'time': 5, 'agx': -30.0, 'agy': 8.0, 'agz': -1014.0}
2022-11-22 00:04:47,083 | INFO | PERIODIC STATE VALUES: {'mid': -1, 'x': -100, 'y': -100, 'z': -100, 'mpry': '0,0,0', 'pitch': 0, 'roll': 1, 'yaw': -66, 'vgx': 0, 'vgy': 0, 'vgz': 0, 'templ': 69, 'temph': 71, 'tof': 84, 'h': 0, 'bat': 100, 'baro': 113.47, 'time': 6, 'agx': -15.0, 'agy': -9.0, 'agz': -997.0}
2022-11-22 00:04:47,587 | INFO | PERIODIC STATE VALUES: {'mid': -1, 'x': -100, 'y': -100, 'z': -100, 'mpry': '0,0,0', 'pitch': 0, 'roll': 1, 'yaw': -66, 'vgx': 0, 'vgy': 0, 'vgz': 0, 'templ': 70, 'temph': 72, 'tof': 84, 'h': 0, 'bat': 100, 'baro': 113.36, 'time': 6, 'agx': -16.0, 'agy': -13.0, 'agz': -995.0}
2022-11-22 00:04:48,089 | INFO | PERIODIC STATE VALUES: {'mid': -1, 'x': -100, 'y': -100, 'z': -100, 'mpry': '0,0,0', 'pitch': 0, 'roll': 1, 'yaw': -66, 'vgx': 0, 'vgy': 0, 'vgz': 0, 'templ': 70, 'temph': 72, 'tof': 82, 'h': 0, 'bat': 100, 'baro': 113.45, 'time': 7, 'agx': -10.0, 'agy': -21.0, 'agz': -1001.0}
2022-11-22 00:04:48,606 | INFO | PERIODIC STATE VALUES: {'mid': -1, 'x': -100, 'y': -100, 'z': -100, 'mpry': '0,0,0', 'pitch': 0, 'roll': 1, 'yaw': -66, 'vgx': 0, 'vgy': 0, 'vgz': 0, 'templ': 69, 'temph': 72, 'tof': 80, 'h': 0, 'bat': 100, 'baro': 113.41, 'time': 7, 'agx': -3.0, 'agy': -39.0, 'agz': -1003.0}
2022-11-22 00:04:49,121 | INFO | PERIODIC STATE VALUES: {'mid': -1, 'x': -100, 'y': -100, 'z': -100, 'mpry': '0,0,0', 'pitch': 0, 'roll': 1, 'yaw': -66, 'vgx': 0, 'vgy': 0, 'vgz': 0, 'templ': 69, 'temph': 72, 'tof': 82, 'h': 0, 'bat': 100, 'baro': 113.42, 'time': 8, 'agx': -21.0, 'agy': -7.0, 'agz': -1003.0}
2022-11-22 00:04:49,402 | INFO | Response takeoff: 'ok'
