2022-12-03 16:40:33,804 | INFO | Tello instance was initialized. Host: '192.168.10.1'. Port: '8889'.
2022-12-03 16:40:33,805 | INFO | Trying to connect to the drone now!
2022-12-03 16:40:33,809 | INFO | Send command: 'command'
2022-12-03 16:40:33,919 | INFO | Response command: 'ok'
2022-12-03 16:40:35,333 | INFO | Send command: 'mon'
2022-12-03 16:40:35,436 | INFO | Response mon: 'ok'
2022-12-03 16:40:35,436 | INFO | Send command: 'mdirection 0'
2022-12-03 16:40:35,545 | INFO | Response mdirection 0: 'ok'
2022-12-03 16:40:35,545 | INFO | Send command: 'motoron'
2022-12-03 16:40:35,653 | INFO | Response motoron: 'ok'
2022-12-03 16:40:35,654 | INFO | Send command: 'takeoff'
2022-12-03 16:40:39,417 | INFO | Send command: 'land'
2022-12-03 16:40:46,471 | WARNING | Aborting command 'land'. Did not receive a response after 7 seconds
2022-12-03 16:40:46,472 | INFO | Send command: 'land'
2022-12-03 16:40:50,445 | INFO | Response land: 'ok'
2022-12-03 16:40:54,615 | INFO | Send command: 'mon'
2022-12-03 16:40:54,698 | INFO | Response takeoff: 'ok'
2022-12-03 16:41:01,669 | WARNING | Aborting command 'mon'. Did not receive a response after 7 seconds
2022-12-03 16:41:01,671 | INFO | Send command: 'mon'
2022-12-03 16:41:01,779 | INFO | Response mon: 'ok'
2022-12-03 16:41:01,795 | INFO | Send command: 'mdirection 0'
2022-12-03 16:41:01,905 | INFO | Response mdirection 0: 'ok'
2022-12-03 16:41:01,922 | INFO | Send command: 'motoron'
2022-12-03 16:41:02,032 | INFO | Response motoron: 'ok'
2022-12-03 16:41:02,047 | INFO | Send command: 'takeoff'
2022-12-03 16:41:10,885 | INFO | Response takeoff: 'ok'
2022-12-03 16:41:12,292 | INFO | Send command: 'up 20'
2022-12-03 16:41:13,734 | INFO | Response up 20: 'ok'
2022-12-03 16:41:15,189 | INFO | Send command: 'left 20'
2022-12-03 16:41:16,725 | INFO | Response left 20: 'ok'
2022-12-03 16:41:18,087 | INFO | Send command: 'right 20'
2022-12-03 16:41:19,849 | INFO | Response right 20: 'ok'
2022-12-03 16:41:21,733 | INFO | Send command: 'land'
2022-12-03 16:41:24,705 | INFO | Response land: 'ok'
2022-12-03 16:41:30,918 | INFO | Send command: 'mon'
2022-12-03 16:41:31,032 | INFO | Response mon: 'ok'
2022-12-03 16:41:31,032 | INFO | Send command: 'mdirection 0'
2022-12-03 16:41:31,141 | INFO | Response mdirection 0: 'ok'
2022-12-03 16:41:31,157 | INFO | Send command: 'motoron'
2022-12-03 16:41:31,267 | INFO | Response motoron: 'ok'
2022-12-03 16:41:31,283 | INFO | Send command: 'takeoff'
2022-12-03 16:41:34,841 | INFO | Response takeoff: 'ok'
