2022-11-29 12:09:34,469 | INFO | Tello instance was initialized. Host: '192.168.10.1'. Port: '8889'.
2022-11-29 12:09:34,470 | INFO | Trying to connect to the drone now!
2022-11-29 12:09:34,478 | INFO | Send command: 'command'
2022-11-29 12:09:34,589 | INFO | Response command: 'ok'
2022-11-29 12:09:34,590 | INFO | Connected to the drone successfully.
2022-11-29 12:09:34,605 | INFO | Send command: 'mon'
2022-11-29 12:09:34,605 | INFO | Send command: 'streamon'
2022-11-29 12:09:34,716 | INFO | Response streamon: 'ok'
2022-11-29 12:09:34,716 | INFO | Response mon: 'ok'
2022-11-29 12:09:34,732 | INFO | Send command: 'mdirection 0'
2022-11-29 12:09:34,732 | INFO | Send command: 'downvision 1'
2022-11-29 12:09:34,841 | INFO | Response downvision 1: 'ok'
2022-11-29 12:09:34,842 | INFO | Response mdirection 0: 'ok'
2022-11-29 12:09:34,843 | INFO | Send command: 'setfps high'
2022-11-29 12:09:34,856 | INFO | Send command: 'motoron'
2022-11-29 12:09:34,951 | INFO | Response setfps high: 'ok'
2022-11-29 12:09:34,966 | INFO | Response motoron: 'ok'
2022-11-29 12:09:34,968 | INFO | data goes here
2022-11-29 12:09:34,982 | INFO | Send command: 'attitude?'
2022-11-29 12:09:35,091 | INFO | Response attitude?: 'pitch:0;roll:0;yaw:-170;'
2022-11-29 12:09:35,091 | INFO | ATTITUDE: {'pitch': 0, 'roll': 0, 'yaw': -170}
2022-11-29 12:09:35,091 | INFO | Send command: 'baro?'
2022-11-29 12:09:35,107 | INFO | PERIODIC STATE VALUES: {'mid': -1, 'x': -100, 'y': -100, 'z': -100, 'mpry': '0,0,0', 'pitch': 0, 'roll': 0, 'yaw': -170, 'vgx': 0, 'vgy': 0, 'vgz': 0, 'templ': 91, 'temph': 93, 'tof': 10, 'h': 0, 'bat': 85, 'baro': 101.05, 'time': 58, 'agx': -54.0, 'agy': 62.0, 'agz': -1010.0}
2022-11-29 12:09:35,200 | INFO | Response baro?: '101.109093'
2022-11-29 12:09:35,201 | INFO | BAROMETER: 10110.9093
2022-11-29 12:09:35,216 | INFO | Send command: 'battery?'
2022-11-29 12:09:35,325 | INFO | Response battery?: '85'
2022-11-29 12:09:35,325 | INFO | BATTERY: 85
2022-11-29 12:09:35,340 | INFO | Send command: 'tof?'
2022-11-29 12:09:35,453 | INFO | Response tof?: '100mm'
2022-11-29 12:09:35,453 | INFO | TOF_DISTANCE: 10.0 
2022-11-29 12:09:35,468 | INFO | Send command: 'wifi?'
2022-11-29 12:09:35,576 | INFO | Response wifi?: '90'
2022-11-29 12:09:35,577 | INFO | WIFI_SIGNAL_NOISE RATIO: 90
2022-11-29 12:09:35,592 | INFO | Send command: 'sdk?'
2022-11-29 12:09:35,608 | INFO | PERIODIC STATE VALUES: {'mid': -1, 'x': -100, 'y': -100, 'z': -100, 'mpry': '0,0,0', 'pitch': 0, 'roll': 1, 'yaw': 175, 'vgx': 0, 'vgy': 0, 'vgz': 0, 'templ': 90, 'temph': 93, 'tof': 10, 'h': 0, 'bat': 85, 'baro': 101.0, 'time': 58, 'agx': -5.0, 'agy': -24.0, 'agz': -1009.0}
2022-11-29 12:09:35,704 | INFO | Response sdk?: '30'
2022-11-29 12:09:35,704 | INFO | SDK VERSION: 30
2022-11-29 12:09:35,704 | INFO | Send command: 'sn?'
2022-11-29 12:09:35,812 | INFO | Response sn?: '0TQZK7JCNT2468'
2022-11-29 12:09:35,813 | INFO | SERIAL NUMBER: 0TQZK7JCNT2468
2022-11-29 12:09:35,828 | INFO | Send command: 'takeoff'
2022-11-29 12:09:36,112 | INFO | PERIODIC STATE VALUES: {'mid': -1, 'x': -100, 'y': -100, 'z': -100, 'mpry': '0,0,0', 'pitch': 0, 'roll': 1, 'yaw': 175, 'vgx': 0, 'vgy': 0, 'vgz': 0, 'templ': 90, 'temph': 93, 'tof': 10, 'h': 0, 'bat': 85, 'baro': 101.0, 'time': 58, 'agx': -4.0, 'agy': -31.0, 'agz': -992.0}
2022-11-29 12:09:36,616 | INFO | PERIODIC STATE VALUES: {'mid': -1, 'x': -100, 'y': -100, 'z': -100, 'mpry': '0,0,0', 'pitch': 0, 'roll': 1, 'yaw': 175, 'vgx': 0, 'vgy': 0, 'vgz': 0, 'templ': 91, 'temph': 93, 'tof': 10, 'h': 0, 'bat': 85, 'baro': 101.0, 'time': 58, 'agx': -9.0, 'agy': -23.0, 'agz': -1330.0}
2022-11-29 12:09:37,133 | INFO | PERIODIC STATE VALUES: {'mid': -1, 'x': -100, 'y': -100, 'z': -100, 'mpry': '0,0,0', 'pitch': 0, 'roll': 0, 'yaw': 174, 'vgx': 0, 'vgy': 0, 'vgz': 7, 'templ': 91, 'temph': 93, 'tof': 47, 'h': 20, 'bat': 85, 'baro': 101.72, 'time': 59, 'agx': -12.0, 'agy': -8.0, 'agz': -925.0}
2022-11-29 12:09:37,637 | INFO | PERIODIC STATE VALUES: {'mid': -1, 'x': -100, 'y': -100, 'z': -100, 'mpry': '0,0,0', 'pitch': -1, 'roll': -2, 'yaw': 174, 'vgx': 0, 'vgy': 0, 'vgz': 2, 'templ': 92, 'temph': 93, 'tof': 79, 'h': 40, 'bat': 85, 'baro': 102.07, 'time': 59, 'agx': -13.0, 'agy': -26.0, 'agz': -958.0}
2022-11-29 12:09:38,140 | INFO | PERIODIC STATE VALUES: {'mid': 4, 'x': 0, 'y': 0, 'z': 72, 'mpry': '1,-94,179', 'pitch': 0, 'roll': 1, 'yaw': 175, 'vgx': 0, 'vgy': 0, 'vgz': 0, 'templ': 92, 'temph': 93, 'tof': 89, 'h': 60, 'bat': 85, 'baro': 102.24, 'time': 60, 'agx': 3.0, 'agy': -10.0, 'agz': -972.0}
2022-11-29 12:09:38,643 | INFO | PERIODIC STATE VALUES: {'mid': 4, 'x': 2, 'y': -3, 'z': 88, 'mpry': '3,-94,-177', 'pitch': 0, 'roll': 1, 'yaw': 175, 'vgx': 0, 'vgy': 0, 'vgz': 0, 'templ': 91, 'temph': 93, 'tof': 88, 'h': 60, 'bat': 85, 'baro': 102.13, 'time': 60, 'agx': -17.0, 'agy': -4.0, 'agz': -1000.0}
2022-11-29 12:09:39,148 | INFO | PERIODIC STATE VALUES: {'mid': 4, 'x': 2, 'y': -3, 'z': 90, 'mpry': '3,-94,-176', 'pitch': 0, 'roll': 1, 'yaw': 175, 'vgx': 0, 'vgy': 0, 'vgz': 0, 'templ': 91, 'temph': 93, 'tof': 86, 'h': 60, 'bat': 85, 'baro': 102.22, 'time': 61, 'agx': -11.0, 'agy': -11.0, 'agz': -996.0}
2022-11-29 12:09:39,664 | INFO | PERIODIC STATE VALUES: {'mid': 4, 'x': 2, 'y': -3, 'z': 89, 'mpry': '3,-94,-176', 'pitch': 0, 'roll': 0, 'yaw': 175, 'vgx': 0, 'vgy': 0, 'vgz': 0, 'templ': 90, 'temph': 92, 'tof': 83, 'h': 60, 'bat': 85, 'baro': 102.12, 'time': 61, 'agx': -11.0, 'agy': -12.0, 'agz': -1005.0}
2022-11-29 12:09:40,167 | INFO | PERIODIC STATE VALUES: {'mid': 4, 'x': 3, 'y': 0, 'z': 86, 'mpry': '0,-94,-178', 'pitch': 0, 'roll': 1, 'yaw': 175, 'vgx': 0, 'vgy': 0, 'vgz': 0, 'templ': 90, 'temph': 92, 'tof': 80, 'h': 50, 'bat': 85, 'baro': 102.19, 'time': 62, 'agx': -2.0, 'agy': -20.0, 'agz': -985.0}
2022-11-29 12:09:40,670 | INFO | PERIODIC STATE VALUES: {'mid': 4, 'x': 3, 'y': -1, 'z': 83, 'mpry': '2,-94,-178', 'pitch': 0, 'roll': 1, 'yaw': 175, 'vgx': 0, 'vgy': 0, 'vgz': 0, 'templ': 90, 'temph': 92, 'tof': 79, 'h': 50, 'bat': 85, 'baro': 102.07, 'time': 62, 'agx': -15.0, 'agy': -2.0, 'agz': -1000.0}
2022-11-29 12:09:41,172 | INFO | PERIODIC STATE VALUES: {'mid': 4, 'x': 4, 'y': -1, 'z': 81, 'mpry': '2,-94,-177', 'pitch': 0, 'roll': 1, 'yaw': 175, 'vgx': 0, 'vgy': 0, 'vgz': 0, 'templ': 90, 'temph': 92, 'tof': 78, 'h': 50, 'bat': 85, 'baro': 102.03, 'time': 63, 'agx': -18.0, 'agy': -4.0, 'agz': -1007.0}
2022-11-29 12:09:41,441 | INFO | Response takeoff: 'ok'
2022-11-29 12:09:41,681 | INFO | PERIODIC STATE VALUES: {'mid': 4, 'x': 11, 'y': 0, 'z': 78, 'mpry': '2,-94,179', 'pitch': 0, 'roll': 1, 'yaw': 175, 'vgx': 0, 'vgy': 0, 'vgz': 0, 'templ': 89, 'temph': 91, 'tof': 78, 'h': 50, 'bat': 85, 'baro': 102.1, 'time': 63, 'agx': 1.0, 'agy': -24.0, 'agz': -997.0}
2022-11-29 12:09:42,186 | INFO | PERIODIC STATE VALUES: {'mid': 4, 'x': 12, 'y': 5, 'z': 78, 'mpry': '0,-94,179', 'pitch': 0, 'roll': 1, 'yaw': 175, 'vgx': 0, 'vgy': 0, 'vgz': 0, 'templ': 89, 'temph': 91, 'tof': 78, 'h': 50, 'bat': 85, 'baro': 102.08, 'time': 64, 'agx': -11.0, 'agy': -10.0, 'agz': -988.0}
2022-11-29 12:09:42,690 | INFO | PERIODIC STATE VALUES: {'mid': 4, 'x': 9, 'y': 2, 'z': 79, 'mpry': '3,-94,-177', 'pitch': 0, 'roll': 1, 'yaw': 175, 'vgx': 0, 'vgy': 0, 'vgz': 0, 'templ': 89, 'temph': 91, 'tof': 79, 'h': 50, 'bat': 85, 'baro': 102.16, 'time': 64, 'agx': -2.0, 'agy': -17.0, 'agz': -983.0}
2022-11-29 12:09:43,192 | INFO | PERIODIC STATE VALUES: {'mid': 4, 'x': 12, 'y': 5, 'z': 79, 'mpry': '3,-94,-177', 'pitch': 0, 'roll': 2, 'yaw': 175, 'vgx': 0, 'vgy': 0, 'vgz': 0, 'templ': 89, 'temph': 91, 'tof': 81, 'h': 50, 'bat': 85, 'baro': 102.07, 'time': 65, 'agx': 2.0, 'agy': -39.0, 'agz': -962.0}
2022-11-29 12:09:43,695 | INFO | PERIODIC STATE VALUES: {'mid': 4, 'x': 17, 'y': 9, 'z': 80, 'mpry': '1,-94,-177', 'pitch': 0, 'roll': 2, 'yaw': 175, 'vgx': 0, 'vgy': 0, 'vgz': 0, 'templ': 89, 'temph': 91, 'tof': 80, 'h': 50, 'bat': 85, 'baro': 102.13, 'time': 65, 'agx': -10.0, 'agy': -19.0, 'agz': -993.0}
2022-11-29 12:09:44,197 | INFO | PERIODIC STATE VALUES: {'mid': 4, 'x': 21, 'y': 9, 'z': 80, 'mpry': '1,-94,-178', 'pitch': -1, 'roll': 2, 'yaw': 175, 'vgx': 0, 'vgy': 0, 'vgz': 0, 'templ': 89, 'temph': 91, 'tof': 79, 'h': 50, 'bat': 85, 'baro': 102.04, 'time': 66, 'agx': 0.0, 'agy': -28.0, 'agz': -998.0}
2022-11-29 12:09:44,702 | INFO | PERIODIC STATE VALUES: {'mid': 4, 'x': 24, 'y': 9, 'z': 79, 'mpry': '3,-94,180', 'pitch': -1, 'roll': 2, 'yaw': 175, 'vgx': 0, 'vgy': 0, 'vgz': 0, 'templ': 88, 'temph': 91, 'tof': 79, 'h': 50, 'bat': 85, 'baro': 102.04, 'time': 66, 'agx': -14.0, 'agy': -14.0, 'agz': -1010.0}
2022-11-29 12:09:45,218 | INFO | PERIODIC STATE VALUES: {'mid': 4, 'x': 26, 'y': 15, 'z': 78, 'mpry': '0,-94,-178', 'pitch': -1, 'roll': 2, 'yaw': 175, 'vgx': 0, 'vgy': 0, 'vgz': 0, 'templ': 88, 'temph': 91, 'tof': 81, 'h': 50, 'bat': 85, 'baro': 102.09, 'time': 67, 'agx': -3.0, 'agy': -32.0, 'agz': -986.0}
2022-11-29 12:09:45,721 | INFO | PERIODIC STATE VALUES: {'mid': 6, 'x': -33, 'y': 10, 'z': 77, 'mpry': '3,163,-176', 'pitch': -1, 'roll': 2, 'yaw': 175, 'vgx': 0, 'vgy': 0, 'vgz': 0, 'templ': 88, 'temph': 90, 'tof': 82, 'h': 50, 'bat': 85, 'baro': 102.07, 'time': 67, 'agx': -15.0, 'agy': -21.0, 'agz': -1003.0}
2022-11-29 12:09:46,227 | INFO | PERIODIC STATE VALUES: {'mid': 6, 'x': -34, 'y': 8, 'z': 78, 'mpry': '3,163,-177', 'pitch': -1, 'roll': 2, 'yaw': 175, 'vgx': 0, 'vgy': 0, 'vgz': 0, 'templ': 88, 'temph': 90, 'tof': 82, 'h': 50, 'bat': 85, 'baro': 102.19, 'time': 68, 'agx': 1.0, 'agy': -24.0, 'agz': -994.0}
2022-11-29 12:09:46,449 | INFO | Send command: 'land'
2022-11-29 12:09:46,732 | INFO | PERIODIC STATE VALUES: {'mid': 6, 'x': -33, 'y': 6, 'z': 79, 'mpry': '4,163,-177', 'pitch': -1, 'roll': 3, 'yaw': 175, 'vgx': 0, 'vgy': 0, 'vgz': 0, 'templ': 88, 'temph': 90, 'tof': 81, 'h': 50, 'bat': 85, 'baro': 102.07, 'time': 68, 'agx': -10.0, 'agy': -21.0, 'agz': -1001.0}
2022-11-29 12:09:47,238 | INFO | PERIODIC STATE VALUES: {'mid': 6, 'x': -31, 'y': 3, 'z': 79, 'mpry': '4,163,-177', 'pitch': -1, 'roll': 3, 'yaw': 175, 'vgx': 0, 'vgy': 0, 'vgz': -1, 'templ': 88, 'temph': 90, 'tof': 79, 'h': 50, 'bat': 85, 'baro': 102.14, 'time': 69, 'agx': -4.0, 'agy': -13.0, 'agz': -930.0}
2022-11-29 12:09:47,741 | INFO | PERIODIC STATE VALUES: {'mid': 4, 'x': 17, 'y': -11, 'z': 64, 'mpry': '-4,-178,-174', 'pitch': 0, 'roll': 2, 'yaw': 175, 'vgx': 0, 'vgy': 0, 'vgz': -4, 'templ': 87, 'temph': 90, 'tof': 35, 'h': 40, 'bat': 85, 'baro': 101.91, 'time': 69, 'agx': -14.0, 'agy': -9.0, 'agz': -990.0}
2022-11-29 12:09:48,243 | INFO | PERIODIC STATE VALUES: {'mid': 6, 'x': -28, 'y': -5, 'z': 60, 'mpry': '3,163,-177', 'pitch': -1, 'roll': 2, 'yaw': 175, 'vgx': 0, 'vgy': 0, 'vgz': -4, 'templ': 87, 'temph': 90, 'tof': 11, 'h': 10, 'bat': 85, 'baro': 101.2, 'time': 70, 'agx': -1.0, 'agy': -9.0, 'agz': -1022.0}
2022-11-29 12:09:48,749 | INFO | PERIODIC STATE VALUES: {'mid': 6, 'x': -28, 'y': -5, 'z': 60, 'mpry': '3,163,-177', 'pitch': -5, 'roll': 2, 'yaw': 172, 'vgx': 2, 'vgy': 3, 'vgz': 0, 'templ': 87, 'temph': 89, 'tof': 10, 'h': 0, 'bat': 85, 'baro': 100.3, 'time': 70, 'agx': -139.0, 'agy': 28.0, 'agz': -1044.0}
2022-11-29 12:09:49,251 | INFO | PERIODIC STATE VALUES: {'mid': 6, 'x': -28, 'y': -5, 'z': 60, 'mpry': '3,163,-177', 'pitch': -6, 'roll': 1, 'yaw': 172, 'vgx': 3, 'vgy': 5, 'vgz': -1, 'templ': 87, 'temph': 89, 'tof': 10, 'h': 0, 'bat': 85, 'baro': 100.8, 'time': 71, 'agx': -86.0, 'agy': 38.0, 'agz': -955.0}
2022-11-29 12:09:49,533 | INFO | Response land: 'ok'
2022-11-29 12:09:49,549 | INFO | Send command: 'motoron'
2022-11-29 12:09:49,658 | INFO | Response motoron: 'ok'
2022-11-29 12:09:49,752 | INFO | PERIODIC STATE VALUES: {'mid': 6, 'x': -28, 'y': -5, 'z': 60, 'mpry': '3,163,-177', 'pitch': -3, 'roll': 11, 'yaw': 173, 'vgx': 5, 'vgy': 7, 'vgz': -1, 'templ': 87, 'temph': 90, 'tof': 10, 'h': 0, 'bat': 85, 'baro': 101.05, 'time': 71, 'agx': -40.0, 'agy': -127.0, 'agz': -996.0}
2022-11-29 12:09:50,253 | INFO | PERIODIC STATE VALUES: {'mid': 6, 'x': -28, 'y': -5, 'z': 60, 'mpry': '3,163,-177', 'pitch': -3, 'roll': 10, 'yaw': 174, 'vgx': 6, 'vgy': 8, 'vgz': 0, 'templ': 87, 'temph': 90, 'tof': 10, 'h': 0, 'bat': 85, 'baro': 101.24, 'time': 71, 'agx': -51.0, 'agy': -138.0, 'agz': -996.0}
2022-11-29 12:09:50,756 | INFO | PERIODIC STATE VALUES: {'mid': 6, 'x': -28, 'y': -5, 'z': 60, 'mpry': '3,163,-177', 'pitch': -3, 'roll': 11, 'yaw': 174, 'vgx': 0, 'vgy': 0, 'vgz': 0, 'templ': 86, 'temph': 89, 'tof': 10, 'h': 0, 'bat': 85, 'baro': 101.33, 'time': 71, 'agx': -62.0, 'agy': -152.0, 'agz': -967.0}
2022-11-29 12:09:51,270 | INFO | PERIODIC STATE VALUES: {'mid': 6, 'x': -28, 'y': -5, 'z': 60, 'mpry': '3,163,-177', 'pitch': -6, 'roll': 16, 'yaw': 175, 'vgx': 0, 'vgy': 0, 'vgz': 1, 'templ': 86, 'temph': 89, 'tof': 10, 'h': 0, 'bat': 85, 'baro': 101.27, 'time': 71, 'agx': -143.0, 'agy': -261.0, 'agz': -990.0}
2022-11-29 12:09:51,787 | INFO | PERIODIC STATE VALUES: {'mid': 6, 'x': -28, 'y': -5, 'z': 60, 'mpry': '3,163,-177', 'pitch': -16, 'roll': 15, 'yaw': 169, 'vgx': 0, 'vgy': 0, 'vgz': 0, 'templ': 86, 'temph': 90, 'tof': 10, 'h': 0, 'bat': 85, 'baro': 101.25, 'time': 71, 'agx': -242.0, 'agy': -233.0, 'agz': -1054.0}
2022-11-29 12:09:52,303 | INFO | PERIODIC STATE VALUES: {'mid': 6, 'x': -28, 'y': -5, 'z': 60, 'mpry': '3,163,-177', 'pitch': -29, 'roll': 0, 'yaw': 150, 'vgx': 0, 'vgy': 0, 'vgz': 0, 'templ': 86, 'temph': 90, 'tof': 10, 'h': 0, 'bat': 85, 'baro': 101.22, 'time': 71, 'agx': -526.0, 'agy': -22.0, 'agz': -1139.0}
