2022-11-20 21:39:28,155 | INFO | Tello instance was initialized. Host: '192.168.10.1'. Port: '8889'.
2022-11-20 21:39:28,156 | INFO | Trying to connect to the drone now!
2022-11-20 21:39:28,163 | INFO | Send command: 'command'
2022-11-20 21:39:28,273 | INFO | Response command: 'ok'
2022-11-20 21:39:28,274 | INFO | Connected to the drone successfully.
2022-11-20 21:39:28,289 | INFO | Send command: 'mon'
2022-11-20 21:39:28,290 | INFO | Send command: 'streamon'
2022-11-20 21:39:28,398 | INFO | Response mon: 'ok'
2022-11-20 21:39:28,399 | INFO | Response streamon: 'ok'
2022-11-20 21:39:28,414 | INFO | Send command: 'downvision 1'
2022-11-20 21:39:28,415 | INFO | Send command: 'mdirection 0'
2022-11-20 21:39:28,541 | INFO | Response downvision 1: 'ok'
2022-11-20 21:39:28,542 | INFO | Response mdirection 0: 'ok'
2022-11-20 21:39:28,556 | INFO | Send command: 'motoron'
2022-11-20 21:39:28,558 | INFO | Send command: 'setfps high'
2022-11-20 21:39:28,667 | INFO | Response setfps high: 'ok'
2022-11-20 21:39:28,668 | INFO | Response motoron: 'ok'
2022-11-20 21:39:28,669 | INFO | data goes here
2022-11-20 21:39:28,682 | INFO | Send command: 'attitude?'
2022-11-20 21:39:28,778 | INFO | PERIODIC STATE VALUES: {'mid': -1, 'x': -100, 'y': -100, 'z': -100, 'mpry': '0,0,0', 'pitch': 0, 'roll': 0, 'yaw': -1, 'vgx': 0, 'vgy': 0, 'vgz': 0, 'templ': 92, 'temph': 95, 'tof': 10, 'h': 0, 'bat': 54, 'baro': 93.42, 'time': 30, 'agx': -2.0, 'agy': -15.0, 'agz': -1002.0}
2022-11-20 21:39:28,794 | INFO | Response attitude?: 'pitch:0;roll:0;yaw:-1;'
2022-11-20 21:39:28,794 | INFO | ATTITUDE: {'pitch': 0, 'roll': 0, 'yaw': -1}
2022-11-20 21:39:28,794 | INFO | Send command: 'baro?'
2022-11-20 21:39:28,903 | INFO | Response baro?: '93.407578'
2022-11-20 21:39:28,903 | INFO | BAROMETER: 9340.7578
2022-11-20 21:39:28,903 | INFO | Send command: 'battery?'
2022-11-20 21:39:29,015 | INFO | Response battery?: '54'
2022-11-20 21:39:29,015 | INFO | BATTERY: 54
2022-11-20 21:39:29,015 | INFO | Send command: 'tof?'
2022-11-20 21:39:29,124 | INFO | Response tof?: '100mm'
2022-11-20 21:39:29,125 | INFO | TOF_DISTANCE: 10.0 
2022-11-20 21:39:29,139 | INFO | Send command: 'wifi?'
2022-11-20 21:39:29,250 | INFO | Response wifi?: '0'
2022-11-20 21:39:29,250 | INFO | WIFI_SIGNAL_NOISE RATIO: 0
2022-11-20 21:39:29,265 | INFO | Send command: 'sdk?'
2022-11-20 21:39:29,281 | INFO | PERIODIC STATE VALUES: {'mid': -1, 'x': -100, 'y': -100, 'z': -100, 'mpry': '0,0,0', 'pitch': 0, 'roll': 0, 'yaw': -1, 'vgx': 0, 'vgy': 0, 'vgz': 0, 'templ': 94, 'temph': 96, 'tof': 10, 'h': 0, 'bat': 54, 'baro': 93.33, 'time': 30, 'agx': -4.0, 'agy': -16.0, 'agz': -997.0}
2022-11-20 21:39:29,376 | INFO | Response sdk?: '30'
2022-11-20 21:39:29,376 | INFO | SDK VERSION: 30
2022-11-20 21:39:29,392 | INFO | Send command: 'sn?'
2022-11-20 21:39:29,501 | INFO | Response sn?: '0TQZK7JCNT2468'
2022-11-20 21:39:29,502 | INFO | SERIAL NUMBER: 0TQZK7JCNT2468
2022-11-20 21:39:29,784 | INFO | PERIODIC STATE VALUES: {'mid': -1, 'x': -100, 'y': -100, 'z': -100, 'mpry': '0,0,0', 'pitch': 0, 'roll': 0, 'yaw': -1, 'vgx': 0, 'vgy': 0, 'vgz': 0, 'templ': 94, 'temph': 96, 'tof': 10, 'h': 0, 'bat': 54, 'baro': 93.31, 'time': 30, 'agx': 4.0, 'agy': -19.0, 'agz': -999.0}
2022-11-20 21:39:30,300 | INFO | PERIODIC STATE VALUES: {'mid': -1, 'x': -100, 'y': -100, 'z': -100, 'mpry': '0,0,0', 'pitch': 0, 'roll': 0, 'yaw': -1, 'vgx': 0, 'vgy': 0, 'vgz': 0, 'templ': 95, 'temph': 98, 'tof': 10, 'h': 0, 'bat': 54, 'baro': 93.34, 'time': 30, 'agx': -5.0, 'agy': -11.0, 'agz': -1000.0}
2022-11-20 21:39:30,820 | INFO | PERIODIC STATE VALUES: {'mid': -1, 'x': -100, 'y': -100, 'z': -100, 'mpry': '0,0,0', 'pitch': 0, 'roll': 0, 'yaw': -1, 'vgx': 0, 'vgy': 0, 'vgz': 0, 'templ': 95, 'temph': 98, 'tof': 10, 'h': 0, 'bat': 54, 'baro': 93.33, 'time': 30, 'agx': 3.0, 'agy': -22.0, 'agz': -998.0}
2022-11-20 21:39:31,325 | INFO | PERIODIC STATE VALUES: {'mid': -1, 'x': -100, 'y': -100, 'z': -100, 'mpry': '0,0,0', 'pitch': 0, 'roll': 0, 'yaw': -1, 'vgx': 0, 'vgy': 0, 'vgz': 0, 'templ': 95, 'temph': 98, 'tof': 10, 'h': 0, 'bat': 54, 'baro': 93.31, 'time': 30, 'agx': 0.0, 'agy': -12.0, 'agz': -1000.0}
2022-11-20 21:39:31,839 | INFO | PERIODIC STATE VALUES: {'mid': -1, 'x': -100, 'y': -100, 'z': -100, 'mpry': '0,0,0', 'pitch': 0, 'roll': 0, 'yaw': -1, 'vgx': 0, 'vgy': 0, 'vgz': 0, 'templ': 96, 'temph': 98, 'tof': 10, 'h': 0, 'bat': 54, 'baro': 93.33, 'time': 30, 'agx': 4.0, 'agy': -20.0, 'agz': -998.0}
2022-11-20 21:39:32,356 | INFO | PERIODIC STATE VALUES: {'mid': -1, 'x': -100, 'y': -100, 'z': -100, 'mpry': '0,0,0', 'pitch': 0, 'roll': 0, 'yaw': -1, 'vgx': 0, 'vgy': 0, 'vgz': 0, 'templ': 96, 'temph': 98, 'tof': 10, 'h': 0, 'bat': 54, 'baro': 93.35, 'time': 30, 'agx': -6.0, 'agy': -7.0, 'agz': -1000.0}
2022-11-20 21:39:32,858 | INFO | PERIODIC STATE VALUES: {'mid': -1, 'x': -100, 'y': -100, 'z': -100, 'mpry': '0,0,0', 'pitch': 0, 'roll': 0, 'yaw': -1, 'vgx': 0, 'vgy': 0, 'vgz': 0, 'templ': 95, 'temph': 99, 'tof': 10, 'h': 0, 'bat': 54, 'baro': 93.27, 'time': 30, 'agx': 1.0, 'agy': -18.0, 'agz': -997.0}
2022-11-20 21:39:33,374 | INFO | PERIODIC STATE VALUES: {'mid': -1, 'x': -100, 'y': -100, 'z': -100, 'mpry': '0,0,0', 'pitch': 0, 'roll': 0, 'yaw': -1, 'vgx': 0, 'vgy': 0, 'vgz': 0, 'templ': 95, 'temph': 99, 'tof': 10, 'h': 0, 'bat': 54, 'baro': 93.32, 'time': 30, 'agx': -7.0, 'agy': -8.0, 'agz': -1001.0}
2022-11-20 21:39:33,877 | INFO | PERIODIC STATE VALUES: {'mid': -1, 'x': -100, 'y': -100, 'z': -100, 'mpry': '0,0,0', 'pitch': 0, 'roll': 0, 'yaw': -1, 'vgx': 0, 'vgy': 0, 'vgz': 0, 'templ': 96, 'temph': 99, 'tof': 10, 'h': 0, 'bat': 54, 'baro': 93.31, 'time': 30, 'agx': -2.0, 'agy': -12.0, 'agz': -1000.0}
2022-11-20 21:39:34,393 | INFO | PERIODIC STATE VALUES: {'mid': -1, 'x': -100, 'y': -100, 'z': -100, 'mpry': '0,0,0', 'pitch': 0, 'roll': 0, 'yaw': -1, 'vgx': 0, 'vgy': 0, 'vgz': 0, 'templ': 96, 'temph': 99, 'tof': 10, 'h': 0, 'bat': 54, 'baro': 93.33, 'time': 30, 'agx': -7.0, 'agy': -10.0, 'agz': -998.0}
2022-11-20 21:39:34,517 | INFO | Send command: 'takeoff'
2022-11-20 21:39:34,908 | INFO | PERIODIC STATE VALUES: {'mid': -1, 'x': -100, 'y': -100, 'z': -100, 'mpry': '0,0,0', 'pitch': 0, 'roll': 0, 'yaw': -1, 'vgx': 0, 'vgy': 0, 'vgz': 0, 'templ': 95, 'temph': 99, 'tof': 10, 'h': 0, 'bat': 54, 'baro': 93.34, 'time': 30, 'agx': 1.0, 'agy': -15.0, 'agz': -998.0}
2022-11-20 21:39:35,634 | INFO | PERIODIC STATE VALUES: {'mid': -1, 'x': -100, 'y': -100, 'z': -100, 'mpry': '0,0,0', 'pitch': -1, 'roll': 0, 'yaw': -3, 'vgx': 0, 'vgy': 0, 'vgz': 6, 'templ': 95, 'temph': 99, 'tof': 15, 'h': 0, 'bat': 54, 'baro': 93.41, 'time': 31, 'agx': -2.0, 'agy': -17.0, 'agz': -1134.0}
2022-11-20 21:39:36,188 | INFO | PERIODIC STATE VALUES: {'mid': -1, 'x': -100, 'y': -100, 'z': -100, 'mpry': '0,0,0', 'pitch': 0, 'roll': 0, 'yaw': -2, 'vgx': 0, 'vgy': 0, 'vgz': 6, 'templ': 95, 'temph': 99, 'tof': 51, 'h': 40, 'bat': 54, 'baro': 94.07, 'time': 31, 'agx': 0.0, 'agy': -7.0, 'agz': -906.0}
2022-11-20 21:39:36,693 | INFO | PERIODIC STATE VALUES: {'mid': -1, 'x': -100, 'y': -100, 'z': -100, 'mpry': '0,0,0', 'pitch': 0, 'roll': 1, 'yaw': -2, 'vgx': 0, 'vgy': 0, 'vgz': 1, 'templ': 95, 'temph': 99, 'tof': 77, 'h': 60, 'bat': 54, 'baro': 94.35, 'time': 32, 'agx': -4.0, 'agy': -14.0, 'agz': -946.0}
2022-11-20 21:39:37,196 | INFO | PERIODIC STATE VALUES: {'mid': -1, 'x': -100, 'y': -100, 'z': -100, 'mpry': '0,0,0', 'pitch': 0, 'roll': 1, 'yaw': -2, 'vgx': 0, 'vgy': 0, 'vgz': 0, 'templ': 96, 'temph': 99, 'tof': 82, 'h': 70, 'bat': 54, 'baro': 94.44, 'time': 32, 'agx': -7.0, 'agy': -15.0, 'agz': -983.0}
2022-11-20 21:39:37,712 | INFO | PERIODIC STATE VALUES: {'mid': -1, 'x': -100, 'y': -100, 'z': -100, 'mpry': '0,0,0', 'pitch': 0, 'roll': 1, 'yaw': -2, 'vgx': 0, 'vgy': 0, 'vgz': 0, 'templ': 96, 'temph': 99, 'tof': 86, 'h': 80, 'bat': 54, 'baro': 94.47, 'time': 33, 'agx': -4.0, 'agy': -11.0, 'agz': -989.0}
2022-11-20 21:39:38,214 | INFO | PERIODIC STATE VALUES: {'mid': -1, 'x': -100, 'y': -100, 'z': -100, 'mpry': '0,0,0', 'pitch': 0, 'roll': 1, 'yaw': -2, 'vgx': 0, 'vgy': 0, 'vgz': 0, 'templ': 95, 'temph': 99, 'tof': 83, 'h': 80, 'bat': 54, 'baro': 94.47, 'time': 33, 'agx': -8.0, 'agy': -13.0, 'agz': -996.0}
2022-11-20 21:39:38,732 | INFO | PERIODIC STATE VALUES: {'mid': -1, 'x': -100, 'y': -100, 'z': -100, 'mpry': '0,0,0', 'pitch': -1, 'roll': -2, 'yaw': -2, 'vgx': 0, 'vgy': 0, 'vgz': 0, 'templ': 95, 'temph': 99, 'tof': 78, 'h': 80, 'bat': 54, 'baro': 94.37, 'time': 34, 'agx': -6.0, 'agy': -10.0, 'agz': -970.0}
2022-11-20 21:39:39,250 | INFO | PERIODIC STATE VALUES: {'mid': -1, 'x': -100, 'y': -100, 'z': -100, 'mpry': '0,0,0', 'pitch': 0, 'roll': 2, 'yaw': -2, 'vgx': 0, 'vgy': 0, 'vgz': 0, 'templ': 95, 'temph': 98, 'tof': 71, 'h': 80, 'bat': 54, 'baro': 94.25, 'time': 34, 'agx': 1.0, 'agy': -18.0, 'agz': -1006.0}
2022-11-20 21:39:39,752 | INFO | PERIODIC STATE VALUES: {'mid': -1, 'x': -100, 'y': -100, 'z': -100, 'mpry': '0,0,0', 'pitch': 0, 'roll': 1, 'yaw': -2, 'vgx': 0, 'vgy': 0, 'vgz': 0, 'templ': 95, 'temph': 98, 'tof': 65, 'h': 80, 'bat': 54, 'baro': 94.2, 'time': 35, 'agx': -8.0, 'agy': -13.0, 'agz': -1014.0}
2022-11-20 21:39:40,260 | INFO | PERIODIC STATE VALUES: {'mid': -1, 'x': -100, 'y': -100, 'z': -100, 'mpry': '0,0,0', 'pitch': 0, 'roll': 1, 'yaw': -2, 'vgx': 0, 'vgy': 0, 'vgz': 0, 'templ': 95, 'temph': 98, 'tof': 59, 'h': 80, 'bat': 54, 'baro': 94.22, 'time': 35, 'agx': -6.0, 'agy': -20.0, 'agz': -993.0}
2022-11-20 21:39:40,765 | INFO | PERIODIC STATE VALUES: {'mid': -1, 'x': -100, 'y': -100, 'z': -100, 'mpry': '0,0,0', 'pitch': 0, 'roll': 2, 'yaw': -3, 'vgx': 0, 'vgy': 0, 'vgz': 0, 'templ': 95, 'temph': 98, 'tof': 53, 'h': 80, 'bat': 54, 'baro': 94.08, 'time': 36, 'agx': -7.0, 'agy': -19.0, 'agz': -1014.0}
2022-11-20 21:39:41,281 | INFO | PERIODIC STATE VALUES: {'mid': -1, 'x': -100, 'y': -100, 'z': -100, 'mpry': '0,0,0', 'pitch': 0, 'roll': 1, 'yaw': -3, 'vgx': 0, 'vgy': 0, 'vgz': 0, 'templ': 95, 'temph': 98, 'tof': 48, 'h': 70, 'bat': 54, 'baro': 93.84, 'time': 36, 'agx': 0.0, 'agy': -23.0, 'agz': -1012.0}
2022-11-20 21:39:41,798 | INFO | PERIODIC STATE VALUES: {'mid': -1, 'x': -100, 'y': -100, 'z': -100, 'mpry': '0,0,0', 'pitch': 0, 'roll': 2, 'yaw': -2, 'vgx': 0, 'vgy': 0, 'vgz': 1, 'templ': 95, 'temph': 98, 'tof': 10, 'h': 60, 'bat': 54, 'baro': 94.01, 'time': 37, 'agx': -16.0, 'agy': -9.0, 'agz': -1002.0}
2022-11-20 21:39:42,303 | INFO | PERIODIC STATE VALUES: {'mid': -1, 'x': -100, 'y': -100, 'z': -100, 'mpry': '0,0,0', 'pitch': 0, 'roll': 1, 'yaw': -2, 'vgx': 0, 'vgy': 0, 'vgz': 1, 'templ': 94, 'temph': 97, 'tof': 22, 'h': 80, 'bat': 54, 'baro': 94.21, 'time': 37, 'agx': -15.0, 'agy': -1.0, 'agz': -930.0}
2022-11-20 21:39:42,820 | INFO | PERIODIC STATE VALUES: {'mid': -1, 'x': -100, 'y': -100, 'z': -100, 'mpry': '0,0,0', 'pitch': 0, 'roll': 2, 'yaw': -2, 'vgx': 0, 'vgy': 0, 'vgz': 0, 'templ': 94, 'temph': 97, 'tof': 20, 'h': 80, 'bat': 54, 'baro': 94.23, 'time': 38, 'agx': -13.0, 'agy': -7.0, 'agz': -1011.0}
2022-11-20 21:39:43,323 | INFO | PERIODIC STATE VALUES: {'mid': -1, 'x': -100, 'y': -100, 'z': -100, 'mpry': '0,0,0', 'pitch': 0, 'roll': 1, 'yaw': -2, 'vgx': 0, 'vgy': -1, 'vgz': 0, 'templ': 94, 'temph': 97, 'tof': 19, 'h': 80, 'bat': 54, 'baro': 94.22, 'time': 38, 'agx': -12.0, 'agy': -8.0, 'agz': -1005.0}
2022-11-20 21:39:43,339 | INFO | Response takeoff: 'ok'
2022-11-20 21:39:43,828 | INFO | PERIODIC STATE VALUES: {'mid': -1, 'x': -100, 'y': -100, 'z': -100, 'mpry': '0,0,0', 'pitch': 0, 'roll': 0, 'yaw': -2, 'vgx': 0, 'vgy': -1, 'vgz': 0, 'templ': 94, 'temph': 97, 'tof': 19, 'h': 80, 'bat': 54, 'baro': 94.31, 'time': 39, 'agx': -4.0, 'agy': -8.0, 'agz': -1013.0}
2022-11-20 21:39:44,332 | INFO | PERIODIC STATE VALUES: {'mid': -1, 'x': -100, 'y': -100, 'z': -100, 'mpry': '0,0,0', 'pitch': 0, 'roll': -1, 'yaw': -2, 'vgx': 0, 'vgy': 0, 'vgz': 0, 'templ': 94, 'temph': 96, 'tof': 17, 'h': 80, 'bat': 54, 'baro': 94.32, 'time': 39, 'agx': -14.0, 'agy': 6.0, 'agz': -1005.0}
2022-11-20 21:39:44,847 | INFO | PERIODIC STATE VALUES: {'mid': -1, 'x': -100, 'y': -100, 'z': -100, 'mpry': '0,0,0', 'pitch': -3, 'roll': -3, 'yaw': 5, 'vgx': 0, 'vgy': -2, 'vgz': -1, 'templ': 94, 'temph': 96, 'tof': 16, 'h': 80, 'bat': 54, 'baro': 94.39, 'time': 40, 'agx': -41.0, 'agy': 6.0, 'agz': -1024.0}
2022-11-20 21:39:45,364 | INFO | PERIODIC STATE VALUES: {'mid': -1, 'x': -100, 'y': -100, 'z': -100, 'mpry': '0,0,0', 'pitch': -70, 'roll': -54, 'yaw': 13, 'vgx': 0, 'vgy': 0, 'vgz': -15, 'templ': 93, 'temph': 95, 'tof': 41, 'h': 70, 'bat': 54, 'baro': 94.41, 'time': 40, 'agx': -144.0, 'agy': 169.0, 'agz': -310.0}
2022-11-20 21:39:45,869 | INFO | PERIODIC STATE VALUES: {'mid': -1, 'x': -100, 'y': -100, 'z': -100, 'mpry': '0,0,0', 'pitch': 27, 'roll': -175, 'yaw': 23, 'vgx': 0, 'vgy': 0, 'vgz': -8, 'templ': 93, 'temph': 95, 'tof': 33, 'h': 20, 'bat': 54, 'baro': 94.02, 'time': 41, 'agx': 254.0, 'agy': 78.0, 'agz': 1046.0}
2022-11-20 21:39:46,385 | INFO | PERIODIC STATE VALUES: {'mid': -1, 'x': -100, 'y': -100, 'z': -100, 'mpry': '0,0,0', 'pitch': 27, 'roll': -175, 'yaw': 22, 'vgx': 0, 'vgy': 0, 'vgz': -8, 'templ': 93, 'temph': 95, 'tof': 33, 'h': -10, 'bat': 54, 'baro': 93.57, 'time': 41, 'agx': 479.0, 'agy': 24.0, 'agz': 911.0}
2022-11-20 21:39:46,901 | INFO | PERIODIC STATE VALUES: {'mid': -1, 'x': -100, 'y': -100, 'z': -100, 'mpry': '0,0,0', 'pitch': 27, 'roll': -175, 'yaw': 23, 'vgx': 0, 'vgy': 0, 'vgz': -6, 'templ': 93, 'temph': 95, 'tof': 33, 'h': -30, 'bat': 54, 'baro': 93.57, 'time': 42, 'agx': 480.0, 'agy': 42.0, 'agz': 880.0}
2022-11-20 21:39:47,416 | INFO | PERIODIC STATE VALUES: {'mid': -1, 'x': -100, 'y': -100, 'z': -100, 'mpry': '0,0,0', 'pitch': 27, 'roll': -175, 'yaw': 23, 'vgx': 0, 'vgy': 0, 'vgz': -4, 'templ': 94, 'temph': 96, 'tof': 33, 'h': -40, 'bat': 54, 'baro': 93.29, 'time': 42, 'agx': 523.0, 'agy': -13.0, 'agz': 881.0}
2022-11-20 21:39:47,929 | INFO | PERIODIC STATE VALUES: {'mid': -1, 'x': -100, 'y': -100, 'z': -100, 'mpry': '0,0,0', 'pitch': 27, 'roll': -176, 'yaw': 23, 'vgx': 0, 'vgy': 0, 'vgz': 0, 'templ': 94, 'temph': 96, 'tof': 33, 'h': 0, 'bat': 54, 'baro': 94.0, 'time': 43, 'agx': 475.0, 'agy': 13.0, 'agz': 896.0}
2022-11-20 21:39:48,351 | INFO | Send command: 'land'
2022-11-20 21:39:48,444 | INFO | PERIODIC STATE VALUES: {'mid': -1, 'x': -100, 'y': -100, 'z': -100, 'mpry': '0,0,0', 'pitch': 27, 'roll': -176, 'yaw': 24, 'vgx': 0, 'vgy': 0, 'vgz': 3, 'templ': 94, 'temph': 96, 'tof': 33, 'h': 0, 'bat': 54, 'baro': 94.01, 'time': 43, 'agx': 457.0, 'agy': 20.0, 'agz': 903.0}
2022-11-20 21:39:48,460 | INFO | Response land: 'error'
2022-11-20 21:39:48,460 | INFO | Send command: 'land'
2022-11-20 21:39:48,569 | INFO | Response land: 'error'
2022-11-20 21:39:48,569 | INFO | Send command: 'land'
2022-11-20 21:39:48,678 | INFO | Response land: 'error'
