2022-11-20 21:26:09,087 | INFO | Tello instance was initialized. Host: '192.168.10.1'. Port: '8889'.
2022-11-20 21:26:09,087 | INFO | Trying to connect to the drone now!
2022-11-20 21:26:09,099 | INFO | Send command: 'command'
2022-11-20 21:26:09,209 | INFO | Response command: 'ok'
2022-11-20 21:26:09,210 | INFO | Connected to the drone successfully.
2022-11-20 21:26:09,225 | INFO | Send command: 'mon'
2022-11-20 21:26:09,225 | INFO | Send command: 'streamon'
2022-11-20 21:26:09,335 | INFO | Response streamon: 'ok'
2022-11-20 21:26:09,336 | INFO | Response mon: 'ok'
2022-11-20 21:26:09,337 | INFO | Send command: 'downvision 0'
2022-11-20 21:26:09,350 | INFO | Send command: 'mdirection 0'
2022-11-20 21:26:09,351 | INFO | Response mdirection 0: 'ok'
2022-11-20 21:26:09,352 | INFO | Send command: 'motoron'
2022-11-20 21:26:09,446 | INFO | Response downvision 0: 'ok'
2022-11-20 21:26:09,461 | INFO | Response motoron: 'ok'
2022-11-20 21:26:09,462 | INFO | Send command: 'setfps high'
2022-11-20 21:26:09,462 | INFO | data goes here
2022-11-20 21:26:09,478 | INFO | Send command: 'attitude?'
2022-11-20 21:26:09,478 | INFO | Response attitude?: 'ok'
2022-11-20 21:26:09,479 | INFO | ATTITUDE: {}
2022-11-20 21:26:09,493 | INFO | Send command: 'baro?'
2022-11-20 21:26:09,494 | INFO | Response baro?: 'pitch:0;roll:0;yaw:0;'
2022-11-20 21:26:09,571 | INFO | Response setfps high: '94.288536'
2022-11-20 21:26:09,587 | INFO | Send command: 'setfps high'
2022-11-20 21:26:09,698 | INFO | Response setfps high: 'ok'
2022-11-20 21:26:09,714 | INFO | PERIODIC STATE VALUES: {'mid': -1, 'x': -100, 'y': -100, 'z': -100, 'mpry': '0,0,0', 'pitch': 0, 'roll': 0, 'yaw': 0, 'vgx': 0, 'vgy': 0, 'vgz': 0, 'templ': 56, 'temph': 58, 'tof': 10, 'h': 0, 'bat': 75, 'baro': 94.22, 'time': 0, 'agx': 5.0, 'agy': -14.0, 'agz': -1000.0}
2022-11-20 21:26:10,219 | INFO | PERIODIC STATE VALUES: {'mid': -1, 'x': -100, 'y': -100, 'z': -100, 'mpry': '0,0,0', 'pitch': 0, 'roll': 0, 'yaw': 0, 'vgx': 0, 'vgy': 0, 'vgz': 0, 'templ': 56, 'temph': 58, 'tof': 10, 'h': 0, 'bat': 75, 'baro': 94.15, 'time': 0, 'agx': 6.0, 'agy': -16.0, 'agz': -996.0}
2022-11-20 21:26:10,720 | INFO | PERIODIC STATE VALUES: {'mid': -1, 'x': -100, 'y': -100, 'z': -100, 'mpry': '0,0,0', 'pitch': 0, 'roll': 0, 'yaw': 0, 'vgx': 0, 'vgy': 0, 'vgz': 0, 'templ': 59, 'temph': 62, 'tof': 10, 'h': 0, 'bat': 75, 'baro': 94.17, 'time': 0, 'agx': 2.0, 'agy': -11.0, 'agz': -1010.0}
2022-11-20 21:26:11,224 | INFO | PERIODIC STATE VALUES: {'mid': -1, 'x': -100, 'y': -100, 'z': -100, 'mpry': '0,0,0', 'pitch': 0, 'roll': 0, 'yaw': 0, 'vgx': 0, 'vgy': 0, 'vgz': 0, 'templ': 59, 'temph': 62, 'tof': 10, 'h': 0, 'bat': 75, 'baro': 94.13, 'time': 0, 'agx': 1.0, 'agy': -12.0, 'agz': -1000.0}
2022-11-20 21:26:11,727 | INFO | PERIODIC STATE VALUES: {'mid': -1, 'x': -100, 'y': -100, 'z': -100, 'mpry': '0,0,0', 'pitch': 0, 'roll': 0, 'yaw': 0, 'vgx': 0, 'vgy': 0, 'vgz': 0, 'templ': 60, 'temph': 62, 'tof': 10, 'h': 0, 'bat': 75, 'baro': 94.15, 'time': 0, 'agx': 7.0, 'agy': -14.0, 'agz': -1004.0}
2022-11-20 21:26:12,229 | INFO | PERIODIC STATE VALUES: {'mid': -1, 'x': -100, 'y': -100, 'z': -100, 'mpry': '0,0,0', 'pitch': 0, 'roll': 0, 'yaw': 0, 'vgx': 0, 'vgy': 0, 'vgz': 0, 'templ': 60, 'temph': 62, 'tof': 10, 'h': 0, 'bat': 75, 'baro': 94.16, 'time': 0, 'agx': 10.0, 'agy': -15.0, 'agz': -1001.0}
2022-11-20 21:26:12,745 | INFO | PERIODIC STATE VALUES: {'mid': -1, 'x': -100, 'y': -100, 'z': -100, 'mpry': '0,0,0', 'pitch': 0, 'roll': 0, 'yaw': 0, 'vgx': 0, 'vgy': 0, 'vgz': 0, 'templ': 61, 'temph': 63, 'tof': 10, 'h': 0, 'bat': 75, 'baro': 94.08, 'time': 0, 'agx': 8.0, 'agy': -12.0, 'agz': -998.0}
2022-11-20 21:26:13,250 | INFO | PERIODIC STATE VALUES: {'mid': -1, 'x': -100, 'y': -100, 'z': -100, 'mpry': '0,0,0', 'pitch': 0, 'roll': 0, 'yaw': 0, 'vgx': 0, 'vgy': 0, 'vgz': 0, 'templ': 61, 'temph': 63, 'tof': 10, 'h': 0, 'bat': 75, 'baro': 94.1, 'time': 0, 'agx': 1.0, 'agy': -13.0, 'agz': -1004.0}
2022-11-20 21:26:13,758 | INFO | PERIODIC STATE VALUES: {'mid': -1, 'x': -100, 'y': -100, 'z': -100, 'mpry': '0,0,0', 'pitch': 0, 'roll': 0, 'yaw': 0, 'vgx': 0, 'vgy': 0, 'vgz': 0, 'templ': 61, 'temph': 63, 'tof': 10, 'h': 0, 'bat': 75, 'baro': 94.1, 'time': 0, 'agx': 2.0, 'agy': -13.0, 'agz': -1005.0}
2022-11-20 21:26:14,261 | INFO | PERIODIC STATE VALUES: {'mid': -1, 'x': -100, 'y': -100, 'z': -100, 'mpry': '0,0,0', 'pitch': 0, 'roll': 0, 'yaw': 0, 'vgx': 0, 'vgy': 0, 'vgz': 0, 'templ': 61, 'temph': 63, 'tof': 10, 'h': 0, 'bat': 75, 'baro': 94.09, 'time': 0, 'agx': 7.0, 'agy': -14.0, 'agz': -1006.0}
2022-11-20 21:26:14,500 | INFO | Send command: 'takeoff'
2022-11-20 21:26:14,767 | INFO | PERIODIC STATE VALUES: {'mid': -1, 'x': -100, 'y': -100, 'z': -100, 'mpry': '0,0,0', 'pitch': 0, 'roll': 0, 'yaw': 0, 'vgx': 0, 'vgy': 0, 'vgz': 0, 'templ': 62, 'temph': 63, 'tof': 10, 'h': 0, 'bat': 75, 'baro': 94.12, 'time': 0, 'agx': 8.0, 'agy': -13.0, 'agz': -1003.0}
2022-11-20 21:26:15,270 | INFO | PERIODIC STATE VALUES: {'mid': -1, 'x': -100, 'y': -100, 'z': -100, 'mpry': '0,0,0', 'pitch': 0, 'roll': 0, 'yaw': 0, 'vgx': 0, 'vgy': 0, 'vgz': 0, 'templ': 62, 'temph': 63, 'tof': 10, 'h': 0, 'bat': 75, 'baro': 94.12, 'time': 0, 'agx': -9.0, 'agy': -18.0, 'agz': -1177.0}
2022-11-20 21:26:15,772 | INFO | PERIODIC STATE VALUES: {'mid': -1, 'x': -100, 'y': -100, 'z': -100, 'mpry': '0,0,0', 'pitch': 0, 'roll': 0, 'yaw': 0, 'vgx': 0, 'vgy': 0, 'vgz': 8, 'templ': 62, 'temph': 64, 'tof': 31, 'h': 30, 'bat': 75, 'baro': 94.56, 'time': 1, 'agx': -3.0, 'agy': -12.0, 'agz': -955.0}
2022-11-20 21:26:16,278 | INFO | PERIODIC STATE VALUES: {'mid': 2, 'x': 0, 'y': 0, 'z': 37, 'mpry': '2,90,-178', 'pitch': 0, 'roll': 0, 'yaw': 0, 'vgx': 0, 'vgy': 0, 'vgz': 4, 'templ': 62, 'temph': 64, 'tof': 61, 'h': 60, 'bat': 75, 'baro': 94.93, 'time': 1, 'agx': -1.0, 'agy': -9.0, 'agz': -903.0}
2022-11-20 21:26:16,783 | INFO | PERIODIC STATE VALUES: {'mid': 2, 'x': 0, 'y': 2, 'z': 62, 'mpry': '4,90,-177', 'pitch': 0, 'roll': 1, 'yaw': 0, 'vgx': 0, 'vgy': 0, 'vgz': 1, 'templ': 62, 'temph': 65, 'tof': 70, 'h': 70, 'bat': 75, 'baro': 95.0, 'time': 2, 'agx': -5.0, 'agy': -10.0, 'agz': -980.0}
2022-11-20 21:26:17,287 | INFO | PERIODIC STATE VALUES: {'mid': 2, 'x': -1, 'y': 1, 'z': 71, 'mpry': '4,90,-175', 'pitch': 0, 'roll': 1, 'yaw': 0, 'vgx': 0, 'vgy': 0, 'vgz': 0, 'templ': 62, 'temph': 65, 'tof': 76, 'h': 70, 'bat': 75, 'baro': 95.2, 'time': 2, 'agx': -4.0, 'agy': -13.0, 'agz': -1017.0}
2022-11-20 21:26:17,791 | INFO | PERIODIC STATE VALUES: {'mid': 2, 'x': -4, 'y': 0, 'z': 76, 'mpry': '4,90,-176', 'pitch': 0, 'roll': 1, 'yaw': 0, 'vgx': 0, 'vgy': 0, 'vgz': 0, 'templ': 63, 'temph': 65, 'tof': 80, 'h': 80, 'bat': 75, 'baro': 95.1, 'time': 3, 'agx': 6.0, 'agy': -21.0, 'agz': -991.0}
2022-11-20 21:26:18,308 | INFO | PERIODIC STATE VALUES: {'mid': 2, 'x': -3, 'y': -2, 'z': 81, 'mpry': '4,90,-174', 'pitch': 0, 'roll': 1, 'yaw': 0, 'vgx': 0, 'vgy': 0, 'vgz': 0, 'templ': 63, 'temph': 65, 'tof': 84, 'h': 80, 'bat': 75, 'baro': 95.17, 'time': 3, 'agx': -9.0, 'agy': -16.0, 'agz': -1001.0}
2022-11-20 21:26:18,810 | INFO | PERIODIC STATE VALUES: {'mid': 2, 'x': -6, 'y': -2, 'z': 84, 'mpry': '5,89,-177', 'pitch': 0, 'roll': 1, 'yaw': 0, 'vgx': 0, 'vgy': 0, 'vgz': 0, 'templ': 64, 'temph': 65, 'tof': 84, 'h': 80, 'bat': 75, 'baro': 95.06, 'time': 4, 'agx': -9.0, 'agy': -22.0, 'agz': -999.0}
2022-11-20 21:26:19,325 | INFO | PERIODIC STATE VALUES: {'mid': 2, 'x': -6, 'y': -1, 'z': 86, 'mpry': '6,89,-177', 'pitch': 0, 'roll': 1, 'yaw': 0, 'vgx': 0, 'vgy': 0, 'vgz': 0, 'templ': 64, 'temph': 65, 'tof': 86, 'h': 80, 'bat': 75, 'baro': 95.13, 'time': 4, 'agx': -3.0, 'agy': -6.0, 'agz': -1001.0}
2022-11-20 21:26:19,829 | INFO | PERIODIC STATE VALUES: {'mid': 2, 'x': -8, 'y': -6, 'z': 87, 'mpry': '3,89,-178', 'pitch': 0, 'roll': 1, 'yaw': 0, 'vgx': 0, 'vgy': 0, 'vgz': 0, 'templ': 64, 'temph': 65, 'tof': 84, 'h': 80, 'bat': 75, 'baro': 95.13, 'time': 5, 'agx': -2.0, 'agy': -19.0, 'agz': -991.0}
2022-11-20 21:26:20,345 | INFO | PERIODIC STATE VALUES: {'mid': 2, 'x': -4, 'y': -2, 'z': 88, 'mpry': '5,89,-176', 'pitch': 0, 'roll': 1, 'yaw': 0, 'vgx': 0, 'vgy': 0, 'vgz': 0, 'templ': 64, 'temph': 65, 'tof': 85, 'h': 80, 'bat': 75, 'baro': 95.1, 'time': 5, 'agx': 1.0, 'agy': -21.0, 'agz': -1009.0}
2022-11-20 21:26:20,862 | INFO | PERIODIC STATE VALUES: {'mid': 2, 'x': -6, 'y': 0, 'z': 88, 'mpry': '7,89,-177', 'pitch': 0, 'roll': 1, 'yaw': 0, 'vgx': 0, 'vgy': 0, 'vgz': 0, 'templ': 64, 'temph': 67, 'tof': 86, 'h': 80, 'bat': 75, 'baro': 95.15, 'time': 6, 'agx': -1.0, 'agy': -16.0, 'agz': -987.0}
2022-11-20 21:26:21,377 | INFO | PERIODIC STATE VALUES: {'mid': 2, 'x': -2, 'y': -2, 'z': 89, 'mpry': '5,89,-175', 'pitch': 0, 'roll': 1, 'yaw': 0, 'vgx': 0, 'vgy': 0, 'vgz': 0, 'templ': 64, 'temph': 67, 'tof': 87, 'h': 80, 'bat': 75, 'baro': 95.17, 'time': 6, 'agx': -3.0, 'agy': -14.0, 'agz': -982.0}
2022-11-20 21:26:21,879 | INFO | PERIODIC STATE VALUES: {'mid': 2, 'x': -6, 'y': 0, 'z': 89, 'mpry': '6,89,-178', 'pitch': 0, 'roll': 1, 'yaw': 0, 'vgx': 0, 'vgy': 0, 'vgz': 0, 'templ': 64, 'temph': 67, 'tof': 86, 'h': 80, 'bat': 75, 'baro': 95.11, 'time': 7, 'agx': 0.0, 'agy': -15.0, 'agz': -1001.0}
2022-11-20 21:26:22,381 | INFO | PERIODIC STATE VALUES: {'mid': 2, 'x': -4, 'y': -1, 'z': 89, 'mpry': '5,89,-177', 'pitch': 0, 'roll': 1, 'yaw': 0, 'vgx': 0, 'vgy': 0, 'vgz': 0, 'templ': 64, 'temph': 67, 'tof': 86, 'h': 80, 'bat': 75, 'baro': 95.13, 'time': 7, 'agx': 0.0, 'agy': -14.0, 'agz': -1005.0}
2022-11-20 21:26:22,884 | INFO | PERIODIC STATE VALUES: {'mid': 2, 'x': -2, 'y': 0, 'z': 88, 'mpry': '6,90,-175', 'pitch': 0, 'roll': 1, 'yaw': 0, 'vgx': 0, 'vgy': 0, 'vgz': 0, 'templ': 65, 'temph': 67, 'tof': 85, 'h': 80, 'bat': 75, 'baro': 95.2, 'time': 8, 'agx': -3.0, 'agy': -33.0, 'agz': -1007.0}
2022-11-20 21:26:23,291 | INFO | Response takeoff: 'ok'
2022-11-20 21:26:23,386 | INFO | PERIODIC STATE VALUES: {'mid': 2, 'x': -5, 'y': -2, 'z': 88, 'mpry': '5,89,-177', 'pitch': 0, 'roll': 1, 'yaw': 0, 'vgx': 0, 'vgy': 0, 'vgz': 0, 'templ': 65, 'temph': 67, 'tof': 86, 'h': 80, 'bat': 75, 'baro': 95.2, 'time': 8, 'agx': 0.0, 'agy': -27.0, 'agz': -999.0}
2022-11-20 21:26:23,889 | INFO | PERIODIC STATE VALUES: {'mid': 2, 'x': -5, 'y': -1, 'z': 89, 'mpry': '5,89,-176', 'pitch': 0, 'roll': 1, 'yaw': 0, 'vgx': 0, 'vgy': 0, 'vgz': 0, 'templ': 65, 'temph': 68, 'tof': 86, 'h': 80, 'bat': 75, 'baro': 95.19, 'time': 9, 'agx': -5.0, 'agy': -29.0, 'agz': -1003.0}
2022-11-20 21:26:24,393 | INFO | PERIODIC STATE VALUES: {'mid': 2, 'x': 0, 'y': -4, 'z': 90, 'mpry': '3,90,-173', 'pitch': 0, 'roll': 1, 'yaw': 0, 'vgx': 0, 'vgy': 0, 'vgz': 0, 'templ': 65, 'temph': 68, 'tof': 85, 'h': 80, 'bat': 75, 'baro': 95.14, 'time': 9, 'agx': -10.0, 'agy': -22.0, 'agz': -995.0}
2022-11-20 21:26:24,899 | INFO | PERIODIC STATE VALUES: {'mid': 2, 'x': -3, 'y': 0, 'z': 89, 'mpry': '5,89,-175', 'pitch': 0, 'roll': 1, 'yaw': 0, 'vgx': 0, 'vgy': 0, 'vgz': 0, 'templ': 65, 'temph': 67, 'tof': 85, 'h': 80, 'bat': 75, 'baro': 95.17, 'time': 10, 'agx': -6.0, 'agy': -11.0, 'agz': -1001.0}
2022-11-20 21:26:25,402 | INFO | PERIODIC STATE VALUES: {'mid': 2, 'x': -5, 'y': 0, 'z': 87, 'mpry': '5,89,-177', 'pitch': 0, 'roll': 1, 'yaw': 0, 'vgx': 0, 'vgy': 0, 'vgz': 0, 'templ': 65, 'temph': 67, 'tof': 84, 'h': 80, 'bat': 75, 'baro': 95.14, 'time': 10, 'agx': -8.0, 'agy': -16.0, 'agz': -1002.0}
2022-11-20 21:26:25,919 | INFO | PERIODIC STATE VALUES: {'mid': 2, 'x': -5, 'y': -1, 'z': 87, 'mpry': '5,89,-177', 'pitch': 0, 'roll': 1, 'yaw': 0, 'vgx': 0, 'vgy': 0, 'vgz': 0, 'templ': 66, 'temph': 68, 'tof': 83, 'h': 80, 'bat': 75, 'baro': 95.08, 'time': 11, 'agx': -6.0, 'agy': -26.0, 'agz': -1009.0}
2022-11-20 21:26:26,453 | INFO | PERIODIC STATE VALUES: {'mid': 2, 'x': -4, 'y': 0, 'z': 86, 'mpry': '4,89,-177', 'pitch': 0, 'roll': 1, 'yaw': 0, 'vgx': 0, 'vgy': 0, 'vgz': 0, 'templ': 66, 'temph': 68, 'tof': 83, 'h': 80, 'bat': 75, 'baro': 95.1, 'time': 11, 'agx': -7.0, 'agy': -13.0, 'agz': -995.0}
2022-11-20 21:26:26,956 | INFO | PERIODIC STATE VALUES: {'mid': 2, 'x': 0, 'y': 2, 'z': 86, 'mpry': '6,90,-175', 'pitch': 0, 'roll': 1, 'yaw': 0, 'vgx': 0, 'vgy': 0, 'vgz': 0, 'templ': 67, 'temph': 68, 'tof': 84, 'h': 80, 'bat': 75, 'baro': 95.18, 'time': 12, 'agx': -8.0, 'agy': -20.0, 'agz': -996.0}
2022-11-20 21:26:27,470 | INFO | PERIODIC STATE VALUES: {'mid': 2, 'x': -3, 'y': 0, 'z': 87, 'mpry': '5,90,-177', 'pitch': 0, 'roll': 1, 'yaw': 0, 'vgx': 0, 'vgy': 0, 'vgz': 0, 'templ': 67, 'temph': 68, 'tof': 86, 'h': 80, 'bat': 75, 'baro': 95.18, 'time': 12, 'agx': 2.0, 'agy': -10.0, 'agz': -992.0}
2022-11-20 21:26:27,986 | INFO | PERIODIC STATE VALUES: {'mid': 2, 'x': -3, 'y': 1, 'z': 88, 'mpry': '5,90,-177', 'pitch': 0, 'roll': 1, 'yaw': 0, 'vgx': 0, 'vgy': 0, 'vgz': 0, 'templ': 67, 'temph': 69, 'tof': 87, 'h': 80, 'bat': 75, 'baro': 95.28, 'time': 13, 'agx': -1.0, 'agy': -15.0, 'agz': -984.0}
2022-11-20 21:26:28,299 | INFO | Send command: 'land'
2022-11-20 21:26:28,489 | INFO | PERIODIC STATE VALUES: {'mid': 2, 'x': -6, 'y': 1, 'z': 89, 'mpry': '5,90,-178', 'pitch': 0, 'roll': 1, 'yaw': 0, 'vgx': 0, 'vgy': 0, 'vgz': 0, 'templ': 67, 'temph': 69, 'tof': 88, 'h': 80, 'bat': 75, 'baro': 95.29, 'time': 13, 'agx': -1.0, 'agy': -9.0, 'agz': -997.0}
2022-11-20 21:26:29,003 | INFO | PERIODIC STATE VALUES: {'mid': 2, 'x': -5, 'y': 0, 'z': 90, 'mpry': '3,90,-177', 'pitch': 0, 'roll': 1, 'yaw': 0, 'vgx': 0, 'vgy': 0, 'vgz': 0, 'templ': 67, 'temph': 70, 'tof': 89, 'h': 80, 'bat': 74, 'baro': 95.26, 'time': 14, 'agx': 0.0, 'agy': -9.0, 'agz': -937.0}
2022-11-20 21:26:29,506 | INFO | PERIODIC STATE VALUES: {'mid': 2, 'x': -4, 'y': 0, 'z': 91, 'mpry': '3,89,-176', 'pitch': 0, 'roll': 1, 'yaw': 0, 'vgx': 0, 'vgy': 0, 'vgz': -4, 'templ': 67, 'temph': 70, 'tof': 75, 'h': 70, 'bat': 74, 'baro': 95.21, 'time': 14, 'agx': -5.0, 'agy': -9.0, 'agz': -947.0}
2022-11-20 21:26:30,008 | INFO | PERIODIC STATE VALUES: {'mid': 2, 'x': -3, 'y': 2, 'z': 89, 'mpry': '5,90,-175', 'pitch': 0, 'roll': 1, 'yaw': 0, 'vgx': 0, 'vgy': 0, 'vgz': -4, 'templ': 67, 'temph': 70, 'tof': 51, 'h': 50, 'bat': 74, 'baro': 94.95, 'time': 15, 'agx': -9.0, 'agy': -24.0, 'agz': -996.0}
2022-11-20 21:26:30,511 | INFO | PERIODIC STATE VALUES: {'mid': 2, 'x': -7, 'y': -2, 'z': 53, 'mpry': '3,90,-176', 'pitch': -1, 'roll': 1, 'yaw': 0, 'vgx': 0, 'vgy': 0, 'vgz': -4, 'templ': 67, 'temph': 70, 'tof': 27, 'h': 30, 'bat': 74, 'baro': 94.7, 'time': 15, 'agx': -6.0, 'agy': -26.0, 'agz': -997.0}
2022-11-20 21:26:31,026 | INFO | PERIODIC STATE VALUES: {'mid': 2, 'x': -7, 'y': -2, 'z': 53, 'mpry': '3,90,-176', 'pitch': 0, 'roll': 1, 'yaw': 0, 'vgx': 0, 'vgy': 0, 'vgz': -3, 'templ': 68, 'temph': 70, 'tof': 15, 'h': 0, 'bat': 73, 'baro': 91.31, 'time': 16, 'agx': -16.0, 'agy': -17.0, 'agz': -1039.0}
2022-11-20 21:26:31,263 | INFO | Response land: 'ok'
2022-11-20 21:26:31,278 | INFO | Send command: 'motoron'
2022-11-20 21:26:31,385 | INFO | Response motoron: 'ok'
2022-11-20 21:26:31,542 | INFO | PERIODIC STATE VALUES: {'mid': 2, 'x': -7, 'y': -2, 'z': 53, 'mpry': '3,90,-176', 'pitch': 1, 'roll': 0, 'yaw': -2, 'vgx': 0, 'vgy': 0, 'vgz': 0, 'templ': 68, 'temph': 70, 'tof': 10, 'h': 0, 'bat': 73, 'baro': 93.73, 'time': 16, 'agx': 27.0, 'agy': -1.0, 'agz': -1017.0}
2022-11-20 21:26:32,044 | INFO | PERIODIC STATE VALUES: {'mid': 2, 'x': -7, 'y': -2, 'z': 53, 'mpry': '3,90,-176', 'pitch': 1, 'roll': 0, 'yaw': -2, 'vgx': 0, 'vgy': -1, 'vgz': -1, 'templ': 68, 'temph': 70, 'tof': 10, 'h': 0, 'bat': 73, 'baro': 94.01, 'time': 16, 'agx': 31.0, 'agy': -5.0, 'agz': -995.0}
2022-11-20 21:26:32,548 | INFO | PERIODIC STATE VALUES: {'mid': 2, 'x': -7, 'y': -2, 'z': 53, 'mpry': '3,90,-176', 'pitch': 1, 'roll': 0, 'yaw': -2, 'vgx': 0, 'vgy': -1, 'vgz': -1, 'templ': 68, 'temph': 70, 'tof': 10, 'h': 0, 'bat': 72, 'baro': 94.0, 'time': 16, 'agx': 33.0, 'agy': -10.0, 'agz': -991.0}
2022-11-20 21:26:33,049 | INFO | PERIODIC STATE VALUES: {'mid': 2, 'x': -7, 'y': -2, 'z': 53, 'mpry': '3,90,-176', 'pitch': 1, 'roll': 0, 'yaw': -2, 'vgx': 0, 'vgy': 0, 'vgz': 0, 'templ': 68, 'temph': 70, 'tof': 10, 'h': 0, 'bat': 72, 'baro': 94.02, 'time': 16, 'agx': 40.0, 'agy': -12.0, 'agz': -998.0}
2022-11-20 21:26:33,565 | INFO | PERIODIC STATE VALUES: {'mid': 2, 'x': -7, 'y': -2, 'z': 53, 'mpry': '3,90,-176', 'pitch': 1, 'roll': 0, 'yaw': -2, 'vgx': 0, 'vgy': 0, 'vgz': 0, 'templ': 68, 'temph': 71, 'tof': 10, 'h': 0, 'bat': 72, 'baro': 94.02, 'time': 16, 'agx': 31.0, 'agy': -8.0, 'agz': -991.0}
2022-11-20 21:26:34,069 | INFO | PERIODIC STATE VALUES: {'mid': 2, 'x': -7, 'y': -2, 'z': 53, 'mpry': '3,90,-176', 'pitch': 1, 'roll': 0, 'yaw': -2, 'vgx': 0, 'vgy': 0, 'vgz': 0, 'templ': 68, 'temph': 71, 'tof': 10, 'h': 0, 'bat': 72, 'baro': 94.01, 'time': 16, 'agx': 26.0, 'agy': 0.0, 'agz': -992.0}
2022-11-20 21:26:34,583 | INFO | PERIODIC STATE VALUES: {'mid': 2, 'x': -7, 'y': -2, 'z': 53, 'mpry': '3,90,-176', 'pitch': 1, 'roll': 0, 'yaw': -2, 'vgx': 0, 'vgy': 0, 'vgz': 0, 'templ': 68, 'temph': 70, 'tof': 10, 'h': 0, 'bat': 72, 'baro': 94.0, 'time': 16, 'agx': 32.0, 'agy': -11.0, 'agz': -992.0}
2022-11-20 21:26:35,089 | INFO | PERIODIC STATE VALUES: {'mid': 2, 'x': -7, 'y': -2, 'z': 53, 'mpry': '3,90,-176', 'pitch': 1, 'roll': 0, 'yaw': -2, 'vgx': 0, 'vgy': 0, 'vgz': 0, 'templ': 68, 'temph': 70, 'tof': 10, 'h': 0, 'bat': 72, 'baro': 93.98, 'time': 16, 'agx': 42.0, 'agy': -11.0, 'agz': -1003.0}
2022-11-20 21:26:35,596 | INFO | PERIODIC STATE VALUES: {'mid': 2, 'x': -7, 'y': -2, 'z': 53, 'mpry': '3,90,-176', 'pitch': 1, 'roll': 0, 'yaw': -2, 'vgx': 0, 'vgy': 0, 'vgz': 0, 'templ': 69, 'temph': 71, 'tof': 10, 'h': 0, 'bat': 72, 'baro': 93.94, 'time': 16, 'agx': 31.0, 'agy': -2.0, 'agz': -1001.0}
2022-11-20 21:26:36,109 | INFO | PERIODIC STATE VALUES: {'mid': -1, 'x': -100, 'y': -100, 'z': -100, 'mpry': '0,0,0', 'pitch': 1, 'roll': 0, 'yaw': -2, 'vgx': 0, 'vgy': 0, 'vgz': 0, 'templ': 69, 'temph': 71, 'tof': 10, 'h': 0, 'bat': 72, 'baro': 93.97, 'time': 16, 'agx': 24.0, 'agy': 3.0, 'agz': -992.0}
2022-11-20 21:26:36,390 | INFO | Send command: 'motoroff'
2022-11-20 21:26:36,501 | INFO | Response motoroff: 'ok'
2022-11-20 21:26:36,517 | INFO | Send command: 'streamoff'
2022-11-20 21:26:36,626 | INFO | PERIODIC STATE VALUES: {'mid': -1, 'x': -100, 'y': -100, 'z': -100, 'mpry': '0,0,0', 'pitch': 1, 'roll': 0, 'yaw': -2, 'vgx': 0, 'vgy': 0, 'vgz': 0, 'templ': 69, 'temph': 71, 'tof': 10, 'h': 0, 'bat': 72, 'baro': 94.0, 'time': 16, 'agx': 39.0, 'agy': -7.0, 'agz': -996.0}
2022-11-20 21:26:36,627 | INFO | Response streamoff: 'ok'
2022-11-20 21:26:36,627 | INFO | EXECUTION TIME: --- 27.275455713272095 seconds ---
