2022-11-29 12:02:54,033 | INFO | Tello instance was initialized. Host: '192.168.10.1'. Port: '8889'.
2022-11-29 12:02:54,033 | INFO | Trying to connect to the drone now!
2022-11-29 12:02:54,040 | INFO | Send command: 'command'
2022-11-29 12:02:54,149 | INFO | Response command: 'ok'
2022-11-29 12:02:54,153 | INFO | Connected to the drone successfully.
2022-11-29 12:02:54,165 | INFO | Send command: 'mon'
2022-11-29 12:02:54,165 | INFO | Send command: 'streamon'
2022-11-29 12:02:54,277 | INFO | Response streamon: 'ok'
2022-11-29 12:02:54,277 | INFO | Response mon: 'ok'
2022-11-29 12:02:54,277 | INFO | Send command: 'downvision 0'
2022-11-29 12:02:54,277 | INFO | Send command: 'mdirection 0'
2022-11-29 12:02:54,388 | INFO | Response mdirection 0: 'ok'
2022-11-29 12:02:54,388 | INFO | Response downvision 0: 'ok'
2022-11-29 12:02:54,388 | INFO | Send command: 'motoron'
2022-11-29 12:02:54,404 | INFO | Send command: 'setfps high'
2022-11-29 12:02:54,404 | INFO | Response setfps high: 'error'
2022-11-29 12:02:54,404 | INFO | Send command: 'setfps high'
2022-11-29 12:02:54,497 | INFO | Response motoron: 'ok'
2022-11-29 12:02:54,498 | INFO | data goes here
2022-11-29 12:02:54,513 | INFO | Response setfps high: 'ok'
2022-11-29 12:02:54,514 | INFO | Send command: 'attitude?'
2022-11-29 12:02:54,529 | INFO | Send command: 'setbitrate 1'
2022-11-29 12:02:54,624 | INFO | Response attitude?: 'pitch:0;roll:0;yaw:-9;'
2022-11-29 12:02:54,624 | INFO | ATTITUDE: {'pitch': 0, 'roll': 0, 'yaw': -9}
2022-11-29 12:02:54,624 | INFO | Send command: 'baro?'
2022-11-29 12:02:54,624 | INFO | Response baro?: 'ok'
2022-11-29 12:02:54,624 | INFO | Send command: 'takeoff'
2022-11-29 12:02:54,655 | INFO | PERIODIC STATE VALUES: {'mid': -1, 'x': -100, 'y': -100, 'z': -100, 'mpry': '0,0,0', 'pitch': 0, 'roll': 0, 'yaw': -9, 'vgx': 0, 'vgy': 0, 'vgz': 0, 'templ': 81, 'temph': 82, 'tof': 10, 'h': 0, 'bat': 92, 'baro': 99.8, 'time': 12, 'agx': -3.0, 'agy': -18.0, 'agz': -1003.0}
2022-11-29 12:02:54,733 | INFO | Response takeoff: '99.758621'
2022-11-29 12:02:54,734 | INFO | Send command: 'takeoff'
2022-11-29 12:02:54,844 | INFO | Response takeoff: 'error'
2022-11-29 12:02:54,844 | INFO | Send command: 'takeoff'
2022-11-29 12:02:54,860 | INFO | Response setbitrate 1: 'error'
2022-11-29 12:02:54,860 | INFO | Send command: 'setbitrate 1'
2022-11-29 12:02:54,954 | INFO | Response takeoff: 'ok'
2022-11-29 12:02:55,161 | INFO | PERIODIC STATE VALUES: {'mid': -1, 'x': -100, 'y': -100, 'z': -100, 'mpry': '0,0,0', 'pitch': 0, 'roll': 0, 'yaw': -9, 'vgx': 0, 'vgy': 0, 'vgz': 0, 'templ': 81, 'temph': 82, 'tof': 10, 'h': 0, 'bat': 92, 'baro': 99.77, 'time': 12, 'agx': -10.0, 'agy': -17.0, 'agz': -1000.0}
2022-11-29 12:02:55,664 | INFO | PERIODIC STATE VALUES: {'mid': -1, 'x': -100, 'y': -100, 'z': -100, 'mpry': '0,0,0', 'pitch': 1, 'roll': 0, 'yaw': -11, 'vgx': 0, 'vgy': 0, 'vgz': 8, 'templ': 81, 'temph': 84, 'tof': 20, 'h': 20, 'bat': 92, 'baro': 100.3, 'time': 13, 'agx': 9.0, 'agy': -21.0, 'agz': -1030.0}
2022-11-29 12:02:56,168 | INFO | PERIODIC STATE VALUES: {'mid': -1, 'x': -100, 'y': -100, 'z': -100, 'mpry': '0,0,0', 'pitch': 0, 'roll': 0, 'yaw': -11, 'vgx': 0, 'vgy': 0, 'vgz': 5, 'templ': 81, 'temph': 84, 'tof': 53, 'h': 60, 'bat': 92, 'baro': 100.56, 'time': 13, 'agx': -7.0, 'agy': -27.0, 'agz': -882.0}
2022-11-29 12:02:56,671 | INFO | PERIODIC STATE VALUES: {'mid': 6, 'x': 1, 'y': 0, 'z': 47, 'mpry': '-1,-28,180', 'pitch': 0, 'roll': 1, 'yaw': -11, 'vgx': 0, 'vgy': 0, 'vgz': 1, 'templ': 81, 'temph': 84, 'tof': 64, 'h': 70, 'bat': 92, 'baro': 100.69, 'time': 14, 'agx': -9.0, 'agy': -6.0, 'agz': -982.0}
2022-11-29 12:02:57,173 | INFO | PERIODIC STATE VALUES: {'mid': 6, 'x': 2, 'y': 0, 'z': 64, 'mpry': '2,-28,-177', 'pitch': 0, 'roll': 1, 'yaw': -11, 'vgx': 0, 'vgy': 0, 'vgz': 1, 'templ': 81, 'temph': 84, 'tof': 67, 'h': 80, 'bat': 92, 'baro': 100.76, 'time': 14, 'agx': -13.0, 'agy': -11.0, 'agz': -1020.0}
2022-11-29 12:02:57,676 | INFO | PERIODIC STATE VALUES: {'mid': 6, 'x': 1, 'y': 2, 'z': 67, 'mpry': '1,-28,-176', 'pitch': 0, 'roll': 1, 'yaw': -11, 'vgx': 0, 'vgy': 0, 'vgz': 1, 'templ': 81, 'temph': 83, 'tof': 73, 'h': 80, 'bat': 92, 'baro': 100.71, 'time': 15, 'agx': 9.0, 'agy': -30.0, 'agz': -983.0}
2022-11-29 12:02:58,178 | INFO | PERIODIC STATE VALUES: {'mid': 6, 'x': 0, 'y': 3, 'z': 72, 'mpry': '1,-28,-177', 'pitch': 0, 'roll': 0, 'yaw': -10, 'vgx': 0, 'vgy': 0, 'vgz': 1, 'templ': 81, 'temph': 83, 'tof': 78, 'h': 90, 'bat': 92, 'baro': 100.78, 'time': 15, 'agx': -5.0, 'agy': -30.0, 'agz': -977.0}
2022-11-29 12:02:58,680 | INFO | PERIODIC STATE VALUES: {'mid': 6, 'x': 0, 'y': 2, 'z': 77, 'mpry': '1,-28,-177', 'pitch': 0, 'roll': 0, 'yaw': -10, 'vgx': 0, 'vgy': 0, 'vgz': 0, 'templ': 80, 'temph': 82, 'tof': 82, 'h': 90, 'bat': 92, 'baro': 100.87, 'time': 16, 'agx': -6.0, 'agy': -15.0, 'agz': -991.0}
2022-11-29 12:02:59,184 | INFO | PERIODIC STATE VALUES: {'mid': 6, 'x': 0, 'y': 3, 'z': 81, 'mpry': '1,-28,-178', 'pitch': 0, 'roll': 0, 'yaw': -10, 'vgx': 0, 'vgy': 0, 'vgz': 0, 'templ': 80, 'temph': 82, 'tof': 83, 'h': 90, 'bat': 92, 'baro': 100.88, 'time': 16, 'agx': 2.0, 'agy': -11.0, 'agz': -987.0}
2022-11-29 12:02:59,686 | INFO | PERIODIC STATE VALUES: {'mid': 6, 'x': 0, 'y': 2, 'z': 84, 'mpry': '1,-28,-178', 'pitch': 0, 'roll': 0, 'yaw': -10, 'vgx': 0, 'vgy': 0, 'vgz': 0, 'templ': 81, 'temph': 82, 'tof': 84, 'h': 90, 'bat': 92, 'baro': 100.86, 'time': 17, 'agx': -18.0, 'agy': -7.0, 'agz': -1001.0}
2022-11-29 12:02:59,702 | INFO | Response setbitrate 1: 'ok'
2022-11-29 12:02:59,717 | INFO | Send command: 'setresolution high'
2022-11-29 12:02:59,830 | INFO | Response setresolution high: 'ok'
2022-11-29 12:02:59,956 | INFO | Send command: 'land'
2022-11-29 12:03:00,192 | INFO | PERIODIC STATE VALUES: {'mid': 6, 'x': -1, 'y': 6, 'z': 84, 'mpry': '0,-28,178', 'pitch': 0, 'roll': 0, 'yaw': -10, 'vgx': 0, 'vgy': 0, 'vgz': 0, 'templ': 81, 'temph': 82, 'tof': 84, 'h': 90, 'bat': 92, 'baro': 100.95, 'time': 17, 'agx': -27.0, 'agy': -7.0, 'agz': -1000.0}
2022-11-29 12:03:00,708 | INFO | PERIODIC STATE VALUES: {'mid': 6, 'x': 0, 'y': 5, 'z': 85, 'mpry': '1,-28,178', 'pitch': 0, 'roll': 1, 'yaw': -10, 'vgx': 0, 'vgy': 0, 'vgz': 0, 'templ': 80, 'temph': 82, 'tof': 85, 'h': 90, 'bat': 92, 'baro': 100.88, 'time': 18, 'agx': -9.0, 'agy': -11.0, 'agz': -976.0}
2022-11-29 12:03:01,212 | INFO | PERIODIC STATE VALUES: {'mid': 6, 'x': 0, 'y': 2, 'z': 86, 'mpry': '2,-28,-178', 'pitch': 0, 'roll': 1, 'yaw': -10, 'vgx': 0, 'vgy': 0, 'vgz': -4, 'templ': 80, 'temph': 82, 'tof': 71, 'h': 80, 'bat': 92, 'baro': 100.71, 'time': 18, 'agx': -25.0, 'agy': 3.0, 'agz': -965.0}
2022-11-29 12:03:01,715 | INFO | PERIODIC STATE VALUES: {'mid': 6, 'x': -1, 'y': 2, 'z': 82, 'mpry': '0,-28,-178', 'pitch': 0, 'roll': 0, 'yaw': -10, 'vgx': 0, 'vgy': 0, 'vgz': -4, 'templ': 80, 'temph': 83, 'tof': 47, 'h': 60, 'bat': 92, 'baro': 100.68, 'time': 19, 'agx': -1.0, 'agy': -13.0, 'agz': -993.0}
2022-11-29 12:03:02,218 | INFO | PERIODIC STATE VALUES: {'mid': 6, 'x': 0, 'y': 2, 'z': 61, 'mpry': '0,-28,-178', 'pitch': 0, 'roll': 0, 'yaw': -10, 'vgx': 0, 'vgy': 0, 'vgz': -4, 'templ': 80, 'temph': 83, 'tof': 24, 'h': 30, 'bat': 92, 'baro': 100.43, 'time': 19, 'agx': -46.0, 'agy': 16.0, 'agz': -1044.0}
2022-11-29 12:03:02,731 | INFO | PERIODIC STATE VALUES: {'mid': 6, 'x': 0, 'y': 1, 'z': 38, 'mpry': '1,-28,-178', 'pitch': 0, 'roll': 0, 'yaw': -10, 'vgx': 0, 'vgy': 0, 'vgz': -3, 'templ': 80, 'temph': 83, 'tof': 10, 'h': 10, 'bat': 92, 'baro': 98.51, 'time': 20, 'agx': -10.0, 'agy': -6.0, 'agz': -1014.0}
