2022-12-03 15:48:38,061 | INFO | Tello instance was initialized. Host: '192.168.10.1'. Port: '8889'.
2022-12-03 15:48:38,062 | INFO | Trying to connect to the drone now!
2022-12-03 15:48:38,068 | INFO | Send command: 'command'
2022-12-03 15:48:38,177 | INFO | Response command: 'ok'
2022-12-03 15:48:41,441 | INFO | Send command: 'mon'
2022-12-03 15:48:41,555 | INFO | Response mon: 'ok'
2022-12-03 15:48:41,571 | INFO | Send command: 'mdirection 0'
2022-12-03 15:48:41,678 | INFO | Response mdirection 0: 'ok'
2022-12-03 15:48:41,694 | INFO | Send command: 'motoron'
2022-12-03 15:48:41,803 | INFO | Response motoron: 'ok'
2022-12-03 15:48:41,819 | INFO | Send command: 'takeoff'
2022-12-03 15:48:46,985 | INFO | Response takeoff: 'ok'
2022-12-03 15:48:47,047 | INFO | Send command: 'up 20'
2022-12-03 15:48:48,701 | INFO | Response up 20: 'ok'
2022-12-03 15:48:50,968 | INFO | Send command: 'down 20'
2022-12-03 15:48:53,609 | INFO | Response down 20: 'ok'
2022-12-03 15:48:54,533 | INFO | Send command: 'right 20'
2022-12-03 15:48:56,964 | INFO | Response right 20: 'ok'
2022-12-03 15:48:57,980 | INFO | Send command: 'left 20'
2022-12-03 15:48:59,411 | INFO | Response left 20: 'ok'
2022-12-03 15:49:00,744 | INFO | Send command: 'up 20'
2022-12-03 15:49:02,809 | INFO | Response up 20: 'ok'
2022-12-03 15:49:04,161 | INFO | Send command: 'right 20'
2022-12-03 15:49:06,120 | INFO | Response right 20: 'ok'
2022-12-03 15:49:06,292 | INFO | Send command: 'land'
2022-12-03 15:49:09,262 | INFO | Response land: 'ok'
