2022-11-29 11:50:13,461 | INFO | Tello instance was initialized. Host: '192.168.10.1'. Port: '8889'.
2022-11-29 11:50:13,484 | INFO | Trying to connect to the drone now!
2022-11-29 11:50:13,538 | INFO | Send command: 'command'
2022-11-29 11:50:13,648 | INFO | Response command: 'ok'
2022-11-29 11:50:13,648 | INFO | Connected to the drone successfully.
2022-11-29 11:50:13,664 | INFO | Send command: 'mon'
2022-11-29 11:50:13,664 | INFO | Send command: 'streamon'
2022-11-29 11:50:13,774 | INFO | Response streamon: 'ok'
2022-11-29 11:50:13,775 | INFO | Response mon: 'ok'
2022-11-29 11:50:13,789 | INFO | Send command: 'mdirection 0'
2022-11-29 11:50:13,790 | INFO | Send command: 'downvision 1'
2022-11-29 11:50:13,932 | INFO | Response mdirection 0: 'ok'
2022-11-29 11:50:13,932 | INFO | Response downvision 1: 'ok'
2022-11-29 11:50:13,933 | INFO | Send command: 'motoron'
2022-11-29 11:50:13,948 | INFO | Send command: 'setfps high'
2022-11-29 11:50:14,043 | INFO | Response motoron: 'ok'
2022-11-29 11:50:14,043 | INFO | data goes here
2022-11-29 11:50:14,043 | INFO | Send command: 'attitude?'
2022-11-29 11:50:14,043 | INFO | Response attitude?: 'ok'
2022-11-29 11:50:14,043 | INFO | ATTITUDE: {}
2022-11-29 11:50:14,059 | INFO | Response setfps high: 'pitch:0;roll:0;yaw:-3;'
2022-11-29 11:50:14,059 | INFO | Send command: 'setfps high'
2022-11-29 11:50:14,059 | INFO | Send command: 'baro?'
2022-11-29 11:50:14,154 | INFO | PERIODIC STATE VALUES: {'mid': -1, 'x': -100, 'y': -100, 'z': -100, 'mpry': '0,0,0', 'pitch': 0, 'roll': 0, 'yaw': -3, 'vgx': 0, 'vgy': 0, 'vgz': 0, 'templ': 77, 'temph': 80, 'tof': 10, 'h': 0, 'bat': 51, 'baro': 99.95, 'time': 0, 'agx': 16.0, 'agy': -14.0, 'agz': -1001.0}
2022-11-29 11:50:14,171 | INFO | Response setfps high: 'ok'
2022-11-29 11:50:14,172 | INFO | Response baro?: '99.974808'
2022-11-29 11:50:14,172 | INFO | BAROMETER: 9997.4808
2022-11-29 11:50:14,249 | INFO | Send command: 'battery?'
2022-11-29 11:50:14,359 | INFO | Response battery?: '51'
2022-11-29 11:50:14,360 | INFO | BATTERY: 51
2022-11-29 11:50:14,374 | INFO | Send command: 'tof?'
2022-11-29 11:50:14,485 | INFO | Response tof?: '100mm'
2022-11-29 11:50:14,485 | INFO | TOF_DISTANCE: 10.0 
2022-11-29 11:50:14,485 | INFO | Send command: 'wifi?'
2022-11-29 11:50:14,594 | INFO | Response wifi?: '90'
2022-11-29 11:50:14,595 | INFO | WIFI_SIGNAL_NOISE RATIO: 90
2022-11-29 11:50:14,610 | INFO | Send command: 'sdk?'
2022-11-29 11:50:14,656 | INFO | PERIODIC STATE VALUES: {'mid': -1, 'x': -100, 'y': -100, 'z': -100, 'mpry': '0,0,0', 'pitch': 0, 'roll': 0, 'yaw': -3, 'vgx': 0, 'vgy': 0, 'vgz': 0, 'templ': 80, 'temph': 83, 'tof': 10, 'h': 0, 'bat': 51, 'baro': 100.0, 'time': 0, 'agx': 14.0, 'agy': -13.0, 'agz': -999.0}
2022-11-29 11:50:14,720 | INFO | Response sdk?: '30'
2022-11-29 11:50:14,720 | INFO | SDK VERSION: 30
2022-11-29 11:50:14,720 | INFO | Send command: 'sn?'
2022-11-29 11:50:14,831 | INFO | Response sn?: '0TQZK7JCNT2468'
2022-11-29 11:50:14,831 | INFO | SERIAL NUMBER: 0TQZK7JCNT2468
2022-11-29 11:50:15,158 | INFO | PERIODIC STATE VALUES: {'mid': -1, 'x': -100, 'y': -100, 'z': -100, 'mpry': '0,0,0', 'pitch': 0, 'roll': 0, 'yaw': -3, 'vgx': 0, 'vgy': 0, 'vgz': 0, 'templ': 80, 'temph': 83, 'tof': 10, 'h': 0, 'bat': 51, 'baro': 99.96, 'time': 0, 'agx': 19.0, 'agy': -14.0, 'agz': -999.0}
2022-11-29 11:50:15,674 | INFO | PERIODIC STATE VALUES: {'mid': -1, 'x': -100, 'y': -100, 'z': -100, 'mpry': '0,0,0', 'pitch': 0, 'roll': 0, 'yaw': -3, 'vgx': 0, 'vgy': 0, 'vgz': 0, 'templ': 80, 'temph': 84, 'tof': 10, 'h': 0, 'bat': 51, 'baro': 99.94, 'time': 0, 'agx': 14.0, 'agy': -13.0, 'agz': -1000.0}
2022-11-29 11:50:16,179 | INFO | PERIODIC STATE VALUES: {'mid': -1, 'x': -100, 'y': -100, 'z': -100, 'mpry': '0,0,0', 'pitch': 0, 'roll': 0, 'yaw': -3, 'vgx': 0, 'vgy': 0, 'vgz': 0, 'templ': 80, 'temph': 84, 'tof': 10, 'h': 0, 'bat': 51, 'baro': 99.89, 'time': 0, 'agx': 16.0, 'agy': -19.0, 'agz': -999.0}
2022-11-29 11:50:16,694 | INFO | PERIODIC STATE VALUES: {'mid': -1, 'x': -100, 'y': -100, 'z': -100, 'mpry': '0,0,0', 'pitch': 0, 'roll': 0, 'yaw': -3, 'vgx': 0, 'vgy': 0, 'vgz': 0, 'templ': 81, 'temph': 83, 'tof': 10, 'h': 0, 'bat': 51, 'baro': 99.92, 'time': 0, 'agx': 14.0, 'agy': -8.0, 'agz': -997.0}
2022-11-29 11:50:17,197 | INFO | PERIODIC STATE VALUES: {'mid': -1, 'x': -100, 'y': -100, 'z': -100, 'mpry': '0,0,0', 'pitch': 0, 'roll': 0, 'yaw': -3, 'vgx': 0, 'vgy': 0, 'vgz': 0, 'templ': 81, 'temph': 83, 'tof': 10, 'h': 0, 'bat': 51, 'baro': 99.93, 'time': 0, 'agx': 14.0, 'agy': 3.0, 'agz': -999.0}
2022-11-29 11:50:17,700 | INFO | PERIODIC STATE VALUES: {'mid': -1, 'x': -100, 'y': -100, 'z': -100, 'mpry': '0,0,0', 'pitch': 0, 'roll': 0, 'yaw': -3, 'vgx': 0, 'vgy': 0, 'vgz': 0, 'templ': 81, 'temph': 84, 'tof': 10, 'h': 0, 'bat': 51, 'baro': 99.9, 'time': 0, 'agx': 20.0, 'agy': -14.0, 'agz': -1001.0}
2022-11-29 11:50:18,215 | INFO | PERIODIC STATE VALUES: {'mid': -1, 'x': -100, 'y': -100, 'z': -100, 'mpry': '0,0,0', 'pitch': 0, 'roll': 0, 'yaw': -3, 'vgx': 0, 'vgy': 0, 'vgz': 0, 'templ': 81, 'temph': 84, 'tof': 10, 'h': 0, 'bat': 51, 'baro': 99.94, 'time': 0, 'agx': 15.0, 'agy': -11.0, 'agz': -999.0}
2022-11-29 11:50:18,718 | INFO | PERIODIC STATE VALUES: {'mid': -1, 'x': -100, 'y': -100, 'z': -100, 'mpry': '0,0,0', 'pitch': 0, 'roll': 0, 'yaw': -3, 'vgx': 0, 'vgy': 0, 'vgz': 0, 'templ': 82, 'temph': 84, 'tof': 10, 'h': 0, 'bat': 51, 'baro': 99.95, 'time': 0, 'agx': 15.0, 'agy': -20.0, 'agz': -999.0}
2022-11-29 11:50:19,222 | INFO | PERIODIC STATE VALUES: {'mid': -1, 'x': -100, 'y': -100, 'z': -100, 'mpry': '0,0,0', 'pitch': 1, 'roll': 0, 'yaw': -3, 'vgx': 0, 'vgy': 0, 'vgz': 0, 'templ': 82, 'temph': 84, 'tof': 10, 'h': 0, 'bat': 51, 'baro': 99.95, 'time': 0, 'agx': 13.0, 'agy': -20.0, 'agz': -996.0}
2022-11-29 11:50:19,723 | INFO | PERIODIC STATE VALUES: {'mid': -1, 'x': -100, 'y': -100, 'z': -100, 'mpry': '0,0,0', 'pitch': 1, 'roll': 0, 'yaw': -3, 'vgx': 0, 'vgy': 0, 'vgz': 0, 'templ': 81, 'temph': 85, 'tof': 10, 'h': 0, 'bat': 50, 'baro': 99.9, 'time': 0, 'agx': 13.0, 'agy': -18.0, 'agz': -998.0}
2022-11-29 11:50:19,834 | INFO | Send command: 'takeoff'
2022-11-29 11:50:20,256 | INFO | PERIODIC STATE VALUES: {'mid': -1, 'x': -100, 'y': -100, 'z': -100, 'mpry': '0,0,0', 'pitch': 1, 'roll': 0, 'yaw': -3, 'vgx': 0, 'vgy': 0, 'vgz': 0, 'templ': 81, 'temph': 85, 'tof': 10, 'h': 0, 'bat': 50, 'baro': 99.15, 'time': 0, 'agx': 5.0, 'agy': -16.0, 'agz': -996.0}
2022-11-29 11:50:20,762 | INFO | PERIODIC STATE VALUES: {'mid': -1, 'x': -100, 'y': -100, 'z': -100, 'mpry': '0,0,0', 'pitch': 0, 'roll': 1, 'yaw': -5, 'vgx': 0, 'vgy': 0, 'vgz': 0, 'templ': 82, 'temph': 85, 'tof': 10, 'h': -10, 'bat': 50, 'baro': 98.33, 'time': 0, 'agx': -11.0, 'agy': -25.0, 'agz': -1393.0}
2022-11-29 11:50:21,262 | INFO | PERIODIC STATE VALUES: {'mid': -1, 'x': -100, 'y': -100, 'z': -100, 'mpry': '0,0,0', 'pitch': 0, 'roll': 0, 'yaw': -6, 'vgx': 0, 'vgy': 0, 'vgz': 8, 'templ': 82, 'temph': 85, 'tof': 52, 'h': 20, 'bat': 50, 'baro': 100.78, 'time': 1, 'agx': -6.0, 'agy': -18.0, 'agz': -913.0}
2022-11-29 11:50:21,764 | INFO | PERIODIC STATE VALUES: {'mid': -1, 'x': -100, 'y': -100, 'z': -100, 'mpry': '0,0,0', 'pitch': 0, 'roll': 1, 'yaw': -5, 'vgx': 0, 'vgy': 0, 'vgz': 2, 'templ': 82, 'temph': 85, 'tof': 85, 'h': 50, 'bat': 50, 'baro': 101.03, 'time': 1, 'agx': -3.0, 'agy': -11.0, 'agz': -869.0}
2022-11-29 11:50:22,279 | INFO | PERIODIC STATE VALUES: {'mid': 6, 'x': -15, 'y': 1, 'z': 73, 'mpry': '1,-93,-179', 'pitch': 0, 'roll': 1, 'yaw': -5, 'vgx': 0, 'vgy': 0, 'vgz': 0, 'templ': 82, 'temph': 85, 'tof': 89, 'h': 60, 'bat': 50, 'baro': 101.04, 'time': 2, 'agx': -12.0, 'agy': -7.0, 'agz': -1001.0}
2022-11-29 11:50:22,781 | INFO | PERIODIC STATE VALUES: {'mid': 6, 'x': -6, 'y': -3, 'z': 91, 'mpry': '3,-94,180', 'pitch': 0, 'roll': 0, 'yaw': -5, 'vgx': 0, 'vgy': 0, 'vgz': 0, 'templ': 82, 'temph': 86, 'tof': 87, 'h': 60, 'bat': 50, 'baro': 101.08, 'time': 2, 'agx': -17.0, 'agy': 2.0, 'agz': -1004.0}
2022-11-29 11:50:23,285 | INFO | PERIODIC STATE VALUES: {'mid': 4, 'x': 15, 'y': -33, 'z': 83, 'mpry': '-4,89,-172', 'pitch': 0, 'roll': 1, 'yaw': -5, 'vgx': 0, 'vgy': 0, 'vgz': 0, 'templ': 82, 'temph': 86, 'tof': 86, 'h': 60, 'bat': 50, 'baro': 101.16, 'time': 3, 'agx': -19.0, 'agy': 2.0, 'agz': -999.0}
2022-11-29 11:50:23,787 | INFO | PERIODIC STATE VALUES: {'mid': 4, 'x': 14, 'y': -30, 'z': 81, 'mpry': '-4,88,-173', 'pitch': 0, 'roll': 0, 'yaw': -6, 'vgx': 0, 'vgy': 0, 'vgz': 0, 'templ': 81, 'temph': 85, 'tof': 85, 'h': 60, 'bat': 50, 'baro': 101.13, 'time': 3, 'agx': -16.0, 'agy': -10.0, 'agz': -1001.0}
2022-11-29 11:50:24,291 | INFO | PERIODIC STATE VALUES: {'mid': 4, 'x': 10, 'y': -25, 'z': 83, 'mpry': '-2,88,-175', 'pitch': 0, 'roll': 0, 'yaw': -5, 'vgx': 0, 'vgy': 0, 'vgz': 0, 'templ': 81, 'temph': 85, 'tof': 82, 'h': 60, 'bat': 50, 'baro': 101.03, 'time': 4, 'agx': -8.0, 'agy': -3.0, 'agz': -1006.0}
2022-11-29 11:50:24,793 | INFO | PERIODIC STATE VALUES: {'mid': 4, 'x': 11, 'y': -24, 'z': 78, 'mpry': '-3,88,-174', 'pitch': 0, 'roll': 0, 'yaw': -5, 'vgx': 0, 'vgy': 0, 'vgz': 0, 'templ': 82, 'temph': 85, 'tof': 80, 'h': 50, 'bat': 50, 'baro': 101.06, 'time': 4, 'agx': -12.0, 'agy': -2.0, 'agz': -1011.0}
2022-11-29 11:50:25,306 | INFO | PERIODIC STATE VALUES: {'mid': 4, 'x': 9, 'y': -24, 'z': 76, 'mpry': '-3,88,-175', 'pitch': 0, 'roll': 0, 'yaw': -5, 'vgx': 0, 'vgy': 0, 'vgz': 0, 'templ': 82, 'temph': 85, 'tof': 79, 'h': 50, 'bat': 50, 'baro': 101.07, 'time': 5, 'agx': -5.0, 'agy': -1.0, 'agz': -998.0}
2022-11-29 11:50:25,819 | INFO | PERIODIC STATE VALUES: {'mid': 4, 'x': 8, 'y': -22, 'z': 76, 'mpry': '-3,87,-175', 'pitch': 0, 'roll': 0, 'yaw': -5, 'vgx': 0, 'vgy': 0, 'vgz': 0, 'templ': 82, 'temph': 85, 'tof': 79, 'h': 50, 'bat': 50, 'baro': 101.04, 'time': 5, 'agx': -16.0, 'agy': -2.0, 'agz': -991.0}
2022-11-29 11:50:25,960 | INFO | Response takeoff: 'ok'
