2022-12-03 16:44:30,877 | INFO | Tello instance was initialized. Host: '192.168.10.1'. Port: '8889'.
2022-12-03 16:44:30,878 | INFO | Trying to connect to the drone now!
2022-12-03 16:44:30,891 | INFO | Send command: 'command'
2022-12-03 16:44:31,001 | INFO | Response command: 'ok'
2022-12-03 16:44:33,568 | INFO | Send command: 'mon'
2022-12-03 16:44:33,670 | INFO | Response mon: 'ok'
2022-12-03 16:44:33,685 | INFO | Send command: 'mdirection 0'
2022-12-03 16:44:33,794 | INFO | Response mdirection 0: 'ok'
2022-12-03 16:44:33,809 | INFO | Send command: 'motoron'
2022-12-03 16:44:33,916 | INFO | Response motoron: 'ok'
2022-12-03 16:44:33,932 | INFO | Send command: 'takeoff'
2022-12-03 16:44:37,556 | INFO | Response takeoff: 'ok'
2022-12-03 16:44:38,353 | INFO | Send command: 'up 50'
2022-12-03 16:44:40,665 | INFO | Response up 50: 'ok'
2022-12-03 16:44:42,306 | INFO | Send command: 'up 50'
2022-12-03 16:44:44,506 | INFO | Response up 50: 'ok'
2022-12-03 16:44:45,466 | INFO | Send command: 'right 50'
2022-12-03 16:44:47,783 | INFO | Response right 50: 'ok'
2022-12-03 16:44:48,686 | INFO | Send command: 'left 50'
2022-12-03 16:44:50,454 | INFO | Response left 50: 'ok'
2022-12-03 16:44:51,698 | INFO | Send command: 'forward 20'
2022-12-03 16:44:53,557 | INFO | Response forward 20: 'ok'
2022-12-03 16:44:55,211 | INFO | Send command: 'back 20'
2022-12-03 16:44:56,868 | INFO | Response back 20: 'ok'
2022-12-03 16:44:58,225 | INFO | Send command: 'forward 20'
2022-12-03 16:44:59,770 | INFO | Response forward 20: 'ok'
2022-12-03 16:45:00,436 | INFO | Send command: 'forward 20'
2022-12-03 16:45:01,976 | INFO | Response forward 20: 'ok'
2022-12-03 16:45:03,418 | INFO | Send command: 'land'
2022-12-03 16:45:08,586 | INFO | Response land: 'ok'
2022-12-03 16:45:32,548 | INFO | Send command: 'mon'
2022-12-03 16:45:32,661 | INFO | Response mon: 'ok'
2022-12-03 16:45:32,662 | INFO | Send command: 'mdirection 0'
2022-12-03 16:45:32,769 | INFO | Response mdirection 0: 'ok'
2022-12-03 16:45:32,784 | INFO | Send command: 'motoron'
2022-12-03 16:45:32,892 | INFO | Response motoron: 'ok'
2022-12-03 16:45:32,908 | INFO | Send command: 'takeoff'
2022-12-03 16:45:38,081 | INFO | Response takeoff: 'ok'
2022-12-03 16:45:44,060 | INFO | Send command: 'forward 20'
2022-12-03 16:45:45,825 | INFO | Response forward 20: 'ok'
2022-12-03 16:45:48,828 | INFO | Send command: 'forward 20'
2022-12-03 16:45:50,605 | INFO | Response forward 20: 'ok'
2022-12-03 16:46:00,288 | INFO | Send command: 'land'
2022-12-03 16:46:03,022 | INFO | Response land: 'ok'
