2022-11-22 00:11:14,940 | INFO | Tello instance was initialized. Host: '192.168.10.1'. Port: '8889'.
2022-11-22 00:11:14,940 | INFO | Trying to connect to the drone now!
2022-11-22 00:11:14,949 | INFO | Send command: 'command'
2022-11-22 00:11:15,058 | INFO | Response command: 'ok'
2022-11-22 00:11:15,059 | INFO | Connected to the drone successfully.
2022-11-22 00:11:15,074 | INFO | Send command: 'mon'
2022-11-22 00:11:15,074 | INFO | Send command: 'streamon'
2022-11-22 00:11:15,185 | INFO | Response streamon: 'ok'
2022-11-22 00:11:15,185 | INFO | Response mon: 'ok'
2022-11-22 00:11:15,185 | INFO | Send command: 'downvision 1'
2022-11-22 00:11:15,200 | INFO | Send command: 'mdirection 0'
2022-11-22 00:11:15,311 | INFO | Response mdirection 0: 'ok'
2022-11-22 00:11:15,311 | INFO | Send command: 'motoron'
2022-11-22 00:11:15,312 | INFO | Response downvision 1: 'ok'
2022-11-22 00:11:15,312 | INFO | Send command: 'setfps high'
2022-11-22 00:11:15,420 | INFO | Response setfps high: 'ok'
2022-11-22 00:11:15,421 | INFO | Response motoron: 'ok'
2022-11-22 00:11:15,423 | INFO | data goes here
2022-11-22 00:11:15,436 | INFO | Send command: 'attitude?'
2022-11-22 00:11:15,546 | INFO | Response attitude?: 'pitch:0;roll:0;yaw:4;'
2022-11-22 00:11:15,546 | INFO | ATTITUDE: {'pitch': 0, 'roll': 0, 'yaw': 4}
2022-11-22 00:11:15,546 | INFO | Send command: 'baro?'
2022-11-22 00:11:15,562 | INFO | PERIODIC STATE VALUES: {'mid': -1, 'x': -100, 'y': -100, 'z': -100, 'mpry': '0,0,0', 'pitch': 0, 'roll': 0, 'yaw': 4, 'vgx': 0, 'vgy': 0, 'vgz': 0, 'templ': 86, 'temph': 90, 'tof': 10, 'h': 0, 'bat': 89, 'baro': 111.73, 'time': 117, 'agx': -3.0, 'agy': -14.0, 'agz': -1002.0}
2022-11-22 00:11:15,655 | INFO | Response baro?: '111.720963'
2022-11-22 00:11:15,655 | INFO | BAROMETER: 11172.0963
2022-11-22 00:11:15,671 | INFO | Send command: 'battery?'
2022-11-22 00:11:15,780 | INFO | Response battery?: '89'
2022-11-22 00:11:15,780 | INFO | BATTERY: 89
2022-11-22 00:11:15,796 | INFO | Send command: 'tof?'
2022-11-22 00:11:15,905 | INFO | Response tof?: '100mm'
2022-11-22 00:11:15,906 | INFO | TOF_DISTANCE: 10.0 
2022-11-22 00:11:15,920 | INFO | Send command: 'wifi?'
2022-11-22 00:11:16,031 | INFO | Response wifi?: '90'
2022-11-22 00:11:16,031 | INFO | WIFI_SIGNAL_NOISE RATIO: 90
2022-11-22 00:11:16,046 | INFO | Send command: 'sdk?'
2022-11-22 00:11:16,063 | INFO | PERIODIC STATE VALUES: {'mid': -1, 'x': -100, 'y': -100, 'z': -100, 'mpry': '0,0,0', 'pitch': 0, 'roll': 0, 'yaw': 4, 'vgx': 0, 'vgy': 0, 'vgz': 0, 'templ': 86, 'temph': 90, 'tof': 10, 'h': 0, 'bat': 89, 'baro': 111.66, 'time': 117, 'agx': -3.0, 'agy': -16.0, 'agz': -1000.0}
2022-11-22 00:11:16,157 | INFO | Response sdk?: '30'
2022-11-22 00:11:16,158 | INFO | SDK VERSION: 30
2022-11-22 00:11:16,172 | INFO | Send command: 'sn?'
2022-11-22 00:11:16,283 | INFO | Response sn?: '0TQZK7JCNT2468'
2022-11-22 00:11:16,284 | INFO | SERIAL NUMBER: 0TQZK7JCNT2468
2022-11-22 00:11:16,567 | INFO | PERIODIC STATE VALUES: {'mid': -1, 'x': -100, 'y': -100, 'z': -100, 'mpry': '0,0,0', 'pitch': 0, 'roll': 0, 'yaw': 4, 'vgx': 0, 'vgy': 0, 'vgz': 0, 'templ': 86, 'temph': 90, 'tof': 10, 'h': 0, 'bat': 89, 'baro': 111.69, 'time': 117, 'agx': 0.0, 'agy': -22.0, 'agz': -996.0}
2022-11-22 00:11:17,069 | INFO | PERIODIC STATE VALUES: {'mid': -1, 'x': -100, 'y': -100, 'z': -100, 'mpry': '0,0,0', 'pitch': 0, 'roll': 0, 'yaw': 4, 'vgx': 0, 'vgy': 0, 'vgz': 0, 'templ': 86, 'temph': 90, 'tof': 10, 'h': 0, 'bat': 89, 'baro': 111.7, 'time': 117, 'agx': -9.0, 'agy': -16.0, 'agz': -1003.0}
2022-11-22 00:11:17,585 | INFO | PERIODIC STATE VALUES: {'mid': -1, 'x': -100, 'y': -100, 'z': -100, 'mpry': '0,0,0', 'pitch': 0, 'roll': 0, 'yaw': 4, 'vgx': 0, 'vgy': 0, 'vgz': 0, 'templ': 86, 'temph': 90, 'tof': 10, 'h': 0, 'bat': 89, 'baro': 111.74, 'time': 117, 'agx': 0.0, 'agy': -13.0, 'agz': -1001.0}
2022-11-22 00:11:18,088 | INFO | PERIODIC STATE VALUES: {'mid': -1, 'x': -100, 'y': -100, 'z': -100, 'mpry': '0,0,0', 'pitch': 0, 'roll': 0, 'yaw': 4, 'vgx': 0, 'vgy': 0, 'vgz': 0, 'templ': 86, 'temph': 90, 'tof': 10, 'h': 0, 'bat': 88, 'baro': 111.78, 'time': 117, 'agx': -8.0, 'agy': -20.0, 'agz': -1005.0}
2022-11-22 00:11:18,594 | INFO | PERIODIC STATE VALUES: {'mid': -1, 'x': -100, 'y': -100, 'z': -100, 'mpry': '0,0,0', 'pitch': 0, 'roll': 0, 'yaw': 4, 'vgx': 0, 'vgy': 0, 'vgz': 0, 'templ': 86, 'temph': 89, 'tof': 10, 'h': 0, 'bat': 88, 'baro': 111.74, 'time': 117, 'agx': -6.0, 'agy': -15.0, 'agz': -1000.0}
2022-11-22 00:11:19,107 | INFO | PERIODIC STATE VALUES: {'mid': -1, 'x': -100, 'y': -100, 'z': -100, 'mpry': '0,0,0', 'pitch': 0, 'roll': 0, 'yaw': 4, 'vgx': 0, 'vgy': 0, 'vgz': 0, 'templ': 86, 'temph': 89, 'tof': 10, 'h': 0, 'bat': 88, 'baro': 111.77, 'time': 117, 'agx': -13.0, 'agy': -19.0, 'agz': -1004.0}
2022-11-22 00:11:19,610 | INFO | PERIODIC STATE VALUES: {'mid': -1, 'x': -100, 'y': -100, 'z': -100, 'mpry': '0,0,0', 'pitch': 0, 'roll': 0, 'yaw': 4, 'vgx': 0, 'vgy': 0, 'vgz': 0, 'templ': 87, 'temph': 89, 'tof': 10, 'h': 0, 'bat': 88, 'baro': 111.88, 'time': 117, 'agx': -6.0, 'agy': -25.0, 'agz': -989.0}
2022-11-22 00:11:20,113 | INFO | PERIODIC STATE VALUES: {'mid': -1, 'x': -100, 'y': -100, 'z': -100, 'mpry': '0,0,0', 'pitch': 0, 'roll': 0, 'yaw': 4, 'vgx': 0, 'vgy': 0, 'vgz': 0, 'templ': 87, 'temph': 89, 'tof': 10, 'h': 0, 'bat': 88, 'baro': 111.85, 'time': 117, 'agx': -9.0, 'agy': -13.0, 'agz': -1001.0}
2022-11-22 00:11:20,622 | INFO | PERIODIC STATE VALUES: {'mid': -1, 'x': -100, 'y': -100, 'z': -100, 'mpry': '0,0,0', 'pitch': 0, 'roll': 0, 'yaw': 4, 'vgx': 0, 'vgy': 0, 'vgz': 0, 'templ': 88, 'temph': 89, 'tof': 10, 'h': 0, 'bat': 88, 'baro': 111.85, 'time': 117, 'agx': -3.0, 'agy': -18.0, 'agz': -1002.0}
2022-11-22 00:11:21,124 | INFO | PERIODIC STATE VALUES: {'mid': -1, 'x': -100, 'y': -100, 'z': -100, 'mpry': '0,0,0', 'pitch': 0, 'roll': 0, 'yaw': 4, 'vgx': 0, 'vgy': 0, 'vgz': 0, 'templ': 88, 'temph': 89, 'tof': 10, 'h': 0, 'bat': 88, 'baro': 111.85, 'time': 117, 'agx': -1.0, 'agy': -17.0, 'agz': -995.0}
2022-11-22 00:11:21,299 | INFO | Send command: 'takeoff'
2022-11-22 00:11:21,630 | INFO | PERIODIC STATE VALUES: {'mid': -1, 'x': -100, 'y': -100, 'z': -100, 'mpry': '0,0,0', 'pitch': 0, 'roll': 0, 'yaw': 4, 'vgx': 0, 'vgy': 0, 'vgz': 0, 'templ': 87, 'temph': 90, 'tof': 10, 'h': 0, 'bat': 88, 'baro': 111.87, 'time': 117, 'agx': 4.0, 'agy': -16.0, 'agz': -1003.0}
2022-11-22 00:11:22,135 | INFO | PERIODIC STATE VALUES: {'mid': -1, 'x': -100, 'y': -100, 'z': -100, 'mpry': '0,0,0', 'pitch': 0, 'roll': 0, 'yaw': 4, 'vgx': 0, 'vgy': 0, 'vgz': 4, 'templ': 87, 'temph': 90, 'tof': 10, 'h': 0, 'bat': 88, 'baro': 111.87, 'time': 118, 'agx': -29.0, 'agy': -32.0, 'agz': -1238.0}
2022-11-22 00:11:22,642 | INFO | PERIODIC STATE VALUES: {'mid': -1, 'x': -100, 'y': -100, 'z': -100, 'mpry': '0,0,0', 'pitch': 0, 'roll': 0, 'yaw': 4, 'vgx': 0, 'vgy': 0, 'vgz': 7, 'templ': 86, 'temph': 91, 'tof': 50, 'h': 30, 'bat': 88, 'baro': 112.6, 'time': 118, 'agx': 0.0, 'agy': -8.0, 'agz': -892.0}
2022-11-22 00:11:23,146 | INFO | PERIODIC STATE VALUES: {'mid': -1, 'x': -100, 'y': -100, 'z': -100, 'mpry': '0,0,0', 'pitch': 0, 'roll': 0, 'yaw': 4, 'vgx': 0, 'vgy': 1, 'vgz': 2, 'templ': 86, 'temph': 91, 'tof': 70, 'h': 60, 'bat': 88, 'baro': 112.99, 'time': 119, 'agx': 4.0, 'agy': -21.0, 'agz': -978.0}
2022-11-22 00:11:23,659 | INFO | PERIODIC STATE VALUES: {'mid': -1, 'x': -100, 'y': -100, 'z': -100, 'mpry': '0,0,0', 'pitch': 0, 'roll': 2, 'yaw': 4, 'vgx': 0, 'vgy': 0, 'vgz': 0, 'templ': 87, 'temph': 90, 'tof': 77, 'h': 60, 'bat': 88, 'baro': 113.0, 'time': 119, 'agx': -9.0, 'agy': -16.0, 'agz': -982.0}
2022-11-22 00:11:24,165 | INFO | PERIODIC STATE VALUES: {'mid': -1, 'x': -100, 'y': -100, 'z': -100, 'mpry': '0,0,0', 'pitch': 0, 'roll': 2, 'yaw': 4, 'vgx': 0, 'vgy': 0, 'vgz': 0, 'templ': 87, 'temph': 90, 'tof': 82, 'h': 70, 'bat': 88, 'baro': 113.11, 'time': 120, 'agx': 0.0, 'agy': -26.0, 'agz': -986.0}
2022-11-22 00:11:24,669 | INFO | PERIODIC STATE VALUES: {'mid': -1, 'x': -100, 'y': -100, 'z': -100, 'mpry': '0,0,0', 'pitch': 0, 'roll': 1, 'yaw': 4, 'vgx': 0, 'vgy': 0, 'vgz': 0, 'templ': 86, 'temph': 90, 'tof': 84, 'h': 70, 'bat': 88, 'baro': 113.07, 'time': 120, 'agx': -15.0, 'agy': -18.0, 'agz': -1014.0}
2022-11-22 00:11:25,184 | INFO | PERIODIC STATE VALUES: {'mid': -1, 'x': -100, 'y': -100, 'z': -100, 'mpry': '0,0,0', 'pitch': 0, 'roll': 1, 'yaw': 4, 'vgx': 0, 'vgy': 0, 'vgz': 0, 'templ': 86, 'temph': 90, 'tof': 85, 'h': 70, 'bat': 88, 'baro': 113.06, 'time': 121, 'agx': 0.0, 'agy': -18.0, 'agz': -1002.0}
2022-11-22 00:11:25,686 | INFO | PERIODIC STATE VALUES: {'mid': -1, 'x': -100, 'y': -100, 'z': -100, 'mpry': '0,0,0', 'pitch': 0, 'roll': 1, 'yaw': 4, 'vgx': 0, 'vgy': 0, 'vgz': 0, 'templ': 86, 'temph': 89, 'tof': 83, 'h': 70, 'bat': 88, 'baro': 113.07, 'time': 121, 'agx': 9.0, 'agy': -29.0, 'agz': -995.0}
2022-11-22 00:11:26,187 | INFO | PERIODIC STATE VALUES: {'mid': -1, 'x': -100, 'y': -100, 'z': -100, 'mpry': '0,0,0', 'pitch': 0, 'roll': 1, 'yaw': 4, 'vgx': 0, 'vgy': 0, 'vgz': 0, 'templ': 86, 'temph': 89, 'tof': 82, 'h': 70, 'bat': 88, 'baro': 113.06, 'time': 122, 'agx': 10.0, 'agy': -25.0, 'agz': -1005.0}
2022-11-22 00:11:26,690 | INFO | PERIODIC STATE VALUES: {'mid': -1, 'x': -100, 'y': -100, 'z': -100, 'mpry': '0,0,0', 'pitch': 0, 'roll': 1, 'yaw': 4, 'vgx': 0, 'vgy': 0, 'vgz': 0, 'templ': 87, 'temph': 89, 'tof': 81, 'h': 70, 'bat': 88, 'baro': 113.04, 'time': 122, 'agx': 0.0, 'agy': -28.0, 'agz': -1001.0}
2022-11-22 00:11:27,206 | INFO | PERIODIC STATE VALUES: {'mid': -1, 'x': -100, 'y': -100, 'z': -100, 'mpry': '0,0,0', 'pitch': 0, 'roll': 2, 'yaw': 4, 'vgx': 0, 'vgy': 0, 'vgz': 0, 'templ': 87, 'temph': 89, 'tof': 80, 'h': 70, 'bat': 88, 'baro': 112.96, 'time': 123, 'agx': 4.0, 'agy': -23.0, 'agz': -999.0}
2022-11-22 00:11:27,712 | INFO | PERIODIC STATE VALUES: {'mid': -1, 'x': -100, 'y': -100, 'z': -100, 'mpry': '0,0,0', 'pitch': -1, 'roll': 1, 'yaw': 4, 'vgx': 0, 'vgy': 0, 'vgz': 0, 'templ': 86, 'temph': 89, 'tof': 81, 'h': 70, 'bat': 88, 'baro': 112.86, 'time': 124, 'agx': 2.0, 'agy': -17.0, 'agz': -997.0}
2022-11-22 00:11:28,010 | INFO | Response takeoff: 'ok'
2022-11-22 00:11:28,229 | INFO | PERIODIC STATE VALUES: {'mid': -1, 'x': -100, 'y': -100, 'z': -100, 'mpry': '0,0,0', 'pitch': 0, 'roll': 1, 'yaw': 4, 'vgx': 0, 'vgy': 0, 'vgz': 0, 'templ': 86, 'temph': 89, 'tof': 83, 'h': 70, 'bat': 88, 'baro': 112.89, 'time': 124, 'agx': -15.0, 'agy': 2.0, 'agz': -1012.0}
2022-11-22 00:11:28,735 | INFO | PERIODIC STATE VALUES: {'mid': -1, 'x': -100, 'y': -100, 'z': -100, 'mpry': '0,0,0', 'pitch': -1, 'roll': 1, 'yaw': 4, 'vgx': 0, 'vgy': 0, 'vgz': 0, 'templ': 86, 'temph': 88, 'tof': 84, 'h': 70, 'bat': 88, 'baro': 112.86, 'time': 125, 'agx': 7.0, 'agy': -8.0, 'agz': -1010.0}
2022-11-22 00:11:29,249 | INFO | PERIODIC STATE VALUES: {'mid': -1, 'x': -100, 'y': -100, 'z': -100, 'mpry': '0,0,0', 'pitch': 0, 'roll': 1, 'yaw': 4, 'vgx': 0, 'vgy': 0, 'vgz': 0, 'templ': 86, 'temph': 88, 'tof': 84, 'h': 70, 'bat': 88, 'baro': 112.9, 'time': 125, 'agx': 6.0, 'agy': -18.0, 'agz': -983.0}
2022-11-22 00:11:29,764 | INFO | PERIODIC STATE VALUES: {'mid': -1, 'x': -100, 'y': -100, 'z': -100, 'mpry': '0,0,0', 'pitch': -1, 'roll': 2, 'yaw': 4, 'vgx': 0, 'vgy': 0, 'vgz': 0, 'templ': 86, 'temph': 88, 'tof': 83, 'h': 70, 'bat': 88, 'baro': 112.9, 'time': 126, 'agx': 2.0, 'agy': -25.0, 'agz': -993.0}
2022-11-22 00:11:30,281 | INFO | PERIODIC STATE VALUES: {'mid': -1, 'x': -100, 'y': -100, 'z': -100, 'mpry': '0,0,0', 'pitch': 0, 'roll': 2, 'yaw': 4, 'vgx': 0, 'vgy': 0, 'vgz': 0, 'templ': 86, 'temph': 88, 'tof': 83, 'h': 70, 'bat': 88, 'baro': 112.83, 'time': 126, 'agx': 0.0, 'agy': -16.0, 'agz': -1006.0}
2022-11-22 00:11:30,796 | INFO | PERIODIC STATE VALUES: {'mid': -1, 'x': -100, 'y': -100, 'z': -100, 'mpry': '0,0,0', 'pitch': 0, 'roll': 2, 'yaw': 4, 'vgx': 0, 'vgy': 0, 'vgz': 0, 'templ': 86, 'temph': 88, 'tof': 84, 'h': 70, 'bat': 88, 'baro': 112.88, 'time': 127, 'agx': -20.0, 'agy': -23.0, 'agz': -991.0}
2022-11-22 00:11:31,312 | INFO | PERIODIC STATE VALUES: {'mid': -1, 'x': -100, 'y': -100, 'z': -100, 'mpry': '0,0,0', 'pitch': 0, 'roll': 2, 'yaw': 4, 'vgx': 0, 'vgy': 0, 'vgz': 0, 'templ': 86, 'temph': 88, 'tof': 85, 'h': 70, 'bat': 88, 'baro': 112.92, 'time': 127, 'agx': -6.0, 'agy': -19.0, 'agz': -995.0}
2022-11-22 00:11:31,829 | INFO | PERIODIC STATE VALUES: {'mid': -1, 'x': -100, 'y': -100, 'z': -100, 'mpry': '0,0,0', 'pitch': -1, 'roll': 2, 'yaw': 4, 'vgx': 0, 'vgy': 0, 'vgz': 0, 'templ': 85, 'temph': 88, 'tof': 85, 'h': 70, 'bat': 88, 'baro': 112.93, 'time': 128, 'agx': -10.0, 'agy': -26.0, 'agz': -1013.0}
2022-11-22 00:11:32,331 | INFO | PERIODIC STATE VALUES: {'mid': -1, 'x': -100, 'y': -100, 'z': -100, 'mpry': '0,0,0', 'pitch': 0, 'roll': 3, 'yaw': 4, 'vgx': 0, 'vgy': 0, 'vgz': 0, 'templ': 85, 'temph': 88, 'tof': 84, 'h': 70, 'bat': 88, 'baro': 112.87, 'time': 128, 'agx': 4.0, 'agy': -24.0, 'agz': -998.0}
2022-11-22 00:11:32,833 | INFO | PERIODIC STATE VALUES: {'mid': -1, 'x': -100, 'y': -100, 'z': -100, 'mpry': '0,0,0', 'pitch': -1, 'roll': 2, 'yaw': 4, 'vgx': 0, 'vgy': 0, 'vgz': 0, 'templ': 85, 'temph': 88, 'tof': 83, 'h': 70, 'bat': 88, 'baro': 112.95, 'time': 129, 'agx': -10.0, 'agy': -17.0, 'agz': -998.0}
2022-11-22 00:11:33,335 | INFO | PERIODIC STATE VALUES: {'mid': -1, 'x': -100, 'y': -100, 'z': -100, 'mpry': '0,0,0', 'pitch': -1, 'roll': 3, 'yaw': 4, 'vgx': 0, 'vgy': 0, 'vgz': 0, 'templ': 85, 'temph': 88, 'tof': 83, 'h': 70, 'bat': 88, 'baro': 112.87, 'time': 129, 'agx': -10.0, 'agy': -26.0, 'agz': -1000.0}
2022-11-22 00:11:33,837 | INFO | PERIODIC STATE VALUES: {'mid': -1, 'x': -100, 'y': -100, 'z': -100, 'mpry': '0,0,0', 'pitch': -1, 'roll': 3, 'yaw': 4, 'vgx': 0, 'vgy': 0, 'vgz': 0, 'templ': 85, 'temph': 87, 'tof': 83, 'h': 70, 'bat': 88, 'baro': 112.87, 'time': 130, 'agx': -16.0, 'agy': -25.0, 'agz': -990.0}
2022-11-22 00:11:34,339 | INFO | PERIODIC STATE VALUES: {'mid': -1, 'x': -100, 'y': -100, 'z': -100, 'mpry': '0,0,0', 'pitch': -1, 'roll': 3, 'yaw': 4, 'vgx': 0, 'vgy': 0, 'vgz': 0, 'templ': 85, 'temph': 87, 'tof': 82, 'h': 70, 'bat': 88, 'baro': 112.87, 'time': 130, 'agx': -2.0, 'agy': -39.0, 'agz': -999.0}
2022-11-22 00:11:34,841 | INFO | PERIODIC STATE VALUES: {'mid': -1, 'x': -100, 'y': -100, 'z': -100, 'mpry': '0,0,0', 'pitch': -1, 'roll': 3, 'yaw': 4, 'vgx': 0, 'vgy': 0, 'vgz': 0, 'templ': 85, 'temph': 87, 'tof': 82, 'h': 70, 'bat': 87, 'baro': 112.84, 'time': 131, 'agx': -1.0, 'agy': -42.0, 'agz': -1012.0}
2022-11-22 00:11:35,346 | INFO | PERIODIC STATE VALUES: {'mid': -1, 'x': -100, 'y': -100, 'z': -100, 'mpry': '0,0,0', 'pitch': -1, 'roll': 3, 'yaw': 4, 'vgx': 0, 'vgy': 0, 'vgz': 0, 'templ': 85, 'temph': 87, 'tof': 83, 'h': 70, 'bat': 87, 'baro': 112.77, 'time': 131, 'agx': -3.0, 'agy': -36.0, 'agz': -999.0}
2022-11-22 00:11:35,862 | INFO | PERIODIC STATE VALUES: {'mid': -1, 'x': -100, 'y': -100, 'z': -100, 'mpry': '0,0,0', 'pitch': -1, 'roll': 3, 'yaw': 4, 'vgx': 0, 'vgy': -1, 'vgz': 0, 'templ': 84, 'temph': 87, 'tof': 84, 'h': 70, 'bat': 87, 'baro': 112.82, 'time': 132, 'agx': -19.0, 'agy': -41.0, 'agz': -1009.0}
2022-11-22 00:11:36,370 | INFO | PERIODIC STATE VALUES: {'mid': -1, 'x': -100, 'y': -100, 'z': -100, 'mpry': '0,0,0', 'pitch': -1, 'roll': 3, 'yaw': 4, 'vgx': 0, 'vgy': 0, 'vgz': 0, 'templ': 84, 'temph': 87, 'tof': 84, 'h': 70, 'bat': 87, 'baro': 112.72, 'time': 132, 'agx': -21.0, 'agy': -34.0, 'agz': -1000.0}
2022-11-22 00:11:36,885 | INFO | PERIODIC STATE VALUES: {'mid': -1, 'x': -100, 'y': -100, 'z': -100, 'mpry': '0,0,0', 'pitch': -1, 'roll': 2, 'yaw': 4, 'vgx': 0, 'vgy': -1, 'vgz': 0, 'templ': 85, 'temph': 87, 'tof': 84, 'h': 70, 'bat': 87, 'baro': 112.81, 'time': 133, 'agx': -26.0, 'agy': 10.0, 'agz': -1020.0}
2022-11-22 00:11:37,389 | INFO | PERIODIC STATE VALUES: {'mid': -1, 'x': -100, 'y': -100, 'z': -100, 'mpry': '0,0,0', 'pitch': 0, 'roll': 2, 'yaw': 5, 'vgx': 0, 'vgy': 0, 'vgz': -1, 'templ': 85, 'temph': 87, 'tof': 81, 'h': 70, 'bat': 87, 'baro': 112.75, 'time': 133, 'agx': -15.0, 'agy': -33.0, 'agz': -889.0}
2022-11-22 00:11:37,896 | INFO | PERIODIC STATE VALUES: {'mid': -1, 'x': -100, 'y': -100, 'z': -100, 'mpry': '0,0,0', 'pitch': 0, 'roll': 1, 'yaw': 5, 'vgx': 0, 'vgy': 0, 'vgz': -4, 'templ': 85, 'temph': 87, 'tof': 63, 'h': 50, 'bat': 86, 'baro': 112.55, 'time': 134, 'agx': 9.0, 'agy': 41.0, 'agz': -748.0}
2022-11-22 00:11:38,398 | INFO | PERIODIC STATE VALUES: {'mid': -1, 'x': -100, 'y': -100, 'z': -100, 'mpry': '0,0,0', 'pitch': 0, 'roll': 5, 'yaw': -8, 'vgx': -1, 'vgy': -3, 'vgz': -4, 'templ': 85, 'temph': 87, 'tof': 38, 'h': 30, 'bat': 86, 'baro': 112.39, 'time': 134, 'agx': 9.0, 'agy': -41.0, 'agz': -951.0}
2022-11-22 00:11:38,904 | INFO | PERIODIC STATE VALUES: {'mid': 6, 'x': 6, 'y': -15, 'z': 49, 'mpry': '1,157,-177', 'pitch': -1, 'roll': -1, 'yaw': -7, 'vgx': 0, 'vgy': -4, 'vgz': -4, 'templ': 85, 'temph': 87, 'tof': 26, 'h': 10, 'bat': 86, 'baro': 112.23, 'time': 134, 'agx': 77.0, 'agy': 33.0, 'agz': -1087.0}
2022-11-22 00:11:39,410 | INFO | PERIODIC STATE VALUES: {'mid': 6, 'x': 6, 'y': -15, 'z': 49, 'mpry': '1,157,-177', 'pitch': 1, 'roll': 2, 'yaw': -1, 'vgx': -1, 'vgy': -6, 'vgz': 0, 'templ': 85, 'temph': 87, 'tof': 10, 'h': 0, 'bat': 86, 'baro': 109.43, 'time': 135, 'agx': 60.0, 'agy': 5.0, 'agz': -963.0}
2022-11-22 00:11:39,924 | INFO | PERIODIC STATE VALUES: {'mid': 6, 'x': 6, 'y': -15, 'z': 49, 'mpry': '1,157,-177', 'pitch': 0, 'roll': 2, 'yaw': 3, 'vgx': -3, 'vgy': -8, 'vgz': 0, 'templ': 84, 'temph': 87, 'tof': 10, 'h': 0, 'bat': 86, 'baro': 110.6, 'time': 136, 'agx': 3.0, 'agy': -1.0, 'agz': -990.0}
2022-11-22 00:11:40,439 | INFO | PERIODIC STATE VALUES: {'mid': 6, 'x': 6, 'y': -15, 'z': 49, 'mpry': '1,157,-177', 'pitch': 0, 'roll': 2, 'yaw': 3, 'vgx': -4, 'vgy': -9, 'vgz': -1, 'templ': 84, 'temph': 87, 'tof': 10, 'h': 0, 'bat': 86, 'baro': 111.56, 'time': 136, 'agx': 8.0, 'agy': -10.0, 'agz': -1004.0}
2022-11-22 00:11:40,943 | INFO | PERIODIC STATE VALUES: {'mid': 6, 'x': 6, 'y': -15, 'z': 49, 'mpry': '1,157,-177', 'pitch': -1, 'roll': 2, 'yaw': 3, 'vgx': -4, 'vgy': -11, 'vgz': -1, 'templ': 85, 'temph': 87, 'tof': 10, 'h': 0, 'bat': 85, 'baro': 111.75, 'time': 136, 'agx': -6.0, 'agy': -22.0, 'agz': -999.0}
2022-11-22 00:11:41,454 | INFO | PERIODIC STATE VALUES: {'mid': 6, 'x': 6, 'y': -15, 'z': 49, 'mpry': '1,157,-177', 'pitch': -1, 'roll': 2, 'yaw': 3, 'vgx': 0, 'vgy': 0, 'vgz': 0, 'templ': 85, 'temph': 87, 'tof': 10, 'h': 0, 'bat': 85, 'baro': 111.82, 'time': 136, 'agx': -1.0, 'agy': -17.0, 'agz': -1007.0}
2022-11-22 00:11:41,971 | INFO | PERIODIC STATE VALUES: {'mid': 6, 'x': 6, 'y': -15, 'z': 49, 'mpry': '1,157,-177', 'pitch': 0, 'roll': 2, 'yaw': 3, 'vgx': 0, 'vgy': 0, 'vgz': 0, 'templ': 84, 'temph': 87, 'tof': 10, 'h': 0, 'bat': 85, 'baro': 111.87, 'time': 136, 'agx': -2.0, 'agy': -18.0, 'agz': -1003.0}
2022-11-22 00:11:42,474 | INFO | PERIODIC STATE VALUES: {'mid': 6, 'x': 6, 'y': -15, 'z': 49, 'mpry': '1,157,-177', 'pitch': 0, 'roll': 1, 'yaw': 3, 'vgx': 0, 'vgy': 0, 'vgz': 0, 'templ': 84, 'temph': 87, 'tof': 10, 'h': 0, 'bat': 85, 'baro': 111.82, 'time': 136, 'agx': 18.0, 'agy': -2.0, 'agz': -1015.0}
2022-11-22 00:11:42,976 | INFO | PERIODIC STATE VALUES: {'mid': 6, 'x': 6, 'y': -15, 'z': 49, 'mpry': '1,157,-177', 'pitch': -4, 'roll': -16, 'yaw': 43, 'vgx': -7, 'vgy': -2, 'vgz': 6, 'templ': 84, 'temph': 87, 'tof': 10, 'h': 0, 'bat': 85, 'baro': 111.96, 'time': 136, 'agx': 424.0, 'agy': 208.0, 'agz': -896.0}
2022-11-22 00:11:43,480 | INFO | PERIODIC STATE VALUES: {'mid': 6, 'x': 6, 'y': -15, 'z': 49, 'mpry': '1,157,-177', 'pitch': 21, 'roll': 11, 'yaw': 114, 'vgx': 0, 'vgy': 0, 'vgz': 12, 'templ': 84, 'temph': 87, 'tof': 61, 'h': 50, 'bat': 85, 'baro': 112.4, 'time': 136, 'agx': 994.0, 'agy': -388.0, 'agz': -554.0}
2022-11-22 00:11:43,983 | INFO | PERIODIC STATE VALUES: {'mid': -1, 'x': -100, 'y': -100, 'z': -100, 'mpry': '0,0,0', 'pitch': 18, 'roll': -3, 'yaw': 176, 'vgx': 0, 'vgy': 0, 'vgz': 4, 'templ': 85, 'temph': 87, 'tof': 79, 'h': 100, 'bat': 85, 'baro': 112.54, 'time': 136, 'agx': 435.0, 'agy': 380.0, 'agz': -1044.0}
2022-11-22 00:11:44,485 | INFO | PERIODIC STATE VALUES: {'mid': -1, 'x': -100, 'y': -100, 'z': -100, 'mpry': '0,0,0', 'pitch': -1, 'roll': -30, 'yaw': 127, 'vgx': 0, 'vgy': 0, 'vgz': 6, 'templ': 85, 'temph': 87, 'tof': 10, 'h': 130, 'bat': 85, 'baro': 112.84, 'time': 136, 'agx': -179.0, 'agy': 309.0, 'agz': -667.0}
2022-11-22 00:11:44,988 | INFO | PERIODIC STATE VALUES: {'mid': -1, 'x': -100, 'y': -100, 'z': -100, 'mpry': '0,0,0', 'pitch': 3, 'roll': -16, 'yaw': 160, 'vgx': 0, 'vgy': 0, 'vgz': 3, 'templ': 84, 'temph': 87, 'tof': 10, 'h': 0, 'bat': 85, 'baro': 112.95, 'time': 136, 'agx': 40.0, 'agy': 60.0, 'agz': -1053.0}
2022-11-22 00:11:45,490 | INFO | PERIODIC STATE VALUES: {'mid': -1, 'x': -100, 'y': -100, 'z': -100, 'mpry': '0,0,0', 'pitch': 3, 'roll': -119, 'yaw': 120, 'vgx': 0, 'vgy': 0, 'vgz': 4, 'templ': 84, 'temph': 87, 'tof': 175, 'h': 20, 'bat': 85, 'baro': 113.23, 'time': 136, 'agx': 92.0, 'agy': 662.0, 'agz': 595.0}
2022-11-22 00:11:46,006 | INFO | PERIODIC STATE VALUES: {'mid': -1, 'x': -100, 'y': -100, 'z': -100, 'mpry': '0,0,0', 'pitch': -3, 'roll': -128, 'yaw': 106, 'vgx': 0, 'vgy': 0, 'vgz': 0, 'templ': 84, 'temph': 87, 'tof': 117, 'h': 0, 'bat': 85, 'baro': 113.3, 'time': 136, 'agx': -218.0, 'agy': 940.0, 'agz': 519.0}
2022-11-22 00:11:46,520 | INFO | PERIODIC STATE VALUES: {'mid': -1, 'x': -100, 'y': -100, 'z': -100, 'mpry': '0,0,0', 'pitch': -5, 'roll': -128, 'yaw': 110, 'vgx': 0, 'vgy': 0, 'vgz': -1, 'templ': 84, 'temph': 87, 'tof': 88, 'h': 0, 'bat': 85, 'baro': 113.33, 'time': 136, 'agx': -81.0, 'agy': 887.0, 'agz': 658.0}
2022-11-22 00:11:47,022 | INFO | PERIODIC STATE VALUES: {'mid': -1, 'x': -100, 'y': -100, 'z': -100, 'mpry': '0,0,0', 'pitch': 4, 'roll': -139, 'yaw': 106, 'vgx': 0, 'vgy': 0, 'vgz': -3, 'templ': 84, 'temph': 87, 'tof': 217, 'h': 0, 'bat': 85, 'baro': 113.3, 'time': 136, 'agx': 9.0, 'agy': 468.0, 'agz': 545.0}
2022-11-22 00:11:47,528 | INFO | PERIODIC STATE VALUES: {'mid': -1, 'x': -100, 'y': -100, 'z': -100, 'mpry': '0,0,0', 'pitch': 14, 'roll': -125, 'yaw': 123, 'vgx': 0, 'vgy': 0, 'vgz': -1, 'templ': 84, 'temph': 87, 'tof': 159, 'h': 0, 'bat': 85, 'baro': 113.32, 'time': 136, 'agx': 354.0, 'agy': 539.0, 'agz': 672.0}
2022-11-22 00:11:48,029 | INFO | PERIODIC STATE VALUES: {'mid': -1, 'x': -100, 'y': -100, 'z': -100, 'mpry': '0,0,0', 'pitch': -3, 'roll': -9, 'yaw': 164, 'vgx': 0, 'vgy': 0, 'vgz': 0, 'templ': 84, 'temph': 87, 'tof': 10, 'h': 0, 'bat': 85, 'baro': 113.2, 'time': 136, 'agx': 79.0, 'agy': 110.0, 'agz': -685.0}
2022-11-22 00:11:48,531 | INFO | PERIODIC STATE VALUES: {'mid': -1, 'x': -100, 'y': -100, 'z': -100, 'mpry': '0,0,0', 'pitch': -6, 'roll': 0, 'yaw': 177, 'vgx': 0, 'vgy': 0, 'vgz': 1, 'templ': 84, 'temph': 87, 'tof': 10, 'h': 0, 'bat': 85, 'baro': 113.12, 'time': 136, 'agx': -69.0, 'agy': -26.0, 'agz': -916.0}
2022-11-22 00:11:49,046 | INFO | PERIODIC STATE VALUES: {'mid': -1, 'x': -100, 'y': -100, 'z': -100, 'mpry': '0,0,0', 'pitch': -3, 'roll': 2, 'yaw': 167, 'vgx': 0, 'vgy': 0, 'vgz': 1, 'templ': 85, 'temph': 87, 'tof': 10, 'h': 0, 'bat': 85, 'baro': 113.1, 'time': 136, 'agx': 9.0, 'agy': -169.0, 'agz': -1129.0}
2022-11-22 00:11:49,551 | INFO | PERIODIC STATE VALUES: {'mid': -1, 'x': -100, 'y': -100, 'z': -100, 'mpry': '0,0,0', 'pitch': -5, 'roll': 2, 'yaw': 137, 'vgx': 0, 'vgy': 0, 'vgz': 1, 'templ': 85, 'temph': 87, 'tof': 10, 'h': 0, 'bat': 85, 'baro': 113.14, 'time': 136, 'agx': 28.0, 'agy': -73.0, 'agz': -965.0}
2022-11-22 00:11:50,067 | INFO | PERIODIC STATE VALUES: {'mid': -1, 'x': -100, 'y': -100, 'z': -100, 'mpry': '0,0,0', 'pitch': -8, 'roll': 0, 'yaw': 144, 'vgx': 0, 'vgy': 0, 'vgz': 0, 'templ': 84, 'temph': 87, 'tof': 10, 'h': 0, 'bat': 85, 'baro': 113.16, 'time': 136, 'agx': -116.0, 'agy': -28.0, 'agz': -1019.0}
2022-11-22 00:11:50,583 | INFO | PERIODIC STATE VALUES: {'mid': -1, 'x': -100, 'y': -100, 'z': -100, 'mpry': '0,0,0', 'pitch': -7, 'roll': 0, 'yaw': 144, 'vgx': 0, 'vgy': 0, 'vgz': -1, 'templ': 85, 'temph': 87, 'tof': 10, 'h': 0, 'bat': 85, 'baro': 113.11, 'time': 136, 'agx': -116.0, 'agy': -46.0, 'agz': -1006.0}
2022-11-22 00:11:51,098 | INFO | PERIODIC STATE VALUES: {'mid': -1, 'x': -100, 'y': -100, 'z': -100, 'mpry': '0,0,0', 'pitch': -5, 'roll': -4, 'yaw': 139, 'vgx': 0, 'vgy': 0, 'vgz': 0, 'templ': 85, 'temph': 87, 'tof': 10, 'h': 0, 'bat': 85, 'baro': 113.06, 'time': 136, 'agx': -110.0, 'agy': 23.0, 'agz': -1020.0}
2022-11-22 00:11:51,613 | INFO | PERIODIC STATE VALUES: {'mid': -1, 'x': -100, 'y': -100, 'z': -100, 'mpry': '0,0,0', 'pitch': -4, 'roll': -4, 'yaw': 140, 'vgx': 0, 'vgy': 0, 'vgz': 0, 'templ': 84, 'temph': 87, 'tof': 10, 'h': 0, 'bat': 85, 'baro': 113.03, 'time': 136, 'agx': -86.0, 'agy': 38.0, 'agz': -981.0}
2022-11-22 00:11:52,128 | INFO | PERIODIC STATE VALUES: {'mid': -1, 'x': -100, 'y': -100, 'z': -100, 'mpry': '0,0,0', 'pitch': -2, 'roll': -4, 'yaw': 139, 'vgx': 0, 'vgy': 0, 'vgz': 0, 'templ': 84, 'temph': 87, 'tof': 10, 'h': 0, 'bat': 85, 'baro': 112.96, 'time': 136, 'agx': -65.0, 'agy': 41.0, 'agz': -973.0}
2022-11-22 00:11:52,637 | INFO | PERIODIC STATE VALUES: {'mid': -1, 'x': -100, 'y': -100, 'z': -100, 'mpry': '0,0,0', 'pitch': -2, 'roll': -5, 'yaw': 139, 'vgx': 0, 'vgy': 0, 'vgz': 0, 'templ': 84, 'temph': 88, 'tof': 10, 'h': 0, 'bat': 85, 'baro': 112.96, 'time': 136, 'agx': -76.0, 'agy': 56.0, 'agz': -959.0}
2022-11-22 00:11:53,154 | INFO | PERIODIC STATE VALUES: {'mid': -1, 'x': -100, 'y': -100, 'z': -100, 'mpry': '0,0,0', 'pitch': -1, 'roll': -3, 'yaw': 138, 'vgx': 0, 'vgy': 0, 'vgz': 0, 'templ': 84, 'temph': 88, 'tof': 10, 'h': 0, 'bat': 85, 'baro': 112.9, 'time': 136, 'agx': -21.0, 'agy': 45.0, 'agz': -1017.0}
2022-11-22 00:11:53,668 | INFO | PERIODIC STATE VALUES: {'mid': -1, 'x': -100, 'y': -100, 'z': -100, 'mpry': '0,0,0', 'pitch': 0, 'roll': -4, 'yaw': 138, 'vgx': 0, 'vgy': 0, 'vgz': 0, 'templ': 85, 'temph': 87, 'tof': 10, 'h': 0, 'bat': 85, 'baro': 112.82, 'time': 136, 'agx': -17.0, 'agy': 60.0, 'agz': -1015.0}
2022-11-22 00:11:54,185 | INFO | PERIODIC STATE VALUES: {'mid': -1, 'x': -100, 'y': -100, 'z': -100, 'mpry': '0,0,0', 'pitch': 0, 'roll': -4, 'yaw': 137, 'vgx': 0, 'vgy': 0, 'vgz': 0, 'templ': 85, 'temph': 87, 'tof': 10, 'h': 0, 'bat': 85, 'baro': 112.92, 'time': 136, 'agx': -2.0, 'agy': 41.0, 'agz': -996.0}
2022-11-22 00:11:54,687 | INFO | PERIODIC STATE VALUES: {'mid': -1, 'x': -100, 'y': -100, 'z': -100, 'mpry': '0,0,0', 'pitch': 0, 'roll': -3, 'yaw': 138, 'vgx': 0, 'vgy': 0, 'vgz': 0, 'templ': 85, 'temph': 88, 'tof': 10, 'h': 0, 'bat': 85, 'baro': 112.98, 'time': 136, 'agx': -24.0, 'agy': 53.0, 'agz': -1027.0}
2022-11-22 00:11:55,189 | INFO | PERIODIC STATE VALUES: {'mid': -1, 'x': -100, 'y': -100, 'z': -100, 'mpry': '0,0,0', 'pitch': 0, 'roll': -3, 'yaw': 138, 'vgx': 0, 'vgy': 0, 'vgz': 0, 'templ': 85, 'temph': 88, 'tof': 10, 'h': 0, 'bat': 85, 'baro': 113.05, 'time': 136, 'agx': -8.0, 'agy': 29.0, 'agz': -981.0}
2022-11-22 00:11:55,704 | INFO | PERIODIC STATE VALUES: {'mid': -1, 'x': -100, 'y': -100, 'z': -100, 'mpry': '0,0,0', 'pitch': 0, 'roll': -3, 'yaw': 138, 'vgx': 0, 'vgy': 0, 'vgz': 0, 'templ': 85, 'temph': 87, 'tof': 10, 'h': 0, 'bat': 85, 'baro': 113.2, 'time': 136, 'agx': -20.0, 'agy': 40.0, 'agz': -997.0}
2022-11-22 00:11:56,209 | INFO | PERIODIC STATE VALUES: {'mid': -1, 'x': -100, 'y': -100, 'z': -100, 'mpry': '0,0,0', 'pitch': 0, 'roll': -3, 'yaw': 137, 'vgx': 0, 'vgy': 0, 'vgz': 1, 'templ': 85, 'temph': 87, 'tof': 10, 'h': 0, 'bat': 85, 'baro': 113.37, 'time': 136, 'agx': -19.0, 'agy': 48.0, 'agz': -994.0}
2022-11-22 00:11:56,726 | INFO | PERIODIC STATE VALUES: {'mid': -1, 'x': -100, 'y': -100, 'z': -100, 'mpry': '0,0,0', 'pitch': 0, 'roll': -3, 'yaw': 137, 'vgx': 0, 'vgy': 0, 'vgz': 1, 'templ': 85, 'temph': 87, 'tof': 10, 'h': 0, 'bat': 85, 'baro': 113.33, 'time': 136, 'agx': -10.0, 'agy': 41.0, 'agz': -1018.0}
2022-11-22 00:11:57,242 | INFO | PERIODIC STATE VALUES: {'mid': -1, 'x': -100, 'y': -100, 'z': -100, 'mpry': '0,0,0', 'pitch': 0, 'roll': -4, 'yaw': 137, 'vgx': 0, 'vgy': 0, 'vgz': 1, 'templ': 85, 'temph': 87, 'tof': 10, 'h': 0, 'bat': 85, 'baro': 113.4, 'time': 136, 'agx': -13.0, 'agy': 45.0, 'agz': -1023.0}
2022-11-22 00:11:57,744 | INFO | PERIODIC STATE VALUES: {'mid': -1, 'x': -100, 'y': -100, 'z': -100, 'mpry': '0,0,0', 'pitch': 0, 'roll': -3, 'yaw': 139, 'vgx': 0, 'vgy': 0, 'vgz': 1, 'templ': 85, 'temph': 87, 'tof': 10, 'h': 0, 'bat': 85, 'baro': 113.46, 'time': 136, 'agx': -7.0, 'agy': 52.0, 'agz': -997.0}
2022-11-22 00:11:58,248 | INFO | PERIODIC STATE VALUES: {'mid': -1, 'x': -100, 'y': -100, 'z': -100, 'mpry': '0,0,0', 'pitch': 1, 'roll': -3, 'yaw': 138, 'vgx': 0, 'vgy': 0, 'vgz': 0, 'templ': 85, 'temph': 87, 'tof': 10, 'h': 0, 'bat': 85, 'baro': 113.49, 'time': 136, 'agx': 1.0, 'agy': 57.0, 'agz': -1016.0}
2022-11-22 00:11:58,763 | INFO | PERIODIC STATE VALUES: {'mid': -1, 'x': -100, 'y': -100, 'z': -100, 'mpry': '0,0,0', 'pitch': 1, 'roll': -3, 'yaw': 136, 'vgx': 0, 'vgy': 0, 'vgz': 0, 'templ': 85, 'temph': 88, 'tof': 10, 'h': 0, 'bat': 85, 'baro': 113.44, 'time': 136, 'agx': 19.0, 'agy': 47.0, 'agz': -1011.0}
2022-11-22 00:11:59,266 | INFO | PERIODIC STATE VALUES: {'mid': -1, 'x': -100, 'y': -100, 'z': -100, 'mpry': '0,0,0', 'pitch': 1, 'roll': -3, 'yaw': 136, 'vgx': 0, 'vgy': 0, 'vgz': 0, 'templ': 85, 'temph': 88, 'tof': 10, 'h': 0, 'bat': 85, 'baro': 113.39, 'time': 136, 'agx': -7.0, 'agy': 43.0, 'agz': -988.0}
2022-11-22 00:11:59,782 | INFO | PERIODIC STATE VALUES: {'mid': -1, 'x': -100, 'y': -100, 'z': -100, 'mpry': '0,0,0', 'pitch': 0, 'roll': -3, 'yaw': 136, 'vgx': 0, 'vgy': 0, 'vgz': 0, 'templ': 85, 'temph': 88, 'tof': 10, 'h': 0, 'bat': 85, 'baro': 113.37, 'time': 136, 'agx': 0.0, 'agy': 54.0, 'agz': -986.0}
2022-11-22 00:12:00,285 | INFO | PERIODIC STATE VALUES: {'mid': -1, 'x': -100, 'y': -100, 'z': -100, 'mpry': '0,0,0', 'pitch': 1, 'roll': -3, 'yaw': 137, 'vgx': 0, 'vgy': 0, 'vgz': 0, 'templ': 85, 'temph': 88, 'tof': 10, 'h': 0, 'bat': 85, 'baro': 113.39, 'time': 136, 'agx': 0.0, 'agy': 60.0, 'agz': -995.0}
2022-11-22 00:12:00,797 | INFO | PERIODIC STATE VALUES: {'mid': -1, 'x': -100, 'y': -100, 'z': -100, 'mpry': '0,0,0', 'pitch': 1, 'roll': -3, 'yaw': 136, 'vgx': 0, 'vgy': 0, 'vgz': 0, 'templ': 85, 'temph': 88, 'tof': 10, 'h': 0, 'bat': 85, 'baro': 113.42, 'time': 136, 'agx': 0.0, 'agy': 61.0, 'agz': -988.0}
2022-11-22 00:12:01,302 | INFO | PERIODIC STATE VALUES: {'mid': -1, 'x': -100, 'y': -100, 'z': -100, 'mpry': '0,0,0', 'pitch': 1, 'roll': -3, 'yaw': 135, 'vgx': 0, 'vgy': 0, 'vgz': 0, 'templ': 85, 'temph': 88, 'tof': 10, 'h': 0, 'bat': 85, 'baro': 113.3, 'time': 136, 'agx': 30.0, 'agy': 77.0, 'agz': -1042.0}
2022-11-22 00:12:01,803 | INFO | PERIODIC STATE VALUES: {'mid': -1, 'x': -100, 'y': -100, 'z': -100, 'mpry': '0,0,0', 'pitch': 0, 'roll': -2, 'yaw': 134, 'vgx': 0, 'vgy': 0, 'vgz': 0, 'templ': 86, 'temph': 88, 'tof': 10, 'h': 0, 'bat': 85, 'baro': 113.26, 'time': 136, 'agx': 0.0, 'agy': 43.0, 'agz': -1017.0}
2022-11-22 00:12:02,305 | INFO | PERIODIC STATE VALUES: {'mid': -1, 'x': -100, 'y': -100, 'z': -100, 'mpry': '0,0,0', 'pitch': 0, 'roll': -3, 'yaw': 134, 'vgx': 0, 'vgy': 0, 'vgz': 0, 'templ': 86, 'temph': 88, 'tof': 10, 'h': 0, 'bat': 85, 'baro': 113.15, 'time': 136, 'agx': -10.0, 'agy': 46.0, 'agz': -990.0}
2022-11-22 00:12:02,807 | INFO | PERIODIC STATE VALUES: {'mid': -1, 'x': -100, 'y': -100, 'z': -100, 'mpry': '0,0,0', 'pitch': 0, 'roll': -3, 'yaw': 135, 'vgx': 0, 'vgy': 0, 'vgz': 0, 'templ': 86, 'temph': 89, 'tof': 10, 'h': 0, 'bat': 85, 'baro': 113.23, 'time': 136, 'agx': -9.0, 'agy': 52.0, 'agz': -993.0}
2022-11-22 00:12:03,309 | INFO | PERIODIC STATE VALUES: {'mid': -1, 'x': -100, 'y': -100, 'z': -100, 'mpry': '0,0,0', 'pitch': 0, 'roll': -3, 'yaw': 134, 'vgx': 0, 'vgy': 0, 'vgz': 0, 'templ': 86, 'temph': 89, 'tof': 10, 'h': 0, 'bat': 85, 'baro': 113.19, 'time': 136, 'agx': -21.0, 'agy': 41.0, 'agz': -993.0}
2022-11-22 00:12:03,815 | INFO | PERIODIC STATE VALUES: {'mid': -1, 'x': -100, 'y': -100, 'z': -100, 'mpry': '0,0,0', 'pitch': 0, 'roll': -2, 'yaw': 134, 'vgx': 0, 'vgy': 0, 'vgz': 0, 'templ': 86, 'temph': 88, 'tof': 10, 'h': 0, 'bat': 85, 'baro': 113.24, 'time': 136, 'agx': -9.0, 'agy': 14.0, 'agz': -1001.0}
2022-11-22 00:12:04,330 | INFO | PERIODIC STATE VALUES: {'mid': -1, 'x': -100, 'y': -100, 'z': -100, 'mpry': '0,0,0', 'pitch': 0, 'roll': -2, 'yaw': 135, 'vgx': 0, 'vgy': 0, 'vgz': 0, 'templ': 86, 'temph': 88, 'tof': 10, 'h': 0, 'bat': 85, 'baro': 113.28, 'time': 136, 'agx': -13.0, 'agy': 51.0, 'agz': -1009.0}
2022-11-22 00:12:04,844 | INFO | PERIODIC STATE VALUES: {'mid': -1, 'x': -100, 'y': -100, 'z': -100, 'mpry': '0,0,0', 'pitch': 0, 'roll': -3, 'yaw': 136, 'vgx': 0, 'vgy': 0, 'vgz': 0, 'templ': 86, 'temph': 88, 'tof': 10, 'h': 0, 'bat': 85, 'baro': 113.29, 'time': 136, 'agx': -3.0, 'agy': 52.0, 'agz': -1004.0}
2022-11-22 00:12:05,349 | INFO | PERIODIC STATE VALUES: {'mid': -1, 'x': -100, 'y': -100, 'z': -100, 'mpry': '0,0,0', 'pitch': 0, 'roll': -3, 'yaw': 135, 'vgx': 0, 'vgy': 0, 'vgz': 0, 'templ': 86, 'temph': 88, 'tof': 10, 'h': 0, 'bat': 85, 'baro': 113.26, 'time': 136, 'agx': 18.0, 'agy': 25.0, 'agz': -988.0}
2022-11-22 00:12:05,860 | INFO | PERIODIC STATE VALUES: {'mid': -1, 'x': -100, 'y': -100, 'z': -100, 'mpry': '0,0,0', 'pitch': 0, 'roll': -2, 'yaw': 135, 'vgx': 0, 'vgy': 0, 'vgz': 0, 'templ': 85, 'temph': 88, 'tof': 10, 'h': 0, 'bat': 85, 'baro': 113.32, 'time': 136, 'agx': 19.0, 'agy': 44.0, 'agz': -1032.0}
2022-11-22 00:12:06,376 | INFO | PERIODIC STATE VALUES: {'mid': -1, 'x': -100, 'y': -100, 'z': -100, 'mpry': '0,0,0', 'pitch': 0, 'roll': -2, 'yaw': 134, 'vgx': 0, 'vgy': 0, 'vgz': 0, 'templ': 85, 'temph': 88, 'tof': 10, 'h': 0, 'bat': 85, 'baro': 113.42, 'time': 136, 'agx': -5.0, 'agy': 30.0, 'agz': -985.0}
2022-11-22 00:12:06,893 | INFO | PERIODIC STATE VALUES: {'mid': -1, 'x': -100, 'y': -100, 'z': -100, 'mpry': '0,0,0', 'pitch': 0, 'roll': -2, 'yaw': 135, 'vgx': 0, 'vgy': 0, 'vgz': 0, 'templ': 86, 'temph': 89, 'tof': 10, 'h': 0, 'bat': 85, 'baro': 113.37, 'time': 136, 'agx': -3.0, 'agy': 28.0, 'agz': -1010.0}
2022-11-22 00:12:07,410 | INFO | PERIODIC STATE VALUES: {'mid': -1, 'x': -100, 'y': -100, 'z': -100, 'mpry': '0,0,0', 'pitch': 0, 'roll': -3, 'yaw': 135, 'vgx': 0, 'vgy': 0, 'vgz': 0, 'templ': 86, 'temph': 89, 'tof': 10, 'h': 0, 'bat': 85, 'baro': 113.3, 'time': 136, 'agx': -46.0, 'agy': 50.0, 'agz': -1004.0}
2022-11-22 00:12:07,913 | INFO | PERIODIC STATE VALUES: {'mid': -1, 'x': -100, 'y': -100, 'z': -100, 'mpry': '0,0,0', 'pitch': 0, 'roll': -3, 'yaw': 136, 'vgx': 0, 'vgy': 0, 'vgz': 0, 'templ': 85, 'temph': 89, 'tof': 10, 'h': 0, 'bat': 85, 'baro': 113.41, 'time': 136, 'agx': -1.0, 'agy': 40.0, 'agz': -1007.0}
2022-11-22 00:12:08,417 | INFO | PERIODIC STATE VALUES: {'mid': -1, 'x': -100, 'y': -100, 'z': -100, 'mpry': '0,0,0', 'pitch': 0, 'roll': -3, 'yaw': 135, 'vgx': 0, 'vgy': 0, 'vgz': 0, 'templ': 85, 'temph': 89, 'tof': 10, 'h': 0, 'bat': 85, 'baro': 113.5, 'time': 136, 'agx': -5.0, 'agy': 55.0, 'agz': -977.0}
2022-11-22 00:12:08,931 | INFO | PERIODIC STATE VALUES: {'mid': -1, 'x': -100, 'y': -100, 'z': -100, 'mpry': '0,0,0', 'pitch': 0, 'roll': -2, 'yaw': 135, 'vgx': 0, 'vgy': 0, 'vgz': 0, 'templ': 86, 'temph': 89, 'tof': 10, 'h': 0, 'bat': 85, 'baro': 113.41, 'time': 136, 'agx': -15.0, 'agy': 50.0, 'agz': -1001.0}
2022-11-22 00:12:09,447 | INFO | PERIODIC STATE VALUES: {'mid': -1, 'x': -100, 'y': -100, 'z': -100, 'mpry': '0,0,0', 'pitch': 0, 'roll': -2, 'yaw': 135, 'vgx': 0, 'vgy': 0, 'vgz': 0, 'templ': 86, 'temph': 89, 'tof': 10, 'h': 0, 'bat': 85, 'baro': 113.54, 'time': 136, 'agx': 24.0, 'agy': 27.0, 'agz': -991.0}
2022-11-22 00:12:09,950 | INFO | PERIODIC STATE VALUES: {'mid': -1, 'x': -100, 'y': -100, 'z': -100, 'mpry': '0,0,0', 'pitch': 1, 'roll': -2, 'yaw': 134, 'vgx': 0, 'vgy': 0, 'vgz': 0, 'templ': 86, 'temph': 89, 'tof': 10, 'h': 0, 'bat': 85, 'baro': 113.55, 'time': 136, 'agx': 8.0, 'agy': 20.0, 'agz': -993.0}
2022-11-22 00:12:10,467 | INFO | PERIODIC STATE VALUES: {'mid': -1, 'x': -100, 'y': -100, 'z': -100, 'mpry': '0,0,0', 'pitch': 0, 'roll': -2, 'yaw': 135, 'vgx': 0, 'vgy': 0, 'vgz': 0, 'templ': 86, 'temph': 89, 'tof': 10, 'h': 0, 'bat': 85, 'baro': 113.39, 'time': 136, 'agx': 8.0, 'agy': 27.0, 'agz': -1014.0}
2022-11-22 00:12:10,969 | INFO | PERIODIC STATE VALUES: {'mid': -1, 'x': -100, 'y': -100, 'z': -100, 'mpry': '0,0,0', 'pitch': 0, 'roll': -2, 'yaw': 135, 'vgx': 0, 'vgy': 0, 'vgz': 0, 'templ': 87, 'temph': 89, 'tof': 10, 'h': 0, 'bat': 85, 'baro': 113.3, 'time': 136, 'agx': -11.0, 'agy': 39.0, 'agz': -1000.0}
2022-11-22 00:12:11,483 | INFO | PERIODIC STATE VALUES: {'mid': -1, 'x': -100, 'y': -100, 'z': -100, 'mpry': '0,0,0', 'pitch': 0, 'roll': -2, 'yaw': 135, 'vgx': 0, 'vgy': 0, 'vgz': 0, 'templ': 87, 'temph': 89, 'tof': 10, 'h': 0, 'bat': 85, 'baro': 113.32, 'time': 136, 'agx': 9.0, 'agy': 33.0, 'agz': -1015.0}
2022-11-22 00:12:12,000 | INFO | PERIODIC STATE VALUES: {'mid': -1, 'x': -100, 'y': -100, 'z': -100, 'mpry': '0,0,0', 'pitch': 0, 'roll': -2, 'yaw': 135, 'vgx': 0, 'vgy': 0, 'vgz': 0, 'templ': 86, 'temph': 90, 'tof': 10, 'h': 0, 'bat': 85, 'baro': 113.5, 'time': 136, 'agx': -8.0, 'agy': 41.0, 'agz': -1012.0}
2022-11-22 00:12:12,514 | INFO | PERIODIC STATE VALUES: {'mid': -1, 'x': -100, 'y': -100, 'z': -100, 'mpry': '0,0,0', 'pitch': 0, 'roll': -2, 'yaw': 135, 'vgx': 0, 'vgy': 0, 'vgz': 0, 'templ': 86, 'temph': 90, 'tof': 10, 'h': 0, 'bat': 85, 'baro': 113.56, 'time': 136, 'agx': 19.0, 'agy': 36.0, 'agz': -1003.0}
2022-11-22 00:12:13,018 | INFO | PERIODIC STATE VALUES: {'mid': -1, 'x': -100, 'y': -100, 'z': -100, 'mpry': '0,0,0', 'pitch': 0, 'roll': -2, 'yaw': 135, 'vgx': 0, 'vgy': 0, 'vgz': 0, 'templ': 86, 'temph': 89, 'tof': 10, 'h': 0, 'bat': 85, 'baro': 113.59, 'time': 136, 'agx': -5.0, 'agy': 40.0, 'agz': -1014.0}
2022-11-22 00:12:13,519 | INFO | PERIODIC STATE VALUES: {'mid': -1, 'x': -100, 'y': -100, 'z': -100, 'mpry': '0,0,0', 'pitch': 0, 'roll': -2, 'yaw': 135, 'vgx': 0, 'vgy': 0, 'vgz': 0, 'templ': 86, 'temph': 89, 'tof': 10, 'h': 0, 'bat': 85, 'baro': 113.52, 'time': 136, 'agx': -10.0, 'agy': 37.0, 'agz': -999.0}
2022-11-22 00:12:14,035 | INFO | PERIODIC STATE VALUES: {'mid': -1, 'x': -100, 'y': -100, 'z': -100, 'mpry': '0,0,0', 'pitch': 0, 'roll': -2, 'yaw': 135, 'vgx': 0, 'vgy': 0, 'vgz': 0, 'templ': 86, 'temph': 90, 'tof': 10, 'h': 0, 'bat': 85, 'baro': 113.6, 'time': 136, 'agx': 18.0, 'agy': 14.0, 'agz': -1024.0}
2022-11-22 00:12:14,549 | INFO | PERIODIC STATE VALUES: {'mid': -1, 'x': -100, 'y': -100, 'z': -100, 'mpry': '0,0,0', 'pitch': 0, 'roll': -2, 'yaw': 136, 'vgx': 0, 'vgy': 0, 'vgz': 0, 'templ': 86, 'temph': 90, 'tof': 10, 'h': 0, 'bat': 85, 'baro': 113.6, 'time': 136, 'agx': 3.0, 'agy': 37.0, 'agz': -999.0}
2022-11-22 00:12:15,052 | INFO | PERIODIC STATE VALUES: {'mid': -1, 'x': -100, 'y': -100, 'z': -100, 'mpry': '0,0,0', 'pitch': 0, 'roll': -2, 'yaw': 135, 'vgx': 0, 'vgy': 0, 'vgz': 0, 'templ': 86, 'temph': 89, 'tof': 10, 'h': 0, 'bat': 85, 'baro': 113.5, 'time': 136, 'agx': 14.0, 'agy': 32.0, 'agz': -1028.0}
2022-11-22 00:12:15,554 | INFO | PERIODIC STATE VALUES: {'mid': -1, 'x': -100, 'y': -100, 'z': -100, 'mpry': '0,0,0', 'pitch': 0, 'roll': -2, 'yaw': 135, 'vgx': 0, 'vgy': 0, 'vgz': 0, 'templ': 86, 'temph': 89, 'tof': 10, 'h': 0, 'bat': 85, 'baro': 113.5, 'time': 136, 'agx': 6.0, 'agy': 30.0, 'agz': -1006.0}
2022-11-22 00:12:16,058 | INFO | PERIODIC STATE VALUES: {'mid': -1, 'x': -100, 'y': -100, 'z': -100, 'mpry': '0,0,0', 'pitch': 0, 'roll': -2, 'yaw': 135, 'vgx': 0, 'vgy': 0, 'vgz': 0, 'templ': 87, 'temph': 90, 'tof': 10, 'h': 0, 'bat': 85, 'baro': 113.41, 'time': 136, 'agx': 23.0, 'agy': 34.0, 'agz': -1035.0}
2022-11-22 00:12:16,562 | INFO | PERIODIC STATE VALUES: {'mid': -1, 'x': -100, 'y': -100, 'z': -100, 'mpry': '0,0,0', 'pitch': 0, 'roll': -2, 'yaw': 135, 'vgx': 0, 'vgy': 0, 'vgz': 0, 'templ': 87, 'temph': 90, 'tof': 10, 'h': 0, 'bat': 85, 'baro': 113.47, 'time': 136, 'agx': 20.0, 'agy': 21.0, 'agz': -996.0}
2022-11-22 00:12:17,067 | INFO | PERIODIC STATE VALUES: {'mid': -1, 'x': -100, 'y': -100, 'z': -100, 'mpry': '0,0,0', 'pitch': 0, 'roll': -2, 'yaw': 135, 'vgx': 0, 'vgy': 0, 'vgz': 0, 'templ': 87, 'temph': 89, 'tof': 10, 'h': 0, 'bat': 85, 'baro': 113.41, 'time': 136, 'agx': -15.0, 'agy': 34.0, 'agz': -992.0}
2022-11-22 00:12:17,569 | INFO | PERIODIC STATE VALUES: {'mid': -1, 'x': -100, 'y': -100, 'z': -100, 'mpry': '0,0,0', 'pitch': 0, 'roll': -2, 'yaw': 135, 'vgx': 0, 'vgy': 0, 'vgz': 0, 'templ': 87, 'temph': 89, 'tof': 10, 'h': 0, 'bat': 85, 'baro': 113.39, 'time': 136, 'agx': -27.0, 'agy': 46.0, 'agz': -997.0}
2022-11-22 00:12:18,084 | INFO | PERIODIC STATE VALUES: {'mid': -1, 'x': -100, 'y': -100, 'z': -100, 'mpry': '0,0,0', 'pitch': 0, 'roll': -1, 'yaw': 135, 'vgx': 0, 'vgy': 0, 'vgz': 0, 'templ': 87, 'temph': 90, 'tof': 10, 'h': 0, 'bat': 85, 'baro': 113.39, 'time': 136, 'agx': 9.0, 'agy': 23.0, 'agz': -1031.0}
2022-11-22 00:12:18,585 | INFO | PERIODIC STATE VALUES: {'mid': -1, 'x': -100, 'y': -100, 'z': -100, 'mpry': '0,0,0', 'pitch': 0, 'roll': -1, 'yaw': 135, 'vgx': 0, 'vgy': 0, 'vgz': 0, 'templ': 87, 'temph': 90, 'tof': 10, 'h': 0, 'bat': 85, 'baro': 113.38, 'time': 136, 'agx': 14.0, 'agy': 30.0, 'agz': -1003.0}
2022-11-22 00:12:19,087 | INFO | PERIODIC STATE VALUES: {'mid': -1, 'x': -100, 'y': -100, 'z': -100, 'mpry': '0,0,0', 'pitch': 1, 'roll': -1, 'yaw': 134, 'vgx': 0, 'vgy': 0, 'vgz': 0, 'templ': 88, 'temph': 90, 'tof': 10, 'h': 0, 'bat': 85, 'baro': 113.39, 'time': 136, 'agx': -1.0, 'agy': 34.0, 'agz': -1007.0}
2022-11-22 00:12:19,601 | INFO | PERIODIC STATE VALUES: {'mid': -1, 'x': -100, 'y': -100, 'z': -100, 'mpry': '0,0,0', 'pitch': 0, 'roll': -1, 'yaw': 134, 'vgx': 0, 'vgy': 0, 'vgz': 0, 'templ': 88, 'temph': 90, 'tof': 10, 'h': 0, 'bat': 85, 'baro': 113.3, 'time': 136, 'agx': 22.0, 'agy': 23.0, 'agz': -1023.0}
2022-11-22 00:12:20,115 | INFO | PERIODIC STATE VALUES: {'mid': -1, 'x': -100, 'y': -100, 'z': -100, 'mpry': '0,0,0', 'pitch': 0, 'roll': -1, 'yaw': 134, 'vgx': 0, 'vgy': 0, 'vgz': 0, 'templ': 87, 'temph': 90, 'tof': 10, 'h': 0, 'bat': 85, 'baro': 113.26, 'time': 136, 'agx': 10.0, 'agy': 14.0, 'agz': -994.0}
2022-11-22 00:12:20,617 | INFO | PERIODIC STATE VALUES: {'mid': -1, 'x': -100, 'y': -100, 'z': -100, 'mpry': '0,0,0', 'pitch': 0, 'roll': -1, 'yaw': 134, 'vgx': 0, 'vgy': 0, 'vgz': 0, 'templ': 87, 'temph': 90, 'tof': 10, 'h': 0, 'bat': 85, 'baro': 113.25, 'time': 136, 'agx': 17.0, 'agy': 21.0, 'agz': -994.0}
2022-11-22 00:12:21,134 | INFO | PERIODIC STATE VALUES: {'mid': -1, 'x': -100, 'y': -100, 'z': -100, 'mpry': '0,0,0', 'pitch': 0, 'roll': -1, 'yaw': 134, 'vgx': 0, 'vgy': 0, 'vgz': 0, 'templ': 87, 'temph': 90, 'tof': 10, 'h': 0, 'bat': 85, 'baro': 113.21, 'time': 136, 'agx': 26.0, 'agy': 16.0, 'agz': -1023.0}
2022-11-22 00:12:21,637 | INFO | PERIODIC STATE VALUES: {'mid': -1, 'x': -100, 'y': -100, 'z': -100, 'mpry': '0,0,0', 'pitch': 0, 'roll': -1, 'yaw': 134, 'vgx': 0, 'vgy': 0, 'vgz': 0, 'templ': 87, 'temph': 90, 'tof': 10, 'h': 0, 'bat': 85, 'baro': 113.2, 'time': 136, 'agx': 10.0, 'agy': 25.0, 'agz': -1004.0}
2022-11-22 00:12:22,154 | INFO | PERIODIC STATE VALUES: {'mid': -1, 'x': -100, 'y': -100, 'z': -100, 'mpry': '0,0,0', 'pitch': 0, 'roll': -1, 'yaw': 134, 'vgx': 0, 'vgy': 0, 'vgz': 0, 'templ': 87, 'temph': 90, 'tof': 10, 'h': 0, 'bat': 84, 'baro': 113.2, 'time': 136, 'agx': 0.0, 'agy': 27.0, 'agz': -984.0}
2022-11-22 00:12:22,658 | INFO | PERIODIC STATE VALUES: {'mid': -1, 'x': -100, 'y': -100, 'z': -100, 'mpry': '0,0,0', 'pitch': 0, 'roll': -1, 'yaw': 134, 'vgx': 0, 'vgy': 0, 'vgz': 0, 'templ': 87, 'temph': 90, 'tof': 10, 'h': 0, 'bat': 84, 'baro': 113.17, 'time': 136, 'agx': 7.0, 'agy': 24.0, 'agz': -1000.0}
2022-11-22 00:12:23,175 | INFO | PERIODIC STATE VALUES: {'mid': -1, 'x': -100, 'y': -100, 'z': -100, 'mpry': '0,0,0', 'pitch': 0, 'roll': -1, 'yaw': 134, 'vgx': 0, 'vgy': 0, 'vgz': 0, 'templ': 87, 'temph': 90, 'tof': 10, 'h': 0, 'bat': 84, 'baro': 113.16, 'time': 136, 'agx': 20.0, 'agy': 6.0, 'agz': -975.0}
2022-11-22 00:12:23,692 | INFO | PERIODIC STATE VALUES: {'mid': -1, 'x': -100, 'y': -100, 'z': -100, 'mpry': '0,0,0', 'pitch': 0, 'roll': 0, 'yaw': 134, 'vgx': 0, 'vgy': 0, 'vgz': 0, 'templ': 87, 'temph': 90, 'tof': 10, 'h': 0, 'bat': 84, 'baro': 113.18, 'time': 136, 'agx': 25.0, 'agy': -12.0, 'agz': -1007.0}
2022-11-22 00:12:24,209 | INFO | PERIODIC STATE VALUES: {'mid': -1, 'x': -100, 'y': -100, 'z': -100, 'mpry': '0,0,0', 'pitch': 0, 'roll': 0, 'yaw': 133, 'vgx': 0, 'vgy': 0, 'vgz': 0, 'templ': 88, 'temph': 91, 'tof': 10, 'h': 0, 'bat': 84, 'baro': 113.21, 'time': 136, 'agx': 7.0, 'agy': 14.0, 'agz': -1004.0}
2022-11-22 00:12:24,711 | INFO | PERIODIC STATE VALUES: {'mid': -1, 'x': -100, 'y': -100, 'z': -100, 'mpry': '0,0,0', 'pitch': 0, 'roll': -1, 'yaw': 134, 'vgx': 0, 'vgy': 0, 'vgz': 0, 'templ': 88, 'temph': 91, 'tof': 10, 'h': 0, 'bat': 84, 'baro': 113.35, 'time': 136, 'agx': 15.0, 'agy': 8.0, 'agz': -990.0}
2022-11-22 00:12:25,224 | INFO | PERIODIC STATE VALUES: {'mid': -1, 'x': -100, 'y': -100, 'z': -100, 'mpry': '0,0,0', 'pitch': 0, 'roll': -1, 'yaw': 133, 'vgx': 0, 'vgy': 0, 'vgz': 0, 'templ': 88, 'temph': 90, 'tof': 10, 'h': 0, 'bat': 84, 'baro': 113.45, 'time': 136, 'agx': -1.0, 'agy': 9.0, 'agz': -1000.0}
2022-11-22 00:12:25,728 | INFO | PERIODIC STATE VALUES: {'mid': -1, 'x': -100, 'y': -100, 'z': -100, 'mpry': '0,0,0', 'pitch': 0, 'roll': 0, 'yaw': 133, 'vgx': 0, 'vgy': 0, 'vgz': 1, 'templ': 88, 'temph': 91, 'tof': 10, 'h': 0, 'bat': 84, 'baro': 113.44, 'time': 136, 'agx': -16.0, 'agy': 6.0, 'agz': -953.0}
2022-11-22 00:12:26,243 | INFO | PERIODIC STATE VALUES: {'mid': -1, 'x': -100, 'y': -100, 'z': -100, 'mpry': '0,0,0', 'pitch': 0, 'roll': 0, 'yaw': 133, 'vgx': 0, 'vgy': 0, 'vgz': 1, 'templ': 88, 'temph': 91, 'tof': 10, 'h': 0, 'bat': 84, 'baro': 113.44, 'time': 136, 'agx': 6.0, 'agy': 9.0, 'agz': -1018.0}
2022-11-22 00:12:26,757 | INFO | PERIODIC STATE VALUES: {'mid': -1, 'x': -100, 'y': -100, 'z': -100, 'mpry': '0,0,0', 'pitch': 0, 'roll': 0, 'yaw': 132, 'vgx': 0, 'vgy': 0, 'vgz': 0, 'templ': 88, 'temph': 90, 'tof': 10, 'h': 0, 'bat': 84, 'baro': 113.38, 'time': 136, 'agx': 2.0, 'agy': -2.0, 'agz': -973.0}
2022-11-22 00:12:27,259 | INFO | PERIODIC STATE VALUES: {'mid': -1, 'x': -100, 'y': -100, 'z': -100, 'mpry': '0,0,0', 'pitch': 0, 'roll': 0, 'yaw': 132, 'vgx': 0, 'vgy': 0, 'vgz': 0, 'templ': 88, 'temph': 90, 'tof': 10, 'h': 0, 'bat': 84, 'baro': 113.34, 'time': 136, 'agx': 12.0, 'agy': -10.0, 'agz': -985.0}
2022-11-22 00:12:27,761 | INFO | PERIODIC STATE VALUES: {'mid': -1, 'x': -100, 'y': -100, 'z': -100, 'mpry': '0,0,0', 'pitch': 0, 'roll': 0, 'yaw': 133, 'vgx': 0, 'vgy': 0, 'vgz': 0, 'templ': 88, 'temph': 90, 'tof': 10, 'h': 0, 'bat': 84, 'baro': 113.39, 'time': 136, 'agx': 11.0, 'agy': 0.0, 'agz': -1013.0}
2022-11-22 00:12:28,263 | INFO | PERIODIC STATE VALUES: {'mid': -1, 'x': -100, 'y': -100, 'z': -100, 'mpry': '0,0,0', 'pitch': 0, 'roll': 0, 'yaw': 133, 'vgx': 0, 'vgy': 0, 'vgz': 0, 'templ': 88, 'temph': 90, 'tof': 10, 'h': 0, 'bat': 84, 'baro': 113.37, 'time': 136, 'agx': 5.0, 'agy': 30.0, 'agz': -987.0}
2022-11-22 00:12:28,766 | INFO | PERIODIC STATE VALUES: {'mid': -1, 'x': -100, 'y': -100, 'z': -100, 'mpry': '0,0,0', 'pitch': 1, 'roll': 0, 'yaw': 133, 'vgx': 0, 'vgy': 0, 'vgz': 0, 'templ': 88, 'temph': 90, 'tof': 10, 'h': 0, 'bat': 84, 'baro': 113.44, 'time': 136, 'agx': 35.0, 'agy': -4.0, 'agz': -1001.0}
2022-11-22 00:12:29,282 | INFO | PERIODIC STATE VALUES: {'mid': -1, 'x': -100, 'y': -100, 'z': -100, 'mpry': '0,0,0', 'pitch': 0, 'roll': 0, 'yaw': 132, 'vgx': 0, 'vgy': 0, 'vgz': 0, 'templ': 88, 'temph': 91, 'tof': 10, 'h': 0, 'bat': 84, 'baro': 113.77, 'time': 136, 'agx': 31.0, 'agy': -7.0, 'agz': -1021.0}
2022-11-22 00:12:29,794 | INFO | PERIODIC STATE VALUES: {'mid': -1, 'x': -100, 'y': -100, 'z': -100, 'mpry': '0,0,0', 'pitch': 0, 'roll': 0, 'yaw': 132, 'vgx': 0, 'vgy': 0, 'vgz': 1, 'templ': 87, 'temph': 91, 'tof': 10, 'h': 0, 'bat': 84, 'baro': 113.72, 'time': 136, 'agx': -6.0, 'agy': 23.0, 'agz': -1000.0}
2022-11-22 00:12:30,309 | INFO | PERIODIC STATE VALUES: {'mid': -1, 'x': -100, 'y': -100, 'z': -100, 'mpry': '0,0,0', 'pitch': 0, 'roll': 0, 'yaw': 132, 'vgx': 0, 'vgy': 0, 'vgz': 1, 'templ': 87, 'temph': 91, 'tof': 10, 'h': 0, 'bat': 84, 'baro': 113.65, 'time': 136, 'agx': 2.0, 'agy': -4.0, 'agz': -987.0}
2022-11-22 00:12:30,825 | INFO | PERIODIC STATE VALUES: {'mid': -1, 'x': -100, 'y': -100, 'z': -100, 'mpry': '0,0,0', 'pitch': 0, 'roll': 0, 'yaw': 133, 'vgx': 0, 'vgy': 0, 'vgz': 0, 'templ': 88, 'temph': 91, 'tof': 10, 'h': 0, 'bat': 84, 'baro': 113.54, 'time': 136, 'agx': 13.0, 'agy': 14.0, 'agz': -1013.0}
2022-11-22 00:12:31,331 | INFO | PERIODIC STATE VALUES: {'mid': -1, 'x': -100, 'y': -100, 'z': -100, 'mpry': '0,0,0', 'pitch': 0, 'roll': 0, 'yaw': 134, 'vgx': 0, 'vgy': 0, 'vgz': 0, 'templ': 88, 'temph': 91, 'tof': 10, 'h': 0, 'bat': 84, 'baro': 113.51, 'time': 136, 'agx': 22.0, 'agy': 7.0, 'agz': -1009.0}
2022-11-22 00:12:31,845 | INFO | PERIODIC STATE VALUES: {'mid': -1, 'x': -100, 'y': -100, 'z': -100, 'mpry': '0,0,0', 'pitch': 0, 'roll': 0, 'yaw': 135, 'vgx': 0, 'vgy': 0, 'vgz': 0, 'templ': 89, 'temph': 91, 'tof': 10, 'h': 0, 'bat': 84, 'baro': 113.56, 'time': 136, 'agx': 12.0, 'agy': 11.0, 'agz': -992.0}
2022-11-22 00:12:32,348 | INFO | PERIODIC STATE VALUES: {'mid': -1, 'x': -100, 'y': -100, 'z': -100, 'mpry': '0,0,0', 'pitch': 2, 'roll': 0, 'yaw': 135, 'vgx': 0, 'vgy': 0, 'vgz': 0, 'templ': 89, 'temph': 91, 'tof': 10, 'h': 0, 'bat': 84, 'baro': 113.57, 'time': 136, 'agx': 63.0, 'agy': -26.0, 'agz': -979.0}
2022-11-22 00:12:32,866 | INFO | PERIODIC STATE VALUES: {'mid': -1, 'x': -100, 'y': -100, 'z': -100, 'mpry': '0,0,0', 'pitch': 3, 'roll': 0, 'yaw': 133, 'vgx': 0, 'vgy': 0, 'vgz': 0, 'templ': 89, 'temph': 91, 'tof': 10, 'h': 0, 'bat': 84, 'baro': 113.51, 'time': 136, 'agx': 75.0, 'agy': -43.0, 'agz': -995.0}
2022-11-22 00:12:33,381 | INFO | PERIODIC STATE VALUES: {'mid': -1, 'x': -100, 'y': -100, 'z': -100, 'mpry': '0,0,0', 'pitch': 2, 'roll': 0, 'yaw': 133, 'vgx': 0, 'vgy': 0, 'vgz': 0, 'templ': 89, 'temph': 91, 'tof': 10, 'h': 0, 'bat': 84, 'baro': 113.46, 'time': 136, 'agx': 21.0, 'agy': 20.0, 'agz': -965.0}
2022-11-22 00:12:33,895 | INFO | PERIODIC STATE VALUES: {'mid': -1, 'x': -100, 'y': -100, 'z': -100, 'mpry': '0,0,0', 'pitch': 2, 'roll': 0, 'yaw': 132, 'vgx': 0, 'vgy': 0, 'vgz': 0, 'templ': 89, 'temph': 91, 'tof': 10, 'h': 0, 'bat': 84, 'baro': 113.39, 'time': 136, 'agx': 51.0, 'agy': 9.0, 'agz': -1009.0}
2022-11-22 00:12:34,409 | INFO | PERIODIC STATE VALUES: {'mid': -1, 'x': -100, 'y': -100, 'z': -100, 'mpry': '0,0,0', 'pitch': 3, 'roll': 0, 'yaw': 130, 'vgx': 0, 'vgy': 0, 'vgz': -1, 'templ': 89, 'temph': 91, 'tof': 10, 'h': 0, 'bat': 84, 'baro': 113.27, 'time': 136, 'agx': 81.0, 'agy': -19.0, 'agz': -997.0}
2022-11-22 00:12:34,911 | INFO | PERIODIC STATE VALUES: {'mid': -1, 'x': -100, 'y': -100, 'z': -100, 'mpry': '0,0,0', 'pitch': 3, 'roll': 0, 'yaw': 130, 'vgx': 0, 'vgy': 0, 'vgz': 0, 'templ': 89, 'temph': 92, 'tof': 10, 'h': 0, 'bat': 84, 'baro': 113.26, 'time': 136, 'agx': 61.0, 'agy': -9.0, 'agz': -939.0}
2022-11-22 00:12:35,413 | INFO | PERIODIC STATE VALUES: {'mid': -1, 'x': -100, 'y': -100, 'z': -100, 'mpry': '0,0,0', 'pitch': 5, 'roll': 0, 'yaw': 129, 'vgx': 0, 'vgy': 0, 'vgz': 0, 'templ': 89, 'temph': 92, 'tof': 10, 'h': 0, 'bat': 84, 'baro': 113.24, 'time': 136, 'agx': 99.0, 'agy': -23.0, 'agz': -1038.0}
2022-11-22 00:12:35,929 | INFO | PERIODIC STATE VALUES: {'mid': -1, 'x': -100, 'y': -100, 'z': -100, 'mpry': '0,0,0', 'pitch': 1, 'roll': 3, 'yaw': 128, 'vgx': 0, 'vgy': 0, 'vgz': 0, 'templ': 88, 'temph': 91, 'tof': 10, 'h': 0, 'bat': 84, 'baro': 113.19, 'time': 136, 'agx': 97.0, 'agy': -59.0, 'agz': -984.0}
2022-11-22 00:12:36,446 | INFO | PERIODIC STATE VALUES: {'mid': -1, 'x': -100, 'y': -100, 'z': -100, 'mpry': '0,0,0', 'pitch': 3, 'roll': 0, 'yaw': 128, 'vgx': 0, 'vgy': 0, 'vgz': 0, 'templ': 88, 'temph': 91, 'tof': 10, 'h': 0, 'bat': 84, 'baro': 113.15, 'time': 136, 'agx': 88.0, 'agy': -31.0, 'agz': -1031.0}
2022-11-22 00:12:36,963 | INFO | PERIODIC STATE VALUES: {'mid': -1, 'x': -100, 'y': -100, 'z': -100, 'mpry': '0,0,0', 'pitch': 4, 'roll': 0, 'yaw': 130, 'vgx': 0, 'vgy': 0, 'vgz': 0, 'templ': 89, 'temph': 91, 'tof': 10, 'h': 0, 'bat': 84, 'baro': 113.11, 'time': 136, 'agx': 58.0, 'agy': 38.0, 'agz': -999.0}
2022-11-22 00:12:37,465 | INFO | PERIODIC STATE VALUES: {'mid': -1, 'x': -100, 'y': -100, 'z': -100, 'mpry': '0,0,0', 'pitch': 4, 'roll': 0, 'yaw': 128, 'vgx': 0, 'vgy': 0, 'vgz': 0, 'templ': 89, 'temph': 91, 'tof': 10, 'h': 0, 'bat': 84, 'baro': 113.11, 'time': 136, 'agx': 88.0, 'agy': -7.0, 'agz': -1026.0}
2022-11-22 00:12:37,982 | INFO | PERIODIC STATE VALUES: {'mid': -1, 'x': -100, 'y': -100, 'z': -100, 'mpry': '0,0,0', 'pitch': 4, 'roll': 0, 'yaw': 128, 'vgx': 0, 'vgy': 0, 'vgz': 0, 'templ': 88, 'temph': 91, 'tof': 10, 'h': 0, 'bat': 84, 'baro': 113.17, 'time': 136, 'agx': 81.0, 'agy': -17.0, 'agz': -958.0}
2022-11-22 00:12:38,497 | INFO | PERIODIC STATE VALUES: {'mid': -1, 'x': -100, 'y': -100, 'z': -100, 'mpry': '0,0,0', 'pitch': 4, 'roll': 0, 'yaw': 128, 'vgx': 0, 'vgy': 0, 'vgz': 0, 'templ': 88, 'temph': 91, 'tof': 10, 'h': 0, 'bat': 84, 'baro': 113.09, 'time': 136, 'agx': 101.0, 'agy': 6.0, 'agz': -999.0}
2022-11-22 00:12:39,010 | INFO | PERIODIC STATE VALUES: {'mid': -1, 'x': -100, 'y': -100, 'z': -100, 'mpry': '0,0,0', 'pitch': 4, 'roll': 0, 'yaw': 128, 'vgx': 0, 'vgy': 0, 'vgz': 0, 'templ': 89, 'temph': 92, 'tof': 10, 'h': 0, 'bat': 84, 'baro': 113.09, 'time': 136, 'agx': 87.0, 'agy': -16.0, 'agz': -1000.0}
2022-11-22 00:12:39,527 | INFO | PERIODIC STATE VALUES: {'mid': -1, 'x': -100, 'y': -100, 'z': -100, 'mpry': '0,0,0', 'pitch': 4, 'roll': 0, 'yaw': 129, 'vgx': 0, 'vgy': 0, 'vgz': 0, 'templ': 89, 'temph': 92, 'tof': 10, 'h': 0, 'bat': 84, 'baro': 113.05, 'time': 136, 'agx': 80.0, 'agy': -9.0, 'agz': -980.0}
2022-11-22 00:12:40,029 | INFO | PERIODIC STATE VALUES: {'mid': -1, 'x': -100, 'y': -100, 'z': -100, 'mpry': '0,0,0', 'pitch': 4, 'roll': 0, 'yaw': 128, 'vgx': 0, 'vgy': 0, 'vgz': 0, 'templ': 89, 'temph': 92, 'tof': 10, 'h': 0, 'bat': 84, 'baro': 113.06, 'time': 136, 'agx': 80.0, 'agy': -14.0, 'agz': -1009.0}
2022-11-22 00:12:40,545 | INFO | PERIODIC STATE VALUES: {'mid': -1, 'x': -100, 'y': -100, 'z': -100, 'mpry': '0,0,0', 'pitch': 4, 'roll': 0, 'yaw': 129, 'vgx': 0, 'vgy': 0, 'vgz': 0, 'templ': 89, 'temph': 92, 'tof': 10, 'h': 0, 'bat': 84, 'baro': 113.05, 'time': 136, 'agx': 93.0, 'agy': 7.0, 'agz': -1013.0}
2022-11-22 00:12:41,049 | INFO | PERIODIC STATE VALUES: {'mid': -1, 'x': -100, 'y': -100, 'z': -100, 'mpry': '0,0,0', 'pitch': 4, 'roll': 0, 'yaw': 128, 'vgx': 0, 'vgy': 0, 'vgz': 0, 'templ': 89, 'temph': 92, 'tof': 10, 'h': 0, 'bat': 84, 'baro': 113.15, 'time': 136, 'agx': 70.0, 'agy': 0.0, 'agz': -952.0}
2022-11-22 00:12:41,566 | INFO | PERIODIC STATE VALUES: {'mid': -1, 'x': -100, 'y': -100, 'z': -100, 'mpry': '0,0,0', 'pitch': 4, 'roll': 0, 'yaw': 128, 'vgx': 0, 'vgy': 0, 'vgz': 0, 'templ': 89, 'temph': 92, 'tof': 10, 'h': 0, 'bat': 84, 'baro': 113.25, 'time': 136, 'agx': 75.0, 'agy': -24.0, 'agz': -986.0}
2022-11-22 00:12:42,068 | INFO | PERIODIC STATE VALUES: {'mid': -1, 'x': -100, 'y': -100, 'z': -100, 'mpry': '0,0,0', 'pitch': 3, 'roll': 1, 'yaw': 128, 'vgx': 0, 'vgy': 0, 'vgz': 1, 'templ': 89, 'temph': 93, 'tof': 10, 'h': 0, 'bat': 84, 'baro': 113.36, 'time': 136, 'agx': 84.0, 'agy': -35.0, 'agz': -983.0}
2022-11-22 00:12:42,584 | INFO | PERIODIC STATE VALUES: {'mid': -1, 'x': -100, 'y': -100, 'z': -100, 'mpry': '0,0,0', 'pitch': 4, 'roll': 0, 'yaw': 127, 'vgx': 0, 'vgy': 0, 'vgz': 1, 'templ': 89, 'temph': 93, 'tof': 10, 'h': 0, 'bat': 84, 'baro': 113.25, 'time': 136, 'agx': 90.0, 'agy': -25.0, 'agz': -1017.0}
2022-11-22 00:12:43,087 | INFO | PERIODIC STATE VALUES: {'mid': -1, 'x': -100, 'y': -100, 'z': -100, 'mpry': '0,0,0', 'pitch': 4, 'roll': 0, 'yaw': 128, 'vgx': 0, 'vgy': 0, 'vgz': 0, 'templ': 89, 'temph': 92, 'tof': 10, 'h': 0, 'bat': 84, 'baro': 113.16, 'time': 136, 'agx': 73.0, 'agy': -2.0, 'agz': -968.0}
2022-11-22 00:12:43,592 | INFO | PERIODIC STATE VALUES: {'mid': -1, 'x': -100, 'y': -100, 'z': -100, 'mpry': '0,0,0', 'pitch': 3, 'roll': 0, 'yaw': 129, 'vgx': 0, 'vgy': 0, 'vgz': 0, 'templ': 89, 'temph': 92, 'tof': 10, 'h': 0, 'bat': 84, 'baro': 113.17, 'time': 136, 'agx': 80.0, 'agy': 3.0, 'agz': -985.0}
2022-11-22 00:12:44,094 | INFO | PERIODIC STATE VALUES: {'mid': -1, 'x': -100, 'y': -100, 'z': -100, 'mpry': '0,0,0', 'pitch': 4, 'roll': 0, 'yaw': 129, 'vgx': 0, 'vgy': 0, 'vgz': 0, 'templ': 89, 'temph': 93, 'tof': 10, 'h': 0, 'bat': 84, 'baro': 113.11, 'time': 136, 'agx': 78.0, 'agy': 10.0, 'agz': -987.0}
2022-11-22 00:12:44,611 | INFO | PERIODIC STATE VALUES: {'mid': -1, 'x': -100, 'y': -100, 'z': -100, 'mpry': '0,0,0', 'pitch': 4, 'roll': 0, 'yaw': 129, 'vgx': 0, 'vgy': 0, 'vgz': 0, 'templ': 89, 'temph': 93, 'tof': 10, 'h': 0, 'bat': 84, 'baro': 113.07, 'time': 136, 'agx': 75.0, 'agy': 4.0, 'agz': -990.0}
2022-11-22 00:12:45,116 | INFO | PERIODIC STATE VALUES: {'mid': -1, 'x': -100, 'y': -100, 'z': -100, 'mpry': '0,0,0', 'pitch': 4, 'roll': 0, 'yaw': 128, 'vgx': 0, 'vgy': 0, 'vgz': 0, 'templ': 90, 'temph': 93, 'tof': 10, 'h': 0, 'bat': 84, 'baro': 112.98, 'time': 136, 'agx': 78.0, 'agy': -10.0, 'agz': -977.0}
2022-11-22 00:12:45,619 | INFO | PERIODIC STATE VALUES: {'mid': -1, 'x': -100, 'y': -100, 'z': -100, 'mpry': '0,0,0', 'pitch': 3, 'roll': 0, 'yaw': 128, 'vgx': 0, 'vgy': 0, 'vgz': 0, 'templ': 90, 'temph': 93, 'tof': 10, 'h': 0, 'bat': 84, 'baro': 112.98, 'time': 136, 'agx': 57.0, 'agy': -7.0, 'agz': -982.0}
2022-11-22 00:12:46,136 | INFO | PERIODIC STATE VALUES: {'mid': -1, 'x': -100, 'y': -100, 'z': -100, 'mpry': '0,0,0', 'pitch': 4, 'roll': 0, 'yaw': 129, 'vgx': 0, 'vgy': 0, 'vgz': 0, 'templ': 89, 'temph': 93, 'tof': 10, 'h': 0, 'bat': 84, 'baro': 112.98, 'time': 136, 'agx': 71.0, 'agy': 0.0, 'agz': -1000.0}
2022-11-22 00:12:46,639 | INFO | PERIODIC STATE VALUES: {'mid': -1, 'x': -100, 'y': -100, 'z': -100, 'mpry': '0,0,0', 'pitch': 3, 'roll': 0, 'yaw': 129, 'vgx': 0, 'vgy': 0, 'vgz': 0, 'templ': 89, 'temph': 93, 'tof': 10, 'h': 0, 'bat': 84, 'baro': 113.01, 'time': 136, 'agx': 86.0, 'agy': -15.0, 'agz': -1006.0}
2022-11-22 00:12:47,143 | INFO | PERIODIC STATE VALUES: {'mid': -1, 'x': -100, 'y': -100, 'z': -100, 'mpry': '0,0,0', 'pitch': 4, 'roll': 0, 'yaw': 130, 'vgx': 0, 'vgy': 0, 'vgz': 0, 'templ': 89, 'temph': 92, 'tof': 10, 'h': 0, 'bat': 84, 'baro': 112.95, 'time': 136, 'agx': 58.0, 'agy': -1.0, 'agz': -989.0}
2022-11-22 00:12:47,659 | INFO | PERIODIC STATE VALUES: {'mid': -1, 'x': -100, 'y': -100, 'z': -100, 'mpry': '0,0,0', 'pitch': 4, 'roll': 1, 'yaw': 130, 'vgx': 0, 'vgy': 0, 'vgz': 0, 'templ': 89, 'temph': 92, 'tof': 10, 'h': 0, 'bat': 84, 'baro': 112.91, 'time': 136, 'agx': 69.0, 'agy': -13.0, 'agz': -999.0}
2022-11-22 00:12:48,176 | INFO | PERIODIC STATE VALUES: {'mid': -1, 'x': -100, 'y': -100, 'z': -100, 'mpry': '0,0,0', 'pitch': 4, 'roll': 0, 'yaw': 129, 'vgx': 0, 'vgy': 0, 'vgz': 0, 'templ': 90, 'temph': 93, 'tof': 10, 'h': 0, 'bat': 84, 'baro': 112.88, 'time': 136, 'agx': 81.0, 'agy': -8.0, 'agz': -1010.0}
2022-11-22 00:12:48,691 | INFO | PERIODIC STATE VALUES: {'mid': -1, 'x': -100, 'y': -100, 'z': -100, 'mpry': '0,0,0', 'pitch': 4, 'roll': 0, 'yaw': 128, 'vgx': 0, 'vgy': 0, 'vgz': 0, 'templ': 90, 'temph': 93, 'tof': 10, 'h': 0, 'bat': 84, 'baro': 112.9, 'time': 136, 'agx': 71.0, 'agy': -10.0, 'agz': -998.0}
2022-11-22 00:12:49,207 | INFO | PERIODIC STATE VALUES: {'mid': -1, 'x': -100, 'y': -100, 'z': -100, 'mpry': '0,0,0', 'pitch': 4, 'roll': 0, 'yaw': 128, 'vgx': 0, 'vgy': 0, 'vgz': 0, 'templ': 90, 'temph': 93, 'tof': 10, 'h': 0, 'bat': 84, 'baro': 112.92, 'time': 136, 'agx': 64.0, 'agy': 4.0, 'agz': -960.0}
2022-11-22 00:12:49,712 | INFO | PERIODIC STATE VALUES: {'mid': -1, 'x': -100, 'y': -100, 'z': -100, 'mpry': '0,0,0', 'pitch': 5, 'roll': 4, 'yaw': 144, 'vgx': 0, 'vgy': 0, 'vgz': 0, 'templ': 90, 'temph': 93, 'tof': 10, 'h': 0, 'bat': 84, 'baro': 112.97, 'time': 136, 'agx': 118.0, 'agy': -150.0, 'agz': -1135.0}
2022-11-22 00:12:50,228 | INFO | PERIODIC STATE VALUES: {'mid': -1, 'x': -100, 'y': -100, 'z': -100, 'mpry': '0,0,0', 'pitch': 0, 'roll': 5, 'yaw': 158, 'vgx': 0, 'vgy': 0, 'vgz': 0, 'templ': 90, 'temph': 93, 'tof': 10, 'h': 0, 'bat': 84, 'baro': 113.07, 'time': 136, 'agx': 79.0, 'agy': -236.0, 'agz': -1015.0}
2022-11-22 00:12:50,733 | INFO | PERIODIC STATE VALUES: {'mid': -1, 'x': -100, 'y': -100, 'z': -100, 'mpry': '0,0,0', 'pitch': -2, 'roll': 6, 'yaw': 161, 'vgx': 0, 'vgy': 0, 'vgz': 1, 'templ': 90, 'temph': 93, 'tof': 10, 'h': 0, 'bat': 84, 'baro': 113.11, 'time': 136, 'agx': 50.0, 'agy': -152.0, 'agz': -1021.0}
2022-11-22 00:12:51,250 | INFO | PERIODIC STATE VALUES: {'mid': -1, 'x': -100, 'y': -100, 'z': -100, 'mpry': '0,0,0', 'pitch': -1, 'roll': 9, 'yaw': 159, 'vgx': 0, 'vgy': 0, 'vgz': 0, 'templ': 90, 'temph': 93, 'tof': 10, 'h': 0, 'bat': 84, 'baro': 113.03, 'time': 136, 'agx': 63.0, 'agy': -140.0, 'agz': -1007.0}
2022-11-22 00:12:51,765 | INFO | PERIODIC STATE VALUES: {'mid': -1, 'x': -100, 'y': -100, 'z': -100, 'mpry': '0,0,0', 'pitch': 1, 'roll': 1, 'yaw': 164, 'vgx': 0, 'vgy': 0, 'vgz': 0, 'templ': 90, 'temph': 93, 'tof': 10, 'h': 0, 'bat': 84, 'baro': 113.07, 'time': 136, 'agx': -3.0, 'agy': -116.0, 'agz': -1015.0}
2022-11-22 00:12:52,282 | INFO | PERIODIC STATE VALUES: {'mid': -1, 'x': -100, 'y': -100, 'z': -100, 'mpry': '0,0,0', 'pitch': 4, 'roll': 2, 'yaw': 174, 'vgx': 0, 'vgy': 0, 'vgz': 0, 'templ': 91, 'temph': 94, 'tof': 10, 'h': 0, 'bat': 84, 'baro': 113.09, 'time': 136, 'agx': 151.0, 'agy': -2.0, 'agz': -1085.0}
2022-11-22 00:12:52,797 | INFO | PERIODIC STATE VALUES: {'mid': -1, 'x': -100, 'y': -100, 'z': -100, 'mpry': '0,0,0', 'pitch': 0, 'roll': 9, 'yaw': 179, 'vgx': 0, 'vgy': 0, 'vgz': 0, 'templ': 91, 'temph': 94, 'tof': 10, 'h': 0, 'bat': 84, 'baro': 113.17, 'time': 136, 'agx': 6.0, 'agy': -95.0, 'agz': -983.0}
2022-11-22 00:12:53,314 | INFO | PERIODIC STATE VALUES: {'mid': -1, 'x': -100, 'y': -100, 'z': -100, 'mpry': '0,0,0', 'pitch': 3, 'roll': 1, 'yaw': -175, 'vgx': 0, 'vgy': 0, 'vgz': 0, 'templ': 90, 'temph': 94, 'tof': 10, 'h': 0, 'bat': 84, 'baro': 113.21, 'time': 136, 'agx': 7.0, 'agy': -30.0, 'agz': -899.0}
2022-11-22 00:12:53,816 | INFO | PERIODIC STATE VALUES: {'mid': -1, 'x': -100, 'y': -100, 'z': -100, 'mpry': '0,0,0', 'pitch': -7, 'roll': -1, 'yaw': -171, 'vgx': 0, 'vgy': 0, 'vgz': 1, 'templ': 90, 'temph': 94, 'tof': 10, 'h': 0, 'bat': 84, 'baro': 113.16, 'time': 136, 'agx': -108.0, 'agy': 138.0, 'agz': -911.0}
2022-11-22 00:12:54,331 | INFO | PERIODIC STATE VALUES: {'mid': -1, 'x': -100, 'y': -100, 'z': -100, 'mpry': '0,0,0', 'pitch': -12, 'roll': 12, 'yaw': -167, 'vgx': 0, 'vgy': 0, 'vgz': 0, 'templ': 90, 'temph': 94, 'tof': 10, 'h': 0, 'bat': 84, 'baro': 113.17, 'time': 136, 'agx': -177.0, 'agy': -220.0, 'agz': -953.0}
2022-11-22 00:12:54,847 | INFO | PERIODIC STATE VALUES: {'mid': -1, 'x': -100, 'y': -100, 'z': -100, 'mpry': '0,0,0', 'pitch': -15, 'roll': 29, 'yaw': -172, 'vgx': 0, 'vgy': 0, 'vgz': 1, 'templ': 90, 'temph': 94, 'tof': 10, 'h': 0, 'bat': 84, 'baro': 113.16, 'time': 136, 'agx': -302.0, 'agy': -477.0, 'agz': -1031.0}
2022-11-22 00:12:55,349 | INFO | PERIODIC STATE VALUES: {'mid': -1, 'x': -100, 'y': -100, 'z': -100, 'mpry': '0,0,0', 'pitch': -9, 'roll': 78, 'yaw': 166, 'vgx': 0, 'vgy': 0, 'vgz': 1, 'templ': 90, 'temph': 94, 'tof': 132, 'h': 0, 'bat': 84, 'baro': 113.26, 'time': 136, 'agx': -272.0, 'agy': -868.0, 'agz': -162.0}
2022-11-22 00:12:55,865 | INFO | PERIODIC STATE VALUES: {'mid': -1, 'x': -100, 'y': -100, 'z': -100, 'mpry': '0,0,0', 'pitch': -7, 'roll': 102, 'yaw': 162, 'vgx': 0, 'vgy': 0, 'vgz': 0, 'templ': 90, 'temph': 94, 'tof': 137, 'h': 0, 'bat': 84, 'baro': 113.24, 'time': 136, 'agx': -173.0, 'agy': -876.0, 'agz': 106.0}
2022-11-22 00:12:56,382 | INFO | PERIODIC STATE VALUES: {'mid': -1, 'x': -100, 'y': -100, 'z': -100, 'mpry': '0,0,0', 'pitch': 0, 'roll': 139, 'yaw': 152, 'vgx': 0, 'vgy': 0, 'vgz': -1, 'templ': 91, 'temph': 94, 'tof': 170, 'h': 0, 'bat': 84, 'baro': 113.13, 'time': 136, 'agx': 1.0, 'agy': -717.0, 'agz': 786.0}
2022-11-22 00:12:56,899 | INFO | PERIODIC STATE VALUES: {'mid': -1, 'x': -100, 'y': -100, 'z': -100, 'mpry': '0,0,0', 'pitch': -4, 'roll': 151, 'yaw': 152, 'vgx': 0, 'vgy': 0, 'vgz': 0, 'templ': 90, 'temph': 93, 'tof': 52, 'h': 0, 'bat': 84, 'baro': 113.08, 'time': 136, 'agx': -98.0, 'agy': -375.0, 'agz': 888.0}
2022-11-22 00:12:57,402 | INFO | PERIODIC STATE VALUES: {'mid': -1, 'x': -100, 'y': -100, 'z': -100, 'mpry': '0,0,0', 'pitch': 0, 'roll': 150, 'yaw': 154, 'vgx': 0, 'vgy': 0, 'vgz': 0, 'templ': 90, 'temph': 93, 'tof': 182, 'h': 0, 'bat': 84, 'baro': 113.04, 'time': 136, 'agx': -5.0, 'agy': -543.0, 'agz': 908.0}
2022-11-22 00:12:57,905 | INFO | PERIODIC STATE VALUES: {'mid': -1, 'x': -100, 'y': -100, 'z': -100, 'mpry': '0,0,0', 'pitch': -1, 'roll': 139, 'yaw': 147, 'vgx': 0, 'vgy': 0, 'vgz': 0, 'templ': 90, 'temph': 93, 'tof': 232, 'h': 0, 'bat': 84, 'baro': 113.04, 'time': 136, 'agx': -10.0, 'agy': -680.0, 'agz': 757.0}
2022-11-22 00:12:58,421 | INFO | PERIODIC STATE VALUES: {'mid': -1, 'x': -100, 'y': -100, 'z': -100, 'mpry': '0,0,0', 'pitch': -4, 'roll': 96, 'yaw': 143, 'vgx': 0, 'vgy': 0, 'vgz': 0, 'templ': 91, 'temph': 93, 'tof': 10, 'h': 0, 'bat': 84, 'baro': 113.04, 'time': 136, 'agx': -120.0, 'agy': -943.0, 'agz': 205.0}
2022-11-22 00:12:58,935 | INFO | PERIODIC STATE VALUES: {'mid': -1, 'x': -100, 'y': -100, 'z': -100, 'mpry': '0,0,0', 'pitch': -3, 'roll': 56, 'yaw': 143, 'vgx': 0, 'vgy': 0, 'vgz': 0, 'templ': 91, 'temph': 94, 'tof': 10, 'h': 0, 'bat': 84, 'baro': 112.97, 'time': 136, 'agx': 0.0, 'agy': -812.0, 'agz': -427.0}
2022-11-22 00:12:59,449 | INFO | PERIODIC STATE VALUES: {'mid': -1, 'x': -100, 'y': -100, 'z': -100, 'mpry': '0,0,0', 'pitch': -8, 'roll': 55, 'yaw': 155, 'vgx': 0, 'vgy': 0, 'vgz': 0, 'templ': 91, 'temph': 94, 'tof': 10, 'h': 0, 'bat': 84, 'baro': 112.96, 'time': 136, 'agx': -233.0, 'agy': -814.0, 'agz': -593.0}
2022-11-22 00:12:59,966 | INFO | PERIODIC STATE VALUES: {'mid': -1, 'x': -100, 'y': -100, 'z': -100, 'mpry': '0,0,0', 'pitch': -11, 'roll': 52, 'yaw': 155, 'vgx': 0, 'vgy': 0, 'vgz': 0, 'templ': 90, 'temph': 94, 'tof': 10, 'h': 0, 'bat': 84, 'baro': 112.93, 'time': 136, 'agx': -208.0, 'agy': -805.0, 'agz': -608.0}
2022-11-22 00:13:00,482 | INFO | PERIODIC STATE VALUES: {'mid': -1, 'x': -100, 'y': -100, 'z': -100, 'mpry': '0,0,0', 'pitch': -21, 'roll': 45, 'yaw': 169, 'vgx': 0, 'vgy': 0, 'vgz': 0, 'templ': 90, 'temph': 94, 'tof': 10, 'h': 0, 'bat': 84, 'baro': 112.86, 'time': 136, 'agx': -390.0, 'agy': -687.0, 'agz': -641.0}
2022-11-22 00:13:00,998 | INFO | PERIODIC STATE VALUES: {'mid': -1, 'x': -100, 'y': -100, 'z': -100, 'mpry': '0,0,0', 'pitch': -15, 'roll': 44, 'yaw': 162, 'vgx': 0, 'vgy': 0, 'vgz': 0, 'templ': 91, 'temph': 93, 'tof': 10, 'h': 0, 'bat': 84, 'baro': 112.89, 'time': 136, 'agx': -236.0, 'agy': -770.0, 'agz': -720.0}
2022-11-22 00:13:01,501 | INFO | PERIODIC STATE VALUES: {'mid': -1, 'x': -100, 'y': -100, 'z': -100, 'mpry': '0,0,0', 'pitch': -13, 'roll': 43, 'yaw': 163, 'vgx': 0, 'vgy': 0, 'vgz': 0, 'templ': 91, 'temph': 93, 'tof': 10, 'h': 0, 'bat': 84, 'baro': 112.89, 'time': 136, 'agx': -258.0, 'agy': -677.0, 'agz': -694.0}
2022-11-22 00:13:02,004 | INFO | PERIODIC STATE VALUES: {'mid': -1, 'x': -100, 'y': -100, 'z': -100, 'mpry': '0,0,0', 'pitch': -13, 'roll': 44, 'yaw': 163, 'vgx': 0, 'vgy': 0, 'vgz': 0, 'templ': 91, 'temph': 93, 'tof': 10, 'h': 0, 'bat': 83, 'baro': 112.89, 'time': 136, 'agx': -271.0, 'agy': -603.0, 'agz': -655.0}
2022-11-22 00:13:02,509 | INFO | PERIODIC STATE VALUES: {'mid': -1, 'x': -100, 'y': -100, 'z': -100, 'mpry': '0,0,0', 'pitch': -22, 'roll': 33, 'yaw': 159, 'vgx': 0, 'vgy': 0, 'vgz': 0, 'templ': 91, 'temph': 93, 'tof': 10, 'h': 0, 'bat': 83, 'baro': 112.9, 'time': 136, 'agx': -402.0, 'agy': -604.0, 'agz': -720.0}
2022-11-22 00:13:03,011 | INFO | PERIODIC STATE VALUES: {'mid': -1, 'x': -100, 'y': -100, 'z': -100, 'mpry': '0,0,0', 'pitch': 13, 'roll': 15, 'yaw': 156, 'vgx': 0, 'vgy': 0, 'vgz': 0, 'templ': 91, 'temph': 93, 'tof': 10, 'h': 0, 'bat': 83, 'baro': 112.84, 'time': 136, 'agx': 277.0, 'agy': -313.0, 'agz': -1040.0}
2022-11-22 00:13:03,515 | INFO | PERIODIC STATE VALUES: {'mid': -1, 'x': -100, 'y': -100, 'z': -100, 'mpry': '0,0,0', 'pitch': 17, 'roll': -16, 'yaw': 152, 'vgx': 0, 'vgy': 0, 'vgz': 2, 'templ': 91, 'temph': 93, 'tof': 10, 'h': 0, 'bat': 83, 'baro': 112.86, 'time': 136, 'agx': 216.0, 'agy': 329.0, 'agz': -681.0}
2022-11-22 00:13:04,016 | INFO | PERIODIC STATE VALUES: {'mid': -1, 'x': -100, 'y': -100, 'z': -100, 'mpry': '0,0,0', 'pitch': 22, 'roll': -21, 'yaw': 154, 'vgx': 0, 'vgy': 0, 'vgz': 0, 'templ': 91, 'temph': 94, 'tof': 10, 'h': 0, 'bat': 83, 'baro': 112.89, 'time': 136, 'agx': 440.0, 'agy': 249.0, 'agz': -1067.0}
2022-11-22 00:13:04,532 | INFO | PERIODIC STATE VALUES: {'mid': -1, 'x': -100, 'y': -100, 'z': -100, 'mpry': '0,0,0', 'pitch': -3, 'roll': -21, 'yaw': 152, 'vgx': 0, 'vgy': 0, 'vgz': 0, 'templ': 91, 'temph': 94, 'tof': 10, 'h': 0, 'bat': 83, 'baro': 112.95, 'time': 136, 'agx': -49.0, 'agy': 474.0, 'agz': -983.0}
2022-11-22 00:13:05,034 | INFO | PERIODIC STATE VALUES: {'mid': -1, 'x': -100, 'y': -100, 'z': -100, 'mpry': '0,0,0', 'pitch': -16, 'roll': -34, 'yaw': 142, 'vgx': 0, 'vgy': 0, 'vgz': 0, 'templ': 92, 'temph': 95, 'tof': 10, 'h': 0, 'bat': 83, 'baro': 112.93, 'time': 136, 'agx': -170.0, 'agy': 519.0, 'agz': -801.0}
2022-11-22 00:13:05,536 | INFO | PERIODIC STATE VALUES: {'mid': -1, 'x': -100, 'y': -100, 'z': -100, 'mpry': '0,0,0', 'pitch': -11, 'roll': -53, 'yaw': 134, 'vgx': 0, 'vgy': 0, 'vgz': 0, 'templ': 92, 'temph': 95, 'tof': 10, 'h': 0, 'bat': 83, 'baro': 112.89, 'time': 136, 'agx': -256.0, 'agy': 756.0, 'agz': -584.0}
2022-11-22 00:13:06,039 | INFO | PERIODIC STATE VALUES: {'mid': -1, 'x': -100, 'y': -100, 'z': -100, 'mpry': '0,0,0', 'pitch': -16, 'roll': -55, 'yaw': 132, 'vgx': 0, 'vgy': 0, 'vgz': 0, 'templ': 91, 'temph': 94, 'tof': 10, 'h': 0, 'bat': 83, 'baro': 112.91, 'time': 136, 'agx': -297.0, 'agy': 803.0, 'agz': -467.0}
2022-11-22 00:13:06,543 | INFO | PERIODIC STATE VALUES: {'mid': -1, 'x': -100, 'y': -100, 'z': -100, 'mpry': '0,0,0', 'pitch': -11, 'roll': -57, 'yaw': 132, 'vgx': 0, 'vgy': 0, 'vgz': 0, 'templ': 91, 'temph': 94, 'tof': 10, 'h': 0, 'bat': 83, 'baro': 112.89, 'time': 136, 'agx': -236.0, 'agy': 782.0, 'agz': -545.0}
2022-11-22 00:13:07,058 | INFO | PERIODIC STATE VALUES: {'mid': -1, 'x': -100, 'y': -100, 'z': -100, 'mpry': '0,0,0', 'pitch': -17, 'roll': -55, 'yaw': 130, 'vgx': 0, 'vgy': 0, 'vgz': 0, 'templ': 91, 'temph': 95, 'tof': 10, 'h': 0, 'bat': 83, 'baro': 112.92, 'time': 136, 'agx': -365.0, 'agy': 708.0, 'agz': -491.0}
2022-11-22 00:13:07,563 | INFO | PERIODIC STATE VALUES: {'mid': -1, 'x': -100, 'y': -100, 'z': -100, 'mpry': '0,0,0', 'pitch': -16, 'roll': -55, 'yaw': 128, 'vgx': 0, 'vgy': 0, 'vgz': 0, 'templ': 91, 'temph': 95, 'tof': 10, 'h': 0, 'bat': 83, 'baro': 112.95, 'time': 136, 'agx': -405.0, 'agy': 582.0, 'agz': -543.0}
2022-11-22 00:13:08,079 | INFO | PERIODIC STATE VALUES: {'mid': -1, 'x': -100, 'y': -100, 'z': -100, 'mpry': '0,0,0', 'pitch': -12, 'roll': -33, 'yaw': 136, 'vgx': 0, 'vgy': 0, 'vgz': 0, 'templ': 91, 'temph': 95, 'tof': 10, 'h': 0, 'bat': 83, 'baro': 112.88, 'time': 136, 'agx': -126.0, 'agy': 496.0, 'agz': -943.0}
2022-11-22 00:13:08,581 | INFO | PERIODIC STATE VALUES: {'mid': -1, 'x': -100, 'y': -100, 'z': -100, 'mpry': '0,0,0', 'pitch': -12, 'roll': -33, 'yaw': 136, 'vgx': 0, 'vgy': 0, 'vgz': 0, 'templ': 91, 'temph': 95, 'tof': 10, 'h': 0, 'bat': 83, 'baro': 112.88, 'time': 136, 'agx': -126.0, 'agy': 496.0, 'agz': -943.0}
2022-11-22 00:13:09,085 | INFO | PERIODIC STATE VALUES: {'mid': -1, 'x': -100, 'y': -100, 'z': -100, 'mpry': '0,0,0', 'pitch': -12, 'roll': -33, 'yaw': 136, 'vgx': 0, 'vgy': 0, 'vgz': 0, 'templ': 91, 'temph': 95, 'tof': 10, 'h': 0, 'bat': 83, 'baro': 112.88, 'time': 136, 'agx': -126.0, 'agy': 496.0, 'agz': -943.0}
2022-11-22 00:13:09,589 | INFO | PERIODIC STATE VALUES: {'mid': -1, 'x': -100, 'y': -100, 'z': -100, 'mpry': '0,0,0', 'pitch': -12, 'roll': -33, 'yaw': 136, 'vgx': 0, 'vgy': 0, 'vgz': 0, 'templ': 91, 'temph': 95, 'tof': 10, 'h': 0, 'bat': 83, 'baro': 112.88, 'time': 136, 'agx': -126.0, 'agy': 496.0, 'agz': -943.0}
2022-11-22 00:13:10,092 | INFO | PERIODIC STATE VALUES: {'mid': -1, 'x': -100, 'y': -100, 'z': -100, 'mpry': '0,0,0', 'pitch': -12, 'roll': -33, 'yaw': 136, 'vgx': 0, 'vgy': 0, 'vgz': 0, 'templ': 91, 'temph': 95, 'tof': 10, 'h': 0, 'bat': 83, 'baro': 112.88, 'time': 136, 'agx': -126.0, 'agy': 496.0, 'agz': -943.0}
2022-11-22 00:13:10,595 | INFO | PERIODIC STATE VALUES: {'mid': -1, 'x': -100, 'y': -100, 'z': -100, 'mpry': '0,0,0', 'pitch': -12, 'roll': -33, 'yaw': 136, 'vgx': 0, 'vgy': 0, 'vgz': 0, 'templ': 91, 'temph': 95, 'tof': 10, 'h': 0, 'bat': 83, 'baro': 112.88, 'time': 136, 'agx': -126.0, 'agy': 496.0, 'agz': -943.0}
2022-11-22 00:13:11,099 | INFO | PERIODIC STATE VALUES: {'mid': -1, 'x': -100, 'y': -100, 'z': -100, 'mpry': '0,0,0', 'pitch': -12, 'roll': -33, 'yaw': 136, 'vgx': 0, 'vgy': 0, 'vgz': 0, 'templ': 91, 'temph': 95, 'tof': 10, 'h': 0, 'bat': 83, 'baro': 112.88, 'time': 136, 'agx': -126.0, 'agy': 496.0, 'agz': -943.0}
2022-11-22 00:13:11,615 | INFO | PERIODIC STATE VALUES: {'mid': -1, 'x': -100, 'y': -100, 'z': -100, 'mpry': '0,0,0', 'pitch': -12, 'roll': -33, 'yaw': 136, 'vgx': 0, 'vgy': 0, 'vgz': 0, 'templ': 91, 'temph': 95, 'tof': 10, 'h': 0, 'bat': 83, 'baro': 112.88, 'time': 136, 'agx': -126.0, 'agy': 496.0, 'agz': -943.0}
2022-11-22 00:13:12,118 | INFO | PERIODIC STATE VALUES: {'mid': -1, 'x': -100, 'y': -100, 'z': -100, 'mpry': '0,0,0', 'pitch': -12, 'roll': -33, 'yaw': 136, 'vgx': 0, 'vgy': 0, 'vgz': 0, 'templ': 91, 'temph': 95, 'tof': 10, 'h': 0, 'bat': 83, 'baro': 112.88, 'time': 136, 'agx': -126.0, 'agy': 496.0, 'agz': -943.0}
2022-11-22 00:13:12,635 | INFO | PERIODIC STATE VALUES: {'mid': -1, 'x': -100, 'y': -100, 'z': -100, 'mpry': '0,0,0', 'pitch': -12, 'roll': -33, 'yaw': 136, 'vgx': 0, 'vgy': 0, 'vgz': 0, 'templ': 91, 'temph': 95, 'tof': 10, 'h': 0, 'bat': 83, 'baro': 112.88, 'time': 136, 'agx': -126.0, 'agy': 496.0, 'agz': -943.0}
2022-11-22 00:13:13,152 | INFO | PERIODIC STATE VALUES: {'mid': -1, 'x': -100, 'y': -100, 'z': -100, 'mpry': '0,0,0', 'pitch': -12, 'roll': -33, 'yaw': 136, 'vgx': 0, 'vgy': 0, 'vgz': 0, 'templ': 91, 'temph': 95, 'tof': 10, 'h': 0, 'bat': 83, 'baro': 112.88, 'time': 136, 'agx': -126.0, 'agy': 496.0, 'agz': -943.0}
2022-11-22 00:13:13,658 | INFO | PERIODIC STATE VALUES: {'mid': -1, 'x': -100, 'y': -100, 'z': -100, 'mpry': '0,0,0', 'pitch': -12, 'roll': -33, 'yaw': 136, 'vgx': 0, 'vgy': 0, 'vgz': 0, 'templ': 91, 'temph': 95, 'tof': 10, 'h': 0, 'bat': 83, 'baro': 112.88, 'time': 136, 'agx': -126.0, 'agy': 496.0, 'agz': -943.0}
2022-11-22 00:13:14,165 | INFO | PERIODIC STATE VALUES: {'mid': -1, 'x': -100, 'y': -100, 'z': -100, 'mpry': '0,0,0', 'pitch': -12, 'roll': -33, 'yaw': 136, 'vgx': 0, 'vgy': 0, 'vgz': 0, 'templ': 91, 'temph': 95, 'tof': 10, 'h': 0, 'bat': 83, 'baro': 112.88, 'time': 136, 'agx': -126.0, 'agy': 496.0, 'agz': -943.0}
2022-11-22 00:13:14,668 | INFO | PERIODIC STATE VALUES: {'mid': -1, 'x': -100, 'y': -100, 'z': -100, 'mpry': '0,0,0', 'pitch': -12, 'roll': -33, 'yaw': 136, 'vgx': 0, 'vgy': 0, 'vgz': 0, 'templ': 91, 'temph': 95, 'tof': 10, 'h': 0, 'bat': 83, 'baro': 112.88, 'time': 136, 'agx': -126.0, 'agy': 496.0, 'agz': -943.0}
2022-11-22 00:13:15,185 | INFO | PERIODIC STATE VALUES: {'mid': -1, 'x': -100, 'y': -100, 'z': -100, 'mpry': '0,0,0', 'pitch': -12, 'roll': -33, 'yaw': 136, 'vgx': 0, 'vgy': 0, 'vgz': 0, 'templ': 91, 'temph': 95, 'tof': 10, 'h': 0, 'bat': 83, 'baro': 112.88, 'time': 136, 'agx': -126.0, 'agy': 496.0, 'agz': -943.0}
2022-11-22 00:13:15,702 | INFO | PERIODIC STATE VALUES: {'mid': -1, 'x': -100, 'y': -100, 'z': -100, 'mpry': '0,0,0', 'pitch': -12, 'roll': -33, 'yaw': 136, 'vgx': 0, 'vgy': 0, 'vgz': 0, 'templ': 91, 'temph': 95, 'tof': 10, 'h': 0, 'bat': 83, 'baro': 112.88, 'time': 136, 'agx': -126.0, 'agy': 496.0, 'agz': -943.0}
2022-11-22 00:13:16,219 | INFO | PERIODIC STATE VALUES: {'mid': -1, 'x': -100, 'y': -100, 'z': -100, 'mpry': '0,0,0', 'pitch': -12, 'roll': -33, 'yaw': 136, 'vgx': 0, 'vgy': 0, 'vgz': 0, 'templ': 91, 'temph': 95, 'tof': 10, 'h': 0, 'bat': 83, 'baro': 112.88, 'time': 136, 'agx': -126.0, 'agy': 496.0, 'agz': -943.0}
2022-11-22 00:13:16,721 | INFO | PERIODIC STATE VALUES: {'mid': -1, 'x': -100, 'y': -100, 'z': -100, 'mpry': '0,0,0', 'pitch': -12, 'roll': -33, 'yaw': 136, 'vgx': 0, 'vgy': 0, 'vgz': 0, 'templ': 91, 'temph': 95, 'tof': 10, 'h': 0, 'bat': 83, 'baro': 112.88, 'time': 136, 'agx': -126.0, 'agy': 496.0, 'agz': -943.0}
2022-11-22 00:13:17,223 | INFO | PERIODIC STATE VALUES: {'mid': -1, 'x': -100, 'y': -100, 'z': -100, 'mpry': '0,0,0', 'pitch': -12, 'roll': -33, 'yaw': 136, 'vgx': 0, 'vgy': 0, 'vgz': 0, 'templ': 91, 'temph': 95, 'tof': 10, 'h': 0, 'bat': 83, 'baro': 112.88, 'time': 136, 'agx': -126.0, 'agy': 496.0, 'agz': -943.0}
2022-11-22 00:13:17,728 | INFO | PERIODIC STATE VALUES: {'mid': -1, 'x': -100, 'y': -100, 'z': -100, 'mpry': '0,0,0', 'pitch': -12, 'roll': -33, 'yaw': 136, 'vgx': 0, 'vgy': 0, 'vgz': 0, 'templ': 91, 'temph': 95, 'tof': 10, 'h': 0, 'bat': 83, 'baro': 112.88, 'time': 136, 'agx': -126.0, 'agy': 496.0, 'agz': -943.0}
2022-11-22 00:13:18,232 | INFO | PERIODIC STATE VALUES: {'mid': -1, 'x': -100, 'y': -100, 'z': -100, 'mpry': '0,0,0', 'pitch': -12, 'roll': -33, 'yaw': 136, 'vgx': 0, 'vgy': 0, 'vgz': 0, 'templ': 91, 'temph': 95, 'tof': 10, 'h': 0, 'bat': 83, 'baro': 112.88, 'time': 136, 'agx': -126.0, 'agy': 496.0, 'agz': -943.0}
2022-11-22 00:13:18,741 | INFO | PERIODIC STATE VALUES: {'mid': -1, 'x': -100, 'y': -100, 'z': -100, 'mpry': '0,0,0', 'pitch': -12, 'roll': -33, 'yaw': 136, 'vgx': 0, 'vgy': 0, 'vgz': 0, 'templ': 91, 'temph': 95, 'tof': 10, 'h': 0, 'bat': 83, 'baro': 112.88, 'time': 136, 'agx': -126.0, 'agy': 496.0, 'agz': -943.0}
2022-11-22 00:13:19,241 | INFO | PERIODIC STATE VALUES: {'mid': -1, 'x': -100, 'y': -100, 'z': -100, 'mpry': '0,0,0', 'pitch': -12, 'roll': -33, 'yaw': 136, 'vgx': 0, 'vgy': 0, 'vgz': 0, 'templ': 91, 'temph': 95, 'tof': 10, 'h': 0, 'bat': 83, 'baro': 112.88, 'time': 136, 'agx': -126.0, 'agy': 496.0, 'agz': -943.0}
2022-11-22 00:13:19,746 | INFO | PERIODIC STATE VALUES: {'mid': -1, 'x': -100, 'y': -100, 'z': -100, 'mpry': '0,0,0', 'pitch': -12, 'roll': -33, 'yaw': 136, 'vgx': 0, 'vgy': 0, 'vgz': 0, 'templ': 91, 'temph': 95, 'tof': 10, 'h': 0, 'bat': 83, 'baro': 112.88, 'time': 136, 'agx': -126.0, 'agy': 496.0, 'agz': -943.0}
2022-11-22 00:13:20,253 | INFO | PERIODIC STATE VALUES: {'mid': -1, 'x': -100, 'y': -100, 'z': -100, 'mpry': '0,0,0', 'pitch': -12, 'roll': -33, 'yaw': 136, 'vgx': 0, 'vgy': 0, 'vgz': 0, 'templ': 91, 'temph': 95, 'tof': 10, 'h': 0, 'bat': 83, 'baro': 112.88, 'time': 136, 'agx': -126.0, 'agy': 496.0, 'agz': -943.0}
2022-11-22 00:13:20,764 | INFO | PERIODIC STATE VALUES: {'mid': -1, 'x': -100, 'y': -100, 'z': -100, 'mpry': '0,0,0', 'pitch': -12, 'roll': -33, 'yaw': 136, 'vgx': 0, 'vgy': 0, 'vgz': 0, 'templ': 91, 'temph': 95, 'tof': 10, 'h': 0, 'bat': 83, 'baro': 112.88, 'time': 136, 'agx': -126.0, 'agy': 496.0, 'agz': -943.0}
2022-11-22 00:13:21,278 | INFO | PERIODIC STATE VALUES: {'mid': -1, 'x': -100, 'y': -100, 'z': -100, 'mpry': '0,0,0', 'pitch': -12, 'roll': -33, 'yaw': 136, 'vgx': 0, 'vgy': 0, 'vgz': 0, 'templ': 91, 'temph': 95, 'tof': 10, 'h': 0, 'bat': 83, 'baro': 112.88, 'time': 136, 'agx': -126.0, 'agy': 496.0, 'agz': -943.0}
2022-11-22 00:13:21,780 | INFO | PERIODIC STATE VALUES: {'mid': -1, 'x': -100, 'y': -100, 'z': -100, 'mpry': '0,0,0', 'pitch': -12, 'roll': -33, 'yaw': 136, 'vgx': 0, 'vgy': 0, 'vgz': 0, 'templ': 91, 'temph': 95, 'tof': 10, 'h': 0, 'bat': 83, 'baro': 112.88, 'time': 136, 'agx': -126.0, 'agy': 496.0, 'agz': -943.0}
2022-11-22 00:13:22,284 | INFO | PERIODIC STATE VALUES: {'mid': -1, 'x': -100, 'y': -100, 'z': -100, 'mpry': '0,0,0', 'pitch': -12, 'roll': -33, 'yaw': 136, 'vgx': 0, 'vgy': 0, 'vgz': 0, 'templ': 91, 'temph': 95, 'tof': 10, 'h': 0, 'bat': 83, 'baro': 112.88, 'time': 136, 'agx': -126.0, 'agy': 496.0, 'agz': -943.0}
2022-11-22 00:13:22,790 | INFO | PERIODIC STATE VALUES: {'mid': -1, 'x': -100, 'y': -100, 'z': -100, 'mpry': '0,0,0', 'pitch': -12, 'roll': -33, 'yaw': 136, 'vgx': 0, 'vgy': 0, 'vgz': 0, 'templ': 91, 'temph': 95, 'tof': 10, 'h': 0, 'bat': 83, 'baro': 112.88, 'time': 136, 'agx': -126.0, 'agy': 496.0, 'agz': -943.0}
2022-11-22 00:13:23,293 | INFO | PERIODIC STATE VALUES: {'mid': -1, 'x': -100, 'y': -100, 'z': -100, 'mpry': '0,0,0', 'pitch': -12, 'roll': -33, 'yaw': 136, 'vgx': 0, 'vgy': 0, 'vgz': 0, 'templ': 91, 'temph': 95, 'tof': 10, 'h': 0, 'bat': 83, 'baro': 112.88, 'time': 136, 'agx': -126.0, 'agy': 496.0, 'agz': -943.0}
2022-11-22 00:13:23,810 | INFO | PERIODIC STATE VALUES: {'mid': -1, 'x': -100, 'y': -100, 'z': -100, 'mpry': '0,0,0', 'pitch': -12, 'roll': -33, 'yaw': 136, 'vgx': 0, 'vgy': 0, 'vgz': 0, 'templ': 91, 'temph': 95, 'tof': 10, 'h': 0, 'bat': 83, 'baro': 112.88, 'time': 136, 'agx': -126.0, 'agy': 496.0, 'agz': -943.0}
2022-11-22 00:13:24,319 | INFO | PERIODIC STATE VALUES: {'mid': -1, 'x': -100, 'y': -100, 'z': -100, 'mpry': '0,0,0', 'pitch': -12, 'roll': -33, 'yaw': 136, 'vgx': 0, 'vgy': 0, 'vgz': 0, 'templ': 91, 'temph': 95, 'tof': 10, 'h': 0, 'bat': 83, 'baro': 112.88, 'time': 136, 'agx': -126.0, 'agy': 496.0, 'agz': -943.0}
2022-11-22 00:13:24,820 | INFO | PERIODIC STATE VALUES: {'mid': -1, 'x': -100, 'y': -100, 'z': -100, 'mpry': '0,0,0', 'pitch': -12, 'roll': -33, 'yaw': 136, 'vgx': 0, 'vgy': 0, 'vgz': 0, 'templ': 91, 'temph': 95, 'tof': 10, 'h': 0, 'bat': 83, 'baro': 112.88, 'time': 136, 'agx': -126.0, 'agy': 496.0, 'agz': -943.0}
2022-11-22 00:13:25,333 | INFO | PERIODIC STATE VALUES: {'mid': -1, 'x': -100, 'y': -100, 'z': -100, 'mpry': '0,0,0', 'pitch': -12, 'roll': -33, 'yaw': 136, 'vgx': 0, 'vgy': 0, 'vgz': 0, 'templ': 91, 'temph': 95, 'tof': 10, 'h': 0, 'bat': 83, 'baro': 112.88, 'time': 136, 'agx': -126.0, 'agy': 496.0, 'agz': -943.0}
2022-11-22 00:13:25,847 | INFO | PERIODIC STATE VALUES: {'mid': -1, 'x': -100, 'y': -100, 'z': -100, 'mpry': '0,0,0', 'pitch': -12, 'roll': -33, 'yaw': 136, 'vgx': 0, 'vgy': 0, 'vgz': 0, 'templ': 91, 'temph': 95, 'tof': 10, 'h': 0, 'bat': 83, 'baro': 112.88, 'time': 136, 'agx': -126.0, 'agy': 496.0, 'agz': -943.0}
2022-11-22 00:13:26,362 | INFO | PERIODIC STATE VALUES: {'mid': -1, 'x': -100, 'y': -100, 'z': -100, 'mpry': '0,0,0', 'pitch': -12, 'roll': -33, 'yaw': 136, 'vgx': 0, 'vgy': 0, 'vgz': 0, 'templ': 91, 'temph': 95, 'tof': 10, 'h': 0, 'bat': 83, 'baro': 112.88, 'time': 136, 'agx': -126.0, 'agy': 496.0, 'agz': -943.0}
2022-11-22 00:13:26,876 | INFO | PERIODIC STATE VALUES: {'mid': -1, 'x': -100, 'y': -100, 'z': -100, 'mpry': '0,0,0', 'pitch': -12, 'roll': -33, 'yaw': 136, 'vgx': 0, 'vgy': 0, 'vgz': 0, 'templ': 91, 'temph': 95, 'tof': 10, 'h': 0, 'bat': 83, 'baro': 112.88, 'time': 136, 'agx': -126.0, 'agy': 496.0, 'agz': -943.0}
2022-11-22 00:13:27,392 | INFO | PERIODIC STATE VALUES: {'mid': -1, 'x': -100, 'y': -100, 'z': -100, 'mpry': '0,0,0', 'pitch': -12, 'roll': -33, 'yaw': 136, 'vgx': 0, 'vgy': 0, 'vgz': 0, 'templ': 91, 'temph': 95, 'tof': 10, 'h': 0, 'bat': 83, 'baro': 112.88, 'time': 136, 'agx': -126.0, 'agy': 496.0, 'agz': -943.0}
2022-11-22 00:13:27,895 | INFO | PERIODIC STATE VALUES: {'mid': -1, 'x': -100, 'y': -100, 'z': -100, 'mpry': '0,0,0', 'pitch': -12, 'roll': -33, 'yaw': 136, 'vgx': 0, 'vgy': 0, 'vgz': 0, 'templ': 91, 'temph': 95, 'tof': 10, 'h': 0, 'bat': 83, 'baro': 112.88, 'time': 136, 'agx': -126.0, 'agy': 496.0, 'agz': -943.0}
2022-11-22 00:13:28,397 | INFO | PERIODIC STATE VALUES: {'mid': -1, 'x': -100, 'y': -100, 'z': -100, 'mpry': '0,0,0', 'pitch': -12, 'roll': -33, 'yaw': 136, 'vgx': 0, 'vgy': 0, 'vgz': 0, 'templ': 91, 'temph': 95, 'tof': 10, 'h': 0, 'bat': 83, 'baro': 112.88, 'time': 136, 'agx': -126.0, 'agy': 496.0, 'agz': -943.0}
2022-11-22 00:13:28,899 | INFO | PERIODIC STATE VALUES: {'mid': -1, 'x': -100, 'y': -100, 'z': -100, 'mpry': '0,0,0', 'pitch': -12, 'roll': -33, 'yaw': 136, 'vgx': 0, 'vgy': 0, 'vgz': 0, 'templ': 91, 'temph': 95, 'tof': 10, 'h': 0, 'bat': 83, 'baro': 112.88, 'time': 136, 'agx': -126.0, 'agy': 496.0, 'agz': -943.0}
2022-11-22 00:13:29,415 | INFO | PERIODIC STATE VALUES: {'mid': -1, 'x': -100, 'y': -100, 'z': -100, 'mpry': '0,0,0', 'pitch': -12, 'roll': -33, 'yaw': 136, 'vgx': 0, 'vgy': 0, 'vgz': 0, 'templ': 91, 'temph': 95, 'tof': 10, 'h': 0, 'bat': 83, 'baro': 112.88, 'time': 136, 'agx': -126.0, 'agy': 496.0, 'agz': -943.0}
2022-11-22 00:13:29,931 | INFO | PERIODIC STATE VALUES: {'mid': -1, 'x': -100, 'y': -100, 'z': -100, 'mpry': '0,0,0', 'pitch': -12, 'roll': -33, 'yaw': 136, 'vgx': 0, 'vgy': 0, 'vgz': 0, 'templ': 91, 'temph': 95, 'tof': 10, 'h': 0, 'bat': 83, 'baro': 112.88, 'time': 136, 'agx': -126.0, 'agy': 496.0, 'agz': -943.0}
2022-11-22 00:13:30,447 | INFO | PERIODIC STATE VALUES: {'mid': -1, 'x': -100, 'y': -100, 'z': -100, 'mpry': '0,0,0', 'pitch': -12, 'roll': -33, 'yaw': 136, 'vgx': 0, 'vgy': 0, 'vgz': 0, 'templ': 91, 'temph': 95, 'tof': 10, 'h': 0, 'bat': 83, 'baro': 112.88, 'time': 136, 'agx': -126.0, 'agy': 496.0, 'agz': -943.0}
2022-11-22 00:13:30,948 | INFO | PERIODIC STATE VALUES: {'mid': -1, 'x': -100, 'y': -100, 'z': -100, 'mpry': '0,0,0', 'pitch': -12, 'roll': -33, 'yaw': 136, 'vgx': 0, 'vgy': 0, 'vgz': 0, 'templ': 91, 'temph': 95, 'tof': 10, 'h': 0, 'bat': 83, 'baro': 112.88, 'time': 136, 'agx': -126.0, 'agy': 496.0, 'agz': -943.0}
2022-11-22 00:13:31,453 | INFO | PERIODIC STATE VALUES: {'mid': -1, 'x': -100, 'y': -100, 'z': -100, 'mpry': '0,0,0', 'pitch': -12, 'roll': -33, 'yaw': 136, 'vgx': 0, 'vgy': 0, 'vgz': 0, 'templ': 91, 'temph': 95, 'tof': 10, 'h': 0, 'bat': 83, 'baro': 112.88, 'time': 136, 'agx': -126.0, 'agy': 496.0, 'agz': -943.0}
2022-11-22 00:13:31,955 | INFO | PERIODIC STATE VALUES: {'mid': -1, 'x': -100, 'y': -100, 'z': -100, 'mpry': '0,0,0', 'pitch': -12, 'roll': -33, 'yaw': 136, 'vgx': 0, 'vgy': 0, 'vgz': 0, 'templ': 91, 'temph': 95, 'tof': 10, 'h': 0, 'bat': 83, 'baro': 112.88, 'time': 136, 'agx': -126.0, 'agy': 496.0, 'agz': -943.0}
2022-11-22 00:13:32,457 | INFO | PERIODIC STATE VALUES: {'mid': -1, 'x': -100, 'y': -100, 'z': -100, 'mpry': '0,0,0', 'pitch': -12, 'roll': -33, 'yaw': 136, 'vgx': 0, 'vgy': 0, 'vgz': 0, 'templ': 91, 'temph': 95, 'tof': 10, 'h': 0, 'bat': 83, 'baro': 112.88, 'time': 136, 'agx': -126.0, 'agy': 496.0, 'agz': -943.0}
2022-11-22 00:13:32,961 | INFO | PERIODIC STATE VALUES: {'mid': -1, 'x': -100, 'y': -100, 'z': -100, 'mpry': '0,0,0', 'pitch': -12, 'roll': -33, 'yaw': 136, 'vgx': 0, 'vgy': 0, 'vgz': 0, 'templ': 91, 'temph': 95, 'tof': 10, 'h': 0, 'bat': 83, 'baro': 112.88, 'time': 136, 'agx': -126.0, 'agy': 496.0, 'agz': -943.0}
2022-11-22 00:13:33,464 | INFO | PERIODIC STATE VALUES: {'mid': -1, 'x': -100, 'y': -100, 'z': -100, 'mpry': '0,0,0', 'pitch': -12, 'roll': -33, 'yaw': 136, 'vgx': 0, 'vgy': 0, 'vgz': 0, 'templ': 91, 'temph': 95, 'tof': 10, 'h': 0, 'bat': 83, 'baro': 112.88, 'time': 136, 'agx': -126.0, 'agy': 496.0, 'agz': -943.0}
2022-11-22 00:13:33,968 | INFO | PERIODIC STATE VALUES: {'mid': -1, 'x': -100, 'y': -100, 'z': -100, 'mpry': '0,0,0', 'pitch': -12, 'roll': -33, 'yaw': 136, 'vgx': 0, 'vgy': 0, 'vgz': 0, 'templ': 91, 'temph': 95, 'tof': 10, 'h': 0, 'bat': 83, 'baro': 112.88, 'time': 136, 'agx': -126.0, 'agy': 496.0, 'agz': -943.0}
2022-11-22 00:13:34,482 | INFO | PERIODIC STATE VALUES: {'mid': -1, 'x': -100, 'y': -100, 'z': -100, 'mpry': '0,0,0', 'pitch': -12, 'roll': -33, 'yaw': 136, 'vgx': 0, 'vgy': 0, 'vgz': 0, 'templ': 91, 'temph': 95, 'tof': 10, 'h': 0, 'bat': 83, 'baro': 112.88, 'time': 136, 'agx': -126.0, 'agy': 496.0, 'agz': -943.0}
2022-11-22 00:13:34,986 | INFO | PERIODIC STATE VALUES: {'mid': -1, 'x': -100, 'y': -100, 'z': -100, 'mpry': '0,0,0', 'pitch': -12, 'roll': -33, 'yaw': 136, 'vgx': 0, 'vgy': 0, 'vgz': 0, 'templ': 91, 'temph': 95, 'tof': 10, 'h': 0, 'bat': 83, 'baro': 112.88, 'time': 136, 'agx': -126.0, 'agy': 496.0, 'agz': -943.0}
2022-11-22 00:13:35,488 | INFO | PERIODIC STATE VALUES: {'mid': -1, 'x': -100, 'y': -100, 'z': -100, 'mpry': '0,0,0', 'pitch': -12, 'roll': -33, 'yaw': 136, 'vgx': 0, 'vgy': 0, 'vgz': 0, 'templ': 91, 'temph': 95, 'tof': 10, 'h': 0, 'bat': 83, 'baro': 112.88, 'time': 136, 'agx': -126.0, 'agy': 496.0, 'agz': -943.0}
2022-11-22 00:13:36,003 | INFO | PERIODIC STATE VALUES: {'mid': -1, 'x': -100, 'y': -100, 'z': -100, 'mpry': '0,0,0', 'pitch': -12, 'roll': -33, 'yaw': 136, 'vgx': 0, 'vgy': 0, 'vgz': 0, 'templ': 91, 'temph': 95, 'tof': 10, 'h': 0, 'bat': 83, 'baro': 112.88, 'time': 136, 'agx': -126.0, 'agy': 496.0, 'agz': -943.0}
2022-11-22 00:13:36,519 | INFO | PERIODIC STATE VALUES: {'mid': -1, 'x': -100, 'y': -100, 'z': -100, 'mpry': '0,0,0', 'pitch': -12, 'roll': -33, 'yaw': 136, 'vgx': 0, 'vgy': 0, 'vgz': 0, 'templ': 91, 'temph': 95, 'tof': 10, 'h': 0, 'bat': 83, 'baro': 112.88, 'time': 136, 'agx': -126.0, 'agy': 496.0, 'agz': -943.0}
2022-11-22 00:13:37,037 | INFO | PERIODIC STATE VALUES: {'mid': -1, 'x': -100, 'y': -100, 'z': -100, 'mpry': '0,0,0', 'pitch': -12, 'roll': -33, 'yaw': 136, 'vgx': 0, 'vgy': 0, 'vgz': 0, 'templ': 91, 'temph': 95, 'tof': 10, 'h': 0, 'bat': 83, 'baro': 112.88, 'time': 136, 'agx': -126.0, 'agy': 496.0, 'agz': -943.0}
2022-11-22 00:13:37,541 | INFO | PERIODIC STATE VALUES: {'mid': -1, 'x': -100, 'y': -100, 'z': -100, 'mpry': '0,0,0', 'pitch': -12, 'roll': -33, 'yaw': 136, 'vgx': 0, 'vgy': 0, 'vgz': 0, 'templ': 91, 'temph': 95, 'tof': 10, 'h': 0, 'bat': 83, 'baro': 112.88, 'time': 136, 'agx': -126.0, 'agy': 496.0, 'agz': -943.0}
2022-11-22 00:13:38,058 | INFO | PERIODIC STATE VALUES: {'mid': -1, 'x': -100, 'y': -100, 'z': -100, 'mpry': '0,0,0', 'pitch': -12, 'roll': -33, 'yaw': 136, 'vgx': 0, 'vgy': 0, 'vgz': 0, 'templ': 91, 'temph': 95, 'tof': 10, 'h': 0, 'bat': 83, 'baro': 112.88, 'time': 136, 'agx': -126.0, 'agy': 496.0, 'agz': -943.0}
2022-11-22 00:13:38,575 | INFO | PERIODIC STATE VALUES: {'mid': -1, 'x': -100, 'y': -100, 'z': -100, 'mpry': '0,0,0', 'pitch': -12, 'roll': -33, 'yaw': 136, 'vgx': 0, 'vgy': 0, 'vgz': 0, 'templ': 91, 'temph': 95, 'tof': 10, 'h': 0, 'bat': 83, 'baro': 112.88, 'time': 136, 'agx': -126.0, 'agy': 496.0, 'agz': -943.0}
2022-11-22 00:13:39,083 | INFO | PERIODIC STATE VALUES: {'mid': -1, 'x': -100, 'y': -100, 'z': -100, 'mpry': '0,0,0', 'pitch': -12, 'roll': -33, 'yaw': 136, 'vgx': 0, 'vgy': 0, 'vgz': 0, 'templ': 91, 'temph': 95, 'tof': 10, 'h': 0, 'bat': 83, 'baro': 112.88, 'time': 136, 'agx': -126.0, 'agy': 496.0, 'agz': -943.0}
2022-11-22 00:13:39,597 | INFO | PERIODIC STATE VALUES: {'mid': -1, 'x': -100, 'y': -100, 'z': -100, 'mpry': '0,0,0', 'pitch': -12, 'roll': -33, 'yaw': 136, 'vgx': 0, 'vgy': 0, 'vgz': 0, 'templ': 91, 'temph': 95, 'tof': 10, 'h': 0, 'bat': 83, 'baro': 112.88, 'time': 136, 'agx': -126.0, 'agy': 496.0, 'agz': -943.0}
2022-11-22 00:13:40,100 | INFO | PERIODIC STATE VALUES: {'mid': -1, 'x': -100, 'y': -100, 'z': -100, 'mpry': '0,0,0', 'pitch': -12, 'roll': -33, 'yaw': 136, 'vgx': 0, 'vgy': 0, 'vgz': 0, 'templ': 91, 'temph': 95, 'tof': 10, 'h': 0, 'bat': 83, 'baro': 112.88, 'time': 136, 'agx': -126.0, 'agy': 496.0, 'agz': -943.0}
2022-11-22 00:13:40,602 | INFO | PERIODIC STATE VALUES: {'mid': -1, 'x': -100, 'y': -100, 'z': -100, 'mpry': '0,0,0', 'pitch': -12, 'roll': -33, 'yaw': 136, 'vgx': 0, 'vgy': 0, 'vgz': 0, 'templ': 91, 'temph': 95, 'tof': 10, 'h': 0, 'bat': 83, 'baro': 112.88, 'time': 136, 'agx': -126.0, 'agy': 496.0, 'agz': -943.0}
2022-11-22 00:13:41,105 | INFO | PERIODIC STATE VALUES: {'mid': -1, 'x': -100, 'y': -100, 'z': -100, 'mpry': '0,0,0', 'pitch': -12, 'roll': -33, 'yaw': 136, 'vgx': 0, 'vgy': 0, 'vgz': 0, 'templ': 91, 'temph': 95, 'tof': 10, 'h': 0, 'bat': 83, 'baro': 112.88, 'time': 136, 'agx': -126.0, 'agy': 496.0, 'agz': -943.0}
2022-11-22 00:13:41,608 | INFO | PERIODIC STATE VALUES: {'mid': -1, 'x': -100, 'y': -100, 'z': -100, 'mpry': '0,0,0', 'pitch': -12, 'roll': -33, 'yaw': 136, 'vgx': 0, 'vgy': 0, 'vgz': 0, 'templ': 91, 'temph': 95, 'tof': 10, 'h': 0, 'bat': 83, 'baro': 112.88, 'time': 136, 'agx': -126.0, 'agy': 496.0, 'agz': -943.0}
2022-11-22 00:13:42,123 | INFO | PERIODIC STATE VALUES: {'mid': -1, 'x': -100, 'y': -100, 'z': -100, 'mpry': '0,0,0', 'pitch': -12, 'roll': -33, 'yaw': 136, 'vgx': 0, 'vgy': 0, 'vgz': 0, 'templ': 91, 'temph': 95, 'tof': 10, 'h': 0, 'bat': 83, 'baro': 112.88, 'time': 136, 'agx': -126.0, 'agy': 496.0, 'agz': -943.0}
2022-11-22 00:13:42,636 | INFO | PERIODIC STATE VALUES: {'mid': -1, 'x': -100, 'y': -100, 'z': -100, 'mpry': '0,0,0', 'pitch': -12, 'roll': -33, 'yaw': 136, 'vgx': 0, 'vgy': 0, 'vgz': 0, 'templ': 91, 'temph': 95, 'tof': 10, 'h': 0, 'bat': 83, 'baro': 112.88, 'time': 136, 'agx': -126.0, 'agy': 496.0, 'agz': -943.0}
2022-11-22 00:13:43,147 | INFO | PERIODIC STATE VALUES: {'mid': -1, 'x': -100, 'y': -100, 'z': -100, 'mpry': '0,0,0', 'pitch': -12, 'roll': -33, 'yaw': 136, 'vgx': 0, 'vgy': 0, 'vgz': 0, 'templ': 91, 'temph': 95, 'tof': 10, 'h': 0, 'bat': 83, 'baro': 112.88, 'time': 136, 'agx': -126.0, 'agy': 496.0, 'agz': -943.0}
2022-11-22 00:13:43,660 | INFO | PERIODIC STATE VALUES: {'mid': -1, 'x': -100, 'y': -100, 'z': -100, 'mpry': '0,0,0', 'pitch': -12, 'roll': -33, 'yaw': 136, 'vgx': 0, 'vgy': 0, 'vgz': 0, 'templ': 91, 'temph': 95, 'tof': 10, 'h': 0, 'bat': 83, 'baro': 112.88, 'time': 136, 'agx': -126.0, 'agy': 496.0, 'agz': -943.0}
2022-11-22 00:13:44,173 | INFO | PERIODIC STATE VALUES: {'mid': -1, 'x': -100, 'y': -100, 'z': -100, 'mpry': '0,0,0', 'pitch': -12, 'roll': -33, 'yaw': 136, 'vgx': 0, 'vgy': 0, 'vgz': 0, 'templ': 91, 'temph': 95, 'tof': 10, 'h': 0, 'bat': 83, 'baro': 112.88, 'time': 136, 'agx': -126.0, 'agy': 496.0, 'agz': -943.0}
2022-11-22 00:13:44,688 | INFO | PERIODIC STATE VALUES: {'mid': -1, 'x': -100, 'y': -100, 'z': -100, 'mpry': '0,0,0', 'pitch': -12, 'roll': -33, 'yaw': 136, 'vgx': 0, 'vgy': 0, 'vgz': 0, 'templ': 91, 'temph': 95, 'tof': 10, 'h': 0, 'bat': 83, 'baro': 112.88, 'time': 136, 'agx': -126.0, 'agy': 496.0, 'agz': -943.0}
