2022-11-22 00:10:11,630 | INFO | Tello instance was initialized. Host: '192.168.10.1'. Port: '8889'.
2022-11-22 00:10:11,631 | INFO | Trying to connect to the drone now!
2022-11-22 00:10:11,643 | INFO | Send command: 'command'
2022-11-22 00:10:11,751 | INFO | Response command: 'ok'
2022-11-22 00:10:11,752 | INFO | Connected to the drone successfully.
2022-11-22 00:10:11,767 | INFO | Send command: 'mon'
2022-11-22 00:10:11,768 | INFO | Send command: 'streamon'
2022-11-22 00:10:11,876 | INFO | Response mon: 'ok'
2022-11-22 00:10:11,877 | INFO | Response streamon: 'ok'
2022-11-22 00:10:11,892 | INFO | Send command: 'downvision 1'
2022-11-22 00:10:11,893 | INFO | Send command: 'mdirection 0'
2022-11-22 00:10:12,001 | INFO | Response downvision 1: 'ok'
2022-11-22 00:10:12,002 | INFO | Response mdirection 0: 'ok'
2022-11-22 00:10:12,017 | INFO | Send command: 'setfps high'
2022-11-22 00:10:12,018 | INFO | Send command: 'motoron'
2022-11-22 00:10:12,128 | INFO | Response motoron: 'ok'
2022-11-22 00:10:12,128 | INFO | Response setfps high: 'ok'
2022-11-22 00:10:12,129 | INFO | data goes here
2022-11-22 00:10:12,144 | INFO | Send command: 'attitude?'
2022-11-22 00:10:12,253 | INFO | Response attitude?: 'pitch:0;roll:1;yaw:3;'
2022-11-22 00:10:12,254 | INFO | ATTITUDE: {'pitch': 0, 'roll': 1, 'yaw': 3}
2022-11-22 00:10:12,268 | INFO | Send command: 'baro?'
2022-11-22 00:10:12,269 | INFO | PERIODIC STATE VALUES: {'mid': -1, 'x': -100, 'y': -100, 'z': -100, 'mpry': '0,0,0', 'pitch': 0, 'roll': 1, 'yaw': 3, 'vgx': 0, 'vgy': 0, 'vgz': 0, 'templ': 85, 'temph': 88, 'tof': 10, 'h': 0, 'bat': 92, 'baro': 112.24, 'time': 100, 'agx': -8.0, 'agy': -24.0, 'agz': -999.0}
2022-11-22 00:10:12,380 | INFO | Response baro?: '112.279060'
2022-11-22 00:10:12,381 | INFO | BAROMETER: 11227.906
2022-11-22 00:10:12,397 | INFO | Send command: 'battery?'
2022-11-22 00:10:12,506 | INFO | Response battery?: '92'
2022-11-22 00:10:12,507 | INFO | BATTERY: 92
2022-11-22 00:10:12,522 | INFO | Send command: 'tof?'
2022-11-22 00:10:12,632 | INFO | Response tof?: '100mm'
2022-11-22 00:10:12,632 | INFO | TOF_DISTANCE: 10.0 
2022-11-22 00:10:12,632 | INFO | Send command: 'wifi?'
2022-11-22 00:10:12,741 | INFO | Response wifi?: '90'
2022-11-22 00:10:12,741 | INFO | WIFI_SIGNAL_NOISE RATIO: 90
2022-11-22 00:10:12,757 | INFO | Send command: 'sdk?'
2022-11-22 00:10:12,773 | INFO | PERIODIC STATE VALUES: {'mid': -1, 'x': -100, 'y': -100, 'z': -100, 'mpry': '0,0,0', 'pitch': 0, 'roll': 1, 'yaw': 3, 'vgx': 0, 'vgy': 0, 'vgz': 0, 'templ': 85, 'temph': 88, 'tof': 10, 'h': 0, 'bat': 92, 'baro': 112.19, 'time': 100, 'agx': -5.0, 'agy': -25.0, 'agz': -1001.0}
2022-11-22 00:10:12,866 | INFO | Response sdk?: '30'
2022-11-22 00:10:12,866 | INFO | SDK VERSION: 30
2022-11-22 00:10:12,881 | INFO | Send command: 'sn?'
2022-11-22 00:10:12,992 | INFO | Response sn?: '0TQZK7JCNT2468'
2022-11-22 00:10:12,992 | INFO | SERIAL NUMBER: 0TQZK7JCNT2468
2022-11-22 00:10:13,290 | INFO | PERIODIC STATE VALUES: {'mid': -1, 'x': -100, 'y': -100, 'z': -100, 'mpry': '0,0,0', 'pitch': 0, 'roll': 1, 'yaw': 3, 'vgx': 0, 'vgy': 0, 'vgz': 0, 'templ': 86, 'temph': 88, 'tof': 10, 'h': 0, 'bat': 92, 'baro': 112.16, 'time': 100, 'agx': -7.0, 'agy': -22.0, 'agz': -998.0}
2022-11-22 00:10:13,792 | INFO | PERIODIC STATE VALUES: {'mid': -1, 'x': -100, 'y': -100, 'z': -100, 'mpry': '0,0,0', 'pitch': 0, 'roll': 1, 'yaw': 3, 'vgx': 0, 'vgy': 0, 'vgz': 0, 'templ': 86, 'temph': 88, 'tof': 10, 'h': 0, 'bat': 92, 'baro': 112.14, 'time': 100, 'agx': -9.0, 'agy': -22.0, 'agz': -1002.0}
2022-11-22 00:10:14,308 | INFO | PERIODIC STATE VALUES: {'mid': -1, 'x': -100, 'y': -100, 'z': -100, 'mpry': '0,0,0', 'pitch': 0, 'roll': 1, 'yaw': 3, 'vgx': 0, 'vgy': 0, 'vgz': 0, 'templ': 85, 'temph': 88, 'tof': 10, 'h': 0, 'bat': 92, 'baro': 112.16, 'time': 100, 'agx': -6.0, 'agy': -22.0, 'agz': -992.0}
2022-11-22 00:10:14,823 | INFO | PERIODIC STATE VALUES: {'mid': -1, 'x': -100, 'y': -100, 'z': -100, 'mpry': '0,0,0', 'pitch': 0, 'roll': 1, 'yaw': 3, 'vgx': 0, 'vgy': 0, 'vgz': 0, 'templ': 85, 'temph': 88, 'tof': 10, 'h': 0, 'bat': 92, 'baro': 112.15, 'time': 100, 'agx': -16.0, 'agy': -28.0, 'agz': -1000.0}
2022-11-22 00:10:15,337 | INFO | PERIODIC STATE VALUES: {'mid': -1, 'x': -100, 'y': -100, 'z': -100, 'mpry': '0,0,0', 'pitch': 0, 'roll': 1, 'yaw': 3, 'vgx': 0, 'vgy': 0, 'vgz': 0, 'templ': 85, 'temph': 88, 'tof': 10, 'h': 0, 'bat': 92, 'baro': 112.13, 'time': 100, 'agx': -7.0, 'agy': -25.0, 'agz': -995.0}
2022-11-22 00:10:15,852 | INFO | PERIODIC STATE VALUES: {'mid': -1, 'x': -100, 'y': -100, 'z': -100, 'mpry': '0,0,0', 'pitch': 0, 'roll': 1, 'yaw': 3, 'vgx': 0, 'vgy': 0, 'vgz': 0, 'templ': 85, 'temph': 88, 'tof': 10, 'h': 0, 'bat': 92, 'baro': 112.18, 'time': 100, 'agx': -12.0, 'agy': -32.0, 'agz': -999.0}
2022-11-22 00:10:16,368 | INFO | PERIODIC STATE VALUES: {'mid': -1, 'x': -100, 'y': -100, 'z': -100, 'mpry': '0,0,0', 'pitch': 0, 'roll': 1, 'yaw': 3, 'vgx': 0, 'vgy': 0, 'vgz': 0, 'templ': 85, 'temph': 88, 'tof': 10, 'h': 0, 'bat': 92, 'baro': 112.17, 'time': 100, 'agx': -7.0, 'agy': -20.0, 'agz': -1003.0}
2022-11-22 00:10:16,883 | INFO | PERIODIC STATE VALUES: {'mid': -1, 'x': -100, 'y': -100, 'z': -100, 'mpry': '0,0,0', 'pitch': 0, 'roll': 1, 'yaw': 3, 'vgx': 0, 'vgy': 0, 'vgz': 0, 'templ': 85, 'temph': 88, 'tof': 10, 'h': 0, 'bat': 92, 'baro': 112.13, 'time': 100, 'agx': -14.0, 'agy': -31.0, 'agz': -1007.0}
2022-11-22 00:10:17,398 | INFO | PERIODIC STATE VALUES: {'mid': -1, 'x': -100, 'y': -100, 'z': -100, 'mpry': '0,0,0', 'pitch': 0, 'roll': 1, 'yaw': 3, 'vgx': 0, 'vgy': 0, 'vgz': 0, 'templ': 86, 'temph': 88, 'tof': 10, 'h': 0, 'bat': 92, 'baro': 112.13, 'time': 100, 'agx': -7.0, 'agy': -26.0, 'agz': -1002.0}
2022-11-22 00:10:17,900 | INFO | PERIODIC STATE VALUES: {'mid': -1, 'x': -100, 'y': -100, 'z': -100, 'mpry': '0,0,0', 'pitch': 0, 'roll': 1, 'yaw': 3, 'vgx': 0, 'vgy': 0, 'vgz': 0, 'templ': 86, 'temph': 88, 'tof': 10, 'h': 0, 'bat': 92, 'baro': 112.1, 'time': 100, 'agx': -5.0, 'agy': -21.0, 'agz': -994.0}
2022-11-22 00:10:17,994 | INFO | Send command: 'takeoff'
2022-11-22 00:10:18,403 | INFO | PERIODIC STATE VALUES: {'mid': -1, 'x': -100, 'y': -100, 'z': -100, 'mpry': '0,0,0', 'pitch': 0, 'roll': 1, 'yaw': 3, 'vgx': 0, 'vgy': 0, 'vgz': 0, 'templ': 85, 'temph': 88, 'tof': 10, 'h': 0, 'bat': 92, 'baro': 112.15, 'time': 100, 'agx': -14.0, 'agy': -13.0, 'agz': -1007.0}
2022-11-22 00:10:18,905 | INFO | PERIODIC STATE VALUES: {'mid': -1, 'x': -100, 'y': -100, 'z': -100, 'mpry': '0,0,0', 'pitch': -1, 'roll': 0, 'yaw': 2, 'vgx': 0, 'vgy': 0, 'vgz': 4, 'templ': 85, 'temph': 88, 'tof': 10, 'h': 0, 'bat': 92, 'baro': 112.15, 'time': 100, 'agx': -24.0, 'agy': -38.0, 'agz': -1284.0}
2022-11-22 00:10:19,420 | INFO | PERIODIC STATE VALUES: {'mid': -1, 'x': -100, 'y': -100, 'z': -100, 'mpry': '0,0,0', 'pitch': -1, 'roll': 2, 'yaw': 3, 'vgx': 0, 'vgy': 0, 'vgz': 5, 'templ': 85, 'temph': 88, 'tof': 57, 'h': 30, 'bat': 92, 'baro': 112.89, 'time': 101, 'agx': -18.0, 'agy': -31.0, 'agz': -892.0}
2022-11-22 00:10:19,934 | INFO | PERIODIC STATE VALUES: {'mid': -1, 'x': -100, 'y': -100, 'z': -100, 'mpry': '0,0,0', 'pitch': 0, 'roll': 0, 'yaw': 3, 'vgx': 0, 'vgy': 0, 'vgz': 1, 'templ': 85, 'temph': 88, 'tof': 82, 'h': 40, 'bat': 92, 'baro': 113.22, 'time': 101, 'agx': -5.0, 'agy': -28.0, 'agz': -948.0}
2022-11-22 00:10:20,449 | INFO | PERIODIC STATE VALUES: {'mid': -1, 'x': -100, 'y': -100, 'z': -100, 'mpry': '0,0,0', 'pitch': 0, 'roll': 1, 'yaw': 3, 'vgx': 0, 'vgy': 0, 'vgz': 0, 'templ': 86, 'temph': 88, 'tof': 91, 'h': 50, 'bat': 92, 'baro': 113.26, 'time': 102, 'agx': 0.0, 'agy': -21.0, 'agz': -977.0}
2022-11-22 00:10:20,963 | INFO | PERIODIC STATE VALUES: {'mid': -1, 'x': -100, 'y': -100, 'z': -100, 'mpry': '0,0,0', 'pitch': 0, 'roll': 1, 'yaw': 3, 'vgx': 0, 'vgy': 0, 'vgz': 0, 'templ': 86, 'temph': 88, 'tof': 94, 'h': 60, 'bat': 92, 'baro': 113.27, 'time': 102, 'agx': -3.0, 'agy': -32.0, 'agz': -999.0}
2022-11-22 00:10:21,465 | INFO | PERIODIC STATE VALUES: {'mid': -1, 'x': -100, 'y': -100, 'z': -100, 'mpry': '0,0,0', 'pitch': 0, 'roll': 1, 'yaw': 3, 'vgx': 0, 'vgy': 0, 'vgz': -1, 'templ': 86, 'temph': 89, 'tof': 91, 'h': 60, 'bat': 92, 'baro': 113.3, 'time': 103, 'agx': -6.0, 'agy': -10.0, 'agz': -984.0}
2022-11-22 00:10:21,967 | INFO | PERIODIC STATE VALUES: {'mid': -1, 'x': -100, 'y': -100, 'z': -100, 'mpry': '0,0,0', 'pitch': 0, 'roll': 1, 'yaw': 3, 'vgx': 0, 'vgy': 0, 'vgz': -1, 'templ': 86, 'temph': 89, 'tof': 86, 'h': 50, 'bat': 92, 'baro': 113.29, 'time': 103, 'agx': 7.0, 'agy': -19.0, 'agz': -1003.0}
2022-11-22 00:10:22,471 | INFO | PERIODIC STATE VALUES: {'mid': -1, 'x': -100, 'y': -100, 'z': -100, 'mpry': '0,0,0', 'pitch': 0, 'roll': 1, 'yaw': 3, 'vgx': 0, 'vgy': 0, 'vgz': 0, 'templ': 86, 'temph': 88, 'tof': 80, 'h': 50, 'bat': 92, 'baro': 113.16, 'time': 104, 'agx': -13.0, 'agy': -1.0, 'agz': -1013.0}
2022-11-22 00:10:22,972 | INFO | PERIODIC STATE VALUES: {'mid': -1, 'x': -100, 'y': -100, 'z': -100, 'mpry': '0,0,0', 'pitch': 0, 'roll': 1, 'yaw': 3, 'vgx': 0, 'vgy': 0, 'vgz': 0, 'templ': 86, 'temph': 88, 'tof': 77, 'h': 50, 'bat': 92, 'baro': 113.22, 'time': 104, 'agx': -1.0, 'agy': -25.0, 'agz': -1010.0}
2022-11-22 00:10:23,476 | INFO | PERIODIC STATE VALUES: {'mid': -1, 'x': -100, 'y': -100, 'z': -100, 'mpry': '0,0,0', 'pitch': 0, 'roll': 1, 'yaw': 3, 'vgx': 0, 'vgy': 0, 'vgz': 0, 'templ': 85, 'temph': 89, 'tof': 76, 'h': 40, 'bat': 92, 'baro': 113.17, 'time': 105, 'agx': -9.0, 'agy': -28.0, 'agz': -992.0}
2022-11-22 00:10:23,917 | INFO | Response takeoff: 'ok'
2022-11-22 00:10:23,980 | INFO | PERIODIC STATE VALUES: {'mid': -1, 'x': -100, 'y': -100, 'z': -100, 'mpry': '0,0,0', 'pitch': 0, 'roll': 1, 'yaw': 3, 'vgx': 0, 'vgy': 0, 'vgz': 0, 'templ': 85, 'temph': 89, 'tof': 77, 'h': 40, 'bat': 92, 'baro': 113.1, 'time': 105, 'agx': 2.0, 'agy': -22.0, 'agz': -1003.0}
2022-11-22 00:10:24,482 | INFO | PERIODIC STATE VALUES: {'mid': -1, 'x': -100, 'y': -100, 'z': -100, 'mpry': '0,0,0', 'pitch': 0, 'roll': 1, 'yaw': 3, 'vgx': 0, 'vgy': 0, 'vgz': 0, 'templ': 85, 'temph': 88, 'tof': 79, 'h': 50, 'bat': 92, 'baro': 113.17, 'time': 106, 'agx': -9.0, 'agy': -25.0, 'agz': -992.0}
2022-11-22 00:10:24,999 | INFO | PERIODIC STATE VALUES: {'mid': -1, 'x': -100, 'y': -100, 'z': -100, 'mpry': '0,0,0', 'pitch': 0, 'roll': 2, 'yaw': 3, 'vgx': 0, 'vgy': 0, 'vgz': 0, 'templ': 85, 'temph': 88, 'tof': 80, 'h': 50, 'bat': 92, 'baro': 113.17, 'time': 106, 'agx': -8.0, 'agy': -10.0, 'agz': -983.0}
2022-11-22 00:10:25,514 | INFO | PERIODIC STATE VALUES: {'mid': -1, 'x': -100, 'y': -100, 'z': -100, 'mpry': '0,0,0', 'pitch': 0, 'roll': 2, 'yaw': 3, 'vgx': 0, 'vgy': 0, 'vgz': 0, 'templ': 85, 'temph': 87, 'tof': 80, 'h': 50, 'bat': 92, 'baro': 113.19, 'time': 107, 'agx': 0.0, 'agy': -20.0, 'agz': -983.0}
2022-11-22 00:10:26,017 | INFO | PERIODIC STATE VALUES: {'mid': -1, 'x': -100, 'y': -100, 'z': -100, 'mpry': '0,0,0', 'pitch': 0, 'roll': 1, 'yaw': 3, 'vgx': 0, 'vgy': 0, 'vgz': 0, 'templ': 85, 'temph': 87, 'tof': 80, 'h': 50, 'bat': 92, 'baro': 113.2, 'time': 107, 'agx': -7.0, 'agy': -23.0, 'agz': -1001.0}
2022-11-22 00:10:26,519 | INFO | PERIODIC STATE VALUES: {'mid': -1, 'x': -100, 'y': -100, 'z': -100, 'mpry': '0,0,0', 'pitch': 0, 'roll': 1, 'yaw': 3, 'vgx': 0, 'vgy': 0, 'vgz': 0, 'templ': 84, 'temph': 87, 'tof': 81, 'h': 50, 'bat': 92, 'baro': 113.26, 'time': 108, 'agx': 2.0, 'agy': -36.0, 'agz': -990.0}
2022-11-22 00:10:27,021 | INFO | PERIODIC STATE VALUES: {'mid': -1, 'x': -100, 'y': -100, 'z': -100, 'mpry': '0,0,0', 'pitch': 0, 'roll': 1, 'yaw': 3, 'vgx': 0, 'vgy': 0, 'vgz': 0, 'templ': 84, 'temph': 87, 'tof': 81, 'h': 50, 'bat': 92, 'baro': 113.18, 'time': 108, 'agx': -6.0, 'agy': -12.0, 'agz': -1016.0}
2022-11-22 00:10:27,525 | INFO | PERIODIC STATE VALUES: {'mid': -1, 'x': -100, 'y': -100, 'z': -100, 'mpry': '0,0,0', 'pitch': -1, 'roll': 1, 'yaw': 3, 'vgx': 0, 'vgy': 0, 'vgz': 0, 'templ': 84, 'temph': 86, 'tof': 81, 'h': 50, 'bat': 92, 'baro': 113.19, 'time': 109, 'agx': -7.0, 'agy': 3.0, 'agz': -1006.0}
2022-11-22 00:10:28,030 | INFO | PERIODIC STATE VALUES: {'mid': -1, 'x': -100, 'y': -100, 'z': -100, 'mpry': '0,0,0', 'pitch': -1, 'roll': 1, 'yaw': 3, 'vgx': 0, 'vgy': 0, 'vgz': 0, 'templ': 84, 'temph': 86, 'tof': 81, 'h': 50, 'bat': 92, 'baro': 113.17, 'time': 109, 'agx': -8.0, 'agy': -13.0, 'agz': -1009.0}
2022-11-22 00:10:28,533 | INFO | PERIODIC STATE VALUES: {'mid': -1, 'x': -100, 'y': -100, 'z': -100, 'mpry': '0,0,0', 'pitch': -1, 'roll': 1, 'yaw': 3, 'vgx': 0, 'vgy': 0, 'vgz': 0, 'templ': 84, 'temph': 87, 'tof': 80, 'h': 50, 'bat': 92, 'baro': 113.15, 'time': 110, 'agx': 3.0, 'agy': -14.0, 'agz': -995.0}
2022-11-22 00:10:29,050 | INFO | PERIODIC STATE VALUES: {'mid': -1, 'x': -100, 'y': -100, 'z': -100, 'mpry': '0,0,0', 'pitch': 0, 'roll': 2, 'yaw': 3, 'vgx': 0, 'vgy': 0, 'vgz': 0, 'templ': 84, 'temph': 87, 'tof': 81, 'h': 50, 'bat': 92, 'baro': 113.22, 'time': 110, 'agx': 9.0, 'agy': -30.0, 'agz': -1008.0}
2022-11-22 00:10:29,567 | INFO | PERIODIC STATE VALUES: {'mid': -1, 'x': -100, 'y': -100, 'z': -100, 'mpry': '0,0,0', 'pitch': 0, 'roll': 2, 'yaw': 3, 'vgx': 0, 'vgy': 0, 'vgz': 0, 'templ': 84, 'temph': 86, 'tof': 81, 'h': 50, 'bat': 92, 'baro': 113.23, 'time': 111, 'agx': -2.0, 'agy': -7.0, 'agz': -989.0}
2022-11-22 00:10:30,073 | INFO | PERIODIC STATE VALUES: {'mid': -1, 'x': -100, 'y': -100, 'z': -100, 'mpry': '0,0,0', 'pitch': -1, 'roll': 2, 'yaw': 3, 'vgx': 0, 'vgy': 0, 'vgz': 0, 'templ': 84, 'temph': 86, 'tof': 82, 'h': 50, 'bat': 92, 'baro': 113.23, 'time': 111, 'agx': -10.0, 'agy': -15.0, 'agz': -1000.0}
2022-11-22 00:10:30,577 | INFO | PERIODIC STATE VALUES: {'mid': -1, 'x': -100, 'y': -100, 'z': -100, 'mpry': '0,0,0', 'pitch': 0, 'roll': 2, 'yaw': 3, 'vgx': 0, 'vgy': 0, 'vgz': 0, 'templ': 83, 'temph': 87, 'tof': 82, 'h': 50, 'bat': 92, 'baro': 113.2, 'time': 112, 'agx': 12.0, 'agy': -31.0, 'agz': -995.0}
2022-11-22 00:10:31,094 | INFO | PERIODIC STATE VALUES: {'mid': -1, 'x': -100, 'y': -100, 'z': -100, 'mpry': '0,0,0', 'pitch': 0, 'roll': 2, 'yaw': 3, 'vgx': 0, 'vgy': 0, 'vgz': 0, 'templ': 83, 'temph': 87, 'tof': 82, 'h': 50, 'bat': 91, 'baro': 113.24, 'time': 113, 'agx': -1.0, 'agy': -15.0, 'agz': -1001.0}
2022-11-22 00:10:31,596 | INFO | PERIODIC STATE VALUES: {'mid': -1, 'x': -100, 'y': -100, 'z': -100, 'mpry': '0,0,0', 'pitch': 0, 'roll': 2, 'yaw': 3, 'vgx': 0, 'vgy': 0, 'vgz': 0, 'templ': 84, 'temph': 86, 'tof': 82, 'h': 50, 'bat': 91, 'baro': 113.24, 'time': 113, 'agx': -12.0, 'agy': -4.0, 'agz': -990.0}
2022-11-22 00:10:32,112 | INFO | PERIODIC STATE VALUES: {'mid': -1, 'x': -100, 'y': -100, 'z': -100, 'mpry': '0,0,0', 'pitch': 0, 'roll': 2, 'yaw': 3, 'vgx': 0, 'vgy': 0, 'vgz': 0, 'templ': 84, 'temph': 86, 'tof': 82, 'h': 50, 'bat': 91, 'baro': 113.18, 'time': 114, 'agx': -14.0, 'agy': -5.0, 'agz': -1004.0}
2022-11-22 00:10:32,629 | INFO | PERIODIC STATE VALUES: {'mid': -1, 'x': -100, 'y': -100, 'z': -100, 'mpry': '0,0,0', 'pitch': 0, 'roll': 2, 'yaw': 3, 'vgx': 0, 'vgy': 0, 'vgz': 0, 'templ': 84, 'temph': 86, 'tof': 82, 'h': 50, 'bat': 91, 'baro': 113.19, 'time': 114, 'agx': 0.0, 'agy': -26.0, 'agz': -985.0}
2022-11-22 00:10:33,145 | INFO | PERIODIC STATE VALUES: {'mid': -1, 'x': -100, 'y': -100, 'z': -100, 'mpry': '0,0,0', 'pitch': -1, 'roll': 2, 'yaw': 3, 'vgx': 0, 'vgy': 0, 'vgz': 0, 'templ': 84, 'temph': 86, 'tof': 81, 'h': 50, 'bat': 91, 'baro': 113.17, 'time': 115, 'agx': -10.0, 'agy': -7.0, 'agz': -1017.0}
2022-11-22 00:10:33,648 | INFO | PERIODIC STATE VALUES: {'mid': -1, 'x': -100, 'y': -100, 'z': -100, 'mpry': '0,0,0', 'pitch': 0, 'roll': 2, 'yaw': 3, 'vgx': 0, 'vgy': 0, 'vgz': 0, 'templ': 84, 'temph': 86, 'tof': 80, 'h': 50, 'bat': 90, 'baro': 113.2, 'time': 115, 'agx': -4.0, 'agy': -17.0, 'agz': -1000.0}
2022-11-22 00:10:34,149 | INFO | PERIODIC STATE VALUES: {'mid': -1, 'x': -100, 'y': -100, 'z': -100, 'mpry': '0,0,0', 'pitch': 0, 'roll': 0, 'yaw': 3, 'vgx': 0, 'vgy': 0, 'vgz': -3, 'templ': 84, 'temph': 86, 'tof': 73, 'h': 40, 'bat': 90, 'baro': 113.01, 'time': 116, 'agx': -11.0, 'agy': -19.0, 'agz': -933.0}
2022-11-22 00:10:34,651 | INFO | PERIODIC STATE VALUES: {'mid': -1, 'x': -100, 'y': -100, 'z': -100, 'mpry': '0,0,0', 'pitch': 0, 'roll': 2, 'yaw': 2, 'vgx': 0, 'vgy': 0, 'vgz': -4, 'templ': 83, 'temph': 85, 'tof': 52, 'h': 20, 'bat': 90, 'baro': 112.9, 'time': 116, 'agx': 0.0, 'agy': -18.0, 'agz': -1003.0}
2022-11-22 00:10:35,153 | INFO | PERIODIC STATE VALUES: {'mid': -1, 'x': -100, 'y': -100, 'z': -100, 'mpry': '0,0,0', 'pitch': 0, 'roll': 2, 'yaw': 3, 'vgx': 0, 'vgy': 0, 'vgz': -4, 'templ': 83, 'temph': 85, 'tof': 29, 'h': 0, 'bat': 90, 'baro': 112.74, 'time': 117, 'agx': -1.0, 'agy': -14.0, 'agz': -1028.0}
2022-11-22 00:10:35,668 | INFO | PERIODIC STATE VALUES: {'mid': -1, 'x': -100, 'y': -100, 'z': -100, 'mpry': '0,0,0', 'pitch': 0, 'roll': 1, 'yaw': 3, 'vgx': 0, 'vgy': 0, 'vgz': -3, 'templ': 83, 'temph': 85, 'tof': 10, 'h': -10, 'bat': 90, 'baro': 111.14, 'time': 117, 'agx': -5.0, 'agy': -36.0, 'agz': -1057.0}
2022-11-22 00:10:36,170 | INFO | PERIODIC STATE VALUES: {'mid': -1, 'x': -100, 'y': -100, 'z': -100, 'mpry': '0,0,0', 'pitch': 0, 'roll': 1, 'yaw': 3, 'vgx': -1, 'vgy': -2, 'vgz': 0, 'templ': 83, 'temph': 85, 'tof': 10, 'h': 0, 'bat': 90, 'baro': 111.71, 'time': 117, 'agx': 6.0, 'agy': -2.0, 'agz': -1008.0}
2022-11-22 00:10:36,673 | INFO | PERIODIC STATE VALUES: {'mid': -1, 'x': -100, 'y': -100, 'z': -100, 'mpry': '0,0,0', 'pitch': -1, 'roll': 2, 'yaw': 3, 'vgx': -2, 'vgy': -3, 'vgz': -1, 'templ': 83, 'temph': 85, 'tof': 10, 'h': 0, 'bat': 89, 'baro': 112.14, 'time': 117, 'agx': 2.0, 'agy': -11.0, 'agz': -997.0}
2022-11-22 00:10:37,189 | INFO | PERIODIC STATE VALUES: {'mid': -1, 'x': -100, 'y': -100, 'z': -100, 'mpry': '0,0,0', 'pitch': -1, 'roll': 2, 'yaw': 3, 'vgx': -2, 'vgy': -4, 'vgz': -1, 'templ': 83, 'temph': 85, 'tof': 10, 'h': 0, 'bat': 89, 'baro': 112.18, 'time': 117, 'agx': -2.0, 'agy': -15.0, 'agz': -1001.0}
2022-11-22 00:10:37,707 | INFO | PERIODIC STATE VALUES: {'mid': -1, 'x': -100, 'y': -100, 'z': -100, 'mpry': '0,0,0', 'pitch': -1, 'roll': 1, 'yaw': 3, 'vgx': 0, 'vgy': 0, 'vgz': 0, 'templ': 83, 'temph': 85, 'tof': 10, 'h': 0, 'bat': 89, 'baro': 112.2, 'time': 117, 'agx': -1.0, 'agy': -14.0, 'agz': -997.0}
2022-11-22 00:10:38,221 | INFO | PERIODIC STATE VALUES: {'mid': -1, 'x': -100, 'y': -100, 'z': -100, 'mpry': '0,0,0', 'pitch': 0, 'roll': 1, 'yaw': 3, 'vgx': 0, 'vgy': 0, 'vgz': 0, 'templ': 83, 'temph': 86, 'tof': 10, 'h': 0, 'bat': 89, 'baro': 112.13, 'time': 117, 'agx': -3.0, 'agy': -15.0, 'agz': -1001.0}
2022-11-22 00:10:38,734 | INFO | PERIODIC STATE VALUES: {'mid': -1, 'x': -100, 'y': -100, 'z': -100, 'mpry': '0,0,0', 'pitch': 0, 'roll': 1, 'yaw': 3, 'vgx': 0, 'vgy': 0, 'vgz': 0, 'templ': 83, 'temph': 86, 'tof': 10, 'h': 0, 'bat': 89, 'baro': 112.15, 'time': 117, 'agx': -4.0, 'agy': -16.0, 'agz': -1001.0}
2022-11-22 00:10:39,254 | INFO | PERIODIC STATE VALUES: {'mid': -1, 'x': -100, 'y': -100, 'z': -100, 'mpry': '0,0,0', 'pitch': 0, 'roll': 1, 'yaw': 3, 'vgx': 0, 'vgy': 0, 'vgz': 0, 'templ': 83, 'temph': 86, 'tof': 10, 'h': 0, 'bat': 89, 'baro': 112.17, 'time': 117, 'agx': -3.0, 'agy': -15.0, 'agz': -999.0}
2022-11-22 00:10:39,770 | INFO | PERIODIC STATE VALUES: {'mid': -1, 'x': -100, 'y': -100, 'z': -100, 'mpry': '0,0,0', 'pitch': 0, 'roll': 1, 'yaw': 3, 'vgx': 0, 'vgy': 0, 'vgz': 0, 'templ': 83, 'temph': 86, 'tof': 10, 'h': 0, 'bat': 89, 'baro': 112.2, 'time': 117, 'agx': -3.0, 'agy': -16.0, 'agz': -1000.0}
2022-11-22 00:10:40,283 | INFO | PERIODIC STATE VALUES: {'mid': -1, 'x': -100, 'y': -100, 'z': -100, 'mpry': '0,0,0', 'pitch': 0, 'roll': 1, 'yaw': 3, 'vgx': 0, 'vgy': 0, 'vgz': 0, 'templ': 83, 'temph': 87, 'tof': 10, 'h': 0, 'bat': 89, 'baro': 112.15, 'time': 117, 'agx': -3.0, 'agy': -15.0, 'agz': -1001.0}
2022-11-22 00:10:40,784 | INFO | PERIODIC STATE VALUES: {'mid': -1, 'x': -100, 'y': -100, 'z': -100, 'mpry': '0,0,0', 'pitch': 0, 'roll': 1, 'yaw': 3, 'vgx': 0, 'vgy': 0, 'vgz': 0, 'templ': 83, 'temph': 87, 'tof': 10, 'h': 0, 'bat': 89, 'baro': 112.1, 'time': 117, 'agx': -3.0, 'agy': -15.0, 'agz': -1001.0}
2022-11-22 00:10:41,301 | INFO | PERIODIC STATE VALUES: {'mid': -1, 'x': -100, 'y': -100, 'z': -100, 'mpry': '0,0,0', 'pitch': 0, 'roll': 1, 'yaw': 4, 'vgx': 0, 'vgy': 0, 'vgz': 0, 'templ': 84, 'temph': 87, 'tof': 10, 'h': 0, 'bat': 89, 'baro': 112.11, 'time': 117, 'agx': -4.0, 'agy': -15.0, 'agz': -1001.0}
2022-11-22 00:10:41,806 | INFO | PERIODIC STATE VALUES: {'mid': -1, 'x': -100, 'y': -100, 'z': -100, 'mpry': '0,0,0', 'pitch': 0, 'roll': 1, 'yaw': 4, 'vgx': 0, 'vgy': 0, 'vgz': 0, 'templ': 84, 'temph': 87, 'tof': 10, 'h': 0, 'bat': 89, 'baro': 112.1, 'time': 117, 'agx': -3.0, 'agy': -15.0, 'agz': -1001.0}
2022-11-22 00:10:42,322 | INFO | PERIODIC STATE VALUES: {'mid': -1, 'x': -100, 'y': -100, 'z': -100, 'mpry': '0,0,0', 'pitch': 0, 'roll': 1, 'yaw': 4, 'vgx': 0, 'vgy': 0, 'vgz': 0, 'templ': 84, 'temph': 86, 'tof': 10, 'h': 0, 'bat': 89, 'baro': 112.12, 'time': 117, 'agx': -5.0, 'agy': -16.0, 'agz': -1003.0}
2022-11-22 00:10:42,837 | INFO | PERIODIC STATE VALUES: {'mid': -1, 'x': -100, 'y': -100, 'z': -100, 'mpry': '0,0,0', 'pitch': 0, 'roll': 1, 'yaw': 4, 'vgx': 0, 'vgy': 0, 'vgz': 0, 'templ': 84, 'temph': 86, 'tof': 10, 'h': 0, 'bat': 89, 'baro': 112.13, 'time': 117, 'agx': -3.0, 'agy': -15.0, 'agz': -999.0}
2022-11-22 00:10:43,338 | INFO | PERIODIC STATE VALUES: {'mid': -1, 'x': -100, 'y': -100, 'z': -100, 'mpry': '0,0,0', 'pitch': 0, 'roll': 1, 'yaw': 4, 'vgx': 0, 'vgy': 0, 'vgz': 0, 'templ': 84, 'temph': 86, 'tof': 10, 'h': 0, 'bat': 89, 'baro': 112.11, 'time': 117, 'agx': -4.0, 'agy': -15.0, 'agz': -1004.0}
2022-11-22 00:10:43,840 | INFO | PERIODIC STATE VALUES: {'mid': -1, 'x': -100, 'y': -100, 'z': -100, 'mpry': '0,0,0', 'pitch': 0, 'roll': 1, 'yaw': 4, 'vgx': 0, 'vgy': 0, 'vgz': 0, 'templ': 84, 'temph': 86, 'tof': 10, 'h': 0, 'bat': 89, 'baro': 112.08, 'time': 117, 'agx': -3.0, 'agy': -15.0, 'agz': -1000.0}
2022-11-22 00:10:44,355 | INFO | PERIODIC STATE VALUES: {'mid': -1, 'x': -100, 'y': -100, 'z': -100, 'mpry': '0,0,0', 'pitch': 0, 'roll': 1, 'yaw': 4, 'vgx': 0, 'vgy': 0, 'vgz': 0, 'templ': 84, 'temph': 86, 'tof': 10, 'h': 0, 'bat': 89, 'baro': 112.07, 'time': 117, 'agx': -4.0, 'agy': -16.0, 'agz': -1000.0}
2022-11-22 00:10:44,861 | INFO | PERIODIC STATE VALUES: {'mid': -1, 'x': -100, 'y': -100, 'z': -100, 'mpry': '0,0,0', 'pitch': 0, 'roll': 1, 'yaw': 4, 'vgx': 0, 'vgy': 0, 'vgz': 0, 'templ': 84, 'temph': 86, 'tof': 10, 'h': 0, 'bat': 89, 'baro': 112.09, 'time': 117, 'agx': -3.0, 'agy': -16.0, 'agz': -999.0}
2022-11-22 00:10:45,363 | INFO | PERIODIC STATE VALUES: {'mid': -1, 'x': -100, 'y': -100, 'z': -100, 'mpry': '0,0,0', 'pitch': 0, 'roll': 1, 'yaw': 4, 'vgx': 0, 'vgy': 0, 'vgz': 0, 'templ': 84, 'temph': 86, 'tof': 10, 'h': 0, 'bat': 89, 'baro': 112.06, 'time': 117, 'agx': -2.0, 'agy': -16.0, 'agz': -1000.0}
2022-11-22 00:10:45,899 | INFO | PERIODIC STATE VALUES: {'mid': -1, 'x': -100, 'y': -100, 'z': -100, 'mpry': '0,0,0', 'pitch': 0, 'roll': 1, 'yaw': 4, 'vgx': 0, 'vgy': 0, 'vgz': 0, 'templ': 84, 'temph': 86, 'tof': 10, 'h': 0, 'bat': 89, 'baro': 112.04, 'time': 117, 'agx': -2.0, 'agy': -16.0, 'agz': -1001.0}
2022-11-22 00:10:46,411 | INFO | PERIODIC STATE VALUES: {'mid': -1, 'x': -100, 'y': -100, 'z': -100, 'mpry': '0,0,0', 'pitch': 0, 'roll': 1, 'yaw': 4, 'vgx': 0, 'vgy': 0, 'vgz': 0, 'templ': 84, 'temph': 86, 'tof': 10, 'h': 0, 'bat': 89, 'baro': 112.1, 'time': 117, 'agx': -3.0, 'agy': -15.0, 'agz': -999.0}
2022-11-22 00:10:46,926 | INFO | PERIODIC STATE VALUES: {'mid': -1, 'x': -100, 'y': -100, 'z': -100, 'mpry': '0,0,0', 'pitch': 0, 'roll': 1, 'yaw': 4, 'vgx': 0, 'vgy': 0, 'vgz': 0, 'templ': 84, 'temph': 86, 'tof': 10, 'h': 0, 'bat': 89, 'baro': 112.08, 'time': 117, 'agx': -4.0, 'agy': -15.0, 'agz': -1002.0}
2022-11-22 00:10:47,453 | INFO | PERIODIC STATE VALUES: {'mid': -1, 'x': -100, 'y': -100, 'z': -100, 'mpry': '0,0,0', 'pitch': 0, 'roll': 1, 'yaw': 4, 'vgx': 0, 'vgy': 0, 'vgz': 0, 'templ': 84, 'temph': 86, 'tof': 10, 'h': 0, 'bat': 89, 'baro': 112.05, 'time': 117, 'agx': -3.0, 'agy': -16.0, 'agz': -1000.0}
2022-11-22 00:10:48,003 | INFO | PERIODIC STATE VALUES: {'mid': -1, 'x': -100, 'y': -100, 'z': -100, 'mpry': '0,0,0', 'pitch': 0, 'roll': 1, 'yaw': 4, 'vgx': 0, 'vgy': 0, 'vgz': 0, 'templ': 84, 'temph': 86, 'tof': 10, 'h': 0, 'bat': 89, 'baro': 112.07, 'time': 117, 'agx': -4.0, 'agy': -14.0, 'agz': -999.0}
2022-11-22 00:10:48,572 | INFO | PERIODIC STATE VALUES: {'mid': -1, 'x': -100, 'y': -100, 'z': -100, 'mpry': '0,0,0', 'pitch': 0, 'roll': 1, 'yaw': 4, 'vgx': 0, 'vgy': 0, 'vgz': 0, 'templ': 84, 'temph': 87, 'tof': 10, 'h': 0, 'bat': 89, 'baro': 112.1, 'time': 117, 'agx': -2.0, 'agy': -13.0, 'agz': -1001.0}
2022-11-22 00:10:49,081 | INFO | PERIODIC STATE VALUES: {'mid': -1, 'x': -100, 'y': -100, 'z': -100, 'mpry': '0,0,0', 'pitch': 0, 'roll': 1, 'yaw': 4, 'vgx': 0, 'vgy': 0, 'vgz': 0, 'templ': 84, 'temph': 87, 'tof': 10, 'h': 0, 'bat': 89, 'baro': 112.09, 'time': 117, 'agx': -4.0, 'agy': -15.0, 'agz': -998.0}
2022-11-22 00:10:49,583 | INFO | PERIODIC STATE VALUES: {'mid': -1, 'x': -100, 'y': -100, 'z': -100, 'mpry': '0,0,0', 'pitch': 0, 'roll': 0, 'yaw': 4, 'vgx': 0, 'vgy': 0, 'vgz': 0, 'templ': 84, 'temph': 87, 'tof': 10, 'h': 0, 'bat': 89, 'baro': 112.08, 'time': 117, 'agx': -2.0, 'agy': -15.0, 'agz': -1001.0}
2022-11-22 00:10:50,089 | INFO | PERIODIC STATE VALUES: {'mid': -1, 'x': -100, 'y': -100, 'z': -100, 'mpry': '0,0,0', 'pitch': 0, 'roll': 0, 'yaw': 4, 'vgx': 0, 'vgy': 0, 'vgz': 0, 'templ': 84, 'temph': 87, 'tof': 10, 'h': 0, 'bat': 89, 'baro': 112.08, 'time': 117, 'agx': -1.0, 'agy': -16.0, 'agz': -999.0}
2022-11-22 00:10:50,607 | INFO | PERIODIC STATE VALUES: {'mid': -1, 'x': -100, 'y': -100, 'z': -100, 'mpry': '0,0,0', 'pitch': 0, 'roll': 0, 'yaw': 4, 'vgx': 0, 'vgy': 0, 'vgz': 0, 'templ': 85, 'temph': 87, 'tof': 10, 'h': 0, 'bat': 89, 'baro': 112.05, 'time': 117, 'agx': -4.0, 'agy': -16.0, 'agz': -997.0}
2022-11-22 00:10:51,124 | INFO | PERIODIC STATE VALUES: {'mid': -1, 'x': -100, 'y': -100, 'z': -100, 'mpry': '0,0,0', 'pitch': 0, 'roll': 0, 'yaw': 4, 'vgx': 0, 'vgy': 0, 'vgz': 0, 'templ': 85, 'temph': 87, 'tof': 10, 'h': 0, 'bat': 89, 'baro': 112.11, 'time': 117, 'agx': -2.0, 'agy': -14.0, 'agz': -999.0}
2022-11-22 00:10:51,626 | INFO | PERIODIC STATE VALUES: {'mid': -1, 'x': -100, 'y': -100, 'z': -100, 'mpry': '0,0,0', 'pitch': 0, 'roll': 0, 'yaw': 4, 'vgx': 0, 'vgy': 0, 'vgz': 0, 'templ': 84, 'temph': 88, 'tof': 10, 'h': 0, 'bat': 89, 'baro': 112.1, 'time': 117, 'agx': -1.0, 'agy': -16.0, 'agz': -1001.0}
2022-11-22 00:10:52,140 | INFO | PERIODIC STATE VALUES: {'mid': -1, 'x': -100, 'y': -100, 'z': -100, 'mpry': '0,0,0', 'pitch': 0, 'roll': 0, 'yaw': 4, 'vgx': 0, 'vgy': 0, 'vgz': 0, 'templ': 84, 'temph': 88, 'tof': 10, 'h': 0, 'bat': 89, 'baro': 112.07, 'time': 117, 'agx': -2.0, 'agy': -15.0, 'agz': -1001.0}
2022-11-22 00:10:52,643 | INFO | PERIODIC STATE VALUES: {'mid': -1, 'x': -100, 'y': -100, 'z': -100, 'mpry': '0,0,0', 'pitch': 0, 'roll': 0, 'yaw': 4, 'vgx': 0, 'vgy': 0, 'vgz': 0, 'templ': 85, 'temph': 87, 'tof': 10, 'h': 0, 'bat': 89, 'baro': 112.1, 'time': 117, 'agx': -3.0, 'agy': -14.0, 'agz': -999.0}
2022-11-22 00:10:53,158 | INFO | PERIODIC STATE VALUES: {'mid': -1, 'x': -100, 'y': -100, 'z': -100, 'mpry': '0,0,0', 'pitch': 0, 'roll': 0, 'yaw': 4, 'vgx': 0, 'vgy': 0, 'vgz': 0, 'templ': 85, 'temph': 87, 'tof': 10, 'h': 0, 'bat': 89, 'baro': 112.11, 'time': 117, 'agx': -3.0, 'agy': -16.0, 'agz': -999.0}
2022-11-22 00:10:53,659 | INFO | PERIODIC STATE VALUES: {'mid': -1, 'x': -100, 'y': -100, 'z': -100, 'mpry': '0,0,0', 'pitch': 0, 'roll': 0, 'yaw': 4, 'vgx': 0, 'vgy': 0, 'vgz': 0, 'templ': 85, 'temph': 88, 'tof': 10, 'h': 0, 'bat': 89, 'baro': 112.04, 'time': 117, 'agx': -4.0, 'agy': -16.0, 'agz': -999.0}
2022-11-22 00:10:54,174 | INFO | PERIODIC STATE VALUES: {'mid': -1, 'x': -100, 'y': -100, 'z': -100, 'mpry': '0,0,0', 'pitch': 0, 'roll': 0, 'yaw': 4, 'vgx': 0, 'vgy': 0, 'vgz': 0, 'templ': 85, 'temph': 88, 'tof': 10, 'h': 0, 'bat': 89, 'baro': 112.07, 'time': 117, 'agx': -3.0, 'agy': -16.0, 'agz': -998.0}
2022-11-22 00:10:54,675 | INFO | PERIODIC STATE VALUES: {'mid': -1, 'x': -100, 'y': -100, 'z': -100, 'mpry': '0,0,0', 'pitch': 0, 'roll': 0, 'yaw': 4, 'vgx': 0, 'vgy': 0, 'vgz': 0, 'templ': 84, 'temph': 88, 'tof': 10, 'h': 0, 'bat': 89, 'baro': 112.02, 'time': 117, 'agx': -1.0, 'agy': -15.0, 'agz': -999.0}
2022-11-22 00:10:55,176 | INFO | PERIODIC STATE VALUES: {'mid': -1, 'x': -100, 'y': -100, 'z': -100, 'mpry': '0,0,0', 'pitch': 0, 'roll': 0, 'yaw': 4, 'vgx': 0, 'vgy': 0, 'vgz': 0, 'templ': 84, 'temph': 88, 'tof': 10, 'h': 0, 'bat': 89, 'baro': 112.03, 'time': 117, 'agx': -3.0, 'agy': -15.0, 'agz': -999.0}
2022-11-22 00:10:55,691 | INFO | PERIODIC STATE VALUES: {'mid': -1, 'x': -100, 'y': -100, 'z': -100, 'mpry': '0,0,0', 'pitch': 0, 'roll': 0, 'yaw': 4, 'vgx': 0, 'vgy': 0, 'vgz': 0, 'templ': 85, 'temph': 88, 'tof': 10, 'h': 0, 'bat': 89, 'baro': 111.99, 'time': 117, 'agx': -3.0, 'agy': -16.0, 'agz': -1000.0}
2022-11-22 00:10:56,205 | INFO | PERIODIC STATE VALUES: {'mid': -1, 'x': -100, 'y': -100, 'z': -100, 'mpry': '0,0,0', 'pitch': 0, 'roll': 0, 'yaw': 4, 'vgx': 0, 'vgy': 0, 'vgz': 0, 'templ': 85, 'temph': 88, 'tof': 10, 'h': 0, 'bat': 89, 'baro': 112.03, 'time': 117, 'agx': -4.0, 'agy': -15.0, 'agz': -1000.0}
2022-11-22 00:10:56,721 | INFO | PERIODIC STATE VALUES: {'mid': -1, 'x': -100, 'y': -100, 'z': -100, 'mpry': '0,0,0', 'pitch': 0, 'roll': 0, 'yaw': 4, 'vgx': 0, 'vgy': 0, 'vgz': 0, 'templ': 85, 'temph': 87, 'tof': 10, 'h': 0, 'bat': 89, 'baro': 112.04, 'time': 117, 'agx': -4.0, 'agy': -15.0, 'agz': -999.0}
2022-11-22 00:10:57,236 | INFO | PERIODIC STATE VALUES: {'mid': -1, 'x': -100, 'y': -100, 'z': -100, 'mpry': '0,0,0', 'pitch': 0, 'roll': 0, 'yaw': 4, 'vgx': 0, 'vgy': 0, 'vgz': 0, 'templ': 85, 'temph': 87, 'tof': 10, 'h': 0, 'bat': 89, 'baro': 111.98, 'time': 117, 'agx': -3.0, 'agy': -16.0, 'agz': -1001.0}
2022-11-22 00:10:57,750 | INFO | PERIODIC STATE VALUES: {'mid': -1, 'x': -100, 'y': -100, 'z': -100, 'mpry': '0,0,0', 'pitch': 0, 'roll': 0, 'yaw': 4, 'vgx': 0, 'vgy': 0, 'vgz': 0, 'templ': 85, 'temph': 88, 'tof': 10, 'h': 0, 'bat': 89, 'baro': 112.01, 'time': 117, 'agx': -2.0, 'agy': -15.0, 'agz': -999.0}
2022-11-22 00:10:58,252 | INFO | PERIODIC STATE VALUES: {'mid': -1, 'x': -100, 'y': -100, 'z': -100, 'mpry': '0,0,0', 'pitch': 0, 'roll': 0, 'yaw': 4, 'vgx': 0, 'vgy': 0, 'vgz': 0, 'templ': 85, 'temph': 88, 'tof': 10, 'h': 0, 'bat': 89, 'baro': 111.95, 'time': 117, 'agx': -3.0, 'agy': -16.0, 'agz': -1001.0}
2022-11-22 00:10:58,767 | INFO | PERIODIC STATE VALUES: {'mid': -1, 'x': -100, 'y': -100, 'z': -100, 'mpry': '0,0,0', 'pitch': 0, 'roll': 0, 'yaw': 4, 'vgx': 0, 'vgy': 0, 'vgz': 0, 'templ': 85, 'temph': 87, 'tof': 10, 'h': 0, 'bat': 89, 'baro': 111.93, 'time': 117, 'agx': -2.0, 'agy': -16.0, 'agz': -996.0}
2022-11-22 00:10:59,282 | INFO | PERIODIC STATE VALUES: {'mid': -1, 'x': -100, 'y': -100, 'z': -100, 'mpry': '0,0,0', 'pitch': 0, 'roll': 0, 'yaw': 4, 'vgx': 0, 'vgy': 0, 'vgz': 0, 'templ': 85, 'temph': 87, 'tof': 10, 'h': 0, 'bat': 89, 'baro': 111.88, 'time': 117, 'agx': -3.0, 'agy': -16.0, 'agz': -998.0}
2022-11-22 00:10:59,783 | INFO | PERIODIC STATE VALUES: {'mid': -1, 'x': -100, 'y': -100, 'z': -100, 'mpry': '0,0,0', 'pitch': 0, 'roll': 0, 'yaw': 4, 'vgx': 0, 'vgy': 0, 'vgz': 0, 'templ': 85, 'temph': 88, 'tof': 10, 'h': 0, 'bat': 89, 'baro': 111.9, 'time': 117, 'agx': -4.0, 'agy': -15.0, 'agz': -999.0}
2022-11-22 00:11:00,287 | INFO | PERIODIC STATE VALUES: {'mid': -1, 'x': -100, 'y': -100, 'z': -100, 'mpry': '0,0,0', 'pitch': 0, 'roll': 0, 'yaw': 4, 'vgx': 0, 'vgy': 0, 'vgz': 0, 'templ': 85, 'temph': 88, 'tof': 10, 'h': 0, 'bat': 89, 'baro': 111.87, 'time': 117, 'agx': 0.0, 'agy': -15.0, 'agz': -998.0}
2022-11-22 00:11:00,802 | INFO | PERIODIC STATE VALUES: {'mid': -1, 'x': -100, 'y': -100, 'z': -100, 'mpry': '0,0,0', 'pitch': 0, 'roll': 0, 'yaw': 4, 'vgx': 0, 'vgy': 0, 'vgz': 0, 'templ': 85, 'temph': 88, 'tof': 10, 'h': 0, 'bat': 89, 'baro': 111.86, 'time': 117, 'agx': -1.0, 'agy': -15.0, 'agz': -1000.0}
2022-11-22 00:11:01,307 | INFO | PERIODIC STATE VALUES: {'mid': -1, 'x': -100, 'y': -100, 'z': -100, 'mpry': '0,0,0', 'pitch': 0, 'roll': 0, 'yaw': 4, 'vgx': 0, 'vgy': 0, 'vgz': 0, 'templ': 85, 'temph': 88, 'tof': 10, 'h': 0, 'bat': 89, 'baro': 111.91, 'time': 117, 'agx': -2.0, 'agy': -15.0, 'agz': -1000.0}
2022-11-22 00:11:01,820 | INFO | PERIODIC STATE VALUES: {'mid': -1, 'x': -100, 'y': -100, 'z': -100, 'mpry': '0,0,0', 'pitch': 0, 'roll': 0, 'yaw': 4, 'vgx': 0, 'vgy': 0, 'vgz': 0, 'templ': 86, 'temph': 88, 'tof': 10, 'h': 0, 'bat': 89, 'baro': 111.82, 'time': 117, 'agx': -1.0, 'agy': -14.0, 'agz': -999.0}
2022-11-22 00:11:02,334 | INFO | PERIODIC STATE VALUES: {'mid': -1, 'x': -100, 'y': -100, 'z': -100, 'mpry': '0,0,0', 'pitch': 0, 'roll': 0, 'yaw': 4, 'vgx': 0, 'vgy': 0, 'vgz': 0, 'templ': 86, 'temph': 88, 'tof': 10, 'h': 0, 'bat': 89, 'baro': 111.85, 'time': 117, 'agx': -2.0, 'agy': -15.0, 'agz': -1001.0}
2022-11-22 00:11:02,846 | INFO | PERIODIC STATE VALUES: {'mid': -1, 'x': -100, 'y': -100, 'z': -100, 'mpry': '0,0,0', 'pitch': 0, 'roll': 0, 'yaw': 4, 'vgx': 0, 'vgy': 0, 'vgz': 0, 'templ': 85, 'temph': 88, 'tof': 10, 'h': 0, 'bat': 89, 'baro': 111.79, 'time': 117, 'agx': 0.0, 'agy': -15.0, 'agz': -1000.0}
2022-11-22 00:11:03,360 | INFO | PERIODIC STATE VALUES: {'mid': -1, 'x': -100, 'y': -100, 'z': -100, 'mpry': '0,0,0', 'pitch': 0, 'roll': 0, 'yaw': 4, 'vgx': 0, 'vgy': 0, 'vgz': 0, 'templ': 86, 'temph': 88, 'tof': 10, 'h': 0, 'bat': 89, 'baro': 111.78, 'time': 117, 'agx': -4.0, 'agy': -15.0, 'agz': -1001.0}
2022-11-22 00:11:03,860 | INFO | PERIODIC STATE VALUES: {'mid': -1, 'x': -100, 'y': -100, 'z': -100, 'mpry': '0,0,0', 'pitch': 0, 'roll': 0, 'yaw': 4, 'vgx': 0, 'vgy': 0, 'vgz': 0, 'templ': 86, 'temph': 88, 'tof': 10, 'h': 0, 'bat': 89, 'baro': 111.85, 'time': 117, 'agx': -4.0, 'agy': -14.0, 'agz': -997.0}
2022-11-22 00:11:04,382 | INFO | PERIODIC STATE VALUES: {'mid': -1, 'x': -100, 'y': -100, 'z': -100, 'mpry': '0,0,0', 'pitch': 0, 'roll': 0, 'yaw': 4, 'vgx': 0, 'vgy': 0, 'vgz': 0, 'templ': 86, 'temph': 89, 'tof': 10, 'h': 0, 'bat': 89, 'baro': 111.82, 'time': 117, 'agx': -2.0, 'agy': -16.0, 'agz': -999.0}
2022-11-22 00:11:04,897 | INFO | PERIODIC STATE VALUES: {'mid': -1, 'x': -100, 'y': -100, 'z': -100, 'mpry': '0,0,0', 'pitch': 0, 'roll': 0, 'yaw': 4, 'vgx': 0, 'vgy': 0, 'vgz': 0, 'templ': 86, 'temph': 89, 'tof': 10, 'h': 0, 'bat': 89, 'baro': 111.81, 'time': 117, 'agx': -4.0, 'agy': -14.0, 'agz': -998.0}
2022-11-22 00:11:05,411 | INFO | PERIODIC STATE VALUES: {'mid': -1, 'x': -100, 'y': -100, 'z': -100, 'mpry': '0,0,0', 'pitch': 0, 'roll': 0, 'yaw': 4, 'vgx': 0, 'vgy': 0, 'vgz': 0, 'templ': 86, 'temph': 88, 'tof': 10, 'h': 0, 'bat': 89, 'baro': 111.82, 'time': 117, 'agx': -3.0, 'agy': -14.0, 'agz': -998.0}
2022-11-22 00:11:05,912 | INFO | PERIODIC STATE VALUES: {'mid': -1, 'x': -100, 'y': -100, 'z': -100, 'mpry': '0,0,0', 'pitch': 0, 'roll': 0, 'yaw': 4, 'vgx': 0, 'vgy': 0, 'vgz': 0, 'templ': 86, 'temph': 88, 'tof': 10, 'h': 0, 'bat': 89, 'baro': 111.78, 'time': 117, 'agx': -3.0, 'agy': -16.0, 'agz': -1000.0}
2022-11-22 00:11:06,418 | INFO | PERIODIC STATE VALUES: {'mid': -1, 'x': -100, 'y': -100, 'z': -100, 'mpry': '0,0,0', 'pitch': 0, 'roll': 0, 'yaw': 4, 'vgx': 0, 'vgy': 0, 'vgz': 0, 'templ': 86, 'temph': 88, 'tof': 10, 'h': 0, 'bat': 89, 'baro': 111.78, 'time': 117, 'agx': -2.0, 'agy': -15.0, 'agz': -1000.0}
2022-11-22 00:11:06,920 | INFO | PERIODIC STATE VALUES: {'mid': -1, 'x': -100, 'y': -100, 'z': -100, 'mpry': '0,0,0', 'pitch': 0, 'roll': 0, 'yaw': 4, 'vgx': 0, 'vgy': 0, 'vgz': 0, 'templ': 86, 'temph': 88, 'tof': 10, 'h': 0, 'bat': 89, 'baro': 111.75, 'time': 117, 'agx': -2.0, 'agy': -15.0, 'agz': -1000.0}
2022-11-22 00:11:07,435 | INFO | PERIODIC STATE VALUES: {'mid': -1, 'x': -100, 'y': -100, 'z': -100, 'mpry': '0,0,0', 'pitch': 0, 'roll': 0, 'yaw': 4, 'vgx': 0, 'vgy': 0, 'vgz': 0, 'templ': 85, 'temph': 89, 'tof': 10, 'h': 0, 'bat': 89, 'baro': 111.73, 'time': 117, 'agx': -3.0, 'agy': -15.0, 'agz': -1001.0}
2022-11-22 00:11:07,939 | INFO | PERIODIC STATE VALUES: {'mid': -1, 'x': -100, 'y': -100, 'z': -100, 'mpry': '0,0,0', 'pitch': 0, 'roll': 0, 'yaw': 4, 'vgx': 0, 'vgy': 0, 'vgz': 0, 'templ': 85, 'temph': 89, 'tof': 10, 'h': 0, 'bat': 89, 'baro': 111.76, 'time': 117, 'agx': -2.0, 'agy': -16.0, 'agz': -1001.0}
2022-11-22 00:11:08,442 | INFO | PERIODIC STATE VALUES: {'mid': -1, 'x': -100, 'y': -100, 'z': -100, 'mpry': '0,0,0', 'pitch': 0, 'roll': 0, 'yaw': 4, 'vgx': 0, 'vgy': 0, 'vgz': 0, 'templ': 86, 'temph': 88, 'tof': 10, 'h': 0, 'bat': 89, 'baro': 111.73, 'time': 117, 'agx': -2.0, 'agy': -15.0, 'agz': -1000.0}
2022-11-22 00:11:08,945 | INFO | PERIODIC STATE VALUES: {'mid': -1, 'x': -100, 'y': -100, 'z': -100, 'mpry': '0,0,0', 'pitch': 0, 'roll': 0, 'yaw': 4, 'vgx': 0, 'vgy': 0, 'vgz': 0, 'templ': 86, 'temph': 88, 'tof': 10, 'h': 0, 'bat': 89, 'baro': 111.69, 'time': 117, 'agx': -2.0, 'agy': -14.0, 'agz': -1000.0}
2022-11-22 00:11:09,461 | INFO | PERIODIC STATE VALUES: {'mid': -1, 'x': -100, 'y': -100, 'z': -100, 'mpry': '0,0,0', 'pitch': 0, 'roll': 0, 'yaw': 4, 'vgx': 0, 'vgy': 0, 'vgz': 0, 'templ': 86, 'temph': 88, 'tof': 10, 'h': 0, 'bat': 89, 'baro': 111.71, 'time': 117, 'agx': -3.0, 'agy': -16.0, 'agz': -1001.0}
2022-11-22 00:11:09,976 | INFO | PERIODIC STATE VALUES: {'mid': -1, 'x': -100, 'y': -100, 'z': -100, 'mpry': '0,0,0', 'pitch': 0, 'roll': 0, 'yaw': 4, 'vgx': 0, 'vgy': 0, 'vgz': 0, 'templ': 86, 'temph': 88, 'tof': 10, 'h': 0, 'bat': 89, 'baro': 111.59, 'time': 117, 'agx': -3.0, 'agy': -15.0, 'agz': -998.0}
2022-11-22 00:11:10,487 | INFO | PERIODIC STATE VALUES: {'mid': -1, 'x': -100, 'y': -100, 'z': -100, 'mpry': '0,0,0', 'pitch': 0, 'roll': 0, 'yaw': 4, 'vgx': 0, 'vgy': 0, 'vgz': 0, 'templ': 86, 'temph': 89, 'tof': 10, 'h': 0, 'bat': 89, 'baro': 111.59, 'time': 117, 'agx': -3.0, 'agy': -15.0, 'agz': -1000.0}
2022-11-22 00:11:10,992 | INFO | PERIODIC STATE VALUES: {'mid': -1, 'x': -100, 'y': -100, 'z': -100, 'mpry': '0,0,0', 'pitch': 0, 'roll': 0, 'yaw': 4, 'vgx': 0, 'vgy': 0, 'vgz': 0, 'templ': 86, 'temph': 89, 'tof': 10, 'h': 0, 'bat': 89, 'baro': 111.52, 'time': 117, 'agx': -2.0, 'agy': -14.0, 'agz': -1001.0}
2022-11-22 00:11:11,506 | INFO | PERIODIC STATE VALUES: {'mid': -1, 'x': -100, 'y': -100, 'z': -100, 'mpry': '0,0,0', 'pitch': 0, 'roll': 0, 'yaw': 4, 'vgx': 0, 'vgy': 0, 'vgz': 0, 'templ': 87, 'temph': 89, 'tof': 10, 'h': 0, 'bat': 89, 'baro': 111.51, 'time': 117, 'agx': -2.0, 'agy': -14.0, 'agz': -999.0}
2022-11-22 00:11:12,019 | INFO | PERIODIC STATE VALUES: {'mid': -1, 'x': -100, 'y': -100, 'z': -100, 'mpry': '0,0,0', 'pitch': 0, 'roll': 0, 'yaw': 4, 'vgx': 0, 'vgy': 0, 'vgz': 0, 'templ': 87, 'temph': 89, 'tof': 10, 'h': 0, 'bat': 89, 'baro': 111.53, 'time': 117, 'agx': -4.0, 'agy': -17.0, 'agz': -1001.0}
2022-11-22 00:11:12,521 | INFO | PERIODIC STATE VALUES: {'mid': -1, 'x': -100, 'y': -100, 'z': -100, 'mpry': '0,0,0', 'pitch': 0, 'roll': 0, 'yaw': 4, 'vgx': 0, 'vgy': 0, 'vgz': 0, 'templ': 86, 'temph': 89, 'tof': 10, 'h': 0, 'bat': 89, 'baro': 111.6, 'time': 117, 'agx': -3.0, 'agy': -15.0, 'agz': -999.0}
2022-11-22 00:11:13,023 | INFO | PERIODIC STATE VALUES: {'mid': -1, 'x': -100, 'y': -100, 'z': -100, 'mpry': '0,0,0', 'pitch': 0, 'roll': 0, 'yaw': 4, 'vgx': 0, 'vgy': 0, 'vgz': 0, 'templ': 86, 'temph': 89, 'tof': 10, 'h': 0, 'bat': 89, 'baro': 111.56, 'time': 117, 'agx': -3.0, 'agy': -16.0, 'agz': -1001.0}
2022-11-22 00:11:13,538 | INFO | PERIODIC STATE VALUES: {'mid': -1, 'x': -100, 'y': -100, 'z': -100, 'mpry': '0,0,0', 'pitch': 0, 'roll': 0, 'yaw': 4, 'vgx': 0, 'vgy': 0, 'vgz': 0, 'templ': 86, 'temph': 90, 'tof': 10, 'h': 0, 'bat': 89, 'baro': 111.58, 'time': 117, 'agx': -2.0, 'agy': -15.0, 'agz': -999.0}
2022-11-22 00:11:14,053 | INFO | PERIODIC STATE VALUES: {'mid': -1, 'x': -100, 'y': -100, 'z': -100, 'mpry': '0,0,0', 'pitch': 0, 'roll': 0, 'yaw': 4, 'vgx': 0, 'vgy': 0, 'vgz': 0, 'templ': 86, 'temph': 90, 'tof': 10, 'h': 0, 'bat': 89, 'baro': 111.66, 'time': 117, 'agx': -3.0, 'agy': -15.0, 'agz': -998.0}
