2022-11-20 21:54:34,698 | INFO | Tello instance was initialized. Host: '192.168.10.1'. Port: '8889'.
2022-11-20 21:54:34,698 | INFO | Trying to connect to the drone now!
2022-11-20 21:54:34,703 | INFO | Send command: 'command'
2022-11-20 21:54:34,812 | INFO | Response command: 'ok'
2022-11-20 21:54:34,812 | INFO | Connected to the drone successfully.
2022-11-20 21:54:34,828 | INFO | Send command: 'mon'
2022-11-20 21:54:34,828 | INFO | Send command: 'streamon'
2022-11-20 21:54:34,937 | INFO | Response streamon: 'ok'
2022-11-20 21:54:34,937 | INFO | Response mon: 'ok'
2022-11-20 21:54:34,953 | INFO | Send command: 'mdirection 0'
2022-11-20 21:54:34,953 | INFO | Send command: 'downvision 1'
2022-11-20 21:54:35,079 | INFO | Response downvision 1: 'ok'
2022-11-20 21:54:35,080 | INFO | Response mdirection 0: 'ok'
2022-11-20 21:54:35,094 | INFO | Send command: 'motoron'
2022-11-20 21:54:35,094 | INFO | Send command: 'setfps high'
2022-11-20 21:54:35,205 | INFO | Response setfps high: 'ok'
2022-11-20 21:54:35,205 | INFO | Response motoron: 'ok'
2022-11-20 21:54:35,206 | INFO | data goes here
2022-11-20 21:54:35,221 | INFO | Send command: 'attitude?'
2022-11-20 21:54:35,314 | INFO | PERIODIC STATE VALUES: {'mid': -1, 'x': -100, 'y': -100, 'z': -100, 'mpry': '0,0,0', 'pitch': 0, 'roll': 0, 'yaw': 2, 'vgx': 0, 'vgy': 0, 'vgz': 0, 'templ': 86, 'temph': 88, 'tof': 10, 'h': 0, 'bat': 85, 'baro': 91.31, 'time': 0, 'agx': -12.0, 'agy': -11.0, 'agz': -1001.0}
2022-11-20 21:54:35,329 | INFO | Response attitude?: 'pitch:0;roll:0;yaw:2;'
2022-11-20 21:54:35,330 | INFO | ATTITUDE: {'pitch': 0, 'roll': 0, 'yaw': 2}
2022-11-20 21:54:35,345 | INFO | Send command: 'baro?'
2022-11-20 21:54:35,455 | INFO | Response baro?: '91.334427'
2022-11-20 21:54:35,455 | INFO | BAROMETER: 9133.4427
2022-11-20 21:54:35,455 | INFO | Send command: 'battery?'
2022-11-20 21:54:35,566 | INFO | Response battery?: '85'
2022-11-20 21:54:35,566 | INFO | BATTERY: 85
2022-11-20 21:54:35,582 | INFO | Send command: 'tof?'
2022-11-20 21:54:35,692 | INFO | Response tof?: '100mm'
2022-11-20 21:54:35,693 | INFO | TOF_DISTANCE: 10.0 
2022-11-20 21:54:35,708 | INFO | Send command: 'wifi?'
2022-11-20 21:54:35,815 | INFO | Response wifi?: '0'
2022-11-20 21:54:35,816 | INFO | PERIODIC STATE VALUES: {'mid': -1, 'x': -100, 'y': -100, 'z': -100, 'mpry': '0,0,0', 'pitch': 0, 'roll': 0, 'yaw': 2, 'vgx': 0, 'vgy': 0, 'vgz': 0, 'templ': 86, 'temph': 88, 'tof': 10, 'h': 0, 'bat': 85, 'baro': 91.37, 'time': 0, 'agx': -17.0, 'agy': -14.0, 'agz': -994.0}
2022-11-20 21:54:35,816 | INFO | WIFI_SIGNAL_NOISE RATIO: 0
2022-11-20 21:54:35,831 | INFO | Send command: 'sdk?'
2022-11-20 21:54:35,940 | INFO | Response sdk?: '30'
2022-11-20 21:54:35,940 | INFO | SDK VERSION: 30
2022-11-20 21:54:35,956 | INFO | Send command: 'sn?'
2022-11-20 21:54:36,067 | INFO | Response sn?: '0TQZK7JCNT2468'
2022-11-20 21:54:36,068 | INFO | SERIAL NUMBER: 0TQZK7JCNT2468
2022-11-20 21:54:36,321 | INFO | PERIODIC STATE VALUES: {'mid': -1, 'x': -100, 'y': -100, 'z': -100, 'mpry': '0,0,0', 'pitch': 0, 'roll': 0, 'yaw': 2, 'vgx': 0, 'vgy': 0, 'vgz': 0, 'templ': 85, 'temph': 88, 'tof': 10, 'h': 0, 'bat': 85, 'baro': 91.32, 'time': 0, 'agx': -18.0, 'agy': -11.0, 'agz': -1001.0}
2022-11-20 21:54:36,823 | INFO | PERIODIC STATE VALUES: {'mid': -1, 'x': -100, 'y': -100, 'z': -100, 'mpry': '0,0,0', 'pitch': 0, 'roll': 0, 'yaw': 2, 'vgx': 0, 'vgy': 0, 'vgz': 0, 'templ': 85, 'temph': 88, 'tof': 10, 'h': 0, 'bat': 85, 'baro': 91.33, 'time': 0, 'agx': -17.0, 'agy': -13.0, 'agz': -1001.0}
2022-11-20 21:54:37,326 | INFO | PERIODIC STATE VALUES: {'mid': -1, 'x': -100, 'y': -100, 'z': -100, 'mpry': '0,0,0', 'pitch': 0, 'roll': 0, 'yaw': 2, 'vgx': 0, 'vgy': 0, 'vgz': 0, 'templ': 85, 'temph': 88, 'tof': 10, 'h': 0, 'bat': 85, 'baro': 91.33, 'time': 0, 'agx': -13.0, 'agy': -11.0, 'agz': -1000.0}
2022-11-20 21:54:37,843 | INFO | PERIODIC STATE VALUES: {'mid': -1, 'x': -100, 'y': -100, 'z': -100, 'mpry': '0,0,0', 'pitch': 0, 'roll': 0, 'yaw': 2, 'vgx': 0, 'vgy': 0, 'vgz': 0, 'templ': 85, 'temph': 88, 'tof': 10, 'h': 0, 'bat': 85, 'baro': 91.34, 'time': 0, 'agx': -5.0, 'agy': -13.0, 'agz': -998.0}
2022-11-20 21:54:38,346 | INFO | PERIODIC STATE VALUES: {'mid': -1, 'x': -100, 'y': -100, 'z': -100, 'mpry': '0,0,0', 'pitch': 0, 'roll': 0, 'yaw': 2, 'vgx': 0, 'vgy': 0, 'vgz': 0, 'templ': 85, 'temph': 88, 'tof': 10, 'h': 0, 'bat': 85, 'baro': 91.34, 'time': 0, 'agx': -10.0, 'agy': -15.0, 'agz': -1000.0}
2022-11-20 21:54:38,849 | INFO | PERIODIC STATE VALUES: {'mid': -1, 'x': -100, 'y': -100, 'z': -100, 'mpry': '0,0,0', 'pitch': 0, 'roll': 0, 'yaw': 2, 'vgx': 0, 'vgy': 0, 'vgz': 0, 'templ': 85, 'temph': 88, 'tof': 10, 'h': 0, 'bat': 85, 'baro': 91.29, 'time': 0, 'agx': -10.0, 'agy': -11.0, 'agz': -1000.0}
2022-11-20 21:54:39,354 | INFO | PERIODIC STATE VALUES: {'mid': -1, 'x': -100, 'y': -100, 'z': -100, 'mpry': '0,0,0', 'pitch': 0, 'roll': 0, 'yaw': 2, 'vgx': 0, 'vgy': 0, 'vgz': 0, 'templ': 86, 'temph': 88, 'tof': 10, 'h': 0, 'bat': 85, 'baro': 91.34, 'time': 0, 'agx': -6.0, 'agy': -8.0, 'agz': -990.0}
2022-11-20 21:54:39,860 | INFO | PERIODIC STATE VALUES: {'mid': -1, 'x': -100, 'y': -100, 'z': -100, 'mpry': '0,0,0', 'pitch': 0, 'roll': 0, 'yaw': 2, 'vgx': 0, 'vgy': 0, 'vgz': 0, 'templ': 86, 'temph': 88, 'tof': 10, 'h': 0, 'bat': 85, 'baro': 91.32, 'time': 0, 'agx': -8.0, 'agy': -14.0, 'agz': -1001.0}
2022-11-20 21:54:40,364 | INFO | PERIODIC STATE VALUES: {'mid': -1, 'x': -100, 'y': -100, 'z': -100, 'mpry': '0,0,0', 'pitch': 0, 'roll': 0, 'yaw': 2, 'vgx': 0, 'vgy': 0, 'vgz': 0, 'templ': 86, 'temph': 88, 'tof': 10, 'h': 0, 'bat': 85, 'baro': 91.37, 'time': 0, 'agx': -11.0, 'agy': -15.0, 'agz': -1005.0}
2022-11-20 21:54:40,881 | INFO | PERIODIC STATE VALUES: {'mid': -1, 'x': -100, 'y': -100, 'z': -100, 'mpry': '0,0,0', 'pitch': 0, 'roll': 0, 'yaw': 2, 'vgx': 0, 'vgy': 0, 'vgz': 0, 'templ': 86, 'temph': 88, 'tof': 10, 'h': 0, 'bat': 85, 'baro': 91.37, 'time': 0, 'agx': -13.0, 'agy': -13.0, 'agz': -1004.0}
2022-11-20 21:54:41,073 | INFO | Send command: 'takeoff'
2022-11-20 21:54:41,387 | INFO | PERIODIC STATE VALUES: {'mid': -1, 'x': -100, 'y': -100, 'z': -100, 'mpry': '0,0,0', 'pitch': 0, 'roll': 0, 'yaw': 2, 'vgx': 0, 'vgy': 0, 'vgz': 0, 'templ': 86, 'temph': 88, 'tof': 10, 'h': 0, 'bat': 85, 'baro': 91.34, 'time': 0, 'agx': -17.0, 'agy': -9.0, 'agz': -995.0}
2022-11-20 21:54:41,891 | INFO | PERIODIC STATE VALUES: {'mid': -1, 'x': -100, 'y': -100, 'z': -100, 'mpry': '0,0,0', 'pitch': -1, 'roll': 0, 'yaw': 2, 'vgx': 0, 'vgy': 0, 'vgz': 0, 'templ': 86, 'temph': 88, 'tof': 10, 'h': 0, 'bat': 85, 'baro': 91.33, 'time': 1, 'agx': -20.0, 'agy': -28.0, 'agz': -1037.0}
2022-11-20 21:54:42,405 | INFO | PERIODIC STATE VALUES: {'mid': -1, 'x': -100, 'y': -100, 'z': -100, 'mpry': '0,0,0', 'pitch': -3, 'roll': 0, 'yaw': 7, 'vgx': 0, 'vgy': 0, 'vgz': 2, 'templ': 85, 'temph': 88, 'tof': 10, 'h': 0, 'bat': 85, 'baro': 91.29, 'time': 1, 'agx': -50.0, 'agy': -10.0, 'agz': -379.0}
2022-11-20 21:54:42,923 | INFO | PERIODIC STATE VALUES: {'mid': -1, 'x': -100, 'y': -100, 'z': -100, 'mpry': '0,0,0', 'pitch': 0, 'roll': 0, 'yaw': 7, 'vgx': 0, 'vgy': 0, 'vgz': -2, 'templ': 85, 'temph': 88, 'tof': 10, 'h': 0, 'bat': 85, 'baro': 91.3, 'time': 1, 'agx': -6.0, 'agy': -9.0, 'agz': -998.0}
2022-11-20 21:54:43,046 | INFO | Response takeoff: 'ok'
2022-11-20 21:54:43,424 | INFO | PERIODIC STATE VALUES: {'mid': -1, 'x': -100, 'y': -100, 'z': -100, 'mpry': '0,0,0', 'pitch': 0, 'roll': 0, 'yaw': 7, 'vgx': 0, 'vgy': 0, 'vgz': -2, 'templ': 85, 'temph': 88, 'tof': 10, 'h': 0, 'bat': 84, 'baro': 91.27, 'time': 1, 'agx': -12.0, 'agy': -9.0, 'agz': -999.0}
2022-11-20 21:54:43,941 | INFO | PERIODIC STATE VALUES: {'mid': -1, 'x': -100, 'y': -100, 'z': -100, 'mpry': '0,0,0', 'pitch': 0, 'roll': 0, 'yaw': 7, 'vgx': 0, 'vgy': 0, 'vgz': 0, 'templ': 85, 'temph': 88, 'tof': 10, 'h': 0, 'bat': 84, 'baro': 91.26, 'time': 1, 'agx': -13.0, 'agy': -10.0, 'agz': -997.0}
2022-11-20 21:54:44,457 | INFO | PERIODIC STATE VALUES: {'mid': -1, 'x': -100, 'y': -100, 'z': -100, 'mpry': '0,0,0', 'pitch': 0, 'roll': 0, 'yaw': 7, 'vgx': 0, 'vgy': 0, 'vgz': 0, 'templ': 85, 'temph': 88, 'tof': 10, 'h': 0, 'bat': 84, 'baro': 91.24, 'time': 1, 'agx': -11.0, 'agy': -11.0, 'agz': -997.0}
2022-11-20 21:54:44,961 | INFO | PERIODIC STATE VALUES: {'mid': -1, 'x': -100, 'y': -100, 'z': -100, 'mpry': '0,0,0', 'pitch': 0, 'roll': 0, 'yaw': 7, 'vgx': 0, 'vgy': 0, 'vgz': 0, 'templ': 85, 'temph': 88, 'tof': 10, 'h': 0, 'bat': 84, 'baro': 91.22, 'time': 1, 'agx': -12.0, 'agy': -12.0, 'agz': -997.0}
2022-11-20 21:54:45,476 | INFO | PERIODIC STATE VALUES: {'mid': -1, 'x': -100, 'y': -100, 'z': -100, 'mpry': '0,0,0', 'pitch': 0, 'roll': 0, 'yaw': 7, 'vgx': 0, 'vgy': 0, 'vgz': 0, 'templ': 85, 'temph': 89, 'tof': 10, 'h': 0, 'bat': 84, 'baro': 91.23, 'time': 1, 'agx': -13.0, 'agy': -11.0, 'agz': -997.0}
2022-11-20 21:54:45,991 | INFO | PERIODIC STATE VALUES: {'mid': -1, 'x': -100, 'y': -100, 'z': -100, 'mpry': '0,0,0', 'pitch': 0, 'roll': 0, 'yaw': 7, 'vgx': 0, 'vgy': 0, 'vgz': 0, 'templ': 85, 'temph': 89, 'tof': 10, 'h': 0, 'bat': 84, 'baro': 91.23, 'time': 1, 'agx': -12.0, 'agy': -10.0, 'agz': -997.0}
2022-11-20 21:54:46,507 | INFO | PERIODIC STATE VALUES: {'mid': -1, 'x': -100, 'y': -100, 'z': -100, 'mpry': '0,0,0', 'pitch': 0, 'roll': 0, 'yaw': 7, 'vgx': 0, 'vgy': 0, 'vgz': 0, 'templ': 85, 'temph': 89, 'tof': 10, 'h': 0, 'bat': 84, 'baro': 91.25, 'time': 1, 'agx': -12.0, 'agy': -10.0, 'agz': -997.0}
2022-11-20 21:54:47,022 | INFO | PERIODIC STATE VALUES: {'mid': -1, 'x': -100, 'y': -100, 'z': -100, 'mpry': '0,0,0', 'pitch': 0, 'roll': 0, 'yaw': 7, 'vgx': 0, 'vgy': 0, 'vgz': 0, 'templ': 85, 'temph': 89, 'tof': 10, 'h': 0, 'bat': 84, 'baro': 91.27, 'time': 1, 'agx': -12.0, 'agy': -11.0, 'agz': -1000.0}
2022-11-20 21:54:47,544 | INFO | PERIODIC STATE VALUES: {'mid': -1, 'x': -100, 'y': -100, 'z': -100, 'mpry': '0,0,0', 'pitch': 0, 'roll': 0, 'yaw': 7, 'vgx': 0, 'vgy': 0, 'vgz': 0, 'templ': 85, 'temph': 88, 'tof': 10, 'h': 0, 'bat': 84, 'baro': 91.29, 'time': 1, 'agx': -12.0, 'agy': -10.0, 'agz': -999.0}
2022-11-20 21:54:48,061 | INFO | Send command: 'land'
2022-11-20 21:54:48,063 | INFO | PERIODIC STATE VALUES: {'mid': -1, 'x': -100, 'y': -100, 'z': -100, 'mpry': '0,0,0', 'pitch': 0, 'roll': 0, 'yaw': 7, 'vgx': 0, 'vgy': 0, 'vgz': 0, 'templ': 85, 'temph': 88, 'tof': 10, 'h': 0, 'bat': 84, 'baro': 91.29, 'time': 1, 'agx': -13.0, 'agy': -9.0, 'agz': -999.0}
2022-11-20 21:54:48,171 | INFO | Response land: 'error'
2022-11-20 21:54:48,186 | INFO | Send command: 'land'
2022-11-20 21:54:48,297 | INFO | Response land: 'error'
2022-11-20 21:54:48,297 | INFO | Send command: 'land'
2022-11-20 21:54:48,406 | INFO | Response land: 'error'
