2022-11-20 21:44:26,439 | INFO | Tello instance was initialized. Host: '192.168.10.1'. Port: '8889'.
2022-11-20 21:44:26,439 | INFO | Trying to connect to the drone now!
2022-11-20 21:44:26,445 | INFO | Send command: 'command'
2022-11-20 21:44:26,555 | INFO | Response command: 'ok'
2022-11-20 21:44:26,556 | INFO | Connected to the drone successfully.
2022-11-20 21:44:26,571 | INFO | Send command: 'streamon'
2022-11-20 21:44:26,572 | INFO | Send command: 'mon'
2022-11-20 21:44:26,680 | INFO | Response mon: 'ok'
2022-11-20 21:44:26,681 | INFO | Response streamon: 'ok'
2022-11-20 21:44:26,681 | INFO | Send command: 'mdirection 0'
2022-11-20 21:44:26,696 | INFO | Send command: 'downvision 1'
2022-11-20 21:44:26,698 | INFO | Response downvision 1: 'ok'
2022-11-20 21:44:26,698 | INFO | Send command: 'setfps high'
2022-11-20 21:44:26,790 | INFO | Response mdirection 0: 'ok'
2022-11-20 21:44:26,806 | INFO | Send command: 'motoron'
2022-11-20 21:44:26,807 | INFO | Response setfps high: 'ok'
2022-11-20 21:44:26,916 | INFO | Response motoron: 'ok'
2022-11-20 21:44:26,916 | INFO | data goes here
2022-11-20 21:44:26,931 | INFO | Send command: 'attitude?'
2022-11-20 21:44:27,041 | INFO | Response attitude?: 'pitch:0;roll:0;yaw:-171;'
2022-11-20 21:44:27,042 | INFO | ATTITUDE: {'pitch': 0, 'roll': 0, 'yaw': -171}
2022-11-20 21:44:27,057 | INFO | PERIODIC STATE VALUES: {'mid': -1, 'x': -100, 'y': -100, 'z': -100, 'mpry': '0,0,0', 'pitch': 0, 'roll': 0, 'yaw': -171, 'vgx': 0, 'vgy': 0, 'vgz': 0, 'templ': 103, 'temph': 106, 'tof': 10, 'h': 0, 'bat': 47, 'baro': 92.66, 'time': 46, 'agx': -12.0, 'agy': -8.0, 'agz': -1001.0}
2022-11-20 21:44:27,058 | INFO | Send command: 'baro?'
2022-11-20 21:44:27,168 | INFO | Response baro?: '92.668800'
2022-11-20 21:44:27,168 | INFO | BAROMETER: 9266.880000000001
2022-11-20 21:44:27,169 | INFO | Send command: 'battery?'
2022-11-20 21:44:27,276 | INFO | Response battery?: '47'
2022-11-20 21:44:27,276 | INFO | BATTERY: 47
2022-11-20 21:44:27,292 | INFO | Send command: 'tof?'
2022-11-20 21:44:27,572 | INFO | PERIODIC STATE VALUES: {'mid': -1, 'x': -100, 'y': -100, 'z': -100, 'mpry': '0,0,0', 'pitch': 0, 'roll': 0, 'yaw': -171, 'vgx': 0, 'vgy': 0, 'vgz': 0, 'templ': 103, 'temph': 106, 'tof': 10, 'h': 0, 'bat': 47, 'baro': 92.68, 'time': 46, 'agx': -13.0, 'agy': -10.0, 'agz': -999.0}
2022-11-20 21:44:28,078 | INFO | PERIODIC STATE VALUES: {'mid': -1, 'x': -100, 'y': -100, 'z': -100, 'mpry': '0,0,0', 'pitch': 0, 'roll': 0, 'yaw': -171, 'vgx': 0, 'vgy': 0, 'vgz': 0, 'templ': 103, 'temph': 106, 'tof': 10, 'h': 0, 'bat': 47, 'baro': 92.68, 'time': 46, 'agx': -13.0, 'agy': -10.0, 'agz': -999.0}
2022-11-20 21:44:28,580 | INFO | PERIODIC STATE VALUES: {'mid': -1, 'x': -100, 'y': -100, 'z': -100, 'mpry': '0,0,0', 'pitch': 0, 'roll': 0, 'yaw': -171, 'vgx': 0, 'vgy': 0, 'vgz': 0, 'templ': 103, 'temph': 106, 'tof': 10, 'h': 0, 'bat': 47, 'baro': 92.68, 'time': 46, 'agx': -13.0, 'agy': -10.0, 'agz': -999.0}
2022-11-20 21:44:29,097 | INFO | PERIODIC STATE VALUES: {'mid': -1, 'x': -100, 'y': -100, 'z': -100, 'mpry': '0,0,0', 'pitch': 0, 'roll': 0, 'yaw': -171, 'vgx': 0, 'vgy': 0, 'vgz': 0, 'templ': 103, 'temph': 106, 'tof': 10, 'h': 0, 'bat': 47, 'baro': 92.68, 'time': 46, 'agx': -13.0, 'agy': -10.0, 'agz': -999.0}
2022-11-20 21:44:29,601 | INFO | PERIODIC STATE VALUES: {'mid': -1, 'x': -100, 'y': -100, 'z': -100, 'mpry': '0,0,0', 'pitch': 0, 'roll': 0, 'yaw': -171, 'vgx': 0, 'vgy': 0, 'vgz': 0, 'templ': 103, 'temph': 106, 'tof': 10, 'h': 0, 'bat': 47, 'baro': 92.68, 'time': 46, 'agx': -13.0, 'agy': -10.0, 'agz': -999.0}
2022-11-20 21:44:30,117 | INFO | PERIODIC STATE VALUES: {'mid': -1, 'x': -100, 'y': -100, 'z': -100, 'mpry': '0,0,0', 'pitch': 0, 'roll': 0, 'yaw': -171, 'vgx': 0, 'vgy': 0, 'vgz': 0, 'templ': 103, 'temph': 106, 'tof': 10, 'h': 0, 'bat': 47, 'baro': 92.68, 'time': 46, 'agx': -13.0, 'agy': -10.0, 'agz': -999.0}
2022-11-20 21:44:30,618 | INFO | PERIODIC STATE VALUES: {'mid': -1, 'x': -100, 'y': -100, 'z': -100, 'mpry': '0,0,0', 'pitch': 0, 'roll': 0, 'yaw': -171, 'vgx': 0, 'vgy': 0, 'vgz': 0, 'templ': 103, 'temph': 106, 'tof': 10, 'h': 0, 'bat': 47, 'baro': 92.68, 'time': 46, 'agx': -13.0, 'agy': -10.0, 'agz': -999.0}
2022-11-20 21:44:31,124 | INFO | PERIODIC STATE VALUES: {'mid': -1, 'x': -100, 'y': -100, 'z': -100, 'mpry': '0,0,0', 'pitch': 0, 'roll': 0, 'yaw': -171, 'vgx': 0, 'vgy': 0, 'vgz': 0, 'templ': 103, 'temph': 106, 'tof': 10, 'h': 0, 'bat': 47, 'baro': 92.68, 'time': 46, 'agx': -13.0, 'agy': -10.0, 'agz': -999.0}
2022-11-20 21:44:31,628 | INFO | PERIODIC STATE VALUES: {'mid': -1, 'x': -100, 'y': -100, 'z': -100, 'mpry': '0,0,0', 'pitch': 0, 'roll': 0, 'yaw': -171, 'vgx': 0, 'vgy': 0, 'vgz': 0, 'templ': 103, 'temph': 106, 'tof': 10, 'h': 0, 'bat': 47, 'baro': 92.68, 'time': 46, 'agx': -13.0, 'agy': -10.0, 'agz': -999.0}
2022-11-20 21:44:32,130 | INFO | PERIODIC STATE VALUES: {'mid': -1, 'x': -100, 'y': -100, 'z': -100, 'mpry': '0,0,0', 'pitch': 0, 'roll': 0, 'yaw': -171, 'vgx': 0, 'vgy': 0, 'vgz': 0, 'templ': 103, 'temph': 106, 'tof': 10, 'h': 0, 'bat': 47, 'baro': 92.68, 'time': 46, 'agx': -13.0, 'agy': -10.0, 'agz': -999.0}
2022-11-20 21:44:32,635 | INFO | PERIODIC STATE VALUES: {'mid': -1, 'x': -100, 'y': -100, 'z': -100, 'mpry': '0,0,0', 'pitch': 0, 'roll': 0, 'yaw': -171, 'vgx': 0, 'vgy': 0, 'vgz': 0, 'templ': 103, 'temph': 106, 'tof': 10, 'h': 0, 'bat': 47, 'baro': 92.68, 'time': 46, 'agx': -13.0, 'agy': -10.0, 'agz': -999.0}
2022-11-20 21:44:33,140 | INFO | PERIODIC STATE VALUES: {'mid': -1, 'x': -100, 'y': -100, 'z': -100, 'mpry': '0,0,0', 'pitch': 0, 'roll': 0, 'yaw': -171, 'vgx': 0, 'vgy': 0, 'vgz': 0, 'templ': 103, 'temph': 106, 'tof': 10, 'h': 0, 'bat': 47, 'baro': 92.68, 'time': 46, 'agx': -13.0, 'agy': -10.0, 'agz': -999.0}
2022-11-20 21:44:33,647 | INFO | PERIODIC STATE VALUES: {'mid': -1, 'x': -100, 'y': -100, 'z': -100, 'mpry': '0,0,0', 'pitch': 0, 'roll': 0, 'yaw': -171, 'vgx': 0, 'vgy': 0, 'vgz': 0, 'templ': 103, 'temph': 106, 'tof': 10, 'h': 0, 'bat': 47, 'baro': 92.68, 'time': 46, 'agx': -13.0, 'agy': -10.0, 'agz': -999.0}
2022-11-20 21:44:34,152 | INFO | PERIODIC STATE VALUES: {'mid': -1, 'x': -100, 'y': -100, 'z': -100, 'mpry': '0,0,0', 'pitch': 0, 'roll': 0, 'yaw': -171, 'vgx': 0, 'vgy': 0, 'vgz': 0, 'templ': 103, 'temph': 106, 'tof': 10, 'h': 0, 'bat': 47, 'baro': 92.68, 'time': 46, 'agx': -13.0, 'agy': -10.0, 'agz': -999.0}
2022-11-20 21:44:34,342 | WARNING | Aborting command 'tof?'. Did not receive a response after 7 seconds
2022-11-20 21:44:34,657 | INFO | PERIODIC STATE VALUES: {'mid': -1, 'x': -100, 'y': -100, 'z': -100, 'mpry': '0,0,0', 'pitch': 0, 'roll': 0, 'yaw': -171, 'vgx': 0, 'vgy': 0, 'vgz': 0, 'templ': 103, 'temph': 106, 'tof': 10, 'h': 0, 'bat': 47, 'baro': 92.68, 'time': 46, 'agx': -13.0, 'agy': -10.0, 'agz': -999.0}
2022-11-20 21:44:35,159 | INFO | PERIODIC STATE VALUES: {'mid': -1, 'x': -100, 'y': -100, 'z': -100, 'mpry': '0,0,0', 'pitch': 0, 'roll': 0, 'yaw': -171, 'vgx': 0, 'vgy': 0, 'vgz': 0, 'templ': 103, 'temph': 106, 'tof': 10, 'h': 0, 'bat': 47, 'baro': 92.68, 'time': 46, 'agx': -13.0, 'agy': -10.0, 'agz': -999.0}
2022-11-20 21:44:35,662 | INFO | PERIODIC STATE VALUES: {'mid': -1, 'x': -100, 'y': -100, 'z': -100, 'mpry': '0,0,0', 'pitch': 0, 'roll': 0, 'yaw': -171, 'vgx': 0, 'vgy': 0, 'vgz': 0, 'templ': 103, 'temph': 106, 'tof': 10, 'h': 0, 'bat': 47, 'baro': 92.68, 'time': 46, 'agx': -13.0, 'agy': -10.0, 'agz': -999.0}
2022-11-20 21:44:36,171 | INFO | PERIODIC STATE VALUES: {'mid': -1, 'x': -100, 'y': -100, 'z': -100, 'mpry': '0,0,0', 'pitch': 0, 'roll': 0, 'yaw': -171, 'vgx': 0, 'vgy': 0, 'vgz': 0, 'templ': 103, 'temph': 106, 'tof': 10, 'h': 0, 'bat': 47, 'baro': 92.68, 'time': 46, 'agx': -13.0, 'agy': -10.0, 'agz': -999.0}
2022-11-20 21:44:36,675 | INFO | PERIODIC STATE VALUES: {'mid': -1, 'x': -100, 'y': -100, 'z': -100, 'mpry': '0,0,0', 'pitch': 0, 'roll': 0, 'yaw': -171, 'vgx': 0, 'vgy': 0, 'vgz': 0, 'templ': 103, 'temph': 106, 'tof': 10, 'h': 0, 'bat': 47, 'baro': 92.68, 'time': 46, 'agx': -13.0, 'agy': -10.0, 'agz': -999.0}
2022-11-20 21:44:37,192 | INFO | PERIODIC STATE VALUES: {'mid': -1, 'x': -100, 'y': -100, 'z': -100, 'mpry': '0,0,0', 'pitch': 0, 'roll': 0, 'yaw': -171, 'vgx': 0, 'vgy': 0, 'vgz': 0, 'templ': 103, 'temph': 106, 'tof': 10, 'h': 0, 'bat': 47, 'baro': 92.68, 'time': 46, 'agx': -13.0, 'agy': -10.0, 'agz': -999.0}
2022-11-20 21:44:37,708 | INFO | PERIODIC STATE VALUES: {'mid': -1, 'x': -100, 'y': -100, 'z': -100, 'mpry': '0,0,0', 'pitch': 0, 'roll': 0, 'yaw': -171, 'vgx': 0, 'vgy': 0, 'vgz': 0, 'templ': 103, 'temph': 106, 'tof': 10, 'h': 0, 'bat': 47, 'baro': 92.68, 'time': 46, 'agx': -13.0, 'agy': -10.0, 'agz': -999.0}
2022-11-20 21:44:38,214 | INFO | PERIODIC STATE VALUES: {'mid': -1, 'x': -100, 'y': -100, 'z': -100, 'mpry': '0,0,0', 'pitch': 0, 'roll': 0, 'yaw': -171, 'vgx': 0, 'vgy': 0, 'vgz': 0, 'templ': 103, 'temph': 106, 'tof': 10, 'h': 0, 'bat': 47, 'baro': 92.68, 'time': 46, 'agx': -13.0, 'agy': -10.0, 'agz': -999.0}
2022-11-20 21:44:38,727 | INFO | PERIODIC STATE VALUES: {'mid': -1, 'x': -100, 'y': -100, 'z': -100, 'mpry': '0,0,0', 'pitch': 0, 'roll': 0, 'yaw': -171, 'vgx': 0, 'vgy': 0, 'vgz': 0, 'templ': 103, 'temph': 106, 'tof': 10, 'h': 0, 'bat': 47, 'baro': 92.68, 'time': 46, 'agx': -13.0, 'agy': -10.0, 'agz': -999.0}
2022-11-20 21:44:39,240 | INFO | PERIODIC STATE VALUES: {'mid': -1, 'x': -100, 'y': -100, 'z': -100, 'mpry': '0,0,0', 'pitch': 0, 'roll': 0, 'yaw': -171, 'vgx': 0, 'vgy': 0, 'vgz': 0, 'templ': 103, 'temph': 106, 'tof': 10, 'h': 0, 'bat': 47, 'baro': 92.68, 'time': 46, 'agx': -13.0, 'agy': -10.0, 'agz': -999.0}
2022-11-20 21:44:39,351 | INFO | Send command: 'takeoff'
2022-11-20 21:44:39,745 | INFO | PERIODIC STATE VALUES: {'mid': -1, 'x': -100, 'y': -100, 'z': -100, 'mpry': '0,0,0', 'pitch': 0, 'roll': 0, 'yaw': -171, 'vgx': 0, 'vgy': 0, 'vgz': 0, 'templ': 103, 'temph': 106, 'tof': 10, 'h': 0, 'bat': 47, 'baro': 92.68, 'time': 46, 'agx': -13.0, 'agy': -10.0, 'agz': -999.0}
2022-11-20 21:44:40,246 | INFO | PERIODIC STATE VALUES: {'mid': -1, 'x': -100, 'y': -100, 'z': -100, 'mpry': '0,0,0', 'pitch': 0, 'roll': 0, 'yaw': -171, 'vgx': 0, 'vgy': 0, 'vgz': 0, 'templ': 103, 'temph': 106, 'tof': 10, 'h': 0, 'bat': 47, 'baro': 92.68, 'time': 46, 'agx': -13.0, 'agy': -10.0, 'agz': -999.0}
2022-11-20 21:44:40,761 | INFO | PERIODIC STATE VALUES: {'mid': -1, 'x': -100, 'y': -100, 'z': -100, 'mpry': '0,0,0', 'pitch': 0, 'roll': 0, 'yaw': -171, 'vgx': 0, 'vgy': 0, 'vgz': 0, 'templ': 103, 'temph': 106, 'tof': 10, 'h': 0, 'bat': 47, 'baro': 92.68, 'time': 46, 'agx': -13.0, 'agy': -10.0, 'agz': -999.0}
2022-11-20 21:44:41,278 | INFO | PERIODIC STATE VALUES: {'mid': -1, 'x': -100, 'y': -100, 'z': -100, 'mpry': '0,0,0', 'pitch': 0, 'roll': 0, 'yaw': -171, 'vgx': 0, 'vgy': 0, 'vgz': 0, 'templ': 103, 'temph': 106, 'tof': 10, 'h': 0, 'bat': 47, 'baro': 92.68, 'time': 46, 'agx': -13.0, 'agy': -10.0, 'agz': -999.0}
2022-11-20 21:44:41,781 | INFO | PERIODIC STATE VALUES: {'mid': -1, 'x': -100, 'y': -100, 'z': -100, 'mpry': '0,0,0', 'pitch': 0, 'roll': 0, 'yaw': -171, 'vgx': 0, 'vgy': 0, 'vgz': 0, 'templ': 103, 'temph': 106, 'tof': 10, 'h': 0, 'bat': 47, 'baro': 92.68, 'time': 46, 'agx': -13.0, 'agy': -10.0, 'agz': -999.0}
2022-11-20 21:44:42,297 | INFO | PERIODIC STATE VALUES: {'mid': -1, 'x': -100, 'y': -100, 'z': -100, 'mpry': '0,0,0', 'pitch': 0, 'roll': 0, 'yaw': -171, 'vgx': 0, 'vgy': 0, 'vgz': 0, 'templ': 103, 'temph': 106, 'tof': 10, 'h': 0, 'bat': 47, 'baro': 92.68, 'time': 46, 'agx': -13.0, 'agy': -10.0, 'agz': -999.0}
2022-11-20 21:44:42,814 | INFO | PERIODIC STATE VALUES: {'mid': -1, 'x': -100, 'y': -100, 'z': -100, 'mpry': '0,0,0', 'pitch': 0, 'roll': 0, 'yaw': -171, 'vgx': 0, 'vgy': 0, 'vgz': 0, 'templ': 103, 'temph': 106, 'tof': 10, 'h': 0, 'bat': 47, 'baro': 92.68, 'time': 46, 'agx': -13.0, 'agy': -10.0, 'agz': -999.0}
2022-11-20 21:44:43,329 | INFO | PERIODIC STATE VALUES: {'mid': -1, 'x': -100, 'y': -100, 'z': -100, 'mpry': '0,0,0', 'pitch': 0, 'roll': 0, 'yaw': -171, 'vgx': 0, 'vgy': 0, 'vgz': 0, 'templ': 103, 'temph': 106, 'tof': 10, 'h': 0, 'bat': 47, 'baro': 92.68, 'time': 46, 'agx': -13.0, 'agy': -10.0, 'agz': -999.0}
2022-11-20 21:44:43,832 | INFO | PERIODIC STATE VALUES: {'mid': -1, 'x': -100, 'y': -100, 'z': -100, 'mpry': '0,0,0', 'pitch': 0, 'roll': 0, 'yaw': -171, 'vgx': 0, 'vgy': 0, 'vgz': 0, 'templ': 103, 'temph': 106, 'tof': 10, 'h': 0, 'bat': 47, 'baro': 92.68, 'time': 46, 'agx': -13.0, 'agy': -10.0, 'agz': -999.0}
2022-11-20 21:44:44,338 | INFO | PERIODIC STATE VALUES: {'mid': -1, 'x': -100, 'y': -100, 'z': -100, 'mpry': '0,0,0', 'pitch': 0, 'roll': 0, 'yaw': -171, 'vgx': 0, 'vgy': 0, 'vgz': 0, 'templ': 103, 'temph': 106, 'tof': 10, 'h': 0, 'bat': 47, 'baro': 92.68, 'time': 46, 'agx': -13.0, 'agy': -10.0, 'agz': -999.0}
2022-11-20 21:44:44,855 | INFO | PERIODIC STATE VALUES: {'mid': -1, 'x': -100, 'y': -100, 'z': -100, 'mpry': '0,0,0', 'pitch': 0, 'roll': 0, 'yaw': -171, 'vgx': 0, 'vgy': 0, 'vgz': 0, 'templ': 103, 'temph': 106, 'tof': 10, 'h': 0, 'bat': 47, 'baro': 92.68, 'time': 46, 'agx': -13.0, 'agy': -10.0, 'agz': -999.0}
2022-11-20 21:44:45,371 | INFO | PERIODIC STATE VALUES: {'mid': -1, 'x': -100, 'y': -100, 'z': -100, 'mpry': '0,0,0', 'pitch': 0, 'roll': 0, 'yaw': -171, 'vgx': 0, 'vgy': 0, 'vgz': 0, 'templ': 103, 'temph': 106, 'tof': 10, 'h': 0, 'bat': 47, 'baro': 92.68, 'time': 46, 'agx': -13.0, 'agy': -10.0, 'agz': -999.0}
2022-11-20 21:44:45,874 | INFO | PERIODIC STATE VALUES: {'mid': -1, 'x': -100, 'y': -100, 'z': -100, 'mpry': '0,0,0', 'pitch': 0, 'roll': 0, 'yaw': -171, 'vgx': 0, 'vgy': 0, 'vgz': 0, 'templ': 103, 'temph': 106, 'tof': 10, 'h': 0, 'bat': 47, 'baro': 92.68, 'time': 46, 'agx': -13.0, 'agy': -10.0, 'agz': -999.0}
2022-11-20 21:44:46,381 | INFO | PERIODIC STATE VALUES: {'mid': -1, 'x': -100, 'y': -100, 'z': -100, 'mpry': '0,0,0', 'pitch': 0, 'roll': 0, 'yaw': -171, 'vgx': 0, 'vgy': 0, 'vgz': 0, 'templ': 103, 'temph': 106, 'tof': 10, 'h': 0, 'bat': 47, 'baro': 92.68, 'time': 46, 'agx': -13.0, 'agy': -10.0, 'agz': -999.0}
2022-11-20 21:44:46,885 | INFO | PERIODIC STATE VALUES: {'mid': -1, 'x': -100, 'y': -100, 'z': -100, 'mpry': '0,0,0', 'pitch': 0, 'roll': 0, 'yaw': -171, 'vgx': 0, 'vgy': 0, 'vgz': 0, 'templ': 103, 'temph': 106, 'tof': 10, 'h': 0, 'bat': 47, 'baro': 92.68, 'time': 46, 'agx': -13.0, 'agy': -10.0, 'agz': -999.0}
2022-11-20 21:44:47,400 | INFO | PERIODIC STATE VALUES: {'mid': -1, 'x': -100, 'y': -100, 'z': -100, 'mpry': '0,0,0', 'pitch': 0, 'roll': 0, 'yaw': -171, 'vgx': 0, 'vgy': 0, 'vgz': 0, 'templ': 103, 'temph': 106, 'tof': 10, 'h': 0, 'bat': 47, 'baro': 92.68, 'time': 46, 'agx': -13.0, 'agy': -10.0, 'agz': -999.0}
2022-11-20 21:44:47,906 | INFO | PERIODIC STATE VALUES: {'mid': -1, 'x': -100, 'y': -100, 'z': -100, 'mpry': '0,0,0', 'pitch': 0, 'roll': 0, 'yaw': -171, 'vgx': 0, 'vgy': 0, 'vgz': 0, 'templ': 103, 'temph': 106, 'tof': 10, 'h': 0, 'bat': 47, 'baro': 92.68, 'time': 46, 'agx': -13.0, 'agy': -10.0, 'agz': -999.0}
2022-11-20 21:44:48,409 | INFO | PERIODIC STATE VALUES: {'mid': -1, 'x': -100, 'y': -100, 'z': -100, 'mpry': '0,0,0', 'pitch': 0, 'roll': 0, 'yaw': -171, 'vgx': 0, 'vgy': 0, 'vgz': 0, 'templ': 103, 'temph': 106, 'tof': 10, 'h': 0, 'bat': 47, 'baro': 92.68, 'time': 46, 'agx': -13.0, 'agy': -10.0, 'agz': -999.0}
2022-11-20 21:44:48,925 | INFO | PERIODIC STATE VALUES: {'mid': -1, 'x': -100, 'y': -100, 'z': -100, 'mpry': '0,0,0', 'pitch': 0, 'roll': 0, 'yaw': -171, 'vgx': 0, 'vgy': 0, 'vgz': 0, 'templ': 103, 'temph': 106, 'tof': 10, 'h': 0, 'bat': 47, 'baro': 92.68, 'time': 46, 'agx': -13.0, 'agy': -10.0, 'agz': -999.0}
2022-11-20 21:44:49,428 | INFO | PERIODIC STATE VALUES: {'mid': -1, 'x': -100, 'y': -100, 'z': -100, 'mpry': '0,0,0', 'pitch': 0, 'roll': 0, 'yaw': -171, 'vgx': 0, 'vgy': 0, 'vgz': 0, 'templ': 103, 'temph': 106, 'tof': 10, 'h': 0, 'bat': 47, 'baro': 92.68, 'time': 46, 'agx': -13.0, 'agy': -10.0, 'agz': -999.0}
2022-11-20 21:44:49,945 | INFO | PERIODIC STATE VALUES: {'mid': -1, 'x': -100, 'y': -100, 'z': -100, 'mpry': '0,0,0', 'pitch': 0, 'roll': 0, 'yaw': -171, 'vgx': 0, 'vgy': 0, 'vgz': 0, 'templ': 103, 'temph': 106, 'tof': 10, 'h': 0, 'bat': 47, 'baro': 92.68, 'time': 46, 'agx': -13.0, 'agy': -10.0, 'agz': -999.0}
2022-11-20 21:44:50,461 | INFO | PERIODIC STATE VALUES: {'mid': -1, 'x': -100, 'y': -100, 'z': -100, 'mpry': '0,0,0', 'pitch': 0, 'roll': 0, 'yaw': -171, 'vgx': 0, 'vgy': 0, 'vgz': 0, 'templ': 103, 'temph': 106, 'tof': 10, 'h': 0, 'bat': 47, 'baro': 92.68, 'time': 46, 'agx': -13.0, 'agy': -10.0, 'agz': -999.0}
2022-11-20 21:44:50,965 | INFO | PERIODIC STATE VALUES: {'mid': -1, 'x': -100, 'y': -100, 'z': -100, 'mpry': '0,0,0', 'pitch': 0, 'roll': 0, 'yaw': -171, 'vgx': 0, 'vgy': 0, 'vgz': 0, 'templ': 103, 'temph': 106, 'tof': 10, 'h': 0, 'bat': 47, 'baro': 92.68, 'time': 46, 'agx': -13.0, 'agy': -10.0, 'agz': -999.0}
2022-11-20 21:44:51,471 | INFO | PERIODIC STATE VALUES: {'mid': -1, 'x': -100, 'y': -100, 'z': -100, 'mpry': '0,0,0', 'pitch': 0, 'roll': 0, 'yaw': -171, 'vgx': 0, 'vgy': 0, 'vgz': 0, 'templ': 103, 'temph': 106, 'tof': 10, 'h': 0, 'bat': 47, 'baro': 92.68, 'time': 46, 'agx': -13.0, 'agy': -10.0, 'agz': -999.0}
2022-11-20 21:44:51,981 | INFO | PERIODIC STATE VALUES: {'mid': -1, 'x': -100, 'y': -100, 'z': -100, 'mpry': '0,0,0', 'pitch': 0, 'roll': 0, 'yaw': -171, 'vgx': 0, 'vgy': 0, 'vgz': 0, 'templ': 103, 'temph': 106, 'tof': 10, 'h': 0, 'bat': 47, 'baro': 92.68, 'time': 46, 'agx': -13.0, 'agy': -10.0, 'agz': -999.0}
2022-11-20 21:44:52,494 | INFO | PERIODIC STATE VALUES: {'mid': -1, 'x': -100, 'y': -100, 'z': -100, 'mpry': '0,0,0', 'pitch': 0, 'roll': 0, 'yaw': -171, 'vgx': 0, 'vgy': 0, 'vgz': 0, 'templ': 103, 'temph': 106, 'tof': 10, 'h': 0, 'bat': 47, 'baro': 92.68, 'time': 46, 'agx': -13.0, 'agy': -10.0, 'agz': -999.0}
2022-11-20 21:44:52,997 | INFO | PERIODIC STATE VALUES: {'mid': -1, 'x': -100, 'y': -100, 'z': -100, 'mpry': '0,0,0', 'pitch': 0, 'roll': 0, 'yaw': -171, 'vgx': 0, 'vgy': 0, 'vgz': 0, 'templ': 103, 'temph': 106, 'tof': 10, 'h': 0, 'bat': 47, 'baro': 92.68, 'time': 46, 'agx': -13.0, 'agy': -10.0, 'agz': -999.0}
2022-11-20 21:44:53,500 | INFO | PERIODIC STATE VALUES: {'mid': -1, 'x': -100, 'y': -100, 'z': -100, 'mpry': '0,0,0', 'pitch': 0, 'roll': 0, 'yaw': -171, 'vgx': 0, 'vgy': 0, 'vgz': 0, 'templ': 103, 'temph': 106, 'tof': 10, 'h': 0, 'bat': 47, 'baro': 92.68, 'time': 46, 'agx': -13.0, 'agy': -10.0, 'agz': -999.0}
2022-11-20 21:44:54,003 | INFO | PERIODIC STATE VALUES: {'mid': -1, 'x': -100, 'y': -100, 'z': -100, 'mpry': '0,0,0', 'pitch': 0, 'roll': 0, 'yaw': -171, 'vgx': 0, 'vgy': 0, 'vgz': 0, 'templ': 103, 'temph': 106, 'tof': 10, 'h': 0, 'bat': 47, 'baro': 92.68, 'time': 46, 'agx': -13.0, 'agy': -10.0, 'agz': -999.0}
2022-11-20 21:44:54,509 | INFO | PERIODIC STATE VALUES: {'mid': -1, 'x': -100, 'y': -100, 'z': -100, 'mpry': '0,0,0', 'pitch': 0, 'roll': 0, 'yaw': -171, 'vgx': 0, 'vgy': 0, 'vgz': 0, 'templ': 103, 'temph': 106, 'tof': 10, 'h': 0, 'bat': 47, 'baro': 92.68, 'time': 46, 'agx': -13.0, 'agy': -10.0, 'agz': -999.0}
2022-11-20 21:44:55,016 | INFO | PERIODIC STATE VALUES: {'mid': -1, 'x': -100, 'y': -100, 'z': -100, 'mpry': '0,0,0', 'pitch': 0, 'roll': 0, 'yaw': -171, 'vgx': 0, 'vgy': 0, 'vgz': 0, 'templ': 103, 'temph': 106, 'tof': 10, 'h': 0, 'bat': 47, 'baro': 92.68, 'time': 46, 'agx': -13.0, 'agy': -10.0, 'agz': -999.0}
2022-11-20 21:44:55,525 | INFO | PERIODIC STATE VALUES: {'mid': -1, 'x': -100, 'y': -100, 'z': -100, 'mpry': '0,0,0', 'pitch': 0, 'roll': 0, 'yaw': -171, 'vgx': 0, 'vgy': 0, 'vgz': 0, 'templ': 103, 'temph': 106, 'tof': 10, 'h': 0, 'bat': 47, 'baro': 92.68, 'time': 46, 'agx': -13.0, 'agy': -10.0, 'agz': -999.0}
2022-11-20 21:44:56,031 | INFO | PERIODIC STATE VALUES: {'mid': -1, 'x': -100, 'y': -100, 'z': -100, 'mpry': '0,0,0', 'pitch': 0, 'roll': 0, 'yaw': -171, 'vgx': 0, 'vgy': 0, 'vgz': 0, 'templ': 103, 'temph': 106, 'tof': 10, 'h': 0, 'bat': 47, 'baro': 92.68, 'time': 46, 'agx': -13.0, 'agy': -10.0, 'agz': -999.0}
2022-11-20 21:44:56,533 | INFO | PERIODIC STATE VALUES: {'mid': -1, 'x': -100, 'y': -100, 'z': -100, 'mpry': '0,0,0', 'pitch': 0, 'roll': 0, 'yaw': -171, 'vgx': 0, 'vgy': 0, 'vgz': 0, 'templ': 103, 'temph': 106, 'tof': 10, 'h': 0, 'bat': 47, 'baro': 92.68, 'time': 46, 'agx': -13.0, 'agy': -10.0, 'agz': -999.0}
2022-11-20 21:44:57,036 | INFO | PERIODIC STATE VALUES: {'mid': -1, 'x': -100, 'y': -100, 'z': -100, 'mpry': '0,0,0', 'pitch': 0, 'roll': 0, 'yaw': -171, 'vgx': 0, 'vgy': 0, 'vgz': 0, 'templ': 103, 'temph': 106, 'tof': 10, 'h': 0, 'bat': 47, 'baro': 92.68, 'time': 46, 'agx': -13.0, 'agy': -10.0, 'agz': -999.0}
2022-11-20 21:44:57,542 | INFO | PERIODIC STATE VALUES: {'mid': -1, 'x': -100, 'y': -100, 'z': -100, 'mpry': '0,0,0', 'pitch': 0, 'roll': 0, 'yaw': -171, 'vgx': 0, 'vgy': 0, 'vgz': 0, 'templ': 103, 'temph': 106, 'tof': 10, 'h': 0, 'bat': 47, 'baro': 92.68, 'time': 46, 'agx': -13.0, 'agy': -10.0, 'agz': -999.0}
2022-11-20 21:44:58,045 | INFO | PERIODIC STATE VALUES: {'mid': -1, 'x': -100, 'y': -100, 'z': -100, 'mpry': '0,0,0', 'pitch': 0, 'roll': 0, 'yaw': -171, 'vgx': 0, 'vgy': 0, 'vgz': 0, 'templ': 103, 'temph': 106, 'tof': 10, 'h': 0, 'bat': 47, 'baro': 92.68, 'time': 46, 'agx': -13.0, 'agy': -10.0, 'agz': -999.0}
2022-11-20 21:44:58,548 | INFO | PERIODIC STATE VALUES: {'mid': -1, 'x': -100, 'y': -100, 'z': -100, 'mpry': '0,0,0', 'pitch': 0, 'roll': 0, 'yaw': -171, 'vgx': 0, 'vgy': 0, 'vgz': 0, 'templ': 103, 'temph': 106, 'tof': 10, 'h': 0, 'bat': 47, 'baro': 92.68, 'time': 46, 'agx': -13.0, 'agy': -10.0, 'agz': -999.0}
2022-11-20 21:44:59,050 | INFO | PERIODIC STATE VALUES: {'mid': -1, 'x': -100, 'y': -100, 'z': -100, 'mpry': '0,0,0', 'pitch': 0, 'roll': 0, 'yaw': -171, 'vgx': 0, 'vgy': 0, 'vgz': 0, 'templ': 103, 'temph': 106, 'tof': 10, 'h': 0, 'bat': 47, 'baro': 92.68, 'time': 46, 'agx': -13.0, 'agy': -10.0, 'agz': -999.0}
2022-11-20 21:44:59,412 | WARNING | Aborting command 'takeoff'. Did not receive a response after 20 seconds
2022-11-20 21:44:59,412 | INFO | Send command: 'takeoff'
2022-11-20 21:44:59,554 | INFO | PERIODIC STATE VALUES: {'mid': -1, 'x': -100, 'y': -100, 'z': -100, 'mpry': '0,0,0', 'pitch': 0, 'roll': 0, 'yaw': -171, 'vgx': 0, 'vgy': 0, 'vgz': 0, 'templ': 103, 'temph': 106, 'tof': 10, 'h': 0, 'bat': 47, 'baro': 92.68, 'time': 46, 'agx': -13.0, 'agy': -10.0, 'agz': -999.0}
2022-11-20 21:45:00,056 | INFO | PERIODIC STATE VALUES: {'mid': -1, 'x': -100, 'y': -100, 'z': -100, 'mpry': '0,0,0', 'pitch': 0, 'roll': 0, 'yaw': -171, 'vgx': 0, 'vgy': 0, 'vgz': 0, 'templ': 103, 'temph': 106, 'tof': 10, 'h': 0, 'bat': 47, 'baro': 92.68, 'time': 46, 'agx': -13.0, 'agy': -10.0, 'agz': -999.0}
2022-11-20 21:45:00,560 | INFO | PERIODIC STATE VALUES: {'mid': -1, 'x': -100, 'y': -100, 'z': -100, 'mpry': '0,0,0', 'pitch': 0, 'roll': 0, 'yaw': -171, 'vgx': 0, 'vgy': 0, 'vgz': 0, 'templ': 103, 'temph': 106, 'tof': 10, 'h': 0, 'bat': 47, 'baro': 92.68, 'time': 46, 'agx': -13.0, 'agy': -10.0, 'agz': -999.0}
2022-11-20 21:45:01,066 | INFO | PERIODIC STATE VALUES: {'mid': -1, 'x': -100, 'y': -100, 'z': -100, 'mpry': '0,0,0', 'pitch': 0, 'roll': 0, 'yaw': -171, 'vgx': 0, 'vgy': 0, 'vgz': 0, 'templ': 103, 'temph': 106, 'tof': 10, 'h': 0, 'bat': 47, 'baro': 92.68, 'time': 46, 'agx': -13.0, 'agy': -10.0, 'agz': -999.0}
2022-11-20 21:45:01,569 | INFO | PERIODIC STATE VALUES: {'mid': -1, 'x': -100, 'y': -100, 'z': -100, 'mpry': '0,0,0', 'pitch': 0, 'roll': 0, 'yaw': -171, 'vgx': 0, 'vgy': 0, 'vgz': 0, 'templ': 103, 'temph': 106, 'tof': 10, 'h': 0, 'bat': 47, 'baro': 92.68, 'time': 46, 'agx': -13.0, 'agy': -10.0, 'agz': -999.0}
2022-11-20 21:45:02,074 | INFO | PERIODIC STATE VALUES: {'mid': -1, 'x': -100, 'y': -100, 'z': -100, 'mpry': '0,0,0', 'pitch': 0, 'roll': 0, 'yaw': -171, 'vgx': 0, 'vgy': 0, 'vgz': 0, 'templ': 103, 'temph': 106, 'tof': 10, 'h': 0, 'bat': 47, 'baro': 92.68, 'time': 46, 'agx': -13.0, 'agy': -10.0, 'agz': -999.0}
2022-11-20 21:45:02,578 | INFO | PERIODIC STATE VALUES: {'mid': -1, 'x': -100, 'y': -100, 'z': -100, 'mpry': '0,0,0', 'pitch': 0, 'roll': 0, 'yaw': -171, 'vgx': 0, 'vgy': 0, 'vgz': 0, 'templ': 103, 'temph': 106, 'tof': 10, 'h': 0, 'bat': 47, 'baro': 92.68, 'time': 46, 'agx': -13.0, 'agy': -10.0, 'agz': -999.0}
2022-11-20 21:45:03,082 | INFO | PERIODIC STATE VALUES: {'mid': -1, 'x': -100, 'y': -100, 'z': -100, 'mpry': '0,0,0', 'pitch': 0, 'roll': 0, 'yaw': -171, 'vgx': 0, 'vgy': 0, 'vgz': 0, 'templ': 103, 'temph': 106, 'tof': 10, 'h': 0, 'bat': 47, 'baro': 92.68, 'time': 46, 'agx': -13.0, 'agy': -10.0, 'agz': -999.0}
2022-11-20 21:45:03,584 | INFO | PERIODIC STATE VALUES: {'mid': -1, 'x': -100, 'y': -100, 'z': -100, 'mpry': '0,0,0', 'pitch': 0, 'roll': 0, 'yaw': -171, 'vgx': 0, 'vgy': 0, 'vgz': 0, 'templ': 103, 'temph': 106, 'tof': 10, 'h': 0, 'bat': 47, 'baro': 92.68, 'time': 46, 'agx': -13.0, 'agy': -10.0, 'agz': -999.0}
2022-11-20 21:45:04,098 | INFO | PERIODIC STATE VALUES: {'mid': -1, 'x': -100, 'y': -100, 'z': -100, 'mpry': '0,0,0', 'pitch': 0, 'roll': 0, 'yaw': -171, 'vgx': 0, 'vgy': 0, 'vgz': 0, 'templ': 103, 'temph': 106, 'tof': 10, 'h': 0, 'bat': 47, 'baro': 92.68, 'time': 46, 'agx': -13.0, 'agy': -10.0, 'agz': -999.0}
2022-11-20 21:45:04,602 | INFO | PERIODIC STATE VALUES: {'mid': -1, 'x': -100, 'y': -100, 'z': -100, 'mpry': '0,0,0', 'pitch': 0, 'roll': 0, 'yaw': -171, 'vgx': 0, 'vgy': 0, 'vgz': 0, 'templ': 103, 'temph': 106, 'tof': 10, 'h': 0, 'bat': 47, 'baro': 92.68, 'time': 46, 'agx': -13.0, 'agy': -10.0, 'agz': -999.0}
2022-11-20 21:45:05,106 | INFO | PERIODIC STATE VALUES: {'mid': -1, 'x': -100, 'y': -100, 'z': -100, 'mpry': '0,0,0', 'pitch': 0, 'roll': 0, 'yaw': -171, 'vgx': 0, 'vgy': 0, 'vgz': 0, 'templ': 103, 'temph': 106, 'tof': 10, 'h': 0, 'bat': 47, 'baro': 92.68, 'time': 46, 'agx': -13.0, 'agy': -10.0, 'agz': -999.0}
2022-11-20 21:45:05,610 | INFO | PERIODIC STATE VALUES: {'mid': -1, 'x': -100, 'y': -100, 'z': -100, 'mpry': '0,0,0', 'pitch': 0, 'roll': 0, 'yaw': -171, 'vgx': 0, 'vgy': 0, 'vgz': 0, 'templ': 103, 'temph': 106, 'tof': 10, 'h': 0, 'bat': 47, 'baro': 92.68, 'time': 46, 'agx': -13.0, 'agy': -10.0, 'agz': -999.0}
2022-11-20 21:45:06,113 | INFO | PERIODIC STATE VALUES: {'mid': -1, 'x': -100, 'y': -100, 'z': -100, 'mpry': '0,0,0', 'pitch': 0, 'roll': 0, 'yaw': -171, 'vgx': 0, 'vgy': 0, 'vgz': 0, 'templ': 103, 'temph': 106, 'tof': 10, 'h': 0, 'bat': 47, 'baro': 92.68, 'time': 46, 'agx': -13.0, 'agy': -10.0, 'agz': -999.0}
2022-11-20 21:45:06,616 | INFO | PERIODIC STATE VALUES: {'mid': -1, 'x': -100, 'y': -100, 'z': -100, 'mpry': '0,0,0', 'pitch': 0, 'roll': 0, 'yaw': -171, 'vgx': 0, 'vgy': 0, 'vgz': 0, 'templ': 103, 'temph': 106, 'tof': 10, 'h': 0, 'bat': 47, 'baro': 92.68, 'time': 46, 'agx': -13.0, 'agy': -10.0, 'agz': -999.0}
2022-11-20 21:45:07,122 | INFO | PERIODIC STATE VALUES: {'mid': -1, 'x': -100, 'y': -100, 'z': -100, 'mpry': '0,0,0', 'pitch': 0, 'roll': 0, 'yaw': -171, 'vgx': 0, 'vgy': 0, 'vgz': 0, 'templ': 103, 'temph': 106, 'tof': 10, 'h': 0, 'bat': 47, 'baro': 92.68, 'time': 46, 'agx': -13.0, 'agy': -10.0, 'agz': -999.0}
2022-11-20 21:45:07,630 | INFO | PERIODIC STATE VALUES: {'mid': -1, 'x': -100, 'y': -100, 'z': -100, 'mpry': '0,0,0', 'pitch': 0, 'roll': 0, 'yaw': -171, 'vgx': 0, 'vgy': 0, 'vgz': 0, 'templ': 103, 'temph': 106, 'tof': 10, 'h': 0, 'bat': 47, 'baro': 92.68, 'time': 46, 'agx': -13.0, 'agy': -10.0, 'agz': -999.0}
2022-11-20 21:45:08,137 | INFO | PERIODIC STATE VALUES: {'mid': -1, 'x': -100, 'y': -100, 'z': -100, 'mpry': '0,0,0', 'pitch': 0, 'roll': 0, 'yaw': -171, 'vgx': 0, 'vgy': 0, 'vgz': 0, 'templ': 103, 'temph': 106, 'tof': 10, 'h': 0, 'bat': 47, 'baro': 92.68, 'time': 46, 'agx': -13.0, 'agy': -10.0, 'agz': -999.0}
2022-11-20 21:45:08,640 | INFO | PERIODIC STATE VALUES: {'mid': -1, 'x': -100, 'y': -100, 'z': -100, 'mpry': '0,0,0', 'pitch': 0, 'roll': 0, 'yaw': -171, 'vgx': 0, 'vgy': 0, 'vgz': 0, 'templ': 103, 'temph': 106, 'tof': 10, 'h': 0, 'bat': 47, 'baro': 92.68, 'time': 46, 'agx': -13.0, 'agy': -10.0, 'agz': -999.0}
2022-11-20 21:45:09,144 | INFO | PERIODIC STATE VALUES: {'mid': -1, 'x': -100, 'y': -100, 'z': -100, 'mpry': '0,0,0', 'pitch': 0, 'roll': 0, 'yaw': -171, 'vgx': 0, 'vgy': 0, 'vgz': 0, 'templ': 103, 'temph': 106, 'tof': 10, 'h': 0, 'bat': 47, 'baro': 92.68, 'time': 46, 'agx': -13.0, 'agy': -10.0, 'agz': -999.0}
2022-11-20 21:45:09,648 | INFO | PERIODIC STATE VALUES: {'mid': -1, 'x': -100, 'y': -100, 'z': -100, 'mpry': '0,0,0', 'pitch': 0, 'roll': 0, 'yaw': -171, 'vgx': 0, 'vgy': 0, 'vgz': 0, 'templ': 103, 'temph': 106, 'tof': 10, 'h': 0, 'bat': 47, 'baro': 92.68, 'time': 46, 'agx': -13.0, 'agy': -10.0, 'agz': -999.0}
2022-11-20 21:45:10,162 | INFO | PERIODIC STATE VALUES: {'mid': -1, 'x': -100, 'y': -100, 'z': -100, 'mpry': '0,0,0', 'pitch': 0, 'roll': 0, 'yaw': -171, 'vgx': 0, 'vgy': 0, 'vgz': 0, 'templ': 103, 'temph': 106, 'tof': 10, 'h': 0, 'bat': 47, 'baro': 92.68, 'time': 46, 'agx': -13.0, 'agy': -10.0, 'agz': -999.0}
2022-11-20 21:45:10,666 | INFO | PERIODIC STATE VALUES: {'mid': -1, 'x': -100, 'y': -100, 'z': -100, 'mpry': '0,0,0', 'pitch': 0, 'roll': 0, 'yaw': -171, 'vgx': 0, 'vgy': 0, 'vgz': 0, 'templ': 103, 'temph': 106, 'tof': 10, 'h': 0, 'bat': 47, 'baro': 92.68, 'time': 46, 'agx': -13.0, 'agy': -10.0, 'agz': -999.0}
2022-11-20 21:45:11,168 | INFO | PERIODIC STATE VALUES: {'mid': -1, 'x': -100, 'y': -100, 'z': -100, 'mpry': '0,0,0', 'pitch': 0, 'roll': 0, 'yaw': -171, 'vgx': 0, 'vgy': 0, 'vgz': 0, 'templ': 103, 'temph': 106, 'tof': 10, 'h': 0, 'bat': 47, 'baro': 92.68, 'time': 46, 'agx': -13.0, 'agy': -10.0, 'agz': -999.0}
2022-11-20 21:45:11,672 | INFO | PERIODIC STATE VALUES: {'mid': -1, 'x': -100, 'y': -100, 'z': -100, 'mpry': '0,0,0', 'pitch': 0, 'roll': 0, 'yaw': -171, 'vgx': 0, 'vgy': 0, 'vgz': 0, 'templ': 103, 'temph': 106, 'tof': 10, 'h': 0, 'bat': 47, 'baro': 92.68, 'time': 46, 'agx': -13.0, 'agy': -10.0, 'agz': -999.0}
2022-11-20 21:45:12,188 | INFO | PERIODIC STATE VALUES: {'mid': -1, 'x': -100, 'y': -100, 'z': -100, 'mpry': '0,0,0', 'pitch': 0, 'roll': 0, 'yaw': -171, 'vgx': 0, 'vgy': 0, 'vgz': 0, 'templ': 103, 'temph': 106, 'tof': 10, 'h': 0, 'bat': 47, 'baro': 92.68, 'time': 46, 'agx': -13.0, 'agy': -10.0, 'agz': -999.0}
2022-11-20 21:45:12,691 | INFO | PERIODIC STATE VALUES: {'mid': -1, 'x': -100, 'y': -100, 'z': -100, 'mpry': '0,0,0', 'pitch': 0, 'roll': 0, 'yaw': -171, 'vgx': 0, 'vgy': 0, 'vgz': 0, 'templ': 103, 'temph': 106, 'tof': 10, 'h': 0, 'bat': 47, 'baro': 92.68, 'time': 46, 'agx': -13.0, 'agy': -10.0, 'agz': -999.0}
2022-11-20 21:45:13,207 | INFO | PERIODIC STATE VALUES: {'mid': -1, 'x': -100, 'y': -100, 'z': -100, 'mpry': '0,0,0', 'pitch': 0, 'roll': 0, 'yaw': -171, 'vgx': 0, 'vgy': 0, 'vgz': 0, 'templ': 103, 'temph': 106, 'tof': 10, 'h': 0, 'bat': 47, 'baro': 92.68, 'time': 46, 'agx': -13.0, 'agy': -10.0, 'agz': -999.0}
2022-11-20 21:45:13,708 | INFO | PERIODIC STATE VALUES: {'mid': -1, 'x': -100, 'y': -100, 'z': -100, 'mpry': '0,0,0', 'pitch': 0, 'roll': 0, 'yaw': -171, 'vgx': 0, 'vgy': 0, 'vgz': 0, 'templ': 103, 'temph': 106, 'tof': 10, 'h': 0, 'bat': 47, 'baro': 92.68, 'time': 46, 'agx': -13.0, 'agy': -10.0, 'agz': -999.0}
2022-11-20 21:45:14,225 | INFO | PERIODIC STATE VALUES: {'mid': -1, 'x': -100, 'y': -100, 'z': -100, 'mpry': '0,0,0', 'pitch': 0, 'roll': 0, 'yaw': -171, 'vgx': 0, 'vgy': 0, 'vgz': 0, 'templ': 103, 'temph': 106, 'tof': 10, 'h': 0, 'bat': 47, 'baro': 92.68, 'time': 46, 'agx': -13.0, 'agy': -10.0, 'agz': -999.0}
2022-11-20 21:45:14,728 | INFO | PERIODIC STATE VALUES: {'mid': -1, 'x': -100, 'y': -100, 'z': -100, 'mpry': '0,0,0', 'pitch': 0, 'roll': 0, 'yaw': -171, 'vgx': 0, 'vgy': 0, 'vgz': 0, 'templ': 103, 'temph': 106, 'tof': 10, 'h': 0, 'bat': 47, 'baro': 92.68, 'time': 46, 'agx': -13.0, 'agy': -10.0, 'agz': -999.0}
2022-11-20 21:45:15,234 | INFO | PERIODIC STATE VALUES: {'mid': -1, 'x': -100, 'y': -100, 'z': -100, 'mpry': '0,0,0', 'pitch': 0, 'roll': 0, 'yaw': -171, 'vgx': 0, 'vgy': 0, 'vgz': 0, 'templ': 103, 'temph': 106, 'tof': 10, 'h': 0, 'bat': 47, 'baro': 92.68, 'time': 46, 'agx': -13.0, 'agy': -10.0, 'agz': -999.0}
2022-11-20 21:45:15,739 | INFO | PERIODIC STATE VALUES: {'mid': -1, 'x': -100, 'y': -100, 'z': -100, 'mpry': '0,0,0', 'pitch': 0, 'roll': 0, 'yaw': -171, 'vgx': 0, 'vgy': 0, 'vgz': 0, 'templ': 103, 'temph': 106, 'tof': 10, 'h': 0, 'bat': 47, 'baro': 92.68, 'time': 46, 'agx': -13.0, 'agy': -10.0, 'agz': -999.0}
2022-11-20 21:45:16,243 | INFO | PERIODIC STATE VALUES: {'mid': -1, 'x': -100, 'y': -100, 'z': -100, 'mpry': '0,0,0', 'pitch': 0, 'roll': 0, 'yaw': -171, 'vgx': 0, 'vgy': 0, 'vgz': 0, 'templ': 103, 'temph': 106, 'tof': 10, 'h': 0, 'bat': 47, 'baro': 92.68, 'time': 46, 'agx': -13.0, 'agy': -10.0, 'agz': -999.0}
2022-11-20 21:45:16,746 | INFO | PERIODIC STATE VALUES: {'mid': -1, 'x': -100, 'y': -100, 'z': -100, 'mpry': '0,0,0', 'pitch': 0, 'roll': 0, 'yaw': -171, 'vgx': 0, 'vgy': 0, 'vgz': 0, 'templ': 103, 'temph': 106, 'tof': 10, 'h': 0, 'bat': 47, 'baro': 92.68, 'time': 46, 'agx': -13.0, 'agy': -10.0, 'agz': -999.0}
2022-11-20 21:45:17,262 | INFO | PERIODIC STATE VALUES: {'mid': -1, 'x': -100, 'y': -100, 'z': -100, 'mpry': '0,0,0', 'pitch': 0, 'roll': 0, 'yaw': -171, 'vgx': 0, 'vgy': 0, 'vgz': 0, 'templ': 103, 'temph': 106, 'tof': 10, 'h': 0, 'bat': 47, 'baro': 92.68, 'time': 46, 'agx': -13.0, 'agy': -10.0, 'agz': -999.0}
2022-11-20 21:45:17,768 | INFO | PERIODIC STATE VALUES: {'mid': -1, 'x': -100, 'y': -100, 'z': -100, 'mpry': '0,0,0', 'pitch': 0, 'roll': 0, 'yaw': -171, 'vgx': 0, 'vgy': 0, 'vgz': 0, 'templ': 103, 'temph': 106, 'tof': 10, 'h': 0, 'bat': 47, 'baro': 92.68, 'time': 46, 'agx': -13.0, 'agy': -10.0, 'agz': -999.0}
2022-11-20 21:45:18,283 | INFO | PERIODIC STATE VALUES: {'mid': -1, 'x': -100, 'y': -100, 'z': -100, 'mpry': '0,0,0', 'pitch': 0, 'roll': 0, 'yaw': -171, 'vgx': 0, 'vgy': 0, 'vgz': 0, 'templ': 103, 'temph': 106, 'tof': 10, 'h': 0, 'bat': 47, 'baro': 92.68, 'time': 46, 'agx': -13.0, 'agy': -10.0, 'agz': -999.0}
2022-11-20 21:45:18,788 | INFO | PERIODIC STATE VALUES: {'mid': -1, 'x': -100, 'y': -100, 'z': -100, 'mpry': '0,0,0', 'pitch': 0, 'roll': 0, 'yaw': -171, 'vgx': 0, 'vgy': 0, 'vgz': 0, 'templ': 103, 'temph': 106, 'tof': 10, 'h': 0, 'bat': 47, 'baro': 92.68, 'time': 46, 'agx': -13.0, 'agy': -10.0, 'agz': -999.0}
2022-11-20 21:45:19,293 | INFO | PERIODIC STATE VALUES: {'mid': -1, 'x': -100, 'y': -100, 'z': -100, 'mpry': '0,0,0', 'pitch': 0, 'roll': 0, 'yaw': -171, 'vgx': 0, 'vgy': 0, 'vgz': 0, 'templ': 103, 'temph': 106, 'tof': 10, 'h': 0, 'bat': 47, 'baro': 92.68, 'time': 46, 'agx': -13.0, 'agy': -10.0, 'agz': -999.0}
2022-11-20 21:45:19,451 | WARNING | Aborting command 'takeoff'. Did not receive a response after 20 seconds
2022-11-20 21:45:19,452 | INFO | Send command: 'takeoff'
2022-11-20 21:45:19,828 | INFO | PERIODIC STATE VALUES: {'mid': -1, 'x': -100, 'y': -100, 'z': -100, 'mpry': '0,0,0', 'pitch': 0, 'roll': 0, 'yaw': -171, 'vgx': 0, 'vgy': 0, 'vgz': 0, 'templ': 103, 'temph': 106, 'tof': 10, 'h': 0, 'bat': 47, 'baro': 92.68, 'time': 46, 'agx': -13.0, 'agy': -10.0, 'agz': -999.0}
2022-11-20 21:45:20,336 | INFO | PERIODIC STATE VALUES: {'mid': -1, 'x': -100, 'y': -100, 'z': -100, 'mpry': '0,0,0', 'pitch': 0, 'roll': 0, 'yaw': -171, 'vgx': 0, 'vgy': 0, 'vgz': 0, 'templ': 103, 'temph': 106, 'tof': 10, 'h': 0, 'bat': 47, 'baro': 92.68, 'time': 46, 'agx': -13.0, 'agy': -10.0, 'agz': -999.0}
2022-11-20 21:45:20,839 | INFO | PERIODIC STATE VALUES: {'mid': -1, 'x': -100, 'y': -100, 'z': -100, 'mpry': '0,0,0', 'pitch': 0, 'roll': 0, 'yaw': -171, 'vgx': 0, 'vgy': 0, 'vgz': 0, 'templ': 103, 'temph': 106, 'tof': 10, 'h': 0, 'bat': 47, 'baro': 92.68, 'time': 46, 'agx': -13.0, 'agy': -10.0, 'agz': -999.0}
2022-11-20 21:45:21,346 | INFO | PERIODIC STATE VALUES: {'mid': -1, 'x': -100, 'y': -100, 'z': -100, 'mpry': '0,0,0', 'pitch': 0, 'roll': 0, 'yaw': -171, 'vgx': 0, 'vgy': 0, 'vgz': 0, 'templ': 103, 'temph': 106, 'tof': 10, 'h': 0, 'bat': 47, 'baro': 92.68, 'time': 46, 'agx': -13.0, 'agy': -10.0, 'agz': -999.0}
2022-11-20 21:45:21,859 | INFO | PERIODIC STATE VALUES: {'mid': -1, 'x': -100, 'y': -100, 'z': -100, 'mpry': '0,0,0', 'pitch': 0, 'roll': 0, 'yaw': -171, 'vgx': 0, 'vgy': 0, 'vgz': 0, 'templ': 103, 'temph': 106, 'tof': 10, 'h': 0, 'bat': 47, 'baro': 92.68, 'time': 46, 'agx': -13.0, 'agy': -10.0, 'agz': -999.0}
2022-11-20 21:45:22,373 | INFO | PERIODIC STATE VALUES: {'mid': -1, 'x': -100, 'y': -100, 'z': -100, 'mpry': '0,0,0', 'pitch': 0, 'roll': 0, 'yaw': -171, 'vgx': 0, 'vgy': 0, 'vgz': 0, 'templ': 103, 'temph': 106, 'tof': 10, 'h': 0, 'bat': 47, 'baro': 92.68, 'time': 46, 'agx': -13.0, 'agy': -10.0, 'agz': -999.0}
2022-11-20 21:45:22,889 | INFO | PERIODIC STATE VALUES: {'mid': -1, 'x': -100, 'y': -100, 'z': -100, 'mpry': '0,0,0', 'pitch': 0, 'roll': 0, 'yaw': -171, 'vgx': 0, 'vgy': 0, 'vgz': 0, 'templ': 103, 'temph': 106, 'tof': 10, 'h': 0, 'bat': 47, 'baro': 92.68, 'time': 46, 'agx': -13.0, 'agy': -10.0, 'agz': -999.0}
2022-11-20 21:45:23,404 | INFO | PERIODIC STATE VALUES: {'mid': -1, 'x': -100, 'y': -100, 'z': -100, 'mpry': '0,0,0', 'pitch': 0, 'roll': 0, 'yaw': -171, 'vgx': 0, 'vgy': 0, 'vgz': 0, 'templ': 103, 'temph': 106, 'tof': 10, 'h': 0, 'bat': 47, 'baro': 92.68, 'time': 46, 'agx': -13.0, 'agy': -10.0, 'agz': -999.0}
2022-11-20 21:45:23,908 | INFO | PERIODIC STATE VALUES: {'mid': -1, 'x': -100, 'y': -100, 'z': -100, 'mpry': '0,0,0', 'pitch': 0, 'roll': 0, 'yaw': -171, 'vgx': 0, 'vgy': 0, 'vgz': 0, 'templ': 103, 'temph': 106, 'tof': 10, 'h': 0, 'bat': 47, 'baro': 92.68, 'time': 46, 'agx': -13.0, 'agy': -10.0, 'agz': -999.0}
2022-11-20 21:45:24,411 | INFO | PERIODIC STATE VALUES: {'mid': -1, 'x': -100, 'y': -100, 'z': -100, 'mpry': '0,0,0', 'pitch': 0, 'roll': 0, 'yaw': -171, 'vgx': 0, 'vgy': 0, 'vgz': 0, 'templ': 103, 'temph': 106, 'tof': 10, 'h': 0, 'bat': 47, 'baro': 92.68, 'time': 46, 'agx': -13.0, 'agy': -10.0, 'agz': -999.0}
2022-11-20 21:45:24,919 | INFO | PERIODIC STATE VALUES: {'mid': -1, 'x': -100, 'y': -100, 'z': -100, 'mpry': '0,0,0', 'pitch': 0, 'roll': 0, 'yaw': -171, 'vgx': 0, 'vgy': 0, 'vgz': 0, 'templ': 103, 'temph': 106, 'tof': 10, 'h': 0, 'bat': 47, 'baro': 92.68, 'time': 46, 'agx': -13.0, 'agy': -10.0, 'agz': -999.0}
2022-11-20 21:45:25,425 | INFO | PERIODIC STATE VALUES: {'mid': -1, 'x': -100, 'y': -100, 'z': -100, 'mpry': '0,0,0', 'pitch': 0, 'roll': 0, 'yaw': -171, 'vgx': 0, 'vgy': 0, 'vgz': 0, 'templ': 103, 'temph': 106, 'tof': 10, 'h': 0, 'bat': 47, 'baro': 92.68, 'time': 46, 'agx': -13.0, 'agy': -10.0, 'agz': -999.0}
2022-11-20 21:45:25,941 | INFO | PERIODIC STATE VALUES: {'mid': -1, 'x': -100, 'y': -100, 'z': -100, 'mpry': '0,0,0', 'pitch': 0, 'roll': 0, 'yaw': -171, 'vgx': 0, 'vgy': 0, 'vgz': 0, 'templ': 103, 'temph': 106, 'tof': 10, 'h': 0, 'bat': 47, 'baro': 92.68, 'time': 46, 'agx': -13.0, 'agy': -10.0, 'agz': -999.0}
2022-11-20 21:45:26,446 | INFO | PERIODIC STATE VALUES: {'mid': -1, 'x': -100, 'y': -100, 'z': -100, 'mpry': '0,0,0', 'pitch': 0, 'roll': 0, 'yaw': -171, 'vgx': 0, 'vgy': 0, 'vgz': 0, 'templ': 103, 'temph': 106, 'tof': 10, 'h': 0, 'bat': 47, 'baro': 92.68, 'time': 46, 'agx': -13.0, 'agy': -10.0, 'agz': -999.0}
2022-11-20 21:45:26,950 | INFO | PERIODIC STATE VALUES: {'mid': -1, 'x': -100, 'y': -100, 'z': -100, 'mpry': '0,0,0', 'pitch': 0, 'roll': 0, 'yaw': -171, 'vgx': 0, 'vgy': 0, 'vgz': 0, 'templ': 103, 'temph': 106, 'tof': 10, 'h': 0, 'bat': 47, 'baro': 92.68, 'time': 46, 'agx': -13.0, 'agy': -10.0, 'agz': -999.0}
2022-11-20 21:45:27,467 | INFO | PERIODIC STATE VALUES: {'mid': -1, 'x': -100, 'y': -100, 'z': -100, 'mpry': '0,0,0', 'pitch': 0, 'roll': 0, 'yaw': -171, 'vgx': 0, 'vgy': 0, 'vgz': 0, 'templ': 103, 'temph': 106, 'tof': 10, 'h': 0, 'bat': 47, 'baro': 92.68, 'time': 46, 'agx': -13.0, 'agy': -10.0, 'agz': -999.0}
2022-11-20 21:45:27,972 | INFO | PERIODIC STATE VALUES: {'mid': -1, 'x': -100, 'y': -100, 'z': -100, 'mpry': '0,0,0', 'pitch': 0, 'roll': 0, 'yaw': -171, 'vgx': 0, 'vgy': 0, 'vgz': 0, 'templ': 103, 'temph': 106, 'tof': 10, 'h': 0, 'bat': 47, 'baro': 92.68, 'time': 46, 'agx': -13.0, 'agy': -10.0, 'agz': -999.0}
2022-11-20 21:45:28,475 | INFO | PERIODIC STATE VALUES: {'mid': -1, 'x': -100, 'y': -100, 'z': -100, 'mpry': '0,0,0', 'pitch': 0, 'roll': 0, 'yaw': -171, 'vgx': 0, 'vgy': 0, 'vgz': 0, 'templ': 103, 'temph': 106, 'tof': 10, 'h': 0, 'bat': 47, 'baro': 92.68, 'time': 46, 'agx': -13.0, 'agy': -10.0, 'agz': -999.0}
2022-11-20 21:45:28,979 | INFO | PERIODIC STATE VALUES: {'mid': -1, 'x': -100, 'y': -100, 'z': -100, 'mpry': '0,0,0', 'pitch': 0, 'roll': 0, 'yaw': -171, 'vgx': 0, 'vgy': 0, 'vgz': 0, 'templ': 103, 'temph': 106, 'tof': 10, 'h': 0, 'bat': 47, 'baro': 92.68, 'time': 46, 'agx': -13.0, 'agy': -10.0, 'agz': -999.0}
2022-11-20 21:45:29,483 | INFO | PERIODIC STATE VALUES: {'mid': -1, 'x': -100, 'y': -100, 'z': -100, 'mpry': '0,0,0', 'pitch': 0, 'roll': 0, 'yaw': -171, 'vgx': 0, 'vgy': 0, 'vgz': 0, 'templ': 103, 'temph': 106, 'tof': 10, 'h': 0, 'bat': 47, 'baro': 92.68, 'time': 46, 'agx': -13.0, 'agy': -10.0, 'agz': -999.0}
2022-11-20 21:45:29,988 | INFO | PERIODIC STATE VALUES: {'mid': -1, 'x': -100, 'y': -100, 'z': -100, 'mpry': '0,0,0', 'pitch': 0, 'roll': 0, 'yaw': -171, 'vgx': 0, 'vgy': 0, 'vgz': 0, 'templ': 103, 'temph': 106, 'tof': 10, 'h': 0, 'bat': 47, 'baro': 92.68, 'time': 46, 'agx': -13.0, 'agy': -10.0, 'agz': -999.0}
2022-11-20 21:45:30,494 | INFO | PERIODIC STATE VALUES: {'mid': -1, 'x': -100, 'y': -100, 'z': -100, 'mpry': '0,0,0', 'pitch': 0, 'roll': 0, 'yaw': -171, 'vgx': 0, 'vgy': 0, 'vgz': 0, 'templ': 103, 'temph': 106, 'tof': 10, 'h': 0, 'bat': 47, 'baro': 92.68, 'time': 46, 'agx': -13.0, 'agy': -10.0, 'agz': -999.0}
2022-11-20 21:45:31,002 | INFO | PERIODIC STATE VALUES: {'mid': -1, 'x': -100, 'y': -100, 'z': -100, 'mpry': '0,0,0', 'pitch': 0, 'roll': 0, 'yaw': -171, 'vgx': 0, 'vgy': 0, 'vgz': 0, 'templ': 103, 'temph': 106, 'tof': 10, 'h': 0, 'bat': 47, 'baro': 92.68, 'time': 46, 'agx': -13.0, 'agy': -10.0, 'agz': -999.0}
2022-11-20 21:45:31,506 | INFO | PERIODIC STATE VALUES: {'mid': -1, 'x': -100, 'y': -100, 'z': -100, 'mpry': '0,0,0', 'pitch': 0, 'roll': 0, 'yaw': -171, 'vgx': 0, 'vgy': 0, 'vgz': 0, 'templ': 103, 'temph': 106, 'tof': 10, 'h': 0, 'bat': 47, 'baro': 92.68, 'time': 46, 'agx': -13.0, 'agy': -10.0, 'agz': -999.0}
2022-11-20 21:45:32,007 | INFO | PERIODIC STATE VALUES: {'mid': -1, 'x': -100, 'y': -100, 'z': -100, 'mpry': '0,0,0', 'pitch': 0, 'roll': 0, 'yaw': -171, 'vgx': 0, 'vgy': 0, 'vgz': 0, 'templ': 103, 'temph': 106, 'tof': 10, 'h': 0, 'bat': 47, 'baro': 92.68, 'time': 46, 'agx': -13.0, 'agy': -10.0, 'agz': -999.0}
2022-11-20 21:45:32,510 | INFO | PERIODIC STATE VALUES: {'mid': -1, 'x': -100, 'y': -100, 'z': -100, 'mpry': '0,0,0', 'pitch': 0, 'roll': 0, 'yaw': -171, 'vgx': 0, 'vgy': 0, 'vgz': 0, 'templ': 103, 'temph': 106, 'tof': 10, 'h': 0, 'bat': 47, 'baro': 92.68, 'time': 46, 'agx': -13.0, 'agy': -10.0, 'agz': -999.0}
2022-11-20 21:45:33,013 | INFO | PERIODIC STATE VALUES: {'mid': -1, 'x': -100, 'y': -100, 'z': -100, 'mpry': '0,0,0', 'pitch': 0, 'roll': 0, 'yaw': -171, 'vgx': 0, 'vgy': 0, 'vgz': 0, 'templ': 103, 'temph': 106, 'tof': 10, 'h': 0, 'bat': 47, 'baro': 92.68, 'time': 46, 'agx': -13.0, 'agy': -10.0, 'agz': -999.0}
2022-11-20 21:45:33,524 | INFO | PERIODIC STATE VALUES: {'mid': -1, 'x': -100, 'y': -100, 'z': -100, 'mpry': '0,0,0', 'pitch': 0, 'roll': 0, 'yaw': -171, 'vgx': 0, 'vgy': 0, 'vgz': 0, 'templ': 103, 'temph': 106, 'tof': 10, 'h': 0, 'bat': 47, 'baro': 92.68, 'time': 46, 'agx': -13.0, 'agy': -10.0, 'agz': -999.0}
2022-11-20 21:45:34,027 | INFO | PERIODIC STATE VALUES: {'mid': -1, 'x': -100, 'y': -100, 'z': -100, 'mpry': '0,0,0', 'pitch': 0, 'roll': 0, 'yaw': -171, 'vgx': 0, 'vgy': 0, 'vgz': 0, 'templ': 103, 'temph': 106, 'tof': 10, 'h': 0, 'bat': 47, 'baro': 92.68, 'time': 46, 'agx': -13.0, 'agy': -10.0, 'agz': -999.0}
2022-11-20 21:45:34,532 | INFO | PERIODIC STATE VALUES: {'mid': -1, 'x': -100, 'y': -100, 'z': -100, 'mpry': '0,0,0', 'pitch': 0, 'roll': 0, 'yaw': -171, 'vgx': 0, 'vgy': 0, 'vgz': 0, 'templ': 103, 'temph': 106, 'tof': 10, 'h': 0, 'bat': 47, 'baro': 92.68, 'time': 46, 'agx': -13.0, 'agy': -10.0, 'agz': -999.0}
2022-11-20 21:45:35,041 | INFO | PERIODIC STATE VALUES: {'mid': -1, 'x': -100, 'y': -100, 'z': -100, 'mpry': '0,0,0', 'pitch': 0, 'roll': 0, 'yaw': -171, 'vgx': 0, 'vgy': 0, 'vgz': 0, 'templ': 103, 'temph': 106, 'tof': 10, 'h': 0, 'bat': 47, 'baro': 92.68, 'time': 46, 'agx': -13.0, 'agy': -10.0, 'agz': -999.0}
2022-11-20 21:45:35,547 | INFO | PERIODIC STATE VALUES: {'mid': -1, 'x': -100, 'y': -100, 'z': -100, 'mpry': '0,0,0', 'pitch': 0, 'roll': 0, 'yaw': -171, 'vgx': 0, 'vgy': 0, 'vgz': 0, 'templ': 103, 'temph': 106, 'tof': 10, 'h': 0, 'bat': 47, 'baro': 92.68, 'time': 46, 'agx': -13.0, 'agy': -10.0, 'agz': -999.0}
2022-11-20 21:45:36,054 | INFO | PERIODIC STATE VALUES: {'mid': -1, 'x': -100, 'y': -100, 'z': -100, 'mpry': '0,0,0', 'pitch': 0, 'roll': 0, 'yaw': -171, 'vgx': 0, 'vgy': 0, 'vgz': 0, 'templ': 103, 'temph': 106, 'tof': 10, 'h': 0, 'bat': 47, 'baro': 92.68, 'time': 46, 'agx': -13.0, 'agy': -10.0, 'agz': -999.0}
2022-11-20 21:45:36,564 | INFO | PERIODIC STATE VALUES: {'mid': -1, 'x': -100, 'y': -100, 'z': -100, 'mpry': '0,0,0', 'pitch': 0, 'roll': 0, 'yaw': -171, 'vgx': 0, 'vgy': 0, 'vgz': 0, 'templ': 103, 'temph': 106, 'tof': 10, 'h': 0, 'bat': 47, 'baro': 92.68, 'time': 46, 'agx': -13.0, 'agy': -10.0, 'agz': -999.0}
2022-11-20 21:45:37,066 | INFO | PERIODIC STATE VALUES: {'mid': -1, 'x': -100, 'y': -100, 'z': -100, 'mpry': '0,0,0', 'pitch': 0, 'roll': 0, 'yaw': -171, 'vgx': 0, 'vgy': 0, 'vgz': 0, 'templ': 103, 'temph': 106, 'tof': 10, 'h': 0, 'bat': 47, 'baro': 92.68, 'time': 46, 'agx': -13.0, 'agy': -10.0, 'agz': -999.0}
2022-11-20 21:45:37,571 | INFO | PERIODIC STATE VALUES: {'mid': -1, 'x': -100, 'y': -100, 'z': -100, 'mpry': '0,0,0', 'pitch': 0, 'roll': 0, 'yaw': -171, 'vgx': 0, 'vgy': 0, 'vgz': 0, 'templ': 103, 'temph': 106, 'tof': 10, 'h': 0, 'bat': 47, 'baro': 92.68, 'time': 46, 'agx': -13.0, 'agy': -10.0, 'agz': -999.0}
2022-11-20 21:45:38,074 | INFO | PERIODIC STATE VALUES: {'mid': -1, 'x': -100, 'y': -100, 'z': -100, 'mpry': '0,0,0', 'pitch': 0, 'roll': 0, 'yaw': -171, 'vgx': 0, 'vgy': 0, 'vgz': 0, 'templ': 103, 'temph': 106, 'tof': 10, 'h': 0, 'bat': 47, 'baro': 92.68, 'time': 46, 'agx': -13.0, 'agy': -10.0, 'agz': -999.0}
2022-11-20 21:45:38,577 | INFO | PERIODIC STATE VALUES: {'mid': -1, 'x': -100, 'y': -100, 'z': -100, 'mpry': '0,0,0', 'pitch': 0, 'roll': 0, 'yaw': -171, 'vgx': 0, 'vgy': 0, 'vgz': 0, 'templ': 103, 'temph': 106, 'tof': 10, 'h': 0, 'bat': 47, 'baro': 92.68, 'time': 46, 'agx': -13.0, 'agy': -10.0, 'agz': -999.0}
2022-11-20 21:45:39,094 | INFO | PERIODIC STATE VALUES: {'mid': -1, 'x': -100, 'y': -100, 'z': -100, 'mpry': '0,0,0', 'pitch': 0, 'roll': 0, 'yaw': -171, 'vgx': 0, 'vgy': 0, 'vgz': 0, 'templ': 103, 'temph': 106, 'tof': 10, 'h': 0, 'bat': 47, 'baro': 92.68, 'time': 46, 'agx': -13.0, 'agy': -10.0, 'agz': -999.0}
2022-11-20 21:45:39,515 | WARNING | Aborting command 'takeoff'. Did not receive a response after 20 seconds
