2022-11-29 12:03:19,153 | INFO | Tello instance was initialized. Host: '192.168.10.1'. Port: '8889'.
2022-11-29 12:03:19,153 | INFO | Trying to connect to the drone now!
2022-11-29 12:03:19,158 | INFO | Send command: 'command'
2022-11-29 12:03:19,266 | INFO | Response command: 'ok'
2022-11-29 12:03:19,269 | INFO | Connected to the drone successfully.
2022-11-29 12:03:19,282 | INFO | Send command: 'streamon'
2022-11-29 12:03:19,283 | INFO | Send command: 'mon'
2022-11-29 12:03:19,391 | INFO | Response mon: 'ok'
2022-11-29 12:03:19,391 | INFO | Response streamon: 'ok'
2022-11-29 12:03:19,407 | INFO | Send command: 'mdirection 0'
2022-11-29 12:03:19,407 | INFO | Send command: 'downvision 0'
2022-11-29 12:03:19,518 | INFO | Response downvision 0: 'ok'
2022-11-29 12:03:19,519 | INFO | Response mdirection 0: 'ok'
2022-11-29 12:03:19,534 | INFO | Send command: 'setfps high'
2022-11-29 12:03:19,534 | INFO | Send command: 'motoron'
2022-11-29 12:03:19,644 | INFO | Response setfps high: 'ok'
2022-11-29 12:03:19,645 | INFO | Response motoron: 'ok'
2022-11-29 12:03:19,646 | INFO | data goes here
2022-11-29 12:03:19,660 | INFO | Send command: 'setbitrate 1'
2022-11-29 12:03:19,660 | INFO | Send command: 'attitude?'
2022-11-29 12:03:19,772 | INFO | Response attitude?: 'ok'
2022-11-29 12:03:19,773 | INFO | ATTITUDE: {}
2022-11-29 12:03:19,773 | INFO | Response setbitrate 1: 'pitch:0;roll:1;yaw:-2;'
2022-11-29 12:03:19,774 | INFO | PERIODIC STATE VALUES: {'mid': -1, 'x': -100, 'y': -100, 'z': -100, 'mpry': '0,0,0', 'pitch': 0, 'roll': 1, 'yaw': -2, 'vgx': 0, 'vgy': 0, 'vgz': 0, 'templ': 80, 'temph': 83, 'tof': 10, 'h': 0, 'bat': 92, 'baro': 99.77, 'time': 21, 'agx': -12.0, 'agy': -16.0, 'agz': -1000.0}
2022-11-29 12:03:19,787 | INFO | Send command: 'setbitrate 1'
2022-11-29 12:03:19,788 | INFO | Send command: 'baro?'
2022-11-29 12:03:19,897 | INFO | Response setbitrate 1: 'ok'
2022-11-29 12:03:19,897 | INFO | Response baro?: '99.728699'
2022-11-29 12:03:19,898 | INFO | BAROMETER: 9972.869900000002
2022-11-29 12:03:19,912 | INFO | Send command: 'setresolution high'
2022-11-29 12:03:19,912 | INFO | Send command: 'battery?'
2022-11-29 12:03:20,022 | INFO | Response battery?: 'ok'
2022-11-29 12:03:20,023 | INFO | Response setresolution high: '92'
2022-11-29 12:03:20,037 | INFO | Send command: 'setresolution high'
2022-11-29 12:03:20,038 | INFO | Send command: 'takeoff'
2022-11-29 12:03:20,148 | INFO | Response takeoff: 'ok'
2022-11-29 12:03:20,286 | INFO | PERIODIC STATE VALUES: {'mid': -1, 'x': -100, 'y': -100, 'z': -100, 'mpry': '0,0,0', 'pitch': 0, 'roll': 1, 'yaw': -2, 'vgx': 0, 'vgy': 0, 'vgz': 0, 'templ': 80, 'temph': 83, 'tof': 10, 'h': 0, 'bat': 92, 'baro': 99.75, 'time': 21, 'agx': -11.0, 'agy': -13.0, 'agz': -1000.0}
2022-11-29 12:03:20,787 | INFO | PERIODIC STATE VALUES: {'mid': -1, 'x': -100, 'y': -100, 'z': -100, 'mpry': '0,0,0', 'pitch': 0, 'roll': 1, 'yaw': -4, 'vgx': 0, 'vgy': 0, 'vgz': 1, 'templ': 81, 'temph': 82, 'tof': 10, 'h': 0, 'bat': 92, 'baro': 99.75, 'time': 21, 'agx': 4.0, 'agy': -11.0, 'agz': -1246.0}
2022-11-29 12:03:21,292 | INFO | PERIODIC STATE VALUES: {'mid': -1, 'x': -100, 'y': -100, 'z': -100, 'mpry': '0,0,0', 'pitch': 0, 'roll': 0, 'yaw': -4, 'vgx': 0, 'vgy': 0, 'vgz': 7, 'templ': 81, 'temph': 82, 'tof': 36, 'h': 20, 'bat': 92, 'baro': 100.37, 'time': 22, 'agx': -16.0, 'agy': -21.0, 'agz': -977.0}
2022-11-29 12:03:21,796 | INFO | PERIODIC STATE VALUES: {'mid': -1, 'x': -100, 'y': -100, 'z': -100, 'mpry': '0,0,0', 'pitch': 0, 'roll': 0, 'yaw': -4, 'vgx': 0, 'vgy': 0, 'vgz': 3, 'templ': 81, 'temph': 83, 'tof': 68, 'h': 40, 'bat': 92, 'baro': 100.73, 'time': 22, 'agx': -15.0, 'agy': -12.0, 'agz': -917.0}
2022-11-29 12:03:22,302 | INFO | PERIODIC STATE VALUES: {'mid': 6, 'x': 5, 'y': 0, 'z': 48, 'mpry': '0,-33,179', 'pitch': 0, 'roll': 3, 'yaw': -4, 'vgx': 0, 'vgy': 0, 'vgz': 0, 'templ': 81, 'temph': 83, 'tof': 79, 'h': 50, 'bat': 92, 'baro': 100.82, 'time': 23, 'agx': 7.0, 'agy': -15.0, 'agz': -970.0}
2022-11-29 12:03:22,809 | INFO | PERIODIC STATE VALUES: {'mid': 6, 'x': 18, 'y': 6, 'z': 71, 'mpry': '2,-29,177', 'pitch': 0, 'roll': 1, 'yaw': -4, 'vgx': 0, 'vgy': 0, 'vgz': 0, 'templ': 81, 'temph': 82, 'tof': 84, 'h': 60, 'bat': 92, 'baro': 100.9, 'time': 23, 'agx': -2.0, 'agy': -21.0, 'agz': -982.0}
2022-11-29 12:03:23,311 | INFO | PERIODIC STATE VALUES: {'mid': 6, 'x': 18, 'y': 6, 'z': 71, 'mpry': '2,-29,177', 'pitch': 0, 'roll': 1, 'yaw': -4, 'vgx': 0, 'vgy': 0, 'vgz': 0, 'templ': 81, 'temph': 82, 'tof': 86, 'h': 60, 'bat': 92, 'baro': 100.95, 'time': 24, 'agx': 11.0, 'agy': -16.0, 'agz': -977.0}
2022-11-29 12:03:23,814 | INFO | PERIODIC STATE VALUES: {'mid': 6, 'x': 18, 'y': 6, 'z': 71, 'mpry': '2,-29,177', 'pitch': 0, 'roll': 0, 'yaw': -4, 'vgx': 0, 'vgy': 0, 'vgz': 0, 'templ': 80, 'temph': 83, 'tof': 84, 'h': 60, 'bat': 92, 'baro': 100.93, 'time': 24, 'agx': 8.0, 'agy': -36.0, 'agz': -1010.0}
2022-11-29 12:03:24,317 | INFO | PERIODIC STATE VALUES: {'mid': 6, 'x': 18, 'y': 6, 'z': 71, 'mpry': '2,-29,177', 'pitch': 0, 'roll': 0, 'yaw': -4, 'vgx': 0, 'vgy': 0, 'vgz': 0, 'templ': 80, 'temph': 83, 'tof': 82, 'h': 60, 'bat': 92, 'baro': 100.8, 'time': 25, 'agx': 7.0, 'agy': -5.0, 'agz': -987.0}
2022-11-29 12:03:24,820 | INFO | PERIODIC STATE VALUES: {'mid': 6, 'x': 18, 'y': 6, 'z': 71, 'mpry': '2,-29,177', 'pitch': 0, 'roll': 1, 'yaw': -4, 'vgx': 0, 'vgy': 0, 'vgz': 0, 'templ': 80, 'temph': 82, 'tof': 80, 'h': 60, 'bat': 92, 'baro': 100.88, 'time': 25, 'agx': 6.0, 'agy': -27.0, 'agz': -1007.0}
2022-11-29 12:03:25,166 | INFO | Send command: 'land'
2022-11-29 12:03:25,324 | INFO | PERIODIC STATE VALUES: {'mid': 6, 'x': 18, 'y': 6, 'z': 71, 'mpry': '2,-29,177', 'pitch': 0, 'roll': 1, 'yaw': -4, 'vgx': 0, 'vgy': 0, 'vgz': 0, 'templ': 80, 'temph': 82, 'tof': 79, 'h': 60, 'bat': 92, 'baro': 100.84, 'time': 26, 'agx': 1.0, 'agy': -15.0, 'agz': -1010.0}
2022-11-29 12:03:25,826 | INFO | PERIODIC STATE VALUES: {'mid': 6, 'x': 18, 'y': 6, 'z': 71, 'mpry': '2,-29,177', 'pitch': 0, 'roll': 1, 'yaw': -4, 'vgx': 0, 'vgy': 0, 'vgz': 0, 'templ': 79, 'temph': 82, 'tof': 79, 'h': 60, 'bat': 92, 'baro': 100.79, 'time': 26, 'agx': 10.0, 'agy': -16.0, 'agz': -941.0}
2022-11-29 12:03:26,328 | INFO | PERIODIC STATE VALUES: {'mid': 6, 'x': 18, 'y': 6, 'z': 71, 'mpry': '2,-29,177', 'pitch': 0, 'roll': 0, 'yaw': -4, 'vgx': 0, 'vgy': 0, 'vgz': -3, 'templ': 79, 'temph': 82, 'tof': 57, 'h': 50, 'bat': 92, 'baro': 100.7, 'time': 27, 'agx': 17.0, 'agy': -23.0, 'agz': -948.0}
2022-11-29 12:03:26,832 | INFO | PERIODIC STATE VALUES: {'mid': 4, 'x': 7, 'y': -11, 'z': 61, 'mpry': '-6,150,178', 'pitch': 0, 'roll': 0, 'yaw': -4, 'vgx': 0, 'vgy': 0, 'vgz': -4, 'templ': 80, 'temph': 82, 'tof': 33, 'h': 30, 'bat': 92, 'baro': 100.61, 'time': 27, 'agx': 14.0, 'agy': -28.0, 'agz': -1008.0}
2022-11-29 12:03:27,083 | WARNING | Aborting command 'setresolution high'. Did not receive a response after 7 seconds
2022-11-29 12:03:27,084 | INFO | Send command: 'setresolution high'
2022-11-29 12:03:27,147 | INFO | Response land: 'ok'
2022-11-29 12:03:27,162 | INFO | Send command: 'motoron'
2022-11-29 12:03:27,271 | INFO | Response motoron: 'error'
2022-11-29 12:03:27,287 | INFO | Send command: 'motoron'
2022-11-29 12:03:27,302 | INFO | Response setresolution high: 'error'
2022-11-29 12:03:27,334 | INFO | PERIODIC STATE VALUES: {'mid': 4, 'x': 2, 'y': 0, 'z': 44, 'mpry': '-3,177,-178', 'pitch': 0, 'roll': 1, 'yaw': -4, 'vgx': 0, 'vgy': 0, 'vgz': -4, 'templ': 80, 'temph': 82, 'tof': 13, 'h': 0, 'bat': 92, 'baro': 100.24, 'time': 28, 'agx': 1.0, 'agy': -32.0, 'agz': -1005.0}
2022-11-29 12:03:27,836 | INFO | PERIODIC STATE VALUES: {'mid': 4, 'x': 2, 'y': 0, 'z': 44, 'mpry': '-3,177,-178', 'pitch': -1, 'roll': 1, 'yaw': -4, 'vgx': 0, 'vgy': 0, 'vgz': -2, 'templ': 79, 'temph': 81, 'tof': 10, 'h': -10, 'bat': 92, 'baro': 97.05, 'time': 28, 'agx': 14.0, 'agy': -33.0, 'agz': -1075.0}
2022-11-29 12:03:28,341 | INFO | PERIODIC STATE VALUES: {'mid': 4, 'x': 2, 'y': 0, 'z': 44, 'mpry': '-3,177,-178', 'pitch': -4, 'roll': 1, 'yaw': -4, 'vgx': -1, 'vgy': 0, 'vgz': 0, 'templ': 79, 'temph': 81, 'tof': 10, 'h': -10, 'bat': 92, 'baro': 98.78, 'time': 29, 'agx': -95.0, 'agy': -25.0, 'agz': -1036.0}
2022-11-29 12:03:28,716 | INFO | Response motoron: 'ok'
2022-11-29 12:03:28,857 | INFO | PERIODIC STATE VALUES: {'mid': 4, 'x': 2, 'y': 0, 'z': 44, 'mpry': '-3,177,-178', 'pitch': -6, 'roll': 1, 'yaw': -6, 'vgx': -1, 'vgy': 0, 'vgz': 0, 'templ': 79, 'temph': 81, 'tof': 10, 'h': 0, 'bat': 92, 'baro': 99.51, 'time': 29, 'agx': -118.0, 'agy': -11.0, 'agz': -1025.0}
2022-11-29 12:03:29,361 | INFO | PERIODIC STATE VALUES: {'mid': 4, 'x': 2, 'y': 0, 'z': 44, 'mpry': '-3,177,-178', 'pitch': -6, 'roll': 0, 'yaw': -7, 'vgx': -1, 'vgy': 0, 'vgz': -1, 'templ': 79, 'temph': 81, 'tof': 10, 'h': 0, 'bat': 92, 'baro': 99.78, 'time': 29, 'agx': -116.0, 'agy': 2.0, 'agz': -984.0}
2022-11-29 12:03:29,865 | INFO | PERIODIC STATE VALUES: {'mid': 4, 'x': 2, 'y': 0, 'z': 44, 'mpry': '-3,177,-178', 'pitch': -7, 'roll': 0, 'yaw': -10, 'vgx': 0, 'vgy': 0, 'vgz': -1, 'templ': 78, 'temph': 82, 'tof': 10, 'h': 0, 'bat': 92, 'baro': 99.92, 'time': 29, 'agx': -136.0, 'agy': -25.0, 'agz': -995.0}
2022-11-29 12:03:30,367 | INFO | PERIODIC STATE VALUES: {'mid': 4, 'x': 2, 'y': 0, 'z': 44, 'mpry': '-3,177,-178', 'pitch': -8, 'roll': 6, 'yaw': -14, 'vgx': 0, 'vgy': 0, 'vgz': -1, 'templ': 78, 'temph': 82, 'tof': 10, 'h': 0, 'bat': 92, 'baro': 99.93, 'time': 29, 'agx': -132.0, 'agy': -72.0, 'agz': -980.0}
2022-11-29 12:03:30,869 | INFO | PERIODIC STATE VALUES: {'mid': 4, 'x': 2, 'y': 0, 'z': 44, 'mpry': '-3,177,-178', 'pitch': -4, 'roll': 10, 'yaw': -16, 'vgx': 0, 'vgy': 0, 'vgz': 0, 'templ': 79, 'temph': 80, 'tof': 10, 'h': 0, 'bat': 92, 'baro': 99.85, 'time': 29, 'agx': -149.0, 'agy': -164.0, 'agz': -957.0}
2022-11-29 12:03:31,370 | INFO | PERIODIC STATE VALUES: {'mid': 4, 'x': 2, 'y': 0, 'z': 44, 'mpry': '-3,177,-178', 'pitch': 0, 'roll': 14, 'yaw': -21, 'vgx': 0, 'vgy': 0, 'vgz': 1, 'templ': 79, 'temph': 80, 'tof': 10, 'h': 0, 'bat': 92, 'baro': 99.85, 'time': 29, 'agx': -14.0, 'agy': -155.0, 'agz': -992.0}
2022-11-29 12:03:31,871 | INFO | PERIODIC STATE VALUES: {'mid': 4, 'x': 2, 'y': 0, 'z': 44, 'mpry': '-3,177,-178', 'pitch': 0, 'roll': 11, 'yaw': -13, 'vgx': 0, 'vgy': 0, 'vgz': 1, 'templ': 79, 'temph': 82, 'tof': 10, 'h': 0, 'bat': 92, 'baro': 99.87, 'time': 29, 'agx': -49.0, 'agy': -238.0, 'agz': -1002.0}
2022-11-29 12:03:32,385 | INFO | PERIODIC STATE VALUES: {'mid': -1, 'x': -100, 'y': -100, 'z': -100, 'mpry': '0,0,0', 'pitch': 1, 'roll': 12, 'yaw': -14, 'vgx': 0, 'vgy': 0, 'vgz': 1, 'templ': 79, 'temph': 82, 'tof': 10, 'h': 0, 'bat': 92, 'baro': 99.76, 'time': 29, 'agx': 162.0, 'agy': -125.0, 'agz': -912.0}
2022-11-29 12:03:32,900 | INFO | PERIODIC STATE VALUES: {'mid': -1, 'x': -100, 'y': -100, 'z': -100, 'mpry': '0,0,0', 'pitch': 0, 'roll': 10, 'yaw': -16, 'vgx': 0, 'vgy': 0, 'vgz': 0, 'templ': 79, 'temph': 82, 'tof': 10, 'h': 0, 'bat': 92, 'baro': 99.8, 'time': 29, 'agx': -96.0, 'agy': -202.0, 'agz': -1034.0}
2022-11-29 12:03:33,405 | INFO | PERIODIC STATE VALUES: {'mid': -1, 'x': -100, 'y': -100, 'z': -100, 'mpry': '0,0,0', 'pitch': 0, 'roll': 6, 'yaw': -14, 'vgx': 0, 'vgy': 0, 'vgz': 0, 'templ': 79, 'temph': 82, 'tof': 10, 'h': 0, 'bat': 92, 'baro': 99.71, 'time': 29, 'agx': -123.0, 'agy': -30.0, 'agz': -931.0}
2022-11-29 12:03:33,722 | INFO | Send command: 'motoroff'
2022-11-29 12:03:33,831 | INFO | Response motoroff: 'error'
2022-11-29 12:03:33,831 | INFO | Send command: 'motoroff'
2022-11-29 12:03:33,909 | INFO | PERIODIC STATE VALUES: {'mid': -1, 'x': -100, 'y': -100, 'z': -100, 'mpry': '0,0,0', 'pitch': 0, 'roll': 5, 'yaw': -18, 'vgx': 0, 'vgy': 0, 'vgz': 0, 'templ': 79, 'temph': 82, 'tof': 10, 'h': 0, 'bat': 92, 'baro': 99.87, 'time': 29, 'agx': 83.0, 'agy': -30.0, 'agz': -973.0}
2022-11-29 12:03:33,941 | INFO | Response motoroff: 'error'
2022-11-29 12:03:33,941 | INFO | Send command: 'motoroff'
2022-11-29 12:03:34,051 | INFO | Response motoroff: 'error'
